This file contains any messages produced by compilers while
running configure, to aid debugging if configure makes a mistake.

It was created by GStreamer libav configure 1.8.0, which was
generated by GNU Autoconf 2.69.  Invocation command line was

  $ ./configure --build=x86_64-redhat-linux-gnu --host=x86_64-redhat-linux-gnu --program-prefix= --disable-dependency-tracking --prefix=/usr --exec-prefix=/usr --bindir=/usr/bin --sbindir=/usr/sbin --sysconfdir=/etc --datadir=/usr/share --includedir=/usr/include --libdir=/usr/lib64 --libexecdir=/usr/libexec --localstatedir=/var --sharedstatedir=/var/lib --mandir=/usr/share/man --infodir=/usr/share/info

## --------- ##
## Platform. ##
## --------- ##

hostname = localhost.localdomain
uname -m = x86_64
uname -r = 5.2.13-200.fc30.x86_64
uname -s = Linux
uname -v = #1 SMP Fri Sep 6 14:30:40 UTC 2019

/usr/bin/uname -p = x86_64
/bin/uname -X     = unknown

/bin/arch              = x86_64
/usr/bin/arch -k       = unknown
/usr/convex/getsysinfo = unknown
/usr/bin/hostinfo      = unknown
/bin/machine           = unknown
/usr/bin/oslevel       = unknown
/bin/universe          = unknown

PATH: /home/kalpana/.local/bin
PATH: /home/kalpana/bin
PATH: /usr/share/Modules/bin
PATH: /usr/local/bin
PATH: /usr/local/sbin
PATH: /usr/bin
PATH: /usr/sbin


## ----------- ##
## Core tests. ##
## ----------- ##

configure:2581: checking build system type
configure:2595: result: x86_64-redhat-linux-gnu
configure:2615: checking host system type
configure:2628: result: x86_64-redhat-linux-gnu
configure:2648: checking target system type
configure:2661: result: x86_64-redhat-linux-gnu
configure:2707: checking for a BSD-compatible install
configure:2775: result: /usr/bin/install -c
configure:2786: checking whether build environment is sane
configure:2841: result: yes
configure:2990: checking for a thread-safe mkdir -p
configure:3029: result: /usr/bin/mkdir -p
configure:3036: checking for gawk
configure:3052: found /usr/bin/gawk
configure:3063: result: gawk
configure:3074: checking whether make sets $(MAKE)
configure:3096: result: yes
configure:3125: checking whether make supports nested variables
configure:3142: result: yes
configure:3231: checking whether UID '1000' is supported by ustar format
configure:3234: result: yes
configure:3241: checking whether GID '1000' is supported by ustar format
configure:3244: result: yes
configure:3252: checking how to create a ustar tar archive
configure:3263: tar --version
tar (GNU tar) 1.32
Copyright (C) 2019 Free Software Foundation, Inc.
License GPLv3+: GNU GPL version 3 or later <https://gnu.org/licenses/gpl.html>.
This is free software: you are free to change and redistribute it.
There is NO WARRANTY, to the extent permitted by law.

Written by John Gilmore and Jay Fenlason.
configure:3266: $? = 0
configure:3306: tardir=conftest.dir && eval tar --format=ustar -chf - "$tardir" >conftest.tar
configure:3309: $? = 0
configure:3313: tar -xf - <conftest.tar
configure:3316: $? = 0
configure:3318: cat conftest.dir/file
GrepMe
configure:3321: $? = 0
configure:3334: result: gnutar
configure:3396: checking nano version
configure:3402: result: 0 (release)
configure:3428: checking whether to enable maintainer-specific portions of Makefiles
configure:3437: result: yes
configure:3464: checking whether make supports nested variables
configure:3481: result: yes
configure:3550: checking how to print strings
configure:3577: result: printf
configure:3610: checking for style of include used by make
configure:3638: result: GNU
configure:3669: checking for x86_64-redhat-linux-gnu-gcc
configure:3699: result: no
configure:3709: checking for gcc
configure:3725: found /usr/bin/gcc
configure:3736: result: gcc
configure:3965: checking for C compiler version
configure:3974: gcc --version >&5
gcc (GCC) 9.2.1 20190827 (Red Hat 9.2.1-1)
Copyright (C) 2019 Free Software Foundation, Inc.
This is free software; see the source for copying conditions.  There is NO
warranty; not even for MERCHANTABILITY or FITNESS FOR A PARTICULAR PURPOSE.

configure:3985: $? = 0
configure:3974: gcc -v >&5
Using built-in specs.
COLLECT_GCC=gcc
COLLECT_LTO_WRAPPER=/usr/libexec/gcc/x86_64-redhat-linux/9/lto-wrapper
OFFLOAD_TARGET_NAMES=nvptx-none
OFFLOAD_TARGET_DEFAULT=1
Target: x86_64-redhat-linux
Configured with: ../configure --enable-bootstrap --enable-languages=c,c++,fortran,objc,obj-c++,ada,go,d,lto --prefix=/usr --mandir=/usr/share/man --infodir=/usr/share/info --with-bugurl=http://bugzilla.redhat.com/bugzilla --enable-shared --enable-threads=posix --enable-checking=release --enable-multilib --with-system-zlib --enable-__cxa_atexit --disable-libunwind-exceptions --enable-gnu-unique-object --enable-linker-build-id --with-gcc-major-version-only --with-linker-hash-style=gnu --enable-plugin --enable-initfini-array --with-isl --enable-offload-targets=nvptx-none --without-cuda-driver --enable-gnu-indirect-function --enable-cet --with-tune=generic --with-arch_32=i686 --build=x86_64-redhat-linux
Thread model: posix
gcc version 9.2.1 20190827 (Red Hat 9.2.1-1) (GCC) 
configure:3985: $? = 0
configure:3974: gcc -V >&5
gcc: error: unrecognized command line option '-V'
gcc: fatal error: no input files
compilation terminated.
configure:3985: $? = 1
configure:3974: gcc -qversion >&5
gcc: error: unrecognized command line option '-qversion'; did you mean '--version'?
gcc: fatal error: no input files
compilation terminated.
configure:3985: $? = 1
configure:4005: checking whether the C compiler works
configure:4027: gcc -O2 -g -pipe -Wall -Werror=format-security -Wp,-D_FORTIFY_SOURCE=2 -Wp,-D_GLIBCXX_ASSERTIONS -fexceptions -fstack-protector-strong -grecord-gcc-switches -specs=/usr/lib/rpm/redhat/redhat-hardened-cc1 -specs=/usr/lib/rpm/redhat/redhat-annobin-cc1 -m64 -mtune=generic -fasynchronous-unwind-tables -fstack-clash-protection -fcf-protection  -Wl,-z,relro -Wl,--as-needed  -Wl,-z,now -specs=/usr/lib/rpm/redhat/redhat-hardened-ld conftest.c  >&5
configure:4031: $? = 0
configure:4079: result: yes
configure:4082: checking for C compiler default output file name
configure:4084: result: a.out
configure:4090: checking for suffix of executables
configure:4097: gcc -o conftest -O2 -g -pipe -Wall -Werror=format-security -Wp,-D_FORTIFY_SOURCE=2 -Wp,-D_GLIBCXX_ASSERTIONS -fexceptions -fstack-protector-strong -grecord-gcc-switches -specs=/usr/lib/rpm/redhat/redhat-hardened-cc1 -specs=/usr/lib/rpm/redhat/redhat-annobin-cc1 -m64 -mtune=generic -fasynchronous-unwind-tables -fstack-clash-protection -fcf-protection  -Wl,-z,relro -Wl,--as-needed  -Wl,-z,now -specs=/usr/lib/rpm/redhat/redhat-hardened-ld conftest.c  >&5
configure:4101: $? = 0
configure:4123: result: 
configure:4145: checking whether we are cross compiling
configure:4153: gcc -o conftest -O2 -g -pipe -Wall -Werror=format-security -Wp,-D_FORTIFY_SOURCE=2 -Wp,-D_GLIBCXX_ASSERTIONS -fexceptions -fstack-protector-strong -grecord-gcc-switches -specs=/usr/lib/rpm/redhat/redhat-hardened-cc1 -specs=/usr/lib/rpm/redhat/redhat-annobin-cc1 -m64 -mtune=generic -fasynchronous-unwind-tables -fstack-clash-protection -fcf-protection  -Wl,-z,relro -Wl,--as-needed  -Wl,-z,now -specs=/usr/lib/rpm/redhat/redhat-hardened-ld conftest.c  >&5
configure:4157: $? = 0
configure:4164: ./conftest
configure:4168: $? = 0
configure:4156: result: no
configure:4161: checking for suffix of object files
configure:4183: gcc -c -O2 -g -pipe -Wall -Werror=format-security -Wp,-D_FORTIFY_SOURCE=2 -Wp,-D_GLIBCXX_ASSERTIONS -fexceptions -fstack-protector-strong -grecord-gcc-switches -specs=/usr/lib/rpm/redhat/redhat-hardened-cc1 -specs=/usr/lib/rpm/redhat/redhat-annobin-cc1 -m64 -mtune=generic -fasynchronous-unwind-tables -fstack-clash-protection -fcf-protection  conftest.c >&5
configure:4187: $? = 0
configure:4208: result: o
configure:4212: checking whether we are using the GNU C compiler
configure:4231: gcc -c -O2 -g -pipe -Wall -Werror=format-security -Wp,-D_FORTIFY_SOURCE=2 -Wp,-D_GLIBCXX_ASSERTIONS -fexceptions -fstack-protector-strong -grecord-gcc-switches -specs=/usr/lib/rpm/redhat/redhat-hardened-cc1 -specs=/usr/lib/rpm/redhat/redhat-annobin-cc1 -m64 -mtune=generic -fasynchronous-unwind-tables -fstack-clash-protection -fcf-protection  conftest.c >&5
configure:4231: $? = 0
configure:4240: result: yes
configure:4249: checking whether gcc accepts -g
configure:4269: gcc -c -g  conftest.c >&5
configure:4269: $? = 0
configure:4310: result: yes
configure:4327: checking for gcc option to accept ISO C89
configure:4390: gcc  -c -O2 -g -pipe -Wall -Werror=format-security -Wp,-D_FORTIFY_SOURCE=2 -Wp,-D_GLIBCXX_ASSERTIONS -fexceptions -fstack-protector-strong -grecord-gcc-switches -specs=/usr/lib/rpm/redhat/redhat-hardened-cc1 -specs=/usr/lib/rpm/redhat/redhat-annobin-cc1 -m64 -mtune=generic -fasynchronous-unwind-tables -fstack-clash-protection -fcf-protection  conftest.c >&5
configure:4390: $? = 0
configure:4403: result: none needed
configure:4428: checking whether gcc understands -c and -o together
configure:4450: gcc -c conftest.c -o conftest2.o
configure:4453: $? = 0
configure:4450: gcc -c conftest.c -o conftest2.o
configure:4453: $? = 0
configure:4465: result: yes
configure:4484: checking dependency style of gcc
configure:4595: result: none
configure:4610: checking for a sed that does not truncate output
configure:4674: result: /usr/bin/sed
configure:4692: checking for grep that handles long lines and -e
configure:4750: result: /usr/bin/grep
configure:4755: checking for egrep
configure:4817: result: /usr/bin/grep -E
configure:4822: checking for fgrep
configure:4884: result: /usr/bin/grep -F
configure:4919: checking for ld used by gcc
configure:4986: result: /usr/bin/ld
configure:4993: checking if the linker (/usr/bin/ld) is GNU ld
configure:5008: result: yes
configure:5020: checking for BSD- or MS-compatible name lister (nm)
configure:5074: result: /usr/bin/nm -B
configure:5204: checking the name lister (/usr/bin/nm -B) interface
configure:5211: gcc -c -O2 -g -pipe -Wall -Werror=format-security -Wp,-D_FORTIFY_SOURCE=2 -Wp,-D_GLIBCXX_ASSERTIONS -fexceptions -fstack-protector-strong -grecord-gcc-switches -specs=/usr/lib/rpm/redhat/redhat-hardened-cc1 -specs=/usr/lib/rpm/redhat/redhat-annobin-cc1 -m64 -mtune=generic -fasynchronous-unwind-tables -fstack-clash-protection -fcf-protection  conftest.c >&5
configure:5214: /usr/bin/nm -B "conftest.o"
configure:5217: output
0000000000000000 t .annobin_conftest.c
0000000000000000 t .annobin_conftest.c.exit
0000000000000000 t .annobin_conftest.c.hot
0000000000000000 t .annobin_conftest.c.startup
0000000000000000 t .annobin_conftest.c.unlikely
0000000000000000 t .annobin_conftest.c_end
0000000000000000 t .annobin_conftest.c_end.exit
0000000000000000 t .annobin_conftest.c_end.hot
0000000000000000 t .annobin_conftest.c_end.startup
0000000000000000 t .annobin_conftest.c_end.unlikely
0000000000000000 n .text.exit.group
0000000000000000 n .text.hot.group
0000000000000000 n .text.startup.group
0000000000000000 n .text.unlikely.group
0000000000000000 B some_variable
configure:5218: result: BSD nm
configure:5221: checking whether ln -s works
configure:5225: result: yes
configure:5233: checking the maximum length of command line arguments
configure:5364: result: 1572864
configure:5412: checking how to convert x86_64-redhat-linux-gnu file names to x86_64-redhat-linux-gnu format
configure:5452: result: func_convert_file_noop
configure:5459: checking how to convert x86_64-redhat-linux-gnu file names to toolchain format
configure:5479: result: func_convert_file_noop
configure:5486: checking for /usr/bin/ld option to reload object files
configure:5493: result: -r
configure:5527: checking for x86_64-redhat-linux-gnu-objdump
configure:5557: result: no
configure:5567: checking for objdump
configure:5583: found /usr/bin/objdump
configure:5594: result: objdump
configure:5623: checking how to recognize dependent libraries
configure:5823: result: pass_all
configure:5868: checking for x86_64-redhat-linux-gnu-dlltool
configure:5898: result: no
configure:5908: checking for dlltool
configure:5938: result: no
configure:5965: checking how to associate runtime and link libraries
configure:5992: result: printf %s\n
configure:6009: checking for x86_64-redhat-linux-gnu-ar
configure:6039: result: no
configure:6053: checking for ar
configure:6069: found /usr/bin/ar
configure:6080: result: ar
configure:6117: checking for archiver @FILE support
configure:6134: gcc -c -O2 -g -pipe -Wall -Werror=format-security -Wp,-D_FORTIFY_SOURCE=2 -Wp,-D_GLIBCXX_ASSERTIONS -fexceptions -fstack-protector-strong -grecord-gcc-switches -specs=/usr/lib/rpm/redhat/redhat-hardened-cc1 -specs=/usr/lib/rpm/redhat/redhat-annobin-cc1 -m64 -mtune=generic -fasynchronous-unwind-tables -fstack-clash-protection -fcf-protection  conftest.c >&5
configure:6134: $? = 0
configure:6137: ar cru libconftest.a @conftest.lst >&5
configure:6140: $? = 0
configure:6145: ar cru libconftest.a @conftest.lst >&5
ar: conftest.o: No such file or directory
configure:6148: $? = 1
configure:6147: result: @
configure:6165: checking for x86_64-redhat-linux-gnu-strip
configure:6195: result: no
configure:6205: checking for strip
configure:6221: found /usr/bin/strip
configure:6232: result: strip
configure:6264: checking for x86_64-redhat-linux-gnu-ranlib
configure:6294: result: no
configure:6304: checking for ranlib
configure:6320: found /usr/bin/ranlib
configure:6331: result: ranlib
configure:6433: checking command to parse /usr/bin/nm -B output from gcc object
configure:6586: gcc -c -O2 -g -pipe -Wall -Werror=format-security -Wp,-D_FORTIFY_SOURCE=2 -Wp,-D_GLIBCXX_ASSERTIONS -fexceptions -fstack-protector-strong -grecord-gcc-switches -specs=/usr/lib/rpm/redhat/redhat-hardened-cc1 -specs=/usr/lib/rpm/redhat/redhat-annobin-cc1 -m64 -mtune=generic -fasynchronous-unwind-tables -fstack-clash-protection -fcf-protection  conftest.c >&5
configure:6589: $? = 0
configure:6593: /usr/bin/nm -B conftest.o \| sed -n -e 's/^.*[ ]\([ABCDGIRSTW][ABCDGIRSTW]*\)[ ][ ]*\([_A-Za-z][_A-Za-z0-9]*\)$/\1 \2 \2/p' | sed '/ __gnu_lto/d' \> conftest.nm
configure:6596: $? = 0
configure:6662: gcc -o conftest -O2 -g -pipe -Wall -Werror=format-security -Wp,-D_FORTIFY_SOURCE=2 -Wp,-D_GLIBCXX_ASSERTIONS -fexceptions -fstack-protector-strong -grecord-gcc-switches -specs=/usr/lib/rpm/redhat/redhat-hardened-cc1 -specs=/usr/lib/rpm/redhat/redhat-annobin-cc1 -m64 -mtune=generic -fasynchronous-unwind-tables -fstack-clash-protection -fcf-protection  -Wl,-z,relro -Wl,--as-needed  -Wl,-z,now -specs=/usr/lib/rpm/redhat/redhat-hardened-ld conftest.c conftstm.o >&5
configure:6665: $? = 0
configure:6703: result: ok
configure:6750: checking for sysroot
configure:6780: result: no
configure:6787: checking for a working dd
configure:6825: result: /usr/bin/dd
configure:6829: checking how to truncate binary pipes
configure:6844: result: /usr/bin/dd bs=4096 count=1
configure:6980: gcc -c -O2 -g -pipe -Wall -Werror=format-security -Wp,-D_FORTIFY_SOURCE=2 -Wp,-D_GLIBCXX_ASSERTIONS -fexceptions -fstack-protector-strong -grecord-gcc-switches -specs=/usr/lib/rpm/redhat/redhat-hardened-cc1 -specs=/usr/lib/rpm/redhat/redhat-annobin-cc1 -m64 -mtune=generic -fasynchronous-unwind-tables -fstack-clash-protection -fcf-protection  conftest.c >&5
configure:6983: $? = 0
configure:7133: checking for x86_64-redhat-linux-gnu-mt
configure:7163: result: no
configure:7173: checking for mt
configure:7203: result: no
configure:7223: checking if : is a manifest tool
configure:7229: : '-?'
configure:7237: result: no
configure:7914: checking how to run the C preprocessor
configure:7945: gcc -E  conftest.c
configure:7945: $? = 0
configure:7959: gcc -E  conftest.c
conftest.c:11:10: fatal error: ac_nonexistent.h: No such file or directory
   11 | #include <ac_nonexistent.h>
      |          ^~~~~~~~~~~~~~~~~~
compilation terminated.
configure:7959: $? = 1
configure: failed program was:
| /* confdefs.h */
| #define PACKAGE_NAME "GStreamer libav"
| #define PACKAGE_TARNAME "gst-libav"
| #define PACKAGE_VERSION "1.8.0"
| #define PACKAGE_STRING "GStreamer libav 1.8.0"
| #define PACKAGE_BUGREPORT "http://bugzilla.gnome.org/enter_bug.cgi?product=GStreamer"
| #define PACKAGE_URL ""
| #define PACKAGE "gst-libav"
| #define VERSION "1.8.0"
| /* end confdefs.h.  */
| #include <ac_nonexistent.h>
configure:7984: result: gcc -E
configure:8004: gcc -E  conftest.c
configure:8004: $? = 0
configure:8018: gcc -E  conftest.c
conftest.c:11:10: fatal error: ac_nonexistent.h: No such file or directory
   11 | #include <ac_nonexistent.h>
      |          ^~~~~~~~~~~~~~~~~~
compilation terminated.
configure:8018: $? = 1
configure: failed program was:
| /* confdefs.h */
| #define PACKAGE_NAME "GStreamer libav"
| #define PACKAGE_TARNAME "gst-libav"
| #define PACKAGE_VERSION "1.8.0"
| #define PACKAGE_STRING "GStreamer libav 1.8.0"
| #define PACKAGE_BUGREPORT "http://bugzilla.gnome.org/enter_bug.cgi?product=GStreamer"
| #define PACKAGE_URL ""
| #define PACKAGE "gst-libav"
| #define VERSION "1.8.0"
| /* end confdefs.h.  */
| #include <ac_nonexistent.h>
configure:8047: checking for ANSI C header files
configure:8067: gcc -c -O2 -g -pipe -Wall -Werror=format-security -Wp,-D_FORTIFY_SOURCE=2 -Wp,-D_GLIBCXX_ASSERTIONS -fexceptions -fstack-protector-strong -grecord-gcc-switches -specs=/usr/lib/rpm/redhat/redhat-hardened-cc1 -specs=/usr/lib/rpm/redhat/redhat-annobin-cc1 -m64 -mtune=generic -fasynchronous-unwind-tables -fstack-clash-protection -fcf-protection  conftest.c >&5
configure:8067: $? = 0
configure:8140: gcc -o conftest -O2 -g -pipe -Wall -Werror=format-security -Wp,-D_FORTIFY_SOURCE=2 -Wp,-D_GLIBCXX_ASSERTIONS -fexceptions -fstack-protector-strong -grecord-gcc-switches -specs=/usr/lib/rpm/redhat/redhat-hardened-cc1 -specs=/usr/lib/rpm/redhat/redhat-annobin-cc1 -m64 -mtune=generic -fasynchronous-unwind-tables -fstack-clash-protection -fcf-protection  -Wl,-z,relro -Wl,--as-needed  -Wl,-z,now -specs=/usr/lib/rpm/redhat/redhat-hardened-ld conftest.c  >&5
configure:8140: $? = 0
configure:8140: ./conftest
configure:8140: $? = 0
configure:8151: result: yes
configure:8164: checking for sys/types.h
configure:8164: gcc -c -O2 -g -pipe -Wall -Werror=format-security -Wp,-D_FORTIFY_SOURCE=2 -Wp,-D_GLIBCXX_ASSERTIONS -fexceptions -fstack-protector-strong -grecord-gcc-switches -specs=/usr/lib/rpm/redhat/redhat-hardened-cc1 -specs=/usr/lib/rpm/redhat/redhat-annobin-cc1 -m64 -mtune=generic -fasynchronous-unwind-tables -fstack-clash-protection -fcf-protection  conftest.c >&5
configure:8164: $? = 0
configure:8164: result: yes
configure:8164: checking for sys/stat.h
configure:8164: gcc -c -O2 -g -pipe -Wall -Werror=format-security -Wp,-D_FORTIFY_SOURCE=2 -Wp,-D_GLIBCXX_ASSERTIONS -fexceptions -fstack-protector-strong -grecord-gcc-switches -specs=/usr/lib/rpm/redhat/redhat-hardened-cc1 -specs=/usr/lib/rpm/redhat/redhat-annobin-cc1 -m64 -mtune=generic -fasynchronous-unwind-tables -fstack-clash-protection -fcf-protection  conftest.c >&5
configure:8164: $? = 0
configure:8164: result: yes
configure:8164: checking for stdlib.h
configure:8164: gcc -c -O2 -g -pipe -Wall -Werror=format-security -Wp,-D_FORTIFY_SOURCE=2 -Wp,-D_GLIBCXX_ASSERTIONS -fexceptions -fstack-protector-strong -grecord-gcc-switches -specs=/usr/lib/rpm/redhat/redhat-hardened-cc1 -specs=/usr/lib/rpm/redhat/redhat-annobin-cc1 -m64 -mtune=generic -fasynchronous-unwind-tables -fstack-clash-protection -fcf-protection  conftest.c >&5
configure:8164: $? = 0
configure:8164: result: yes
configure:8164: checking for string.h
configure:8164: gcc -c -O2 -g -pipe -Wall -Werror=format-security -Wp,-D_FORTIFY_SOURCE=2 -Wp,-D_GLIBCXX_ASSERTIONS -fexceptions -fstack-protector-strong -grecord-gcc-switches -specs=/usr/lib/rpm/redhat/redhat-hardened-cc1 -specs=/usr/lib/rpm/redhat/redhat-annobin-cc1 -m64 -mtune=generic -fasynchronous-unwind-tables -fstack-clash-protection -fcf-protection  conftest.c >&5
configure:8164: $? = 0
configure:8164: result: yes
configure:8164: checking for memory.h
configure:8164: gcc -c -O2 -g -pipe -Wall -Werror=format-security -Wp,-D_FORTIFY_SOURCE=2 -Wp,-D_GLIBCXX_ASSERTIONS -fexceptions -fstack-protector-strong -grecord-gcc-switches -specs=/usr/lib/rpm/redhat/redhat-hardened-cc1 -specs=/usr/lib/rpm/redhat/redhat-annobin-cc1 -m64 -mtune=generic -fasynchronous-unwind-tables -fstack-clash-protection -fcf-protection  conftest.c >&5
configure:8164: $? = 0
configure:8164: result: yes
configure:8164: checking for strings.h
configure:8164: gcc -c -O2 -g -pipe -Wall -Werror=format-security -Wp,-D_FORTIFY_SOURCE=2 -Wp,-D_GLIBCXX_ASSERTIONS -fexceptions -fstack-protector-strong -grecord-gcc-switches -specs=/usr/lib/rpm/redhat/redhat-hardened-cc1 -specs=/usr/lib/rpm/redhat/redhat-annobin-cc1 -m64 -mtune=generic -fasynchronous-unwind-tables -fstack-clash-protection -fcf-protection  conftest.c >&5
configure:8164: $? = 0
configure:8164: result: yes
configure:8164: checking for inttypes.h
configure:8164: gcc -c -O2 -g -pipe -Wall -Werror=format-security -Wp,-D_FORTIFY_SOURCE=2 -Wp,-D_GLIBCXX_ASSERTIONS -fexceptions -fstack-protector-strong -grecord-gcc-switches -specs=/usr/lib/rpm/redhat/redhat-hardened-cc1 -specs=/usr/lib/rpm/redhat/redhat-annobin-cc1 -m64 -mtune=generic -fasynchronous-unwind-tables -fstack-clash-protection -fcf-protection  conftest.c >&5
configure:8164: $? = 0
configure:8164: result: yes
configure:8164: checking for stdint.h
configure:8164: gcc -c -O2 -g -pipe -Wall -Werror=format-security -Wp,-D_FORTIFY_SOURCE=2 -Wp,-D_GLIBCXX_ASSERTIONS -fexceptions -fstack-protector-strong -grecord-gcc-switches -specs=/usr/lib/rpm/redhat/redhat-hardened-cc1 -specs=/usr/lib/rpm/redhat/redhat-annobin-cc1 -m64 -mtune=generic -fasynchronous-unwind-tables -fstack-clash-protection -fcf-protection  conftest.c >&5
configure:8164: $? = 0
configure:8164: result: yes
configure:8164: checking for unistd.h
configure:8164: gcc -c -O2 -g -pipe -Wall -Werror=format-security -Wp,-D_FORTIFY_SOURCE=2 -Wp,-D_GLIBCXX_ASSERTIONS -fexceptions -fstack-protector-strong -grecord-gcc-switches -specs=/usr/lib/rpm/redhat/redhat-hardened-cc1 -specs=/usr/lib/rpm/redhat/redhat-annobin-cc1 -m64 -mtune=generic -fasynchronous-unwind-tables -fstack-clash-protection -fcf-protection  conftest.c >&5
configure:8164: $? = 0
configure:8164: result: yes
configure:8178: checking for dlfcn.h
configure:8178: gcc -c -O2 -g -pipe -Wall -Werror=format-security -Wp,-D_FORTIFY_SOURCE=2 -Wp,-D_GLIBCXX_ASSERTIONS -fexceptions -fstack-protector-strong -grecord-gcc-switches -specs=/usr/lib/rpm/redhat/redhat-hardened-cc1 -specs=/usr/lib/rpm/redhat/redhat-annobin-cc1 -m64 -mtune=generic -fasynchronous-unwind-tables -fstack-clash-protection -fcf-protection  conftest.c >&5
configure:8178: $? = 0
configure:8178: result: yes
configure:8748: checking for objdir
configure:8763: result: .libs
configure:9027: checking if gcc supports -fno-rtti -fno-exceptions
configure:9045: gcc -c -O2 -g -pipe -Wall -Werror=format-security -Wp,-D_FORTIFY_SOURCE=2 -Wp,-D_GLIBCXX_ASSERTIONS -fexceptions -fstack-protector-strong -grecord-gcc-switches -specs=/usr/lib/rpm/redhat/redhat-hardened-cc1 -specs=/usr/lib/rpm/redhat/redhat-annobin-cc1 -m64 -mtune=generic -fasynchronous-unwind-tables -fstack-clash-protection -fcf-protection  -fno-rtti -fno-exceptions conftest.c >&5
cc1: warning: command line option '-fno-rtti' is valid for C++/D/ObjC++ but not for C
configure:9049: $? = 0
configure:9062: result: no
configure:9420: checking for gcc option to produce PIC
configure:9427: result: -fPIC -DPIC
configure:9435: checking if gcc PIC flag -fPIC -DPIC works
configure:9453: gcc -c -O2 -g -pipe -Wall -Werror=format-security -Wp,-D_FORTIFY_SOURCE=2 -Wp,-D_GLIBCXX_ASSERTIONS -fexceptions -fstack-protector-strong -grecord-gcc-switches -specs=/usr/lib/rpm/redhat/redhat-hardened-cc1 -specs=/usr/lib/rpm/redhat/redhat-annobin-cc1 -m64 -mtune=generic -fasynchronous-unwind-tables -fstack-clash-protection -fcf-protection  -fPIC -DPIC -DPIC conftest.c >&5
configure:9457: $? = 0
configure:9470: result: yes
configure:9499: checking if gcc static flag -static works
configure:9527: result: no
configure:9542: checking if gcc supports -c -o file.o
configure:9563: gcc -c -O2 -g -pipe -Wall -Werror=format-security -Wp,-D_FORTIFY_SOURCE=2 -Wp,-D_GLIBCXX_ASSERTIONS -fexceptions -fstack-protector-strong -grecord-gcc-switches -specs=/usr/lib/rpm/redhat/redhat-hardened-cc1 -specs=/usr/lib/rpm/redhat/redhat-annobin-cc1 -m64 -mtune=generic -fasynchronous-unwind-tables -fstack-clash-protection -fcf-protection  -o out/conftest2.o conftest.c >&5
configure:9567: $? = 0
configure:9589: result: yes
configure:9597: checking if gcc supports -c -o file.o
configure:9644: result: yes
configure:9677: checking whether the gcc linker (/usr/bin/ld -m elf_x86_64) supports shared libraries
configure:10940: result: yes
configure:10977: checking whether -lc should be explicitly linked in
configure:10985: gcc -c -O2 -g -pipe -Wall -Werror=format-security -Wp,-D_FORTIFY_SOURCE=2 -Wp,-D_GLIBCXX_ASSERTIONS -fexceptions -fstack-protector-strong -grecord-gcc-switches -specs=/usr/lib/rpm/redhat/redhat-hardened-cc1 -specs=/usr/lib/rpm/redhat/redhat-annobin-cc1 -m64 -mtune=generic -fasynchronous-unwind-tables -fstack-clash-protection -fcf-protection  conftest.c >&5
configure:10988: $? = 0
configure:11003: gcc -shared  -fPIC -DPIC conftest.o  -v -Wl,-soname -Wl,conftest -o conftest 2\>\&1 \| /usr/bin/grep  -lc  \>/dev/null 2\>\&1
configure:11006: $? = 0
configure:11020: result: no
configure:11180: checking dynamic linker characteristics
configure:11761: gcc -o conftest -O2 -g -pipe -Wall -Werror=format-security -Wp,-D_FORTIFY_SOURCE=2 -Wp,-D_GLIBCXX_ASSERTIONS -fexceptions -fstack-protector-strong -grecord-gcc-switches -specs=/usr/lib/rpm/redhat/redhat-hardened-cc1 -specs=/usr/lib/rpm/redhat/redhat-annobin-cc1 -m64 -mtune=generic -fasynchronous-unwind-tables -fstack-clash-protection -fcf-protection  -Wl,-z,relro -Wl,--as-needed  -Wl,-z,now -specs=/usr/lib/rpm/redhat/redhat-hardened-ld -Wl,-rpath -Wl,/foo conftest.c  >&5
configure:11761: $? = 0
configure:12010: result: GNU/Linux ld.so
configure:12132: checking how to hardcode library paths into programs
configure:12157: result: immediate
configure:12259: checking for shl_load
configure:12259: gcc -o conftest -O2 -g -pipe -Wall -Werror=format-security -Wp,-D_FORTIFY_SOURCE=2 -Wp,-D_GLIBCXX_ASSERTIONS -fexceptions -fstack-protector-strong -grecord-gcc-switches -specs=/usr/lib/rpm/redhat/redhat-hardened-cc1 -specs=/usr/lib/rpm/redhat/redhat-annobin-cc1 -m64 -mtune=generic -fasynchronous-unwind-tables -fstack-clash-protection -fcf-protection  -Wl,-z,relro -Wl,--as-needed  -Wl,-z,now -specs=/usr/lib/rpm/redhat/redhat-hardened-ld conftest.c  >&5
/usr/bin/ld: /tmp/ccH9Uzx0.o: in function `main':
/home/kalpana/rpmbuild/BUILD/gst-libav-1.8.0/conftest.c:57: undefined reference to `shl_load'
collect2: error: ld returned 1 exit status
configure:12259: $? = 1
configure: failed program was:
| /* confdefs.h */
| #define PACKAGE_NAME "GStreamer libav"
| #define PACKAGE_TARNAME "gst-libav"
| #define PACKAGE_VERSION "1.8.0"
| #define PACKAGE_STRING "GStreamer libav 1.8.0"
| #define PACKAGE_BUGREPORT "http://bugzilla.gnome.org/enter_bug.cgi?product=GStreamer"
| #define PACKAGE_URL ""
| #define PACKAGE "gst-libav"
| #define VERSION "1.8.0"
| #define STDC_HEADERS 1
| #define HAVE_SYS_TYPES_H 1
| #define HAVE_SYS_STAT_H 1
| #define HAVE_STDLIB_H 1
| #define HAVE_STRING_H 1
| #define HAVE_MEMORY_H 1
| #define HAVE_STRINGS_H 1
| #define HAVE_INTTYPES_H 1
| #define HAVE_STDINT_H 1
| #define HAVE_UNISTD_H 1
| #define HAVE_DLFCN_H 1
| #define LT_OBJDIR ".libs/"
| /* end confdefs.h.  */
| /* Define shl_load to an innocuous variant, in case <limits.h> declares shl_load.
|    For example, HP-UX 11i <limits.h> declares gettimeofday.  */
| #define shl_load innocuous_shl_load
| 
| /* System header to define __stub macros and hopefully few prototypes,
|     which can conflict with char shl_load (); below.
|     Prefer <limits.h> to <assert.h> if __STDC__ is defined, since
|     <limits.h> exists even on freestanding compilers.  */
| 
| #ifdef __STDC__
| # include <limits.h>
| #else
| # include <assert.h>
| #endif
| 
| #undef shl_load
| 
| /* Override any GCC internal prototype to avoid an error.
|    Use char because int might match the return type of a GCC
|    builtin and then its argument prototype would still apply.  */
| #ifdef __cplusplus
| extern "C"
| #endif
| char shl_load ();
| /* The GNU C library defines this for functions which it implements
|     to always fail with ENOSYS.  Some functions are actually named
|     something starting with __ and the normal name is an alias.  */
| #if defined __stub_shl_load || defined __stub___shl_load
| choke me
| #endif
| 
| int
| main ()
| {
| return shl_load ();
|   ;
|   return 0;
| }
configure:12259: result: no
configure:12263: checking for shl_load in -ldld
configure:12288: gcc -o conftest -O2 -g -pipe -Wall -Werror=format-security -Wp,-D_FORTIFY_SOURCE=2 -Wp,-D_GLIBCXX_ASSERTIONS -fexceptions -fstack-protector-strong -grecord-gcc-switches -specs=/usr/lib/rpm/redhat/redhat-hardened-cc1 -specs=/usr/lib/rpm/redhat/redhat-annobin-cc1 -m64 -mtune=generic -fasynchronous-unwind-tables -fstack-clash-protection -fcf-protection  -Wl,-z,relro -Wl,--as-needed  -Wl,-z,now -specs=/usr/lib/rpm/redhat/redhat-hardened-ld conftest.c -ldld   >&5
/usr/bin/ld: cannot find -ldld
collect2: error: ld returned 1 exit status
configure:12288: $? = 1
configure: failed program was:
| /* confdefs.h */
| #define PACKAGE_NAME "GStreamer libav"
| #define PACKAGE_TARNAME "gst-libav"
| #define PACKAGE_VERSION "1.8.0"
| #define PACKAGE_STRING "GStreamer libav 1.8.0"
| #define PACKAGE_BUGREPORT "http://bugzilla.gnome.org/enter_bug.cgi?product=GStreamer"
| #define PACKAGE_URL ""
| #define PACKAGE "gst-libav"
| #define VERSION "1.8.0"
| #define STDC_HEADERS 1
| #define HAVE_SYS_TYPES_H 1
| #define HAVE_SYS_STAT_H 1
| #define HAVE_STDLIB_H 1
| #define HAVE_STRING_H 1
| #define HAVE_MEMORY_H 1
| #define HAVE_STRINGS_H 1
| #define HAVE_INTTYPES_H 1
| #define HAVE_STDINT_H 1
| #define HAVE_UNISTD_H 1
| #define HAVE_DLFCN_H 1
| #define LT_OBJDIR ".libs/"
| /* end confdefs.h.  */
| 
| /* Override any GCC internal prototype to avoid an error.
|    Use char because int might match the return type of a GCC
|    builtin and then its argument prototype would still apply.  */
| #ifdef __cplusplus
| extern "C"
| #endif
| char shl_load ();
| int
| main ()
| {
| return shl_load ();
|   ;
|   return 0;
| }
configure:12297: result: no
configure:12302: checking for dlopen
configure:12302: gcc -o conftest -O2 -g -pipe -Wall -Werror=format-security -Wp,-D_FORTIFY_SOURCE=2 -Wp,-D_GLIBCXX_ASSERTIONS -fexceptions -fstack-protector-strong -grecord-gcc-switches -specs=/usr/lib/rpm/redhat/redhat-hardened-cc1 -specs=/usr/lib/rpm/redhat/redhat-annobin-cc1 -m64 -mtune=generic -fasynchronous-unwind-tables -fstack-clash-protection -fcf-protection  -Wl,-z,relro -Wl,--as-needed  -Wl,-z,now -specs=/usr/lib/rpm/redhat/redhat-hardened-ld conftest.c  >&5
/usr/bin/ld: /tmp/ccSxdXJY.o: in function `main':
/home/kalpana/rpmbuild/BUILD/gst-libav-1.8.0/conftest.c:57: undefined reference to `dlopen'
collect2: error: ld returned 1 exit status
configure:12302: $? = 1
configure: failed program was:
| /* confdefs.h */
| #define PACKAGE_NAME "GStreamer libav"
| #define PACKAGE_TARNAME "gst-libav"
| #define PACKAGE_VERSION "1.8.0"
| #define PACKAGE_STRING "GStreamer libav 1.8.0"
| #define PACKAGE_BUGREPORT "http://bugzilla.gnome.org/enter_bug.cgi?product=GStreamer"
| #define PACKAGE_URL ""
| #define PACKAGE "gst-libav"
| #define VERSION "1.8.0"
| #define STDC_HEADERS 1
| #define HAVE_SYS_TYPES_H 1
| #define HAVE_SYS_STAT_H 1
| #define HAVE_STDLIB_H 1
| #define HAVE_STRING_H 1
| #define HAVE_MEMORY_H 1
| #define HAVE_STRINGS_H 1
| #define HAVE_INTTYPES_H 1
| #define HAVE_STDINT_H 1
| #define HAVE_UNISTD_H 1
| #define HAVE_DLFCN_H 1
| #define LT_OBJDIR ".libs/"
| /* end confdefs.h.  */
| /* Define dlopen to an innocuous variant, in case <limits.h> declares dlopen.
|    For example, HP-UX 11i <limits.h> declares gettimeofday.  */
| #define dlopen innocuous_dlopen
| 
| /* System header to define __stub macros and hopefully few prototypes,
|     which can conflict with char dlopen (); below.
|     Prefer <limits.h> to <assert.h> if __STDC__ is defined, since
|     <limits.h> exists even on freestanding compilers.  */
| 
| #ifdef __STDC__
| # include <limits.h>
| #else
| # include <assert.h>
| #endif
| 
| #undef dlopen
| 
| /* Override any GCC internal prototype to avoid an error.
|    Use char because int might match the return type of a GCC
|    builtin and then its argument prototype would still apply.  */
| #ifdef __cplusplus
| extern "C"
| #endif
| char dlopen ();
| /* The GNU C library defines this for functions which it implements
|     to always fail with ENOSYS.  Some functions are actually named
|     something starting with __ and the normal name is an alias.  */
| #if defined __stub_dlopen || defined __stub___dlopen
| choke me
| #endif
| 
| int
| main ()
| {
| return dlopen ();
|   ;
|   return 0;
| }
configure:12302: result: no
configure:12306: checking for dlopen in -ldl
configure:12331: gcc -o conftest -O2 -g -pipe -Wall -Werror=format-security -Wp,-D_FORTIFY_SOURCE=2 -Wp,-D_GLIBCXX_ASSERTIONS -fexceptions -fstack-protector-strong -grecord-gcc-switches -specs=/usr/lib/rpm/redhat/redhat-hardened-cc1 -specs=/usr/lib/rpm/redhat/redhat-annobin-cc1 -m64 -mtune=generic -fasynchronous-unwind-tables -fstack-clash-protection -fcf-protection  -Wl,-z,relro -Wl,--as-needed  -Wl,-z,now -specs=/usr/lib/rpm/redhat/redhat-hardened-ld conftest.c -ldl   >&5
configure:12331: $? = 0
configure:12340: result: yes
configure:12459: checking whether a program can dlopen itself
configure:12539: gcc -o conftest -O2 -g -pipe -Wall -Werror=format-security -Wp,-D_FORTIFY_SOURCE=2 -Wp,-D_GLIBCXX_ASSERTIONS -fexceptions -fstack-protector-strong -grecord-gcc-switches -specs=/usr/lib/rpm/redhat/redhat-hardened-cc1 -specs=/usr/lib/rpm/redhat/redhat-annobin-cc1 -m64 -mtune=generic -fasynchronous-unwind-tables -fstack-clash-protection -fcf-protection  -DHAVE_DLFCN_H -Wl,-z,relro -Wl,--as-needed  -Wl,-z,now -specs=/usr/lib/rpm/redhat/redhat-hardened-ld -Wl,--export-dynamic conftest.c -ldl  >&5
configure:12542: $? = 0
configure:12560: result: yes
configure:12565: checking whether a statically linked program can dlopen itself
configure:12645: gcc -o conftest -O2 -g -pipe -Wall -Werror=format-security -Wp,-D_FORTIFY_SOURCE=2 -Wp,-D_GLIBCXX_ASSERTIONS -fexceptions -fstack-protector-strong -grecord-gcc-switches -specs=/usr/lib/rpm/redhat/redhat-hardened-cc1 -specs=/usr/lib/rpm/redhat/redhat-annobin-cc1 -m64 -mtune=generic -fasynchronous-unwind-tables -fstack-clash-protection -fcf-protection  -DHAVE_DLFCN_H -Wl,-z,relro -Wl,--as-needed  -Wl,-z,now -specs=/usr/lib/rpm/redhat/redhat-hardened-ld -Wl,--export-dynamic  conftest.c -ldl  >&5
configure:12648: $? = 0
configure:12666: result: yes
configure:12705: checking whether stripping libraries is possible
configure:12710: result: yes
configure:12745: checking if libtool supports shared libraries
configure:12747: result: yes
configure:12750: checking whether to build shared libraries
configure:12775: result: yes
configure:12778: checking whether to build static libraries
configure:12782: result: no
configure:9607: checking for x86_64-redhat-linux-gnu-pkg-config
configure:9625: found /usr/bin/x86_64-redhat-linux-gnu-pkg-config
configure:9637: result: /usr/bin/x86_64-redhat-linux-gnu-pkg-config
configure:9705: checking pkg-config is at least version 0.9.0
configure:9708: result: yes
configure:9736: checking for ORC
configure:9744: $PKG_CONFIG --exists --print-errors "orc-0.4 >= $ORC_REQ"
configure:9747: $? = 0
configure:9762: $PKG_CONFIG --exists --print-errors "orc-0.4 >= $ORC_REQ"
configure:9765: $? = 0
configure:9819: result: yes
configure:9827: checking for usable orcc
configure:9835: result: /usr/bin/orcc
configure:10032: Using GStreamer libav source release as package name
configure:10056: Using Unknown package origin as package origin
configure:10411: checking whether byte ordering is bigendian
configure:10426: gcc -c -O2 -g -pipe -Wall -Werror=format-security -Wp,-D_FORTIFY_SOURCE=2 -Wp,-D_GLIBCXX_ASSERTIONS -fexceptions -fstack-protector-strong -grecord-gcc-switches -specs=/usr/lib/rpm/redhat/redhat-hardened-cc1 -specs=/usr/lib/rpm/redhat/redhat-annobin-cc1 -m64 -mtune=generic -fasynchronous-unwind-tables -fstack-clash-protection -fcf-protection  conftest.c >&5
conftest.c:28:9: error: unknown type name 'not'
   28 |         not a universal capable compiler
      |         ^~~
conftest.c:28:15: error: expected '=', ',', ';', 'asm' or '__attribute__' before 'universal'
   28 |         not a universal capable compiler
      |               ^~~~~~~~~
conftest.c:28:15: error: unknown type name 'universal'
configure:10426: $? = 1
configure: failed program was:
| /* confdefs.h */
| #define PACKAGE_NAME "GStreamer libav"
| #define PACKAGE_TARNAME "gst-libav"
| #define PACKAGE_VERSION "1.8.0"
| #define PACKAGE_STRING "GStreamer libav 1.8.0"
| #define PACKAGE_BUGREPORT "http://bugzilla.gnome.org/enter_bug.cgi?product=GStreamer"
| #define PACKAGE_URL ""
| #define PACKAGE "gst-libav"
| #define VERSION "1.8.0"
| #define STDC_HEADERS 1
| #define HAVE_SYS_TYPES_H 1
| #define HAVE_SYS_STAT_H 1
| #define HAVE_STDLIB_H 1
| #define HAVE_STRING_H 1
| #define HAVE_MEMORY_H 1
| #define HAVE_STRINGS_H 1
| #define HAVE_INTTYPES_H 1
| #define HAVE_STDINT_H 1
| #define HAVE_UNISTD_H 1
| #define HAVE_DLFCN_H 1
| #define LT_OBJDIR ".libs/"
| #define HAVE_ORC 1
| #define GST_PACKAGE_NAME "GStreamer libav source release"
| #define GST_PACKAGE_ORIGIN "Unknown package origin"
| #define HAVE_CPU_X86_64 1
| /* end confdefs.h.  */
| #ifndef __APPLE_CC__
| 	       not a universal capable compiler
| 	     #endif
| 	     typedef int dummy;
| 
configure:10471: gcc -c -O2 -g -pipe -Wall -Werror=format-security -Wp,-D_FORTIFY_SOURCE=2 -Wp,-D_GLIBCXX_ASSERTIONS -fexceptions -fstack-protector-strong -grecord-gcc-switches -specs=/usr/lib/rpm/redhat/redhat-hardened-cc1 -specs=/usr/lib/rpm/redhat/redhat-annobin-cc1 -m64 -mtune=generic -fasynchronous-unwind-tables -fstack-clash-protection -fcf-protection  conftest.c >&5
configure:10471: $? = 0
configure:10489: gcc -c -O2 -g -pipe -Wall -Werror=format-security -Wp,-D_FORTIFY_SOURCE=2 -Wp,-D_GLIBCXX_ASSERTIONS -fexceptions -fstack-protector-strong -grecord-gcc-switches -specs=/usr/lib/rpm/redhat/redhat-hardened-cc1 -specs=/usr/lib/rpm/redhat/redhat-annobin-cc1 -m64 -mtune=generic -fasynchronous-unwind-tables -fstack-clash-protection -fcf-protection  conftest.c >&5
conftest.c: In function 'main':
conftest.c:34:4: error: unknown type name 'not'; did you mean 'ino_t'?
   34 |    not big endian
      |    ^~~
      |    ino_t
conftest.c:34:12: error: expected '=', ',', ';', 'asm' or '__attribute__' before 'endian'
   34 |    not big endian
      |            ^~~~~~
configure:10489: $? = 1
configure: failed program was:
| /* confdefs.h */
| #define PACKAGE_NAME "GStreamer libav"
| #define PACKAGE_TARNAME "gst-libav"
| #define PACKAGE_VERSION "1.8.0"
| #define PACKAGE_STRING "GStreamer libav 1.8.0"
| #define PACKAGE_BUGREPORT "http://bugzilla.gnome.org/enter_bug.cgi?product=GStreamer"
| #define PACKAGE_URL ""
| #define PACKAGE "gst-libav"
| #define VERSION "1.8.0"
| #define STDC_HEADERS 1
| #define HAVE_SYS_TYPES_H 1
| #define HAVE_SYS_STAT_H 1
| #define HAVE_STDLIB_H 1
| #define HAVE_STRING_H 1
| #define HAVE_MEMORY_H 1
| #define HAVE_STRINGS_H 1
| #define HAVE_INTTYPES_H 1
| #define HAVE_STDINT_H 1
| #define HAVE_UNISTD_H 1
| #define HAVE_DLFCN_H 1
| #define LT_OBJDIR ".libs/"
| #define HAVE_ORC 1
| #define GST_PACKAGE_NAME "GStreamer libav source release"
| #define GST_PACKAGE_ORIGIN "Unknown package origin"
| #define HAVE_CPU_X86_64 1
| /* end confdefs.h.  */
| #include <sys/types.h>
| 		#include <sys/param.h>
| 
| int
| main ()
| {
| #if BYTE_ORDER != BIG_ENDIAN
| 		 not big endian
| 		#endif
| 
|   ;
|   return 0;
| }
configure:10617: result: no
configure:10778: checking for x86_64-redhat-linux-gnu-gcc
configure:10805: result: gcc
configure:11074: checking for C compiler version
configure:11083: gcc --version >&5
gcc (GCC) 9.2.1 20190827 (Red Hat 9.2.1-1)
Copyright (C) 2019 Free Software Foundation, Inc.
This is free software; see the source for copying conditions.  There is NO
warranty; not even for MERCHANTABILITY or FITNESS FOR A PARTICULAR PURPOSE.

configure:11094: $? = 0
configure:11083: gcc -v >&5
Using built-in specs.
COLLECT_GCC=gcc
COLLECT_LTO_WRAPPER=/usr/libexec/gcc/x86_64-redhat-linux/9/lto-wrapper
OFFLOAD_TARGET_NAMES=nvptx-none
OFFLOAD_TARGET_DEFAULT=1
Target: x86_64-redhat-linux
Configured with: ../configure --enable-bootstrap --enable-languages=c,c++,fortran,objc,obj-c++,ada,go,d,lto --prefix=/usr --mandir=/usr/share/man --infodir=/usr/share/info --with-bugurl=http://bugzilla.redhat.com/bugzilla --enable-shared --enable-threads=posix --enable-checking=release --enable-multilib --with-system-zlib --enable-__cxa_atexit --disable-libunwind-exceptions --enable-gnu-unique-object --enable-linker-build-id --with-gcc-major-version-only --with-linker-hash-style=gnu --enable-plugin --enable-initfini-array --with-isl --enable-offload-targets=nvptx-none --without-cuda-driver --enable-gnu-indirect-function --enable-cet --with-tune=generic --with-arch_32=i686 --build=x86_64-redhat-linux
Thread model: posix
gcc version 9.2.1 20190827 (Red Hat 9.2.1-1) (GCC) 
configure:11094: $? = 0
configure:11083: gcc -V >&5
gcc: error: unrecognized command line option '-V'
gcc: fatal error: no input files
compilation terminated.
configure:11094: $? = 1
configure:11083: gcc -qversion >&5
gcc: error: unrecognized command line option '-qversion'; did you mean '--version'?
gcc: fatal error: no input files
compilation terminated.
configure:11094: $? = 1
configure:11098: checking whether we are using the GNU C compiler
configure:11126: result: yes
configure:11135: checking whether gcc accepts -g
configure:11196: result: yes
configure:11213: checking for gcc option to accept ISO C89
configure:11289: result: none needed
configure:11314: checking whether gcc understands -c and -o together
configure:11351: result: yes
configure:11370: checking dependency style of gcc
configure:11481: result: none
configure:11500: checking for gcc option to accept ISO C99
configure:11649: gcc  -c -O2 -g -pipe -Wall -Werror=format-security -Wp,-D_FORTIFY_SOURCE=2 -Wp,-D_GLIBCXX_ASSERTIONS -fexceptions -fstack-protector-strong -grecord-gcc-switches -specs=/usr/lib/rpm/redhat/redhat-hardened-cc1 -specs=/usr/lib/rpm/redhat/redhat-annobin-cc1 -m64 -mtune=generic -fasynchronous-unwind-tables -fstack-clash-protection -fcf-protection  conftest.c >&5
conftest.c: In function 'test_varargs':
conftest.c:100:9: warning: variable 'fnumber' set but not used [-Wunused-but-set-variable]
  100 |   float fnumber;
      |         ^~~~~~~
conftest.c:99:7: warning: variable 'number' set but not used [-Wunused-but-set-variable]
   99 |   int number;
      |       ^~~~~~
conftest.c:98:15: warning: variable 'str' set but not used [-Wunused-but-set-variable]
   98 |   const char *str;
      |               ^~~
configure:11649: $? = 0
configure:11662: result: none needed
configure:11770: checking for gcc option to accept ISO Standard C
configure:11781: result: none needed
configure:11793: checking for valgrind
configure:11811: found /usr/bin/valgrind
configure:11824: result: /usr/bin/valgrind
configure:11846: checking for gtkdoc-check
configure:11864: found /usr/bin/gtkdoc-check
configure:11876: result: /usr/bin/gtkdoc-check
configure:11888: checking for gtkdoc-rebase
configure:11906: found /usr/bin/gtkdoc-rebase
configure:11918: result: /usr/bin/gtkdoc-rebase
configure:11932: checking for gtkdoc-mkpdf
configure:11950: found /usr/bin/gtkdoc-mkpdf
configure:11962: result: /usr/bin/gtkdoc-mkpdf
configure:12166: checking whether to build gtk-doc documentation
configure:12168: result: no
configure:12236: checking for python
configure:12254: found /usr/bin/python
configure:12266: result: /usr/bin/python
configure:12287: checking for python version
configure:12294: result: 2.7
configure:12306: checking for python platform
configure:12313: result: linux2
configure:12339: checking for python script directory
configure:12374: result: ${prefix}/lib/python2.7/site-packages
configure:12383: checking for python extension module directory
configure:12418: result: ${exec_prefix}/lib64/python2.7/site-packages
configure:12434: checking whether to build plugin documentation
configure:12446: result: no (gtk-doc disabled or not available)
configure:12549: checking for cos in -lm
configure:12574: gcc -o conftest -O2 -g -pipe -Wall -Werror=format-security -Wp,-D_FORTIFY_SOURCE=2 -Wp,-D_GLIBCXX_ASSERTIONS -fexceptions -fstack-protector-strong -grecord-gcc-switches -specs=/usr/lib/rpm/redhat/redhat-hardened-cc1 -specs=/usr/lib/rpm/redhat/redhat-annobin-cc1 -m64 -mtune=generic -fasynchronous-unwind-tables -fstack-clash-protection -fcf-protection  -Wl,-z,relro -Wl,--as-needed  -Wl,-z,now -specs=/usr/lib/rpm/redhat/redhat-hardened-ld conftest.c -lm   >&5
conftest.c:36:6: warning: conflicting types for built-in function 'cos'; expected 'double(double)' [-Wbuiltin-declaration-mismatch]
   36 | char cos ();
      |      ^~~
conftest.c:1:1: note: 'cos' is declared in header '<math.h>'
    1 | /* confdefs.h */
configure:12574: $? = 0
configure:12583: result: yes
configure:12596: checking for ANSI C header files
configure:12700: result: yes
configure:12732: checking for GLIB
configure:12740: $PKG_CONFIG --exists --print-errors "$which"
configure:12743: $? = 0
configure:12758: $PKG_CONFIG --exists --print-errors "$which"
configure:12761: $? = 0
configure:12813: result: yes
configure:12864: checking for glib-genmarshal
configure:12872: result: /usr/bin/glib-genmarshal (from pkg-config path)
configure:12926: checking for glib-mkenums
configure:12933: result: /usr/bin/glib-mkenums
configure:12946: checking for GIO
configure:12954: $PKG_CONFIG --exists --print-errors "gio-2.0 >= $GLIB_REQ"
configure:12957: $? = 0
configure:12972: $PKG_CONFIG --exists --print-errors "gio-2.0 >= $GLIB_REQ"
configure:12975: $? = 0
configure:13030: result: yes
configure:13070: checking for GST
configure:13078: $PKG_CONFIG --exists --print-errors "$module >= $minver"
configure:13081: $? = 0
configure:13096: $PKG_CONFIG --exists --print-errors "$module >= $minver"
configure:13099: $? = 0
configure:13155: result: yes
configure:13169: using GStreamer tools in /usr/bin
configure:13179: using GStreamer plug-ins in /usr/lib64/gstreamer-1.0
configure:13191: checking for GST_BASE
configure:13199: $PKG_CONFIG --exists --print-errors "$module >= $minver"
configure:13202: $? = 0
configure:13217: $PKG_CONFIG --exists --print-errors "$module >= $minver"
configure:13220: $? = 0
configure:13276: result: yes
configure:13293: checking for GST_PLUGINS_BASE
configure:13301: $PKG_CONFIG --exists --print-errors "$module >= $minver"
configure:13304: $? = 0
configure:13319: $PKG_CONFIG --exists --print-errors "$module >= $minver"
configure:13322: $? = 0
configure:13378: result: yes
configure:13394: using GStreamer Base Plugins in /usr/lib64/gstreamer-1.0
configure:13409: checking for GST_CHECK
configure:13417: $PKG_CONFIG --exists --print-errors "$module >= $minver"
configure:13420: $? = 0
configure:13435: $PKG_CONFIG --exists --print-errors "$module >= $minver"
configure:13438: $? = 0
configure:13494: result: yes
configure:13512: Using GStreamer Core Plugins in /usr/lib64/gstreamer-1.0
configure:13514: Using GStreamer Base Plugins in /usr/lib64/gstreamer-1.0
configure:13522: checking for -Bsymbolic-functions linker flag
configure:13537: gcc -o conftest -O2 -g -pipe -Wall -Werror=format-security -Wp,-D_FORTIFY_SOURCE=2 -Wp,-D_GLIBCXX_ASSERTIONS -fexceptions -fstack-protector-strong -grecord-gcc-switches -specs=/usr/lib/rpm/redhat/redhat-hardened-cc1 -specs=/usr/lib/rpm/redhat/redhat-annobin-cc1 -m64 -mtune=generic -fasynchronous-unwind-tables -fstack-clash-protection -fcf-protection  -Wl,-Bsymbolic-functions conftest.c  >&5
configure:13537: $? = 0
configure:13538: result: yes
configure:13587: Using /usr/lib64/gstreamer-1.0 as the plugin install location
configure:13594: checking whether to build static plugins or not
configure:13610: result: no
configure:13638: checking to see if compiler understands -Wall
configure:13655: gcc -c -O2 -g -pipe -Wall -Werror=format-security -Wp,-D_FORTIFY_SOURCE=2 -Wp,-D_GLIBCXX_ASSERTIONS -fexceptions -fstack-protector-strong -grecord-gcc-switches -specs=/usr/lib/rpm/redhat/redhat-hardened-cc1 -specs=/usr/lib/rpm/redhat/redhat-annobin-cc1 -m64 -mtune=generic -fasynchronous-unwind-tables -fstack-clash-protection -fcf-protection -Wall  conftest.c >&5
configure:13655: $? = 0
configure:13670: result: yes
configure:13675: checking to see if compiler understands -Wdeclaration-after-statement
configure:13692: gcc -c -O2 -g -pipe -Wall -Werror=format-security -Wp,-D_FORTIFY_SOURCE=2 -Wp,-D_GLIBCXX_ASSERTIONS -fexceptions -fstack-protector-strong -grecord-gcc-switches -specs=/usr/lib/rpm/redhat/redhat-hardened-cc1 -specs=/usr/lib/rpm/redhat/redhat-annobin-cc1 -m64 -mtune=generic -fasynchronous-unwind-tables -fstack-clash-protection -fcf-protection -Wdeclaration-after-statement  conftest.c >&5
configure:13692: $? = 0
configure:13707: result: yes
configure:13712: checking to see if compiler understands -Wvla
configure:13729: gcc -c -O2 -g -pipe -Wall -Werror=format-security -Wp,-D_FORTIFY_SOURCE=2 -Wp,-D_GLIBCXX_ASSERTIONS -fexceptions -fstack-protector-strong -grecord-gcc-switches -specs=/usr/lib/rpm/redhat/redhat-hardened-cc1 -specs=/usr/lib/rpm/redhat/redhat-annobin-cc1 -m64 -mtune=generic -fasynchronous-unwind-tables -fstack-clash-protection -fcf-protection -Wvla  conftest.c >&5
configure:13729: $? = 0
configure:13744: result: yes
configure:13749: checking to see if compiler understands -Wpointer-arith
configure:13766: gcc -c -O2 -g -pipe -Wall -Werror=format-security -Wp,-D_FORTIFY_SOURCE=2 -Wp,-D_GLIBCXX_ASSERTIONS -fexceptions -fstack-protector-strong -grecord-gcc-switches -specs=/usr/lib/rpm/redhat/redhat-hardened-cc1 -specs=/usr/lib/rpm/redhat/redhat-annobin-cc1 -m64 -mtune=generic -fasynchronous-unwind-tables -fstack-clash-protection -fcf-protection -Wpointer-arith  conftest.c >&5
configure:13766: $? = 0
configure:13781: result: yes
configure:13840: checking to see if compiler understands -Wmissing-declarations
configure:13857: gcc -c -O2 -g -pipe -Wall -Werror=format-security -Wp,-D_FORTIFY_SOURCE=2 -Wp,-D_GLIBCXX_ASSERTIONS -fexceptions -fstack-protector-strong -grecord-gcc-switches -specs=/usr/lib/rpm/redhat/redhat-hardened-cc1 -specs=/usr/lib/rpm/redhat/redhat-annobin-cc1 -m64 -mtune=generic -fasynchronous-unwind-tables -fstack-clash-protection -fcf-protection -Wmissing-declarations  conftest.c >&5
configure:13857: $? = 0
configure:13872: result: yes
configure:13840: checking to see if compiler understands -Wmissing-prototypes
configure:13857: gcc -c -O2 -g -pipe -Wall -Werror=format-security -Wp,-D_FORTIFY_SOURCE=2 -Wp,-D_GLIBCXX_ASSERTIONS -fexceptions -fstack-protector-strong -grecord-gcc-switches -specs=/usr/lib/rpm/redhat/redhat-hardened-cc1 -specs=/usr/lib/rpm/redhat/redhat-annobin-cc1 -m64 -mtune=generic -fasynchronous-unwind-tables -fstack-clash-protection -fcf-protection -Wmissing-prototypes  conftest.c >&5
configure:13857: $? = 0
configure:13872: result: yes
configure:13840: checking to see if compiler understands -Wredundant-decls
configure:13857: gcc -c -O2 -g -pipe -Wall -Werror=format-security -Wp,-D_FORTIFY_SOURCE=2 -Wp,-D_GLIBCXX_ASSERTIONS -fexceptions -fstack-protector-strong -grecord-gcc-switches -specs=/usr/lib/rpm/redhat/redhat-hardened-cc1 -specs=/usr/lib/rpm/redhat/redhat-annobin-cc1 -m64 -mtune=generic -fasynchronous-unwind-tables -fstack-clash-protection -fcf-protection -Wredundant-decls  conftest.c >&5
configure:13857: $? = 0
configure:13872: result: yes
configure:13840: checking to see if compiler understands -Wundef
configure:13857: gcc -c -O2 -g -pipe -Wall -Werror=format-security -Wp,-D_FORTIFY_SOURCE=2 -Wp,-D_GLIBCXX_ASSERTIONS -fexceptions -fstack-protector-strong -grecord-gcc-switches -specs=/usr/lib/rpm/redhat/redhat-hardened-cc1 -specs=/usr/lib/rpm/redhat/redhat-annobin-cc1 -m64 -mtune=generic -fasynchronous-unwind-tables -fstack-clash-protection -fcf-protection -Wundef  conftest.c >&5
configure:13857: $? = 0
configure:13872: result: yes
configure:13840: checking to see if compiler understands -Wwrite-strings
configure:13857: gcc -c -O2 -g -pipe -Wall -Werror=format-security -Wp,-D_FORTIFY_SOURCE=2 -Wp,-D_GLIBCXX_ASSERTIONS -fexceptions -fstack-protector-strong -grecord-gcc-switches -specs=/usr/lib/rpm/redhat/redhat-hardened-cc1 -specs=/usr/lib/rpm/redhat/redhat-annobin-cc1 -m64 -mtune=generic -fasynchronous-unwind-tables -fstack-clash-protection -fcf-protection -Wwrite-strings  conftest.c >&5
configure:13857: $? = 0
configure:13872: result: yes
configure:13840: checking to see if compiler understands -Wformat-nonliteral
configure:13857: gcc -c -O2 -g -pipe -Wall -Werror=format-security -Wp,-D_FORTIFY_SOURCE=2 -Wp,-D_GLIBCXX_ASSERTIONS -fexceptions -fstack-protector-strong -grecord-gcc-switches -specs=/usr/lib/rpm/redhat/redhat-hardened-cc1 -specs=/usr/lib/rpm/redhat/redhat-annobin-cc1 -m64 -mtune=generic -fasynchronous-unwind-tables -fstack-clash-protection -fcf-protection -Wformat-nonliteral  conftest.c >&5
configure:13857: $? = 0
configure:13872: result: yes
configure:13840: checking to see if compiler understands -Wformat-security
configure:13857: gcc -c -O2 -g -pipe -Wall -Werror=format-security -Wp,-D_FORTIFY_SOURCE=2 -Wp,-D_GLIBCXX_ASSERTIONS -fexceptions -fstack-protector-strong -grecord-gcc-switches -specs=/usr/lib/rpm/redhat/redhat-hardened-cc1 -specs=/usr/lib/rpm/redhat/redhat-annobin-cc1 -m64 -mtune=generic -fasynchronous-unwind-tables -fstack-clash-protection -fcf-protection -Wformat-security  conftest.c >&5
configure:13857: $? = 0
configure:13872: result: yes
configure:13840: checking to see if compiler understands -Wold-style-definition
configure:13857: gcc -c -O2 -g -pipe -Wall -Werror=format-security -Wp,-D_FORTIFY_SOURCE=2 -Wp,-D_GLIBCXX_ASSERTIONS -fexceptions -fstack-protector-strong -grecord-gcc-switches -specs=/usr/lib/rpm/redhat/redhat-hardened-cc1 -specs=/usr/lib/rpm/redhat/redhat-annobin-cc1 -m64 -mtune=generic -fasynchronous-unwind-tables -fstack-clash-protection -fcf-protection -Wold-style-definition  conftest.c >&5
conftest.c: In function 'main':
conftest.c:36:1: warning: old-style function definition [-Wold-style-definition]
   36 | main ()
      | ^~~~
configure:13857: $? = 0
configure:13872: result: yes
configure:13840: checking to see if compiler understands -Winit-self
configure:13857: gcc -c -O2 -g -pipe -Wall -Werror=format-security -Wp,-D_FORTIFY_SOURCE=2 -Wp,-D_GLIBCXX_ASSERTIONS -fexceptions -fstack-protector-strong -grecord-gcc-switches -specs=/usr/lib/rpm/redhat/redhat-hardened-cc1 -specs=/usr/lib/rpm/redhat/redhat-annobin-cc1 -m64 -mtune=generic -fasynchronous-unwind-tables -fstack-clash-protection -fcf-protection -Winit-self  conftest.c >&5
configure:13857: $? = 0
configure:13872: result: yes
configure:13840: checking to see if compiler understands -Wmissing-include-dirs
configure:13857: gcc -c -O2 -g -pipe -Wall -Werror=format-security -Wp,-D_FORTIFY_SOURCE=2 -Wp,-D_GLIBCXX_ASSERTIONS -fexceptions -fstack-protector-strong -grecord-gcc-switches -specs=/usr/lib/rpm/redhat/redhat-hardened-cc1 -specs=/usr/lib/rpm/redhat/redhat-annobin-cc1 -m64 -mtune=generic -fasynchronous-unwind-tables -fstack-clash-protection -fcf-protection -Wmissing-include-dirs  conftest.c >&5
configure:13857: $? = 0
configure:13872: result: yes
configure:13840: checking to see if compiler understands -Waddress
configure:13857: gcc -c -O2 -g -pipe -Wall -Werror=format-security -Wp,-D_FORTIFY_SOURCE=2 -Wp,-D_GLIBCXX_ASSERTIONS -fexceptions -fstack-protector-strong -grecord-gcc-switches -specs=/usr/lib/rpm/redhat/redhat-hardened-cc1 -specs=/usr/lib/rpm/redhat/redhat-annobin-cc1 -m64 -mtune=generic -fasynchronous-unwind-tables -fstack-clash-protection -fcf-protection -Waddress  conftest.c >&5
configure:13857: $? = 0
configure:13872: result: yes
configure:13840: checking to see if compiler understands -Waggregate-return
configure:13857: gcc -c -O2 -g -pipe -Wall -Werror=format-security -Wp,-D_FORTIFY_SOURCE=2 -Wp,-D_GLIBCXX_ASSERTIONS -fexceptions -fstack-protector-strong -grecord-gcc-switches -specs=/usr/lib/rpm/redhat/redhat-hardened-cc1 -specs=/usr/lib/rpm/redhat/redhat-annobin-cc1 -m64 -mtune=generic -fasynchronous-unwind-tables -fstack-clash-protection -fcf-protection -Waggregate-return  conftest.c >&5
configure:13857: $? = 0
configure:13872: result: yes
configure:13840: checking to see if compiler understands -Wno-multichar
configure:13857: gcc -c -O2 -g -pipe -Wall -Werror=format-security -Wp,-D_FORTIFY_SOURCE=2 -Wp,-D_GLIBCXX_ASSERTIONS -fexceptions -fstack-protector-strong -grecord-gcc-switches -specs=/usr/lib/rpm/redhat/redhat-hardened-cc1 -specs=/usr/lib/rpm/redhat/redhat-annobin-cc1 -m64 -mtune=generic -fasynchronous-unwind-tables -fstack-clash-protection -fcf-protection -Wno-multichar  conftest.c >&5
configure:13857: $? = 0
configure:13872: result: yes
configure:13840: checking to see if compiler understands -Wnested-externs
configure:13857: gcc -c -O2 -g -pipe -Wall -Werror=format-security -Wp,-D_FORTIFY_SOURCE=2 -Wp,-D_GLIBCXX_ASSERTIONS -fexceptions -fstack-protector-strong -grecord-gcc-switches -specs=/usr/lib/rpm/redhat/redhat-hardened-cc1 -specs=/usr/lib/rpm/redhat/redhat-annobin-cc1 -m64 -mtune=generic -fasynchronous-unwind-tables -fstack-clash-protection -fcf-protection -Wnested-externs  conftest.c >&5
configure:13857: $? = 0
configure:13872: result: yes
configure:13884: set WARNING_CFLAGS to  -Wall -Wdeclaration-after-statement -Wvla -Wpointer-arith -Wmissing-declarations -Wmissing-prototypes -Wredundant-decls -Wundef -Wwrite-strings -Wformat-nonliteral -Wformat-security -Wold-style-definition -Winit-self -Wmissing-include-dirs -Waddress -Waggregate-return -Wno-multichar -Wnested-externs
configure:13886: set ERROR_CFLAGS to 
configure:13949: checking for BZ2_bzlibVersion in -lbz2
configure:13962: gcc -o conftest -O2 -g -pipe -Wall -Werror=format-security -Wp,-D_FORTIFY_SOURCE=2 -Wp,-D_GLIBCXX_ASSERTIONS -fexceptions -fstack-protector-strong -grecord-gcc-switches -specs=/usr/lib/rpm/redhat/redhat-hardened-cc1 -specs=/usr/lib/rpm/redhat/redhat-annobin-cc1 -m64 -mtune=generic -fasynchronous-unwind-tables -fstack-clash-protection -fcf-protection  -Wl,-z,relro -Wl,--as-needed  -Wl,-z,now -specs=/usr/lib/rpm/redhat/redhat-hardened-ld conftest.c  -lbz2 >&5
conftest.c: In function 'main':
conftest.c:39:13: warning: unused variable 'version' [-Wunused-variable]
   39 | const char *version = BZ2_bzlibVersion ();
      |             ^~~~~~~
configure:13962: $? = 0
configure:13969: result: yes
configure:13987: checking for lzma_version_string in -llzma
configure:14000: gcc -o conftest -O2 -g -pipe -Wall -Werror=format-security -Wp,-D_FORTIFY_SOURCE=2 -Wp,-D_GLIBCXX_ASSERTIONS -fexceptions -fstack-protector-strong -grecord-gcc-switches -specs=/usr/lib/rpm/redhat/redhat-hardened-cc1 -specs=/usr/lib/rpm/redhat/redhat-annobin-cc1 -m64 -mtune=generic -fasynchronous-unwind-tables -fstack-clash-protection -fcf-protection  -Wl,-z,relro -Wl,--as-needed  -Wl,-z,now -specs=/usr/lib/rpm/redhat/redhat-hardened-ld conftest.c  -llzma >&5
conftest.c: In function 'main':
conftest.c:39:13: warning: unused variable 'version' [-Wunused-variable]
   39 | const char *version = lzma_version_string ();
      |             ^~~~~~~
configure:14000: $? = 0
configure:14007: result: yes
configure:14288: Using local Libav snapshot
configure:14421: Using included Libav code
configure:14551: checking that generated files are newer than configure
configure:14557: result: done
configure:14709: creating ./config.status

## ---------------------- ##
## Running config.status. ##
## ---------------------- ##

This file was extended by GStreamer libav config.status 1.8.0, which was
generated by GNU Autoconf 2.69.  Invocation command line was

  CONFIG_FILES    = 
  CONFIG_HEADERS  = 
  CONFIG_LINKS    = 
  CONFIG_COMMANDS = 
  $ ./config.status 

on localhost.localdomain

config.status:1284: creating Makefile
config.status:1284: creating common/Makefile
config.status:1284: creating common/m4/Makefile
config.status:1284: creating gst-libav.spec
config.status:1284: creating ext/Makefile
config.status:1284: creating ext/libav/Makefile
config.status:1284: creating ext/libswscale/Makefile
config.status:1284: creating gst-libs/Makefile
config.status:1284: creating gst-libs/ext/Makefile
config.status:1284: creating docs/Makefile
config.status:1284: creating docs/plugins/Makefile
config.status:1284: creating docs/version.entities
config.status:1284: creating tests/Makefile
config.status:1284: creating tests/check/Makefile
config.status:1284: creating tests/files/Makefile
config.status:1284: creating pkgconfig/Makefile
config.status:1284: creating pkgconfig/gstreamer-plugins-libav-uninstalled.pc
config.status:1284: creating config.h
config.status:1513: executing depfiles commands
config.status:1513: executing libtool commands
config.status:1513: executing configure-embedded-libav commands

## ---------------- ##
## Cache variables. ##
## ---------------- ##

ac_cv_build=x86_64-redhat-linux-gnu
ac_cv_c_bigendian=no
ac_cv_c_compiler_gnu=yes
ac_cv_env_CC_set=
ac_cv_env_CC_value=
ac_cv_env_CFLAGS_set=set
ac_cv_env_CFLAGS_value='-O2 -g -pipe -Wall -Werror=format-security -Wp,-D_FORTIFY_SOURCE=2 -Wp,-D_GLIBCXX_ASSERTIONS -fexceptions -fstack-protector-strong -grecord-gcc-switches -specs=/usr/lib/rpm/redhat/redhat-hardened-cc1 -specs=/usr/lib/rpm/redhat/redhat-annobin-cc1 -m64 -mtune=generic -fasynchronous-unwind-tables -fstack-clash-protection -fcf-protection'
ac_cv_env_CPPFLAGS_set=
ac_cv_env_CPPFLAGS_value=
ac_cv_env_CPP_set=
ac_cv_env_CPP_value=
ac_cv_env_GIO_CFLAGS_set=
ac_cv_env_GIO_CFLAGS_value=
ac_cv_env_GIO_LIBS_set=
ac_cv_env_GIO_LIBS_value=
ac_cv_env_GLIB_CFLAGS_set=
ac_cv_env_GLIB_CFLAGS_value=
ac_cv_env_GLIB_LIBS_set=
ac_cv_env_GLIB_LIBS_value=
ac_cv_env_GST_BASE_CFLAGS_set=
ac_cv_env_GST_BASE_CFLAGS_value=
ac_cv_env_GST_BASE_LIBS_set=
ac_cv_env_GST_BASE_LIBS_value=
ac_cv_env_GST_CFLAGS_set=
ac_cv_env_GST_CFLAGS_value=
ac_cv_env_GST_CHECK_CFLAGS_set=
ac_cv_env_GST_CHECK_CFLAGS_value=
ac_cv_env_GST_CHECK_LIBS_set=
ac_cv_env_GST_CHECK_LIBS_value=
ac_cv_env_GST_LIBS_set=
ac_cv_env_GST_LIBS_value=
ac_cv_env_GST_PLUGINS_BASE_CFLAGS_set=
ac_cv_env_GST_PLUGINS_BASE_CFLAGS_value=
ac_cv_env_GST_PLUGINS_BASE_LIBS_set=
ac_cv_env_GST_PLUGINS_BASE_LIBS_value=
ac_cv_env_GTKDOC_DEPS_CFLAGS_set=
ac_cv_env_GTKDOC_DEPS_CFLAGS_value=
ac_cv_env_GTKDOC_DEPS_LIBS_set=
ac_cv_env_GTKDOC_DEPS_LIBS_value=
ac_cv_env_LDFLAGS_set=set
ac_cv_env_LDFLAGS_value='-Wl,-z,relro -Wl,--as-needed  -Wl,-z,now -specs=/usr/lib/rpm/redhat/redhat-hardened-ld'
ac_cv_env_LIBAV_CFLAGS_set=
ac_cv_env_LIBAV_CFLAGS_value=
ac_cv_env_LIBAV_LIBS_set=
ac_cv_env_LIBAV_LIBS_value=
ac_cv_env_LIBS_set=
ac_cv_env_LIBS_value=
ac_cv_env_LT_SYS_LIBRARY_PATH_set=
ac_cv_env_LT_SYS_LIBRARY_PATH_value=
ac_cv_env_ORC_CFLAGS_set=
ac_cv_env_ORC_CFLAGS_value=
ac_cv_env_ORC_LIBS_set=
ac_cv_env_ORC_LIBS_value=
ac_cv_env_PKG_CONFIG_set=
ac_cv_env_PKG_CONFIG_value=
ac_cv_env_PYTHON_set=
ac_cv_env_PYTHON_value=
ac_cv_env_SWSCALE_CFLAGS_set=
ac_cv_env_SWSCALE_CFLAGS_value=
ac_cv_env_SWSCALE_LIBS_set=
ac_cv_env_SWSCALE_LIBS_value=
ac_cv_env_VALGRIND_CFLAGS_set=
ac_cv_env_VALGRIND_CFLAGS_value=
ac_cv_env_VALGRIND_LIBS_set=
ac_cv_env_VALGRIND_LIBS_value=
ac_cv_env_build_alias_set=set
ac_cv_env_build_alias_value=x86_64-redhat-linux-gnu
ac_cv_env_host_alias_set=set
ac_cv_env_host_alias_value=x86_64-redhat-linux-gnu
ac_cv_env_target_alias_set=
ac_cv_env_target_alias_value=
ac_cv_func_dlopen=no
ac_cv_func_shl_load=no
ac_cv_header_dlfcn_h=yes
ac_cv_header_inttypes_h=yes
ac_cv_header_memory_h=yes
ac_cv_header_stdc=yes
ac_cv_header_stdint_h=yes
ac_cv_header_stdlib_h=yes
ac_cv_header_string_h=yes
ac_cv_header_strings_h=yes
ac_cv_header_sys_stat_h=yes
ac_cv_header_sys_types_h=yes
ac_cv_header_unistd_h=yes
ac_cv_host=x86_64-redhat-linux-gnu
ac_cv_lib_dl_dlopen=yes
ac_cv_lib_dld_shl_load=no
ac_cv_lib_m_cos=yes
ac_cv_objext=o
ac_cv_path_EGREP='/usr/bin/grep -E'
ac_cv_path_FGREP='/usr/bin/grep -F'
ac_cv_path_GREP=/usr/bin/grep
ac_cv_path_GTKDOC_CHECK=/usr/bin/gtkdoc-check
ac_cv_path_GTKDOC_MKPDF=/usr/bin/gtkdoc-mkpdf
ac_cv_path_GTKDOC_REBASE=/usr/bin/gtkdoc-rebase
ac_cv_path_PKG_CONFIG=/usr/bin/x86_64-redhat-linux-gnu-pkg-config
ac_cv_path_PYTHON=/usr/bin/python
ac_cv_path_SED=/usr/bin/sed
ac_cv_path_VALGRIND_PATH=/usr/bin/valgrind
ac_cv_path_install='/usr/bin/install -c'
ac_cv_path_lt_DD=/usr/bin/dd
ac_cv_path_mkdir=/usr/bin/mkdir
ac_cv_prog_AWK=gawk
ac_cv_prog_CC=gcc
ac_cv_prog_CPP='gcc -E'
ac_cv_prog_ac_ct_AR=ar
ac_cv_prog_ac_ct_CC=gcc
ac_cv_prog_ac_ct_OBJDUMP=objdump
ac_cv_prog_ac_ct_RANLIB=ranlib
ac_cv_prog_ac_ct_STRIP=strip
ac_cv_prog_cc_c89=
ac_cv_prog_cc_c99=
ac_cv_prog_cc_g=yes
ac_cv_prog_cc_stdc=
ac_cv_prog_make_make_set=yes
ac_cv_target=x86_64-redhat-linux-gnu
am_cv_CC_dependencies_compiler_type=none
am_cv_make_support_nested_variables=yes
am_cv_prog_cc_c_o=yes
am_cv_prog_tar_ustar=gnutar
am_cv_python_platform=linux2
am_cv_python_pyexecdir='${exec_prefix}/lib64/python2.7/site-packages'
am_cv_python_pythondir='${prefix}/lib/python2.7/site-packages'
am_cv_python_version=2.7
lt_cv_ar_at_file=@
lt_cv_archive_cmds_need_lc=no
lt_cv_deplibs_check_method=pass_all
lt_cv_dlopen=dlopen
lt_cv_dlopen_libs=-ldl
lt_cv_dlopen_self=yes
lt_cv_dlopen_self_static=yes
lt_cv_file_magic_cmd='$MAGIC_CMD'
lt_cv_file_magic_test_file=
lt_cv_ld_reload_flag=-r
lt_cv_nm_interface='BSD nm'
lt_cv_objdir=.libs
lt_cv_path_LD=/usr/bin/ld
lt_cv_path_NM='/usr/bin/nm -B'
lt_cv_path_mainfest_tool=no
lt_cv_prog_compiler_c_o=yes
lt_cv_prog_compiler_pic='-fPIC -DPIC'
lt_cv_prog_compiler_pic_works=yes
lt_cv_prog_compiler_rtti_exceptions=no
lt_cv_prog_compiler_static_works=no
lt_cv_prog_gnu_ld=yes
lt_cv_sharedlib_from_linklib_cmd='printf %s\n'
lt_cv_shlibpath_overrides_runpath=no
lt_cv_sys_global_symbol_pipe='sed -n -e '\''s/^.*[	 ]\([ABCDGIRSTW][ABCDGIRSTW]*\)[	 ][	 ]*\([_A-Za-z][_A-Za-z0-9]*\)$/\1 \2 \2/p'\'' | sed '\''/ __gnu_lto/d'\'''
lt_cv_sys_global_symbol_to_c_name_address='sed -n -e '\''s/^: \(.*\) .*$/  {"\1", (void *) 0},/p'\'' -e '\''s/^[ABCDGIRSTW][ABCDGIRSTW]* .* \(.*\)$/  {"\1", (void *) \&\1},/p'\'''
lt_cv_sys_global_symbol_to_c_name_address_lib_prefix='sed -n -e '\''s/^: \(.*\) .*$/  {"\1", (void *) 0},/p'\'' -e '\''s/^[ABCDGIRSTW][ABCDGIRSTW]* .* \(lib.*\)$/  {"\1", (void *) \&\1},/p'\'' -e '\''s/^[ABCDGIRSTW][ABCDGIRSTW]* .* \(.*\)$/  {"lib\1", (void *) \&\1},/p'\'''
lt_cv_sys_global_symbol_to_cdecl='sed -n -e '\''s/^T .* \(.*\)$/extern int \1();/p'\'' -e '\''s/^[ABCDGIRSTW][ABCDGIRSTW]* .* \(.*\)$/extern char \1;/p'\'''
lt_cv_sys_global_symbol_to_import=
lt_cv_sys_max_cmd_len=1572864
lt_cv_to_host_file_cmd=func_convert_file_noop
lt_cv_to_tool_file_cmd=func_convert_file_noop
lt_cv_truncate_bin='/usr/bin/dd bs=4096 count=1'
pkg_cv_GIO_CFLAGS='-I/usr/include/glib-2.0 -I/usr/lib64/glib-2.0/include -pthread -I/usr/include/libmount -I/usr/include/blkid -I/usr/include/uuid '
pkg_cv_GIO_LIBS='-lgio-2.0 -lgobject-2.0 -lglib-2.0 '
pkg_cv_GLIB_CFLAGS='-I/usr/include/glib-2.0 -I/usr/lib64/glib-2.0/include -pthread '
pkg_cv_GLIB_LIBS='-lgobject-2.0 -pthread -lgmodule-2.0 -lglib-2.0 '
pkg_cv_GST_BASE_CFLAGS='-I/usr/include/gstreamer-1.0 -I/usr/include/glib-2.0 -I/usr/lib64/glib-2.0/include -pthread '
pkg_cv_GST_BASE_LIBS='-lgstbase-1.0 -lgstreamer-1.0 -lgobject-2.0 -lglib-2.0 '
pkg_cv_GST_CFLAGS='-I/usr/include/gstreamer-1.0 -I/usr/include/glib-2.0 -I/usr/lib64/glib-2.0/include -pthread '
pkg_cv_GST_CHECK_CFLAGS='-I/usr/include/gstreamer-1.0 -I/usr/include/glib-2.0 -I/usr/lib64/glib-2.0/include -pthread '
pkg_cv_GST_CHECK_LIBS='-lgstcheck-1.0 -lm -lgstreamer-1.0 -lgobject-2.0 -lglib-2.0 '
pkg_cv_GST_LIBS='-lgstreamer-1.0 -lgobject-2.0 -lglib-2.0 '
pkg_cv_GST_PLUGINS_BASE_CFLAGS='-I/usr/include/gstreamer-1.0 -I/usr/include/glib-2.0 -I/usr/lib64/glib-2.0/include -pthread '
pkg_cv_GST_PLUGINS_BASE_LIBS='-lgstreamer-1.0 -lgobject-2.0 -lglib-2.0 '
pkg_cv_ORC_CFLAGS='-I/usr/include/orc-0.4 '
pkg_cv_ORC_LIBS='-lorc-0.4 '

## ----------------- ##
## Output variables. ##
## ----------------- ##

ACLOCAL='${SHELL} /home/kalpana/rpmbuild/BUILD/gst-libav-1.8.0/missing aclocal-1.15'
ACLOCAL_AMFLAGS='-I m4 -I common/m4'
AMDEPBACKSLASH=''
AMDEP_FALSE=''
AMDEP_TRUE='#'
AMTAR='$${TAR-tar}'
AM_BACKSLASH='\'
AM_DEFAULT_V='$(AM_DEFAULT_VERBOSITY)'
AM_DEFAULT_VERBOSITY='0'
AM_V='$(V)'
AR='ar'
AS='as'
AUTOCONF='${SHELL} /home/kalpana/rpmbuild/BUILD/gst-libav-1.8.0/missing autoconf'
AUTOHEADER='${SHELL} /home/kalpana/rpmbuild/BUILD/gst-libav-1.8.0/missing autoheader'
AUTOMAKE='${SHELL} /home/kalpana/rpmbuild/BUILD/gst-libav-1.8.0/missing automake-1.15'
AWK='gawk'
CC='gcc'
CCASFLAGS=''
CCDEPMODE='depmode=none'
CFLAGS='-O2 -g -pipe -Wall -Werror=format-security -Wp,-D_FORTIFY_SOURCE=2 -Wp,-D_GLIBCXX_ASSERTIONS -fexceptions -fstack-protector-strong -grecord-gcc-switches -specs=/usr/lib/rpm/redhat/redhat-hardened-cc1 -specs=/usr/lib/rpm/redhat/redhat-annobin-cc1 -m64 -mtune=generic -fasynchronous-unwind-tables -fstack-clash-protection -fcf-protection'
CPP='gcc -E'
CPPFLAGS=''
CXXFLAGS='-O2 -g -pipe -Wall -Werror=format-security -Wp,-D_FORTIFY_SOURCE=2 -Wp,-D_GLIBCXX_ASSERTIONS -fexceptions -fstack-protector-strong -grecord-gcc-switches -specs=/usr/lib/rpm/redhat/redhat-hardened-cc1 -specs=/usr/lib/rpm/redhat/redhat-annobin-cc1 -m64 -mtune=generic -fasynchronous-unwind-tables -fstack-clash-protection -fcf-protection'
CYGPATH_W='echo'
DARWIN_LDFLAGS=''
DEFS='-DHAVE_CONFIG_H'
DEPDIR='.deps'
DEPRECATED_CFLAGS=''
DLLTOOL='false'
DSYMUTIL=''
DUMPBIN=''
ECHO_C=''
ECHO_N='-n'
ECHO_T=''
EGREP='/usr/bin/grep -E'
ENABLE_GTK_DOC_FALSE=''
ENABLE_GTK_DOC_TRUE='#'
ENABLE_PLUGIN_DOCS_FALSE=''
ENABLE_PLUGIN_DOCS_TRUE='#'
ERROR_CFLAGS=''
EXEEXT=''
FFLAGS='-O2 -g -pipe -Wall -Werror=format-security -Wp,-D_FORTIFY_SOURCE=2 -Wp,-D_GLIBCXX_ASSERTIONS -fexceptions -fstack-protector-strong -grecord-gcc-switches -specs=/usr/lib/rpm/redhat/redhat-hardened-cc1 -specs=/usr/lib/rpm/redhat/redhat-annobin-cc1 -m64 -mtune=generic -fasynchronous-unwind-tables -fstack-clash-protection -fcf-protection -I/usr/lib64/gfortran/modules'
FGREP='/usr/bin/grep -F'
GCOV=''
GCOV_CFLAGS=''
GCOV_LIBS=''
GIO_CFLAGS='-I/usr/include/glib-2.0 -I/usr/lib64/glib-2.0/include -pthread -I/usr/include/libmount -I/usr/include/blkid -I/usr/include/uuid '
GIO_LDFLAGS=''
GIO_LIBS='-lgio-2.0 -lgobject-2.0 -lglib-2.0 '
GLIB_CFLAGS='-I/usr/include/glib-2.0 -I/usr/lib64/glib-2.0/include -pthread '
GLIB_EXTRA_CFLAGS=' -DG_THREADS_MANDATORY -DG_DISABLE_CAST_CHECKS'
GLIB_GENMARSHAL='/usr/bin/glib-genmarshal'
GLIB_LIBS='-lgobject-2.0 -pthread -lgmodule-2.0 -lglib-2.0 '
GLIB_MKENUMS='/usr/bin/glib-mkenums'
GLIB_REQ='2.40.0'
GREP='/usr/bin/grep'
GSTPB_PLUGINS_DIR='/usr/lib64/gstreamer-1.0'
GST_AGE='800'
GST_ALL_LDFLAGS='-no-undefined -Wl,-Bsymbolic-functions'
GST_API_VERSION='1.0'
GST_BASE_CFLAGS='-I/usr/include/gstreamer-1.0 -I/usr/include/glib-2.0 -I/usr/lib64/glib-2.0/include -pthread '
GST_BASE_LIBS='-lgstbase-1.0 -lgstreamer-1.0 -lgobject-2.0 -lglib-2.0 '
GST_CFLAGS='-I$(top_srcdir)/gst-libs -I$(top_builddir)/gst-libs -I/usr/include/gstreamer-1.0 -I/usr/include/glib-2.0 -I/usr/lib64/glib-2.0/include -pthread   -DG_THREADS_MANDATORY -DG_DISABLE_CAST_CHECKS $(GST_OPTION_CFLAGS)'
GST_CHECK_CFLAGS='-I/usr/include/gstreamer-1.0 -I/usr/include/glib-2.0 -I/usr/lib64/glib-2.0/include -pthread '
GST_CHECK_LIBS='-lgstcheck-1.0 -lm -lgstreamer-1.0 -lgobject-2.0 -lglib-2.0 '
GST_CURRENT='800'
GST_GCOV_ENABLED_FALSE=''
GST_GCOV_ENABLED_TRUE='#'
GST_LEVEL_DEFAULT='GST_LEVEL_NONE'
GST_LIBAV_ENABLE_GPL_FALSE=''
GST_LIBAV_ENABLE_GPL_TRUE='#'
GST_LIBS='-lgstreamer-1.0 -lgobject-2.0 -lglib-2.0 '
GST_LIBVERSION='800:0:800'
GST_LT_LDFLAGS=' -version-info 800:0:800'
GST_OPTION_CFLAGS='$(WARNING_CFLAGS) $(ERROR_CFLAGS) $(DEBUG_CFLAGS) $(PROFILE_CFLAGS) $(GCOV_CFLAGS) $(OPT_CFLAGS) $(DEPRECATED_CFLAGS)'
GST_PACKAGE_NAME='GStreamer libav source release'
GST_PACKAGE_ORIGIN='Unknown package origin'
GST_PLUGINS_BASE_CFLAGS='-I/usr/include/gstreamer-1.0 -I/usr/include/glib-2.0 -I/usr/lib64/glib-2.0/include -pthread '
GST_PLUGINS_BASE_DIR='/usr/lib64/gstreamer-1.0/gst:/usr/lib64/gstreamer-1.0/sys:/usr/lib64/gstreamer-1.0/ext'
GST_PLUGINS_BASE_LIBS='-lgstreamer-1.0 -lgobject-2.0 -lglib-2.0 '
GST_PLUGINS_DIR='/usr/lib64/gstreamer-1.0'
GST_PLUGIN_BUILD_STATIC_FALSE=''
GST_PLUGIN_BUILD_STATIC_TRUE='#'
GST_PLUGIN_LDFLAGS='-module -avoid-version -export-symbols-regex '\''^_*gst_plugin_.*'\'' -no-undefined -Wl,-Bsymbolic-functions'
GST_PLUGIN_LIBTOOLFLAGS='--tag=disable-static'
GST_REVISION='0'
GST_TOOLS_DIR='/usr/bin'
GTKDOC_CHECK='/usr/bin/gtkdoc-check'
GTKDOC_DEPS_CFLAGS=''
GTKDOC_DEPS_LIBS=''
GTKDOC_MKPDF='/usr/bin/gtkdoc-mkpdf'
GTKDOC_REBASE='/usr/bin/gtkdoc-rebase'
GTK_DOC_BUILD_HTML_FALSE='#'
GTK_DOC_BUILD_HTML_TRUE=''
GTK_DOC_BUILD_PDF_FALSE=''
GTK_DOC_BUILD_PDF_TRUE='#'
GTK_DOC_USE_LIBTOOL_FALSE='#'
GTK_DOC_USE_LIBTOOL_TRUE=''
HAVE_BZ2_FALSE='#'
HAVE_BZ2_TRUE=''
HAVE_CPU_ALPHA_FALSE=''
HAVE_CPU_ALPHA_TRUE='#'
HAVE_CPU_ARC_FALSE=''
HAVE_CPU_ARC_TRUE='#'
HAVE_CPU_ARM_FALSE=''
HAVE_CPU_ARM_TRUE='#'
HAVE_CPU_CRISV32_FALSE=''
HAVE_CPU_CRISV32_TRUE='#'
HAVE_CPU_CRIS_FALSE=''
HAVE_CPU_CRIS_TRUE='#'
HAVE_CPU_HPPA_FALSE=''
HAVE_CPU_HPPA_TRUE='#'
HAVE_CPU_I386_FALSE=''
HAVE_CPU_I386_TRUE='#'
HAVE_CPU_IA64_FALSE=''
HAVE_CPU_IA64_TRUE='#'
HAVE_CPU_M68K_FALSE=''
HAVE_CPU_M68K_TRUE='#'
HAVE_CPU_MIPS_FALSE=''
HAVE_CPU_MIPS_TRUE='#'
HAVE_CPU_PPC64_FALSE=''
HAVE_CPU_PPC64_TRUE='#'
HAVE_CPU_PPC_FALSE=''
HAVE_CPU_PPC_TRUE='#'
HAVE_CPU_S390_FALSE=''
HAVE_CPU_S390_TRUE='#'
HAVE_CPU_SPARC_FALSE=''
HAVE_CPU_SPARC_TRUE='#'
HAVE_CPU_X86_64_FALSE='#'
HAVE_CPU_X86_64_TRUE=''
HAVE_GST_CHECK_FALSE='#'
HAVE_GST_CHECK_TRUE=''
HAVE_LIBAV_UNINSTALLED_FALSE='#'
HAVE_LIBAV_UNINSTALLED_TRUE=''
HAVE_LZMA_FALSE='#'
HAVE_LZMA_TRUE=''
HAVE_ORCC_FALSE='#'
HAVE_ORCC_TRUE=''
HAVE_ORC_FALSE='#'
HAVE_ORC_TRUE=''
HAVE_VALGRIND_FALSE='#'
HAVE_VALGRIND_TRUE=''
HTML_DIR='${datadir}/gtk-doc/html'
INSTALL_DATA='${INSTALL} -m 644'
INSTALL_PROGRAM='${INSTALL}'
INSTALL_SCRIPT='${INSTALL}'
INSTALL_STRIP_PROGRAM='$(install_sh) -c -s'
LD='/usr/bin/ld -m elf_x86_64'
LDFLAGS='-Wl,-z,relro -Wl,--as-needed  -Wl,-z,now -specs=/usr/lib/rpm/redhat/redhat-hardened-ld'
LIBAV_CFLAGS='-I $(top_srcdir)/gst-libs/ext/libav                 -I $(top_builddir)/gst-libs/ext/libav                  -Wno-deprecated-declarations'
LIBAV_CO_DIR=''
LIBAV_DEPS='$(top_builddir)/gst-libs/ext/libav/libavformat/libavformat.a               $(top_builddir)/gst-libs/ext/libav/libavcodec/libavcodec.a               $(top_builddir)/gst-libs/ext/libav/libavfilter/libavfilter.a               $(top_builddir)/gst-libs/ext/libav/libswresample/libswresample.a               $(top_builddir)/gst-libs/ext/libav/libavutil/libavutil.a'
LIBAV_EXTERNALS_REVISION=''
LIBAV_LIBS='$(top_builddir)/gst-libs/ext/libav/libavformat/libavformat.a               $(top_builddir)/gst-libs/ext/libav/libavcodec/libavcodec.a               $(top_builddir)/gst-libs/ext/libav/libavfilter/libavfilter.a               $(top_builddir)/gst-libs/ext/libav/libswresample/libswresample.a               $(top_builddir)/gst-libs/ext/libav/libavutil/libavutil.a'
LIBAV_REVISION=''
LIBAV_SUBDIRS='gst-libs'
LIBAV_SVN=''
LIBM='-lm'
LIBOBJS=''
LIBS=''
LIBTOOL='$(SHELL) $(top_builddir)/libtool'
LIPO=''
LN_S='ln -s'
LTLIBOBJS=''
LT_SYS_LIBRARY_PATH=''
MAINT=''
MAINTAINER_MODE_FALSE='#'
MAINTAINER_MODE_TRUE=''
MAKEINFO='${SHELL} /home/kalpana/rpmbuild/BUILD/gst-libav-1.8.0/missing makeinfo'
MANIFEST_TOOL=':'
MKDIR_P='/usr/bin/mkdir -p'
NM='/usr/bin/nm -B'
NMEDIT=''
OBJDUMP='objdump'
OBJEXT='o'
ORCC='/usr/bin/orcc'
ORCC_FLAGS='--compat 0.4.16'
ORC_CFLAGS='-I/usr/include/orc-0.4 '
ORC_LIBS='-lorc-0.4 '
OTOOL64=''
OTOOL=''
PACKAGE='gst-libav'
PACKAGE_BUGREPORT='http://bugzilla.gnome.org/enter_bug.cgi?product=GStreamer'
PACKAGE_NAME='GStreamer libav'
PACKAGE_STRING='GStreamer libav 1.8.0'
PACKAGE_TARNAME='gst-libav'
PACKAGE_URL=''
PACKAGE_VERSION='1.8.0'
PACKAGE_VERSION_MAJOR='1'
PACKAGE_VERSION_MICRO='0'
PACKAGE_VERSION_MINOR='8'
PACKAGE_VERSION_NANO='0'
PACKAGE_VERSION_RELEASE='1'
PATH_SEPARATOR=':'
PKG_CONFIG='/usr/bin/x86_64-redhat-linux-gnu-pkg-config'
PLUGINDIR='/usr/lib64/gstreamer-1.0'
PROFILE_CFLAGS=''
PYTHON='/usr/bin/python'
PYTHON_EXEC_PREFIX='${exec_prefix}'
PYTHON_PLATFORM='linux2'
PYTHON_PREFIX='${prefix}'
PYTHON_VERSION='2.7'
RANLIB='ranlib'
SED='/usr/bin/sed'
SET_MAKE=''
SHELL='/bin/sh'
STRIP='strip'
SWSCALE_CFLAGS='-I $(top_srcdir)/gst-libs/ext/libav                   -I $(top_builddir)/gst-libs/ext/libav                   -Wno-deprecated-declarations'
SWSCALE_DEPS='$(top_builddir)/gst-libs/ext/libav/libswscale/libswscale.a                 $(top_builddir)/gst-libs/ext/libav/libavutil/libavutil.a'
SWSCALE_LIBS='$(top_builddir)/gst-libs/ext/libav/libswscale/libswscale.a                 $(top_builddir)/gst-libs/ext/libav/libavutil/libavutil.a'
VALGRIND_CFLAGS=''
VALGRIND_LIBS=''
VALGRIND_PATH='/usr/bin/valgrind'
VERSION='1.8.0'
WARNING_CFLAGS=' -Wall -Wdeclaration-after-statement -Wvla -Wpointer-arith -Wmissing-declarations -Wmissing-prototypes -Wredundant-decls -Wundef -Wwrite-strings -Wformat-nonliteral -Wformat-security -Wold-style-definition -Winit-self -Wmissing-include-dirs -Waddress -Waggregate-return -Wno-multichar -Wnested-externs'
WIN32_LIBS=''
ac_ct_AR='ar'
ac_ct_CC='gcc'
ac_ct_DUMPBIN=''
am__EXEEXT_FALSE=''
am__EXEEXT_TRUE='#'
am__fastdepCC_FALSE=''
am__fastdepCC_TRUE='#'
am__include='include'
am__isrc=''
am__leading_dot='.'
am__nodep=''
am__quote=''
am__tar='tar --format=ustar -chf - "$$tardir"'
am__untar='tar -xf -'
bindir='/usr/bin'
build='x86_64-redhat-linux-gnu'
build_alias='x86_64-redhat-linux-gnu'
build_cpu='x86_64'
build_os='linux-gnu'
build_vendor='redhat'
datadir='/usr/share'
datarootdir='${prefix}/share'
docdir='${datarootdir}/doc/${PACKAGE_TARNAME}'
dvidir='${docdir}'
exec_prefix='/usr'
host='x86_64-redhat-linux-gnu'
host_alias='x86_64-redhat-linux-gnu'
host_cpu='x86_64'
host_os='linux-gnu'
host_vendor='redhat'
htmldir='${docdir}'
includedir='/usr/include'
infodir='/usr/share/info'
install_sh='${SHELL} /home/kalpana/rpmbuild/BUILD/gst-libav-1.8.0/install-sh'
libdir='/usr/lib64'
libexecdir='/usr/libexec'
localedir='${datarootdir}/locale'
localstatedir='/var'
mandir='/usr/share/man'
mkdir_p='$(MKDIR_P)'
oldincludedir='/usr/include'
pdfdir='${docdir}'
pkgpyexecdir='${pyexecdir}/gst-libav'
pkgpythondir='${pythondir}/gst-libav'
plugindir='$(libdir)/gstreamer-1.0'
prefix='/usr'
program_transform_name='s&^&&'
psdir='${docdir}'
pyexecdir='${exec_prefix}/lib64/python2.7/site-packages'
pythondir='${prefix}/lib/python2.7/site-packages'
runstatedir='${localstatedir}/run'
sbindir='/usr/sbin'
sharedstatedir='/var/lib'
sysconfdir='/etc'
target='x86_64-redhat-linux-gnu'
target_alias=''
target_cpu='x86_64'
target_os='linux'
target_vendor='redhat'

## ----------- ##
## confdefs.h. ##
## ----------- ##

/* confdefs.h */
#define PACKAGE_NAME "GStreamer libav"
#define PACKAGE_TARNAME "gst-libav"
#define PACKAGE_VERSION "1.8.0"
#define PACKAGE_STRING "GStreamer libav 1.8.0"
#define PACKAGE_BUGREPORT "http://bugzilla.gnome.org/enter_bug.cgi?product=GStreamer"
#define PACKAGE_URL ""
#define PACKAGE "gst-libav"
#define VERSION "1.8.0"
#define STDC_HEADERS 1
#define HAVE_SYS_TYPES_H 1
#define HAVE_SYS_STAT_H 1
#define HAVE_STDLIB_H 1
#define HAVE_STRING_H 1
#define HAVE_MEMORY_H 1
#define HAVE_STRINGS_H 1
#define HAVE_INTTYPES_H 1
#define HAVE_STDINT_H 1
#define HAVE_UNISTD_H 1
#define HAVE_DLFCN_H 1
#define LT_OBJDIR ".libs/"
#define HAVE_ORC 1
#define GST_PACKAGE_NAME "GStreamer libav source release"
#define GST_PACKAGE_ORIGIN "Unknown package origin"
#define HAVE_CPU_X86_64 1
#define HOST_CPU "x86_64"
#define TARGET_CPU "x86_64"
#define STDC_HEADERS 1
#define GIO_MODULE_DIR "/usr/lib64/gio/modules"
#define GIO_LIBDIR "/usr/lib64"
#define GIO_PREFIX "/usr"
#define PLUGINDIR "/usr/lib64/gstreamer-1.0"
#define GST_LEVEL_DEFAULT GST_LEVEL_NONE
#define HAVE_AVI_H 1
#define LIBAV_SOURCE "local snapshot"
#define HAVE_LIBAV_UNINSTALLED /**/

configure: exit 0
