This file contains any messages produced by compilers while
running configure, to aid debugging if configure makes a mistake.

It was created by GStreamer VA-API Plug-ins configure 1.14.4, which was
generated by GNU Autoconf 2.69.  Invocation command line was

  $ ./configure --build=x86_64-redhat-linux-gnu --host=x86_64-redhat-linux-gnu --program-prefix= --disable-dependency-tracking --prefix=/usr --exec-prefix=/usr --bindir=/usr/bin --sbindir=/usr/sbin --sysconfdir=/etc --datadir=/usr/share --includedir=/usr/include --libdir=/usr/lib64 --libexecdir=/usr/libexec --localstatedir=/var --sharedstatedir=/var/lib --mandir=/usr/share/man --infodir=/usr/share/info

## --------- ##
## Platform. ##
## --------- ##

hostname = localhost.localdomain
uname -m = x86_64
uname -r = 5.2.13-200.fc30.x86_64
uname -s = Linux
uname -v = #1 SMP Fri Sep 6 14:30:40 UTC 2019

/usr/bin/uname -p = x86_64
/bin/uname -X     = unknown

/bin/arch              = x86_64
/usr/bin/arch -k       = unknown
/usr/convex/getsysinfo = unknown
/usr/bin/hostinfo      = unknown
/bin/machine           = unknown
/usr/bin/oslevel       = unknown
/bin/universe          = unknown

PATH: /home/kalpana/.local/bin
PATH: /home/kalpana/bin
PATH: /usr/share/Modules/bin
PATH: /usr/local/bin
PATH: /usr/local/sbin
PATH: /usr/bin
PATH: /usr/sbin


## ----------- ##
## Core tests. ##
## ----------- ##

configure:2684: checking build system type
configure:2698: result: x86_64-redhat-linux-gnu
configure:2718: checking host system type
configure:2731: result: x86_64-redhat-linux-gnu
configure:2751: checking target system type
configure:2764: result: x86_64-redhat-linux-gnu
configure:2810: checking for a BSD-compatible install
configure:2878: result: /usr/bin/install -c
configure:2889: checking whether build environment is sane
configure:2944: result: yes
configure:3093: checking for a thread-safe mkdir -p
configure:3132: result: /usr/bin/mkdir -p
configure:3139: checking for gawk
configure:3155: found /usr/bin/gawk
configure:3166: result: gawk
configure:3177: checking whether make sets $(MAKE)
configure:3199: result: yes
configure:3228: checking whether make supports nested variables
configure:3245: result: yes
configure:3334: checking whether UID '1000' is supported by ustar format
configure:3337: result: yes
configure:3344: checking whether GID '1000' is supported by ustar format
configure:3347: result: yes
configure:3355: checking how to create a ustar tar archive
configure:3366: tar --version
tar (GNU tar) 1.32
Copyright (C) 2019 Free Software Foundation, Inc.
License GPLv3+: GNU GPL version 3 or later <https://gnu.org/licenses/gpl.html>.
This is free software: you are free to change and redistribute it.
There is NO WARRANTY, to the extent permitted by law.

Written by John Gilmore and Jay Fenlason.
configure:3369: $? = 0
configure:3409: tardir=conftest.dir && eval tar --format=ustar -chf - "$tardir" >conftest.tar
configure:3412: $? = 0
configure:3416: tar -xf - <conftest.tar
configure:3419: $? = 0
configure:3421: cat conftest.dir/file
GrepMe
configure:3424: $? = 0
configure:3437: result: gnutar
configure:3499: checking nano version
configure:3505: result: 0 (release)
configure:3526: checking whether to enable maintainer-specific portions of Makefiles
configure:3535: result: yes
configure:3560: checking whether make supports nested variables
configure:3577: result: yes
configure:3651: checking how to print strings
configure:3678: result: printf
configure:3703: checking whether make supports the include directive
configure:3718: make -f confmf.GNU && cat confinc.out
this is the am__doit target
configure:3721: $? = 0
configure:3740: result: yes (GNU style)
configure:3770: checking for x86_64-redhat-linux-gnu-gcc
configure:3800: result: no
configure:3810: checking for gcc
configure:3826: found /usr/bin/gcc
configure:3837: result: gcc
configure:4066: checking for C compiler version
configure:4075: gcc --version >&5
gcc (GCC) 9.2.1 20190827 (Red Hat 9.2.1-1)
Copyright (C) 2019 Free Software Foundation, Inc.
This is free software; see the source for copying conditions.  There is NO
warranty; not even for MERCHANTABILITY or FITNESS FOR A PARTICULAR PURPOSE.

configure:4086: $? = 0
configure:4075: gcc -v >&5
Using built-in specs.
COLLECT_GCC=gcc
COLLECT_LTO_WRAPPER=/usr/libexec/gcc/x86_64-redhat-linux/9/lto-wrapper
OFFLOAD_TARGET_NAMES=nvptx-none
OFFLOAD_TARGET_DEFAULT=1
Target: x86_64-redhat-linux
Configured with: ../configure --enable-bootstrap --enable-languages=c,c++,fortran,objc,obj-c++,ada,go,d,lto --prefix=/usr --mandir=/usr/share/man --infodir=/usr/share/info --with-bugurl=http://bugzilla.redhat.com/bugzilla --enable-shared --enable-threads=posix --enable-checking=release --enable-multilib --with-system-zlib --enable-__cxa_atexit --disable-libunwind-exceptions --enable-gnu-unique-object --enable-linker-build-id --with-gcc-major-version-only --with-linker-hash-style=gnu --enable-plugin --enable-initfini-array --with-isl --enable-offload-targets=nvptx-none --without-cuda-driver --enable-gnu-indirect-function --enable-cet --with-tune=generic --with-arch_32=i686 --build=x86_64-redhat-linux
Thread model: posix
gcc version 9.2.1 20190827 (Red Hat 9.2.1-1) (GCC) 
configure:4086: $? = 0
configure:4075: gcc -V >&5
gcc: error: unrecognized command line option '-V'
gcc: fatal error: no input files
compilation terminated.
configure:4086: $? = 1
configure:4075: gcc -qversion >&5
gcc: error: unrecognized command line option '-qversion'; did you mean '--version'?
gcc: fatal error: no input files
compilation terminated.
configure:4086: $? = 1
configure:4106: checking whether the C compiler works
configure:4128: gcc -O2 -g -pipe -Wall -Werror=format-security -Wp,-D_FORTIFY_SOURCE=2 -Wp,-D_GLIBCXX_ASSERTIONS -fexceptions -fstack-protector-strong -grecord-gcc-switches -specs=/usr/lib/rpm/redhat/redhat-hardened-cc1 -specs=/usr/lib/rpm/redhat/redhat-annobin-cc1 -m64 -mtune=generic -fasynchronous-unwind-tables -fstack-clash-protection -fcf-protection  -Wl,-z,relro -Wl,--as-needed  -Wl,-z,now -specs=/usr/lib/rpm/redhat/redhat-hardened-ld conftest.c  >&5
configure:4132: $? = 0
configure:4180: result: yes
configure:4183: checking for C compiler default output file name
configure:4185: result: a.out
configure:4191: checking for suffix of executables
configure:4198: gcc -o conftest -O2 -g -pipe -Wall -Werror=format-security -Wp,-D_FORTIFY_SOURCE=2 -Wp,-D_GLIBCXX_ASSERTIONS -fexceptions -fstack-protector-strong -grecord-gcc-switches -specs=/usr/lib/rpm/redhat/redhat-hardened-cc1 -specs=/usr/lib/rpm/redhat/redhat-annobin-cc1 -m64 -mtune=generic -fasynchronous-unwind-tables -fstack-clash-protection -fcf-protection  -Wl,-z,relro -Wl,--as-needed  -Wl,-z,now -specs=/usr/lib/rpm/redhat/redhat-hardened-ld conftest.c  >&5
configure:4202: $? = 0
configure:4224: result: 
configure:4246: checking whether we are cross compiling
configure:4254: gcc -o conftest -O2 -g -pipe -Wall -Werror=format-security -Wp,-D_FORTIFY_SOURCE=2 -Wp,-D_GLIBCXX_ASSERTIONS -fexceptions -fstack-protector-strong -grecord-gcc-switches -specs=/usr/lib/rpm/redhat/redhat-hardened-cc1 -specs=/usr/lib/rpm/redhat/redhat-annobin-cc1 -m64 -mtune=generic -fasynchronous-unwind-tables -fstack-clash-protection -fcf-protection  -Wl,-z,relro -Wl,--as-needed  -Wl,-z,now -specs=/usr/lib/rpm/redhat/redhat-hardened-ld conftest.c  >&5
configure:4258: $? = 0
configure:4265: ./conftest
configure:4269: $? = 0
configure:4257: result: no
configure:4262: checking for suffix of object files
configure:4284: gcc -c -O2 -g -pipe -Wall -Werror=format-security -Wp,-D_FORTIFY_SOURCE=2 -Wp,-D_GLIBCXX_ASSERTIONS -fexceptions -fstack-protector-strong -grecord-gcc-switches -specs=/usr/lib/rpm/redhat/redhat-hardened-cc1 -specs=/usr/lib/rpm/redhat/redhat-annobin-cc1 -m64 -mtune=generic -fasynchronous-unwind-tables -fstack-clash-protection -fcf-protection  conftest.c >&5
configure:4288: $? = 0
configure:4309: result: o
configure:4313: checking whether we are using the GNU C compiler
configure:4332: gcc -c -O2 -g -pipe -Wall -Werror=format-security -Wp,-D_FORTIFY_SOURCE=2 -Wp,-D_GLIBCXX_ASSERTIONS -fexceptions -fstack-protector-strong -grecord-gcc-switches -specs=/usr/lib/rpm/redhat/redhat-hardened-cc1 -specs=/usr/lib/rpm/redhat/redhat-annobin-cc1 -m64 -mtune=generic -fasynchronous-unwind-tables -fstack-clash-protection -fcf-protection  conftest.c >&5
configure:4332: $? = 0
configure:4341: result: yes
configure:4350: checking whether gcc accepts -g
configure:4370: gcc -c -g  conftest.c >&5
configure:4370: $? = 0
configure:4411: result: yes
configure:4428: checking for gcc option to accept ISO C89
configure:4491: gcc  -c -O2 -g -pipe -Wall -Werror=format-security -Wp,-D_FORTIFY_SOURCE=2 -Wp,-D_GLIBCXX_ASSERTIONS -fexceptions -fstack-protector-strong -grecord-gcc-switches -specs=/usr/lib/rpm/redhat/redhat-hardened-cc1 -specs=/usr/lib/rpm/redhat/redhat-annobin-cc1 -m64 -mtune=generic -fasynchronous-unwind-tables -fstack-clash-protection -fcf-protection  conftest.c >&5
configure:4491: $? = 0
configure:4504: result: none needed
configure:4529: checking whether gcc understands -c and -o together
configure:4551: gcc -c conftest.c -o conftest2.o
configure:4554: $? = 0
configure:4551: gcc -c conftest.c -o conftest2.o
configure:4554: $? = 0
configure:4566: result: yes
configure:4585: checking dependency style of gcc
configure:4696: result: none
configure:4711: checking for a sed that does not truncate output
configure:4775: result: /usr/bin/sed
configure:4793: checking for grep that handles long lines and -e
configure:4851: result: /usr/bin/grep
configure:4856: checking for egrep
configure:4918: result: /usr/bin/grep -E
configure:4923: checking for fgrep
configure:4985: result: /usr/bin/grep -F
configure:5020: checking for ld used by gcc
configure:5087: result: /usr/bin/ld
configure:5094: checking if the linker (/usr/bin/ld) is GNU ld
configure:5109: result: yes
configure:5121: checking for BSD- or MS-compatible name lister (nm)
configure:5175: result: /usr/bin/nm -B
configure:5305: checking the name lister (/usr/bin/nm -B) interface
configure:5312: gcc -c -O2 -g -pipe -Wall -Werror=format-security -Wp,-D_FORTIFY_SOURCE=2 -Wp,-D_GLIBCXX_ASSERTIONS -fexceptions -fstack-protector-strong -grecord-gcc-switches -specs=/usr/lib/rpm/redhat/redhat-hardened-cc1 -specs=/usr/lib/rpm/redhat/redhat-annobin-cc1 -m64 -mtune=generic -fasynchronous-unwind-tables -fstack-clash-protection -fcf-protection  conftest.c >&5
configure:5315: /usr/bin/nm -B "conftest.o"
configure:5318: output
0000000000000000 t .annobin_conftest.c
0000000000000000 t .annobin_conftest.c.exit
0000000000000000 t .annobin_conftest.c.hot
0000000000000000 t .annobin_conftest.c.startup
0000000000000000 t .annobin_conftest.c.unlikely
0000000000000000 t .annobin_conftest.c_end
0000000000000000 t .annobin_conftest.c_end.exit
0000000000000000 t .annobin_conftest.c_end.hot
0000000000000000 t .annobin_conftest.c_end.startup
0000000000000000 t .annobin_conftest.c_end.unlikely
0000000000000000 n .text.exit.group
0000000000000000 n .text.hot.group
0000000000000000 n .text.startup.group
0000000000000000 n .text.unlikely.group
0000000000000000 B some_variable
configure:5319: result: BSD nm
configure:5322: checking whether ln -s works
configure:5326: result: yes
configure:5334: checking the maximum length of command line arguments
configure:5465: result: 1572864
configure:5513: checking how to convert x86_64-redhat-linux-gnu file names to x86_64-redhat-linux-gnu format
configure:5553: result: func_convert_file_noop
configure:5560: checking how to convert x86_64-redhat-linux-gnu file names to toolchain format
configure:5580: result: func_convert_file_noop
configure:5587: checking for /usr/bin/ld option to reload object files
configure:5594: result: -r
configure:5628: checking for x86_64-redhat-linux-gnu-objdump
configure:5658: result: no
configure:5668: checking for objdump
configure:5684: found /usr/bin/objdump
configure:5695: result: objdump
configure:5724: checking how to recognize dependent libraries
configure:5924: result: pass_all
configure:5969: checking for x86_64-redhat-linux-gnu-dlltool
configure:5999: result: no
configure:6009: checking for dlltool
configure:6039: result: no
configure:6066: checking how to associate runtime and link libraries
configure:6093: result: printf %s\n
configure:6110: checking for x86_64-redhat-linux-gnu-ar
configure:6140: result: no
configure:6154: checking for ar
configure:6170: found /usr/bin/ar
configure:6181: result: ar
configure:6218: checking for archiver @FILE support
configure:6235: gcc -c -O2 -g -pipe -Wall -Werror=format-security -Wp,-D_FORTIFY_SOURCE=2 -Wp,-D_GLIBCXX_ASSERTIONS -fexceptions -fstack-protector-strong -grecord-gcc-switches -specs=/usr/lib/rpm/redhat/redhat-hardened-cc1 -specs=/usr/lib/rpm/redhat/redhat-annobin-cc1 -m64 -mtune=generic -fasynchronous-unwind-tables -fstack-clash-protection -fcf-protection  conftest.c >&5
configure:6235: $? = 0
configure:6238: ar cru libconftest.a @conftest.lst >&5
configure:6241: $? = 0
configure:6246: ar cru libconftest.a @conftest.lst >&5
ar: conftest.o: No such file or directory
configure:6249: $? = 1
configure:6248: result: @
configure:6266: checking for x86_64-redhat-linux-gnu-strip
configure:6296: result: no
configure:6306: checking for strip
configure:6322: found /usr/bin/strip
configure:6333: result: strip
configure:6365: checking for x86_64-redhat-linux-gnu-ranlib
configure:6395: result: no
configure:6405: checking for ranlib
configure:6421: found /usr/bin/ranlib
configure:6432: result: ranlib
configure:6534: checking command to parse /usr/bin/nm -B output from gcc object
configure:6687: gcc -c -O2 -g -pipe -Wall -Werror=format-security -Wp,-D_FORTIFY_SOURCE=2 -Wp,-D_GLIBCXX_ASSERTIONS -fexceptions -fstack-protector-strong -grecord-gcc-switches -specs=/usr/lib/rpm/redhat/redhat-hardened-cc1 -specs=/usr/lib/rpm/redhat/redhat-annobin-cc1 -m64 -mtune=generic -fasynchronous-unwind-tables -fstack-clash-protection -fcf-protection  conftest.c >&5
configure:6690: $? = 0
configure:6694: /usr/bin/nm -B conftest.o \| sed -n -e 's/^.*[ ]\([ABCDGIRSTW][ABCDGIRSTW]*\)[ ][ ]*\([_A-Za-z][_A-Za-z0-9]*\)$/\1 \2 \2/p' | sed '/ __gnu_lto/d' \> conftest.nm
configure:6697: $? = 0
configure:6763: gcc -o conftest -O2 -g -pipe -Wall -Werror=format-security -Wp,-D_FORTIFY_SOURCE=2 -Wp,-D_GLIBCXX_ASSERTIONS -fexceptions -fstack-protector-strong -grecord-gcc-switches -specs=/usr/lib/rpm/redhat/redhat-hardened-cc1 -specs=/usr/lib/rpm/redhat/redhat-annobin-cc1 -m64 -mtune=generic -fasynchronous-unwind-tables -fstack-clash-protection -fcf-protection  -Wl,-z,relro -Wl,--as-needed  -Wl,-z,now -specs=/usr/lib/rpm/redhat/redhat-hardened-ld conftest.c conftstm.o >&5
configure:6766: $? = 0
configure:6804: result: ok
configure:6851: checking for sysroot
configure:6881: result: no
configure:6888: checking for a working dd
configure:6926: result: /usr/bin/dd
configure:6930: checking how to truncate binary pipes
configure:6945: result: /usr/bin/dd bs=4096 count=1
configure:7081: gcc -c -O2 -g -pipe -Wall -Werror=format-security -Wp,-D_FORTIFY_SOURCE=2 -Wp,-D_GLIBCXX_ASSERTIONS -fexceptions -fstack-protector-strong -grecord-gcc-switches -specs=/usr/lib/rpm/redhat/redhat-hardened-cc1 -specs=/usr/lib/rpm/redhat/redhat-annobin-cc1 -m64 -mtune=generic -fasynchronous-unwind-tables -fstack-clash-protection -fcf-protection  conftest.c >&5
configure:7084: $? = 0
configure:7234: checking for x86_64-redhat-linux-gnu-mt
configure:7264: result: no
configure:7274: checking for mt
configure:7304: result: no
configure:7324: checking if : is a manifest tool
configure:7330: : '-?'
configure:7338: result: no
configure:8015: checking how to run the C preprocessor
configure:8046: gcc -E  conftest.c
configure:8046: $? = 0
configure:8060: gcc -E  conftest.c
conftest.c:12:10: fatal error: ac_nonexistent.h: No such file or directory
   12 | #include <ac_nonexistent.h>
      |          ^~~~~~~~~~~~~~~~~~
compilation terminated.
configure:8060: $? = 1
configure: failed program was:
| /* confdefs.h */
| #define PACKAGE_NAME "GStreamer VA-API Plug-ins"
| #define PACKAGE_TARNAME "gstreamer-vaapi"
| #define PACKAGE_VERSION "1.14.4"
| #define PACKAGE_STRING "GStreamer VA-API Plug-ins 1.14.4"
| #define PACKAGE_BUGREPORT "http://bugzilla.gnome.org/enter_bug.cgi?product=GStreamer"
| #define PACKAGE_URL ""
| #define PACKAGE "gstreamer-vaapi"
| #define VERSION "1.14.4"
| #define GST_API_VERSION "1.0"
| /* end confdefs.h.  */
| #include <ac_nonexistent.h>
configure:8085: result: gcc -E
configure:8105: gcc -E  conftest.c
configure:8105: $? = 0
configure:8119: gcc -E  conftest.c
conftest.c:12:10: fatal error: ac_nonexistent.h: No such file or directory
   12 | #include <ac_nonexistent.h>
      |          ^~~~~~~~~~~~~~~~~~
compilation terminated.
configure:8119: $? = 1
configure: failed program was:
| /* confdefs.h */
| #define PACKAGE_NAME "GStreamer VA-API Plug-ins"
| #define PACKAGE_TARNAME "gstreamer-vaapi"
| #define PACKAGE_VERSION "1.14.4"
| #define PACKAGE_STRING "GStreamer VA-API Plug-ins 1.14.4"
| #define PACKAGE_BUGREPORT "http://bugzilla.gnome.org/enter_bug.cgi?product=GStreamer"
| #define PACKAGE_URL ""
| #define PACKAGE "gstreamer-vaapi"
| #define VERSION "1.14.4"
| #define GST_API_VERSION "1.0"
| /* end confdefs.h.  */
| #include <ac_nonexistent.h>
configure:8148: checking for ANSI C header files
configure:8168: gcc -c -O2 -g -pipe -Wall -Werror=format-security -Wp,-D_FORTIFY_SOURCE=2 -Wp,-D_GLIBCXX_ASSERTIONS -fexceptions -fstack-protector-strong -grecord-gcc-switches -specs=/usr/lib/rpm/redhat/redhat-hardened-cc1 -specs=/usr/lib/rpm/redhat/redhat-annobin-cc1 -m64 -mtune=generic -fasynchronous-unwind-tables -fstack-clash-protection -fcf-protection  conftest.c >&5
configure:8168: $? = 0
configure:8241: gcc -o conftest -O2 -g -pipe -Wall -Werror=format-security -Wp,-D_FORTIFY_SOURCE=2 -Wp,-D_GLIBCXX_ASSERTIONS -fexceptions -fstack-protector-strong -grecord-gcc-switches -specs=/usr/lib/rpm/redhat/redhat-hardened-cc1 -specs=/usr/lib/rpm/redhat/redhat-annobin-cc1 -m64 -mtune=generic -fasynchronous-unwind-tables -fstack-clash-protection -fcf-protection  -Wl,-z,relro -Wl,--as-needed  -Wl,-z,now -specs=/usr/lib/rpm/redhat/redhat-hardened-ld conftest.c  >&5
configure:8241: $? = 0
configure:8241: ./conftest
configure:8241: $? = 0
configure:8252: result: yes
configure:8265: checking for sys/types.h
configure:8265: gcc -c -O2 -g -pipe -Wall -Werror=format-security -Wp,-D_FORTIFY_SOURCE=2 -Wp,-D_GLIBCXX_ASSERTIONS -fexceptions -fstack-protector-strong -grecord-gcc-switches -specs=/usr/lib/rpm/redhat/redhat-hardened-cc1 -specs=/usr/lib/rpm/redhat/redhat-annobin-cc1 -m64 -mtune=generic -fasynchronous-unwind-tables -fstack-clash-protection -fcf-protection  conftest.c >&5
configure:8265: $? = 0
configure:8265: result: yes
configure:8265: checking for sys/stat.h
configure:8265: gcc -c -O2 -g -pipe -Wall -Werror=format-security -Wp,-D_FORTIFY_SOURCE=2 -Wp,-D_GLIBCXX_ASSERTIONS -fexceptions -fstack-protector-strong -grecord-gcc-switches -specs=/usr/lib/rpm/redhat/redhat-hardened-cc1 -specs=/usr/lib/rpm/redhat/redhat-annobin-cc1 -m64 -mtune=generic -fasynchronous-unwind-tables -fstack-clash-protection -fcf-protection  conftest.c >&5
configure:8265: $? = 0
configure:8265: result: yes
configure:8265: checking for stdlib.h
configure:8265: gcc -c -O2 -g -pipe -Wall -Werror=format-security -Wp,-D_FORTIFY_SOURCE=2 -Wp,-D_GLIBCXX_ASSERTIONS -fexceptions -fstack-protector-strong -grecord-gcc-switches -specs=/usr/lib/rpm/redhat/redhat-hardened-cc1 -specs=/usr/lib/rpm/redhat/redhat-annobin-cc1 -m64 -mtune=generic -fasynchronous-unwind-tables -fstack-clash-protection -fcf-protection  conftest.c >&5
configure:8265: $? = 0
configure:8265: result: yes
configure:8265: checking for string.h
configure:8265: gcc -c -O2 -g -pipe -Wall -Werror=format-security -Wp,-D_FORTIFY_SOURCE=2 -Wp,-D_GLIBCXX_ASSERTIONS -fexceptions -fstack-protector-strong -grecord-gcc-switches -specs=/usr/lib/rpm/redhat/redhat-hardened-cc1 -specs=/usr/lib/rpm/redhat/redhat-annobin-cc1 -m64 -mtune=generic -fasynchronous-unwind-tables -fstack-clash-protection -fcf-protection  conftest.c >&5
configure:8265: $? = 0
configure:8265: result: yes
configure:8265: checking for memory.h
configure:8265: gcc -c -O2 -g -pipe -Wall -Werror=format-security -Wp,-D_FORTIFY_SOURCE=2 -Wp,-D_GLIBCXX_ASSERTIONS -fexceptions -fstack-protector-strong -grecord-gcc-switches -specs=/usr/lib/rpm/redhat/redhat-hardened-cc1 -specs=/usr/lib/rpm/redhat/redhat-annobin-cc1 -m64 -mtune=generic -fasynchronous-unwind-tables -fstack-clash-protection -fcf-protection  conftest.c >&5
configure:8265: $? = 0
configure:8265: result: yes
configure:8265: checking for strings.h
configure:8265: gcc -c -O2 -g -pipe -Wall -Werror=format-security -Wp,-D_FORTIFY_SOURCE=2 -Wp,-D_GLIBCXX_ASSERTIONS -fexceptions -fstack-protector-strong -grecord-gcc-switches -specs=/usr/lib/rpm/redhat/redhat-hardened-cc1 -specs=/usr/lib/rpm/redhat/redhat-annobin-cc1 -m64 -mtune=generic -fasynchronous-unwind-tables -fstack-clash-protection -fcf-protection  conftest.c >&5
configure:8265: $? = 0
configure:8265: result: yes
configure:8265: checking for inttypes.h
configure:8265: gcc -c -O2 -g -pipe -Wall -Werror=format-security -Wp,-D_FORTIFY_SOURCE=2 -Wp,-D_GLIBCXX_ASSERTIONS -fexceptions -fstack-protector-strong -grecord-gcc-switches -specs=/usr/lib/rpm/redhat/redhat-hardened-cc1 -specs=/usr/lib/rpm/redhat/redhat-annobin-cc1 -m64 -mtune=generic -fasynchronous-unwind-tables -fstack-clash-protection -fcf-protection  conftest.c >&5
configure:8265: $? = 0
configure:8265: result: yes
configure:8265: checking for stdint.h
configure:8265: gcc -c -O2 -g -pipe -Wall -Werror=format-security -Wp,-D_FORTIFY_SOURCE=2 -Wp,-D_GLIBCXX_ASSERTIONS -fexceptions -fstack-protector-strong -grecord-gcc-switches -specs=/usr/lib/rpm/redhat/redhat-hardened-cc1 -specs=/usr/lib/rpm/redhat/redhat-annobin-cc1 -m64 -mtune=generic -fasynchronous-unwind-tables -fstack-clash-protection -fcf-protection  conftest.c >&5
configure:8265: $? = 0
configure:8265: result: yes
configure:8265: checking for unistd.h
configure:8265: gcc -c -O2 -g -pipe -Wall -Werror=format-security -Wp,-D_FORTIFY_SOURCE=2 -Wp,-D_GLIBCXX_ASSERTIONS -fexceptions -fstack-protector-strong -grecord-gcc-switches -specs=/usr/lib/rpm/redhat/redhat-hardened-cc1 -specs=/usr/lib/rpm/redhat/redhat-annobin-cc1 -m64 -mtune=generic -fasynchronous-unwind-tables -fstack-clash-protection -fcf-protection  conftest.c >&5
configure:8265: $? = 0
configure:8265: result: yes
configure:8279: checking for dlfcn.h
configure:8279: gcc -c -O2 -g -pipe -Wall -Werror=format-security -Wp,-D_FORTIFY_SOURCE=2 -Wp,-D_GLIBCXX_ASSERTIONS -fexceptions -fstack-protector-strong -grecord-gcc-switches -specs=/usr/lib/rpm/redhat/redhat-hardened-cc1 -specs=/usr/lib/rpm/redhat/redhat-annobin-cc1 -m64 -mtune=generic -fasynchronous-unwind-tables -fstack-clash-protection -fcf-protection  conftest.c >&5
configure:8279: $? = 0
configure:8279: result: yes
configure:8849: checking for objdir
configure:8864: result: .libs
configure:9128: checking if gcc supports -fno-rtti -fno-exceptions
configure:9146: gcc -c -O2 -g -pipe -Wall -Werror=format-security -Wp,-D_FORTIFY_SOURCE=2 -Wp,-D_GLIBCXX_ASSERTIONS -fexceptions -fstack-protector-strong -grecord-gcc-switches -specs=/usr/lib/rpm/redhat/redhat-hardened-cc1 -specs=/usr/lib/rpm/redhat/redhat-annobin-cc1 -m64 -mtune=generic -fasynchronous-unwind-tables -fstack-clash-protection -fcf-protection  -fno-rtti -fno-exceptions conftest.c >&5
cc1: warning: command line option '-fno-rtti' is valid for C++/D/ObjC++ but not for C
configure:9150: $? = 0
configure:9163: result: no
configure:9521: checking for gcc option to produce PIC
configure:9528: result: -fPIC -DPIC
configure:9536: checking if gcc PIC flag -fPIC -DPIC works
configure:9554: gcc -c -O2 -g -pipe -Wall -Werror=format-security -Wp,-D_FORTIFY_SOURCE=2 -Wp,-D_GLIBCXX_ASSERTIONS -fexceptions -fstack-protector-strong -grecord-gcc-switches -specs=/usr/lib/rpm/redhat/redhat-hardened-cc1 -specs=/usr/lib/rpm/redhat/redhat-annobin-cc1 -m64 -mtune=generic -fasynchronous-unwind-tables -fstack-clash-protection -fcf-protection  -fPIC -DPIC -DPIC conftest.c >&5
configure:9558: $? = 0
configure:9571: result: yes
configure:9600: checking if gcc static flag -static works
configure:9628: result: no
configure:9643: checking if gcc supports -c -o file.o
configure:9664: gcc -c -O2 -g -pipe -Wall -Werror=format-security -Wp,-D_FORTIFY_SOURCE=2 -Wp,-D_GLIBCXX_ASSERTIONS -fexceptions -fstack-protector-strong -grecord-gcc-switches -specs=/usr/lib/rpm/redhat/redhat-hardened-cc1 -specs=/usr/lib/rpm/redhat/redhat-annobin-cc1 -m64 -mtune=generic -fasynchronous-unwind-tables -fstack-clash-protection -fcf-protection  -o out/conftest2.o conftest.c >&5
configure:9668: $? = 0
configure:9690: result: yes
configure:9698: checking if gcc supports -c -o file.o
configure:9745: result: yes
configure:9778: checking whether the gcc linker (/usr/bin/ld -m elf_x86_64) supports shared libraries
configure:11041: result: yes
configure:11078: checking whether -lc should be explicitly linked in
configure:11086: gcc -c -O2 -g -pipe -Wall -Werror=format-security -Wp,-D_FORTIFY_SOURCE=2 -Wp,-D_GLIBCXX_ASSERTIONS -fexceptions -fstack-protector-strong -grecord-gcc-switches -specs=/usr/lib/rpm/redhat/redhat-hardened-cc1 -specs=/usr/lib/rpm/redhat/redhat-annobin-cc1 -m64 -mtune=generic -fasynchronous-unwind-tables -fstack-clash-protection -fcf-protection  conftest.c >&5
configure:11089: $? = 0
configure:11104: gcc -shared  -fPIC -DPIC conftest.o  -v -Wl,-soname -Wl,conftest -o conftest 2\>\&1 \| /usr/bin/grep  -lc  \>/dev/null 2\>\&1
configure:11107: $? = 0
configure:11121: result: no
configure:11281: checking dynamic linker characteristics
configure:11862: gcc -o conftest -O2 -g -pipe -Wall -Werror=format-security -Wp,-D_FORTIFY_SOURCE=2 -Wp,-D_GLIBCXX_ASSERTIONS -fexceptions -fstack-protector-strong -grecord-gcc-switches -specs=/usr/lib/rpm/redhat/redhat-hardened-cc1 -specs=/usr/lib/rpm/redhat/redhat-annobin-cc1 -m64 -mtune=generic -fasynchronous-unwind-tables -fstack-clash-protection -fcf-protection  -Wl,-z,relro -Wl,--as-needed  -Wl,-z,now -specs=/usr/lib/rpm/redhat/redhat-hardened-ld -Wl,-rpath -Wl,/foo conftest.c  >&5
configure:11862: $? = 0
configure:12111: result: GNU/Linux ld.so
configure:12233: checking how to hardcode library paths into programs
configure:12258: result: immediate
configure:12360: checking for shl_load
configure:12360: gcc -o conftest -O2 -g -pipe -Wall -Werror=format-security -Wp,-D_FORTIFY_SOURCE=2 -Wp,-D_GLIBCXX_ASSERTIONS -fexceptions -fstack-protector-strong -grecord-gcc-switches -specs=/usr/lib/rpm/redhat/redhat-hardened-cc1 -specs=/usr/lib/rpm/redhat/redhat-annobin-cc1 -m64 -mtune=generic -fasynchronous-unwind-tables -fstack-clash-protection -fcf-protection  -Wl,-z,relro -Wl,--as-needed  -Wl,-z,now -specs=/usr/lib/rpm/redhat/redhat-hardened-ld conftest.c  >&5
/usr/bin/ld: /tmp/ccicN1Dx.o: in function `main':
/home/kalpana/rpmbuild/BUILD/gstreamer-vaapi-1.14.4/conftest.c:58: undefined reference to `shl_load'
collect2: error: ld returned 1 exit status
configure:12360: $? = 1
configure: failed program was:
| /* confdefs.h */
| #define PACKAGE_NAME "GStreamer VA-API Plug-ins"
| #define PACKAGE_TARNAME "gstreamer-vaapi"
| #define PACKAGE_VERSION "1.14.4"
| #define PACKAGE_STRING "GStreamer VA-API Plug-ins 1.14.4"
| #define PACKAGE_BUGREPORT "http://bugzilla.gnome.org/enter_bug.cgi?product=GStreamer"
| #define PACKAGE_URL ""
| #define PACKAGE "gstreamer-vaapi"
| #define VERSION "1.14.4"
| #define GST_API_VERSION "1.0"
| #define STDC_HEADERS 1
| #define HAVE_SYS_TYPES_H 1
| #define HAVE_SYS_STAT_H 1
| #define HAVE_STDLIB_H 1
| #define HAVE_STRING_H 1
| #define HAVE_MEMORY_H 1
| #define HAVE_STRINGS_H 1
| #define HAVE_INTTYPES_H 1
| #define HAVE_STDINT_H 1
| #define HAVE_UNISTD_H 1
| #define HAVE_DLFCN_H 1
| #define LT_OBJDIR ".libs/"
| /* end confdefs.h.  */
| /* Define shl_load to an innocuous variant, in case <limits.h> declares shl_load.
|    For example, HP-UX 11i <limits.h> declares gettimeofday.  */
| #define shl_load innocuous_shl_load
| 
| /* System header to define __stub macros and hopefully few prototypes,
|     which can conflict with char shl_load (); below.
|     Prefer <limits.h> to <assert.h> if __STDC__ is defined, since
|     <limits.h> exists even on freestanding compilers.  */
| 
| #ifdef __STDC__
| # include <limits.h>
| #else
| # include <assert.h>
| #endif
| 
| #undef shl_load
| 
| /* Override any GCC internal prototype to avoid an error.
|    Use char because int might match the return type of a GCC
|    builtin and then its argument prototype would still apply.  */
| #ifdef __cplusplus
| extern "C"
| #endif
| char shl_load ();
| /* The GNU C library defines this for functions which it implements
|     to always fail with ENOSYS.  Some functions are actually named
|     something starting with __ and the normal name is an alias.  */
| #if defined __stub_shl_load || defined __stub___shl_load
| choke me
| #endif
| 
| int
| main ()
| {
| return shl_load ();
|   ;
|   return 0;
| }
configure:12360: result: no
configure:12364: checking for shl_load in -ldld
configure:12389: gcc -o conftest -O2 -g -pipe -Wall -Werror=format-security -Wp,-D_FORTIFY_SOURCE=2 -Wp,-D_GLIBCXX_ASSERTIONS -fexceptions -fstack-protector-strong -grecord-gcc-switches -specs=/usr/lib/rpm/redhat/redhat-hardened-cc1 -specs=/usr/lib/rpm/redhat/redhat-annobin-cc1 -m64 -mtune=generic -fasynchronous-unwind-tables -fstack-clash-protection -fcf-protection  -Wl,-z,relro -Wl,--as-needed  -Wl,-z,now -specs=/usr/lib/rpm/redhat/redhat-hardened-ld conftest.c -ldld   >&5
/usr/bin/ld: cannot find -ldld
collect2: error: ld returned 1 exit status
configure:12389: $? = 1
configure: failed program was:
| /* confdefs.h */
| #define PACKAGE_NAME "GStreamer VA-API Plug-ins"
| #define PACKAGE_TARNAME "gstreamer-vaapi"
| #define PACKAGE_VERSION "1.14.4"
| #define PACKAGE_STRING "GStreamer VA-API Plug-ins 1.14.4"
| #define PACKAGE_BUGREPORT "http://bugzilla.gnome.org/enter_bug.cgi?product=GStreamer"
| #define PACKAGE_URL ""
| #define PACKAGE "gstreamer-vaapi"
| #define VERSION "1.14.4"
| #define GST_API_VERSION "1.0"
| #define STDC_HEADERS 1
| #define HAVE_SYS_TYPES_H 1
| #define HAVE_SYS_STAT_H 1
| #define HAVE_STDLIB_H 1
| #define HAVE_STRING_H 1
| #define HAVE_MEMORY_H 1
| #define HAVE_STRINGS_H 1
| #define HAVE_INTTYPES_H 1
| #define HAVE_STDINT_H 1
| #define HAVE_UNISTD_H 1
| #define HAVE_DLFCN_H 1
| #define LT_OBJDIR ".libs/"
| /* end confdefs.h.  */
| 
| /* Override any GCC internal prototype to avoid an error.
|    Use char because int might match the return type of a GCC
|    builtin and then its argument prototype would still apply.  */
| #ifdef __cplusplus
| extern "C"
| #endif
| char shl_load ();
| int
| main ()
| {
| return shl_load ();
|   ;
|   return 0;
| }
configure:12398: result: no
configure:12403: checking for dlopen
configure:12403: gcc -o conftest -O2 -g -pipe -Wall -Werror=format-security -Wp,-D_FORTIFY_SOURCE=2 -Wp,-D_GLIBCXX_ASSERTIONS -fexceptions -fstack-protector-strong -grecord-gcc-switches -specs=/usr/lib/rpm/redhat/redhat-hardened-cc1 -specs=/usr/lib/rpm/redhat/redhat-annobin-cc1 -m64 -mtune=generic -fasynchronous-unwind-tables -fstack-clash-protection -fcf-protection  -Wl,-z,relro -Wl,--as-needed  -Wl,-z,now -specs=/usr/lib/rpm/redhat/redhat-hardened-ld conftest.c  >&5
/usr/bin/ld: /tmp/ccqLOZCB.o: in function `main':
/home/kalpana/rpmbuild/BUILD/gstreamer-vaapi-1.14.4/conftest.c:58: undefined reference to `dlopen'
collect2: error: ld returned 1 exit status
configure:12403: $? = 1
configure: failed program was:
| /* confdefs.h */
| #define PACKAGE_NAME "GStreamer VA-API Plug-ins"
| #define PACKAGE_TARNAME "gstreamer-vaapi"
| #define PACKAGE_VERSION "1.14.4"
| #define PACKAGE_STRING "GStreamer VA-API Plug-ins 1.14.4"
| #define PACKAGE_BUGREPORT "http://bugzilla.gnome.org/enter_bug.cgi?product=GStreamer"
| #define PACKAGE_URL ""
| #define PACKAGE "gstreamer-vaapi"
| #define VERSION "1.14.4"
| #define GST_API_VERSION "1.0"
| #define STDC_HEADERS 1
| #define HAVE_SYS_TYPES_H 1
| #define HAVE_SYS_STAT_H 1
| #define HAVE_STDLIB_H 1
| #define HAVE_STRING_H 1
| #define HAVE_MEMORY_H 1
| #define HAVE_STRINGS_H 1
| #define HAVE_INTTYPES_H 1
| #define HAVE_STDINT_H 1
| #define HAVE_UNISTD_H 1
| #define HAVE_DLFCN_H 1
| #define LT_OBJDIR ".libs/"
| /* end confdefs.h.  */
| /* Define dlopen to an innocuous variant, in case <limits.h> declares dlopen.
|    For example, HP-UX 11i <limits.h> declares gettimeofday.  */
| #define dlopen innocuous_dlopen
| 
| /* System header to define __stub macros and hopefully few prototypes,
|     which can conflict with char dlopen (); below.
|     Prefer <limits.h> to <assert.h> if __STDC__ is defined, since
|     <limits.h> exists even on freestanding compilers.  */
| 
| #ifdef __STDC__
| # include <limits.h>
| #else
| # include <assert.h>
| #endif
| 
| #undef dlopen
| 
| /* Override any GCC internal prototype to avoid an error.
|    Use char because int might match the return type of a GCC
|    builtin and then its argument prototype would still apply.  */
| #ifdef __cplusplus
| extern "C"
| #endif
| char dlopen ();
| /* The GNU C library defines this for functions which it implements
|     to always fail with ENOSYS.  Some functions are actually named
|     something starting with __ and the normal name is an alias.  */
| #if defined __stub_dlopen || defined __stub___dlopen
| choke me
| #endif
| 
| int
| main ()
| {
| return dlopen ();
|   ;
|   return 0;
| }
configure:12403: result: no
configure:12407: checking for dlopen in -ldl
configure:12432: gcc -o conftest -O2 -g -pipe -Wall -Werror=format-security -Wp,-D_FORTIFY_SOURCE=2 -Wp,-D_GLIBCXX_ASSERTIONS -fexceptions -fstack-protector-strong -grecord-gcc-switches -specs=/usr/lib/rpm/redhat/redhat-hardened-cc1 -specs=/usr/lib/rpm/redhat/redhat-annobin-cc1 -m64 -mtune=generic -fasynchronous-unwind-tables -fstack-clash-protection -fcf-protection  -Wl,-z,relro -Wl,--as-needed  -Wl,-z,now -specs=/usr/lib/rpm/redhat/redhat-hardened-ld conftest.c -ldl   >&5
configure:12432: $? = 0
configure:12441: result: yes
configure:12560: checking whether a program can dlopen itself
configure:12640: gcc -o conftest -O2 -g -pipe -Wall -Werror=format-security -Wp,-D_FORTIFY_SOURCE=2 -Wp,-D_GLIBCXX_ASSERTIONS -fexceptions -fstack-protector-strong -grecord-gcc-switches -specs=/usr/lib/rpm/redhat/redhat-hardened-cc1 -specs=/usr/lib/rpm/redhat/redhat-annobin-cc1 -m64 -mtune=generic -fasynchronous-unwind-tables -fstack-clash-protection -fcf-protection  -DHAVE_DLFCN_H -Wl,-z,relro -Wl,--as-needed  -Wl,-z,now -specs=/usr/lib/rpm/redhat/redhat-hardened-ld -Wl,--export-dynamic conftest.c -ldl  >&5
configure:12643: $? = 0
configure:12661: result: yes
configure:12666: checking whether a statically linked program can dlopen itself
configure:12746: gcc -o conftest -O2 -g -pipe -Wall -Werror=format-security -Wp,-D_FORTIFY_SOURCE=2 -Wp,-D_GLIBCXX_ASSERTIONS -fexceptions -fstack-protector-strong -grecord-gcc-switches -specs=/usr/lib/rpm/redhat/redhat-hardened-cc1 -specs=/usr/lib/rpm/redhat/redhat-annobin-cc1 -m64 -mtune=generic -fasynchronous-unwind-tables -fstack-clash-protection -fcf-protection  -DHAVE_DLFCN_H -Wl,-z,relro -Wl,--as-needed  -Wl,-z,now -specs=/usr/lib/rpm/redhat/redhat-hardened-ld -Wl,--export-dynamic  conftest.c -ldl  >&5
configure:12749: $? = 0
configure:12767: result: yes
configure:12806: checking whether stripping libraries is possible
configure:12811: result: yes
configure:12846: checking if libtool supports shared libraries
configure:12848: result: yes
configure:12851: checking whether to build shared libraries
configure:12876: result: yes
configure:12879: checking whether to build static libraries
configure:12883: result: no
configure:9903: Setting GST_PACKAGE_RELEASE_DATETIME to 2018-10-02
configure:10149: checking whether byte ordering is bigendian
configure:10164: gcc -c -O2 -g -pipe -Wall -Werror=format-security -Wp,-D_FORTIFY_SOURCE=2 -Wp,-D_GLIBCXX_ASSERTIONS -fexceptions -fstack-protector-strong -grecord-gcc-switches -specs=/usr/lib/rpm/redhat/redhat-hardened-cc1 -specs=/usr/lib/rpm/redhat/redhat-annobin-cc1 -m64 -mtune=generic -fasynchronous-unwind-tables -fstack-clash-protection -fcf-protection  conftest.c >&5
conftest.c:27:9: error: unknown type name 'not'
   27 |         not a universal capable compiler
      |         ^~~
conftest.c:27:15: error: expected '=', ',', ';', 'asm' or '__attribute__' before 'universal'
   27 |         not a universal capable compiler
      |               ^~~~~~~~~
conftest.c:27:15: error: unknown type name 'universal'
configure:10164: $? = 1
configure: failed program was:
| /* confdefs.h */
| #define PACKAGE_NAME "GStreamer VA-API Plug-ins"
| #define PACKAGE_TARNAME "gstreamer-vaapi"
| #define PACKAGE_VERSION "1.14.4"
| #define PACKAGE_STRING "GStreamer VA-API Plug-ins 1.14.4"
| #define PACKAGE_BUGREPORT "http://bugzilla.gnome.org/enter_bug.cgi?product=GStreamer"
| #define PACKAGE_URL ""
| #define PACKAGE "gstreamer-vaapi"
| #define VERSION "1.14.4"
| #define GST_API_VERSION "1.0"
| #define STDC_HEADERS 1
| #define HAVE_SYS_TYPES_H 1
| #define HAVE_SYS_STAT_H 1
| #define HAVE_STDLIB_H 1
| #define HAVE_STRING_H 1
| #define HAVE_MEMORY_H 1
| #define HAVE_STRINGS_H 1
| #define HAVE_INTTYPES_H 1
| #define HAVE_STDINT_H 1
| #define HAVE_UNISTD_H 1
| #define HAVE_DLFCN_H 1
| #define LT_OBJDIR ".libs/"
| #define GST_PACKAGE_RELEASE_DATETIME "2018-10-02"
| #define HAVE_CPU_X86_64 1
| /* end confdefs.h.  */
| #ifndef __APPLE_CC__
| 	       not a universal capable compiler
| 	     #endif
| 	     typedef int dummy;
| 
configure:10209: gcc -c -O2 -g -pipe -Wall -Werror=format-security -Wp,-D_FORTIFY_SOURCE=2 -Wp,-D_GLIBCXX_ASSERTIONS -fexceptions -fstack-protector-strong -grecord-gcc-switches -specs=/usr/lib/rpm/redhat/redhat-hardened-cc1 -specs=/usr/lib/rpm/redhat/redhat-annobin-cc1 -m64 -mtune=generic -fasynchronous-unwind-tables -fstack-clash-protection -fcf-protection  conftest.c >&5
configure:10209: $? = 0
configure:10227: gcc -c -O2 -g -pipe -Wall -Werror=format-security -Wp,-D_FORTIFY_SOURCE=2 -Wp,-D_GLIBCXX_ASSERTIONS -fexceptions -fstack-protector-strong -grecord-gcc-switches -specs=/usr/lib/rpm/redhat/redhat-hardened-cc1 -specs=/usr/lib/rpm/redhat/redhat-annobin-cc1 -m64 -mtune=generic -fasynchronous-unwind-tables -fstack-clash-protection -fcf-protection  conftest.c >&5
conftest.c: In function 'main':
conftest.c:33:4: error: unknown type name 'not'; did you mean 'ino_t'?
   33 |    not big endian
      |    ^~~
      |    ino_t
conftest.c:33:12: error: expected '=', ',', ';', 'asm' or '__attribute__' before 'endian'
   33 |    not big endian
      |            ^~~~~~
configure:10227: $? = 1
configure: failed program was:
| /* confdefs.h */
| #define PACKAGE_NAME "GStreamer VA-API Plug-ins"
| #define PACKAGE_TARNAME "gstreamer-vaapi"
| #define PACKAGE_VERSION "1.14.4"
| #define PACKAGE_STRING "GStreamer VA-API Plug-ins 1.14.4"
| #define PACKAGE_BUGREPORT "http://bugzilla.gnome.org/enter_bug.cgi?product=GStreamer"
| #define PACKAGE_URL ""
| #define PACKAGE "gstreamer-vaapi"
| #define VERSION "1.14.4"
| #define GST_API_VERSION "1.0"
| #define STDC_HEADERS 1
| #define HAVE_SYS_TYPES_H 1
| #define HAVE_SYS_STAT_H 1
| #define HAVE_STDLIB_H 1
| #define HAVE_STRING_H 1
| #define HAVE_MEMORY_H 1
| #define HAVE_STRINGS_H 1
| #define HAVE_INTTYPES_H 1
| #define HAVE_STDINT_H 1
| #define HAVE_UNISTD_H 1
| #define HAVE_DLFCN_H 1
| #define LT_OBJDIR ".libs/"
| #define GST_PACKAGE_RELEASE_DATETIME "2018-10-02"
| #define HAVE_CPU_X86_64 1
| /* end confdefs.h.  */
| #include <sys/types.h>
| 		#include <sys/param.h>
| 
| int
| main ()
| {
| #if BYTE_ORDER != BIG_ENDIAN
| 		 not big endian
| 		#endif
| 
|   ;
|   return 0;
| }
configure:10355: result: no
configure:10516: checking for x86_64-redhat-linux-gnu-gcc
configure:10543: result: gcc
configure:10812: checking for C compiler version
configure:10821: gcc --version >&5
gcc (GCC) 9.2.1 20190827 (Red Hat 9.2.1-1)
Copyright (C) 2019 Free Software Foundation, Inc.
This is free software; see the source for copying conditions.  There is NO
warranty; not even for MERCHANTABILITY or FITNESS FOR A PARTICULAR PURPOSE.

configure:10832: $? = 0
configure:10821: gcc -v >&5
Using built-in specs.
COLLECT_GCC=gcc
COLLECT_LTO_WRAPPER=/usr/libexec/gcc/x86_64-redhat-linux/9/lto-wrapper
OFFLOAD_TARGET_NAMES=nvptx-none
OFFLOAD_TARGET_DEFAULT=1
Target: x86_64-redhat-linux
Configured with: ../configure --enable-bootstrap --enable-languages=c,c++,fortran,objc,obj-c++,ada,go,d,lto --prefix=/usr --mandir=/usr/share/man --infodir=/usr/share/info --with-bugurl=http://bugzilla.redhat.com/bugzilla --enable-shared --enable-threads=posix --enable-checking=release --enable-multilib --with-system-zlib --enable-__cxa_atexit --disable-libunwind-exceptions --enable-gnu-unique-object --enable-linker-build-id --with-gcc-major-version-only --with-linker-hash-style=gnu --enable-plugin --enable-initfini-array --with-isl --enable-offload-targets=nvptx-none --without-cuda-driver --enable-gnu-indirect-function --enable-cet --with-tune=generic --with-arch_32=i686 --build=x86_64-redhat-linux
Thread model: posix
gcc version 9.2.1 20190827 (Red Hat 9.2.1-1) (GCC) 
configure:10832: $? = 0
configure:10821: gcc -V >&5
gcc: error: unrecognized command line option '-V'
gcc: fatal error: no input files
compilation terminated.
configure:10832: $? = 1
configure:10821: gcc -qversion >&5
gcc: error: unrecognized command line option '-qversion'; did you mean '--version'?
gcc: fatal error: no input files
compilation terminated.
configure:10832: $? = 1
configure:10836: checking whether we are using the GNU C compiler
configure:10864: result: yes
configure:10873: checking whether gcc accepts -g
configure:10934: result: yes
configure:10951: checking for gcc option to accept ISO C89
configure:11027: result: none needed
configure:11052: checking whether gcc understands -c and -o together
configure:11089: result: yes
configure:11108: checking dependency style of gcc
configure:11219: result: none
configure:11238: checking for gcc option to accept ISO C99
configure:11387: gcc  -c -O2 -g -pipe -Wall -Werror=format-security -Wp,-D_FORTIFY_SOURCE=2 -Wp,-D_GLIBCXX_ASSERTIONS -fexceptions -fstack-protector-strong -grecord-gcc-switches -specs=/usr/lib/rpm/redhat/redhat-hardened-cc1 -specs=/usr/lib/rpm/redhat/redhat-annobin-cc1 -m64 -mtune=generic -fasynchronous-unwind-tables -fstack-clash-protection -fcf-protection  conftest.c >&5
conftest.c: In function 'test_varargs':
conftest.c:99:9: warning: variable 'fnumber' set but not used [-Wunused-but-set-variable]
   99 |   float fnumber;
      |         ^~~~~~~
conftest.c:98:7: warning: variable 'number' set but not used [-Wunused-but-set-variable]
   98 |   int number;
      |       ^~~~~~
conftest.c:97:15: warning: variable 'str' set but not used [-Wunused-but-set-variable]
   97 |   const char *str;
      |               ^~~
configure:11387: $? = 0
configure:11400: result: none needed
configure:11508: checking for gcc option to accept ISO Standard C
configure:11519: result: none needed
configure:11535: checking for x86_64-redhat-linux-gnu-pkg-config
configure:11553: found /usr/bin/x86_64-redhat-linux-gnu-pkg-config
configure:11565: result: /usr/bin/x86_64-redhat-linux-gnu-pkg-config
configure:11633: checking pkg-config is at least version 0.9.0
configure:11636: result: yes
configure:11650: checking for gtkdoc-check
configure:11668: found /usr/bin/gtkdoc-check
configure:11680: result: /usr/bin/gtkdoc-check
configure:11692: checking for gtkdoc-rebase
configure:11710: found /usr/bin/gtkdoc-rebase
configure:11722: result: /usr/bin/gtkdoc-rebase
configure:11736: checking for gtkdoc-mkpdf
configure:11754: found /usr/bin/gtkdoc-mkpdf
configure:11766: result: /usr/bin/gtkdoc-mkpdf
configure:11970: checking whether to build gtk-doc documentation
configure:11972: result: no
configure:12040: checking for python
configure:12058: found /usr/bin/python
configure:12070: result: /usr/bin/python
configure:12091: checking for python version
configure:12098: result: 2.7
configure:12110: checking for python platform
configure:12117: result: linux2
configure:12143: checking for python script directory
configure:12178: result: ${prefix}/lib/python2.7/site-packages
configure:12187: checking for python extension module directory
configure:12222: result: ${exec_prefix}/lib64/python2.7/site-packages
configure:12238: checking whether to build plugin documentation
configure:12250: result: no (gtk-doc disabled or not available)
configure:12264: checking for tan in -lm
configure:12289: gcc -o conftest -O2 -g -pipe -Wall -Werror=format-security -Wp,-D_FORTIFY_SOURCE=2 -Wp,-D_GLIBCXX_ASSERTIONS -fexceptions -fstack-protector-strong -grecord-gcc-switches -specs=/usr/lib/rpm/redhat/redhat-hardened-cc1 -specs=/usr/lib/rpm/redhat/redhat-annobin-cc1 -m64 -mtune=generic -fasynchronous-unwind-tables -fstack-clash-protection -fcf-protection  -Wl,-z,relro -Wl,--as-needed  -Wl,-z,now -specs=/usr/lib/rpm/redhat/redhat-hardened-ld conftest.c -lm   >&5
conftest.c:35:6: warning: conflicting types for built-in function 'tan'; expected 'double(double)' [-Wbuiltin-declaration-mismatch]
   35 | char tan ();
      |      ^~~
conftest.c:1:1: note: 'tan' is declared in header '<math.h>'
    1 | /* confdefs.h */
configure:12289: $? = 0
configure:12298: result: yes
configure:12310: checking for dlopen
configure:12310: result: no
configure:12315: checking for dlopen in -ldl
configure:12349: result: yes
configure:12427: Using /usr/lib64/gstreamer-1.0 as the plugin install location
configure:12457: checking for GLIB
configure:12465: $PKG_CONFIG --exists --print-errors "$which"
configure:12468: $? = 0
configure:12483: $PKG_CONFIG --exists --print-errors "$which"
configure:12486: $? = 0
configure:12538: result: yes
configure:12589: checking for glib-genmarshal
configure:12597: result: /usr/bin/glib-genmarshal (from pkg-config path)
configure:12651: checking for glib-mkenums
configure:12658: result: /usr/bin/glib-mkenums
configure:12671: checking for GIO
configure:12679: $PKG_CONFIG --exists --print-errors "gio-2.0 >= $GLIB_REQ"
configure:12682: $? = 0
configure:12697: $PKG_CONFIG --exists --print-errors "gio-2.0 >= $GLIB_REQ"
configure:12700: $? = 0
configure:12755: result: yes
configure:12795: checking for GST
configure:12803: $PKG_CONFIG --exists --print-errors "$module >= $minver"
configure:12806: $? = 0
configure:12821: $PKG_CONFIG --exists --print-errors "$module >= $minver"
configure:12824: $? = 0
configure:12880: result: yes
configure:12894: using GStreamer tools in /usr/bin
configure:12904: using GStreamer plug-ins in /usr/lib64/gstreamer-1.0
configure:12909: checking for GStreamer API version
configure:12915: result: 1.16
configure:12931: checking for GST_BASE
configure:12939: $PKG_CONFIG --exists --print-errors "$module >= $minver"
configure:12942: $? = 0
configure:12957: $PKG_CONFIG --exists --print-errors "$module >= $minver"
configure:12960: $? = 0
configure:13016: result: yes
configure:13033: checking for GST_PLUGINS_BASE
configure:13041: $PKG_CONFIG --exists --print-errors "$module >= $minver"
configure:13044: $? = 0
configure:13059: $PKG_CONFIG --exists --print-errors "$module >= $minver"
configure:13062: $? = 0
configure:13118: result: yes
configure:13134: using GStreamer Base Plugins in /usr/lib64/gstreamer-1.0
configure:13149: checking for GST_ALLOCATORS
configure:13157: $PKG_CONFIG --exists --print-errors "$module >= $minver"
configure:13160: $? = 0
configure:13175: $PKG_CONFIG --exists --print-errors "$module >= $minver"
configure:13178: $? = 0
configure:13234: result: yes
configure:13250: checking for GST_VIDEO
configure:13258: $PKG_CONFIG --exists --print-errors "$module >= $minver"
configure:13261: $? = 0
configure:13276: $PKG_CONFIG --exists --print-errors "$module >= $minver"
configure:13279: $? = 0
configure:13335: result: yes
configure:13351: checking for GST_PBUTILS
configure:13359: $PKG_CONFIG --exists --print-errors "$module >= $minver"
configure:13362: $? = 0
configure:13377: $PKG_CONFIG --exists --print-errors "$module >= $minver"
configure:13380: $? = 0
configure:13436: result: yes
configure:13452: checking for GST_CODEC_PARSERS
configure:13460: $PKG_CONFIG --exists --print-errors "$module >= $minver"
configure:13463: $? = 0
configure:13478: $PKG_CONFIG --exists --print-errors "$module >= $minver"
configure:13481: $? = 0
configure:13537: result: yes
configure:13556: checking for GST_GL
configure:13564: $PKG_CONFIG --exists --print-errors "gstreamer-gl-$GST_API_VERSION >= $GST_PBADREQ"
configure:13567: $? = 0
configure:13582: $PKG_CONFIG --exists --print-errors "gstreamer-gl-$GST_API_VERSION >= $GST_PBADREQ"
configure:13585: $? = 0
configure:13621: result: yes
configure:13625: checking for GStreamer OpenGL helper libraries
configure:13637: checking gst/gl/gl.h usability
configure:13637: gcc -c -O2 -g -pipe -Wall -Werror=format-security -Wp,-D_FORTIFY_SOURCE=2 -Wp,-D_GLIBCXX_ASSERTIONS -fexceptions -fstack-protector-strong -grecord-gcc-switches -specs=/usr/lib/rpm/redhat/redhat-hardened-cc1 -specs=/usr/lib/rpm/redhat/redhat-annobin-cc1 -m64 -mtune=generic -fasynchronous-unwind-tables -fstack-clash-protection -fcf-protection  -I/usr/include/gstreamer-1.0 -I/usr/lib64/gstreamer-1.0/include -I/usr/include/libdrm -I/usr/include/glib-2.0 -I/usr/lib64/glib-2.0/include -I/usr/include/orc-0.4 -pthread  -I/usr/include/gstreamer-1.0 -I/usr/include/glib-2.0 -I/usr/lib64/glib-2.0/include -pthread -I/usr/include/orc-0.4  conftest.c >&5
configure:13637: $? = 0
configure:13637: result: yes
configure:13637: checking gst/gl/gl.h presence
configure:13637: gcc -E  -I/usr/include/gstreamer-1.0 -I/usr/lib64/gstreamer-1.0/include -I/usr/include/libdrm -I/usr/include/glib-2.0 -I/usr/lib64/glib-2.0/include -I/usr/include/orc-0.4 -pthread  -I/usr/include/gstreamer-1.0 -I/usr/include/glib-2.0 -I/usr/lib64/glib-2.0/include -pthread -I/usr/include/orc-0.4  conftest.c
configure:13637: $? = 0
configure:13637: result: yes
configure:13637: checking for gst/gl/gl.h
configure:13637: result: yes
configure:13666: gcc -c -O2 -g -pipe -Wall -Werror=format-security -Wp,-D_FORTIFY_SOURCE=2 -Wp,-D_GLIBCXX_ASSERTIONS -fexceptions -fstack-protector-strong -grecord-gcc-switches -specs=/usr/lib/rpm/redhat/redhat-hardened-cc1 -specs=/usr/lib/rpm/redhat/redhat-annobin-cc1 -m64 -mtune=generic -fasynchronous-unwind-tables -fstack-clash-protection -fcf-protection  -I/usr/include/gstreamer-1.0 -I/usr/lib64/gstreamer-1.0/include -I/usr/include/libdrm -I/usr/include/glib-2.0 -I/usr/lib64/glib-2.0/include -I/usr/include/orc-0.4 -pthread  -I/usr/include/gstreamer-1.0 -I/usr/include/glib-2.0 -I/usr/lib64/glib-2.0/include -pthread -I/usr/include/orc-0.4  conftest.c >&5
conftest.c: In function 'main':
conftest.c:44:14: warning: unused variable 'gl_context' [-Wunused-variable]
   44 | GstGLContext gl_context;
      |              ^~~~~~~~~~
configure:13666: $? = 0
configure:13676: result: yes
configure:13709: checking for DRM
configure:13717: $PKG_CONFIG --exists --print-errors "libdrm libudev"
Package libudev was not found in the pkg-config search path.
Perhaps you should add the directory containing `libudev.pc'
to the PKG_CONFIG_PATH environment variable
Package 'libudev', required by 'virtual:world', not found
configure:13720: $? = 1
configure:13735: $PKG_CONFIG --exists --print-errors "libdrm libudev"
Package libudev was not found in the pkg-config search path.
Perhaps you should add the directory containing `libudev.pc'
to the PKG_CONFIG_PATH environment variable
Package 'libudev', required by 'virtual:world', not found
configure:13738: $? = 1
Package 'libudev', required by 'virtual:world', not found
configure:13766: result: no
configure:13803: checking for X11
configure:13811: $PKG_CONFIG --exists --print-errors "x11"
configure:13814: $? = 0
configure:13829: $PKG_CONFIG --exists --print-errors "x11"
configure:13832: $? = 0
configure:13868: result: yes
configure:13877: checking X11/Xlib.h usability
configure:13877: gcc -c -O2 -g -pipe -Wall -Werror=format-security -Wp,-D_FORTIFY_SOURCE=2 -Wp,-D_GLIBCXX_ASSERTIONS -fexceptions -fstack-protector-strong -grecord-gcc-switches -specs=/usr/lib/rpm/redhat/redhat-hardened-cc1 -specs=/usr/lib/rpm/redhat/redhat-annobin-cc1 -m64 -mtune=generic -fasynchronous-unwind-tables -fstack-clash-protection -fcf-protection   conftest.c >&5
configure:13877: $? = 0
configure:13877: result: yes
configure:13877: checking X11/Xlib.h presence
configure:13877: gcc -E   conftest.c
configure:13877: $? = 0
configure:13877: result: yes
configure:13877: checking for X11/Xlib.h
configure:13877: result: yes
configure:13877: checking X11/Xutil.h usability
configure:13877: gcc -c -O2 -g -pipe -Wall -Werror=format-security -Wp,-D_FORTIFY_SOURCE=2 -Wp,-D_GLIBCXX_ASSERTIONS -fexceptions -fstack-protector-strong -grecord-gcc-switches -specs=/usr/lib/rpm/redhat/redhat-hardened-cc1 -specs=/usr/lib/rpm/redhat/redhat-annobin-cc1 -m64 -mtune=generic -fasynchronous-unwind-tables -fstack-clash-protection -fcf-protection   conftest.c >&5
configure:13877: $? = 0
configure:13877: result: yes
configure:13877: checking X11/Xutil.h presence
configure:13877: gcc -E   conftest.c
configure:13877: $? = 0
configure:13877: result: yes
configure:13877: checking for X11/Xutil.h
configure:13877: result: yes
configure:13877: checking X11/Xatom.h usability
configure:13877: gcc -c -O2 -g -pipe -Wall -Werror=format-security -Wp,-D_FORTIFY_SOURCE=2 -Wp,-D_GLIBCXX_ASSERTIONS -fexceptions -fstack-protector-strong -grecord-gcc-switches -specs=/usr/lib/rpm/redhat/redhat-hardened-cc1 -specs=/usr/lib/rpm/redhat/redhat-annobin-cc1 -m64 -mtune=generic -fasynchronous-unwind-tables -fstack-clash-protection -fcf-protection   conftest.c >&5
configure:13877: $? = 0
configure:13877: result: yes
configure:13877: checking X11/Xatom.h presence
configure:13877: gcc -E   conftest.c
configure:13877: $? = 0
configure:13877: result: yes
configure:13877: checking for X11/Xatom.h
configure:13877: result: yes
configure:13903: checking X11/XKBlib.h usability
configure:13903: gcc -c -O2 -g -pipe -Wall -Werror=format-security -Wp,-D_FORTIFY_SOURCE=2 -Wp,-D_GLIBCXX_ASSERTIONS -fexceptions -fstack-protector-strong -grecord-gcc-switches -specs=/usr/lib/rpm/redhat/redhat-hardened-cc1 -specs=/usr/lib/rpm/redhat/redhat-annobin-cc1 -m64 -mtune=generic -fasynchronous-unwind-tables -fstack-clash-protection -fcf-protection   conftest.c >&5
configure:13903: $? = 0
configure:13903: result: yes
configure:13903: checking X11/XKBlib.h presence
configure:13903: gcc -E   conftest.c
configure:13903: $? = 0
configure:13903: result: yes
configure:13903: checking for X11/XKBlib.h
configure:13903: result: yes
configure:13919: checking for XRANDR
configure:13927: $PKG_CONFIG --exists --print-errors "xrandr"
configure:13930: $? = 0
configure:13945: $PKG_CONFIG --exists --print-errors "xrandr"
configure:13948: $? = 0
configure:13984: result: yes
configure:13992: checking X11/extensions/Xrandr.h usability
configure:13992: gcc -c -O2 -g -pipe -Wall -Werror=format-security -Wp,-D_FORTIFY_SOURCE=2 -Wp,-D_GLIBCXX_ASSERTIONS -fexceptions -fstack-protector-strong -grecord-gcc-switches -specs=/usr/lib/rpm/redhat/redhat-hardened-cc1 -specs=/usr/lib/rpm/redhat/redhat-annobin-cc1 -m64 -mtune=generic -fasynchronous-unwind-tables -fstack-clash-protection -fcf-protection   conftest.c >&5
configure:13992: $? = 0
configure:13992: result: yes
configure:13992: checking X11/extensions/Xrandr.h presence
configure:13992: gcc -E   conftest.c
configure:13992: $? = 0
configure:13992: result: yes
configure:13992: checking for X11/extensions/Xrandr.h
configure:13992: result: yes
configure:14010: checking for XRENDER
configure:14018: $PKG_CONFIG --exists --print-errors "xrender"
configure:14021: $? = 0
configure:14036: $PKG_CONFIG --exists --print-errors "xrender"
configure:14039: $? = 0
configure:14075: result: yes
configure:14083: checking X11/extensions/Xrender.h usability
configure:14083: gcc -c -O2 -g -pipe -Wall -Werror=format-security -Wp,-D_FORTIFY_SOURCE=2 -Wp,-D_GLIBCXX_ASSERTIONS -fexceptions -fstack-protector-strong -grecord-gcc-switches -specs=/usr/lib/rpm/redhat/redhat-hardened-cc1 -specs=/usr/lib/rpm/redhat/redhat-annobin-cc1 -m64 -mtune=generic -fasynchronous-unwind-tables -fstack-clash-protection -fcf-protection   conftest.c >&5
configure:14083: $? = 0
configure:14083: result: yes
configure:14083: checking X11/extensions/Xrender.h presence
configure:14083: gcc -E   conftest.c
configure:14083: $? = 0
configure:14083: result: yes
configure:14083: checking for X11/extensions/Xrender.h
configure:14083: result: yes
configure:14127: checking for GL
configure:14135: $PKG_CONFIG --exists --print-errors "gl"
configure:14138: $? = 0
configure:14153: $PKG_CONFIG --exists --print-errors "gl"
configure:14156: $? = 0
configure:14192: result: yes
configure:14200: checking for GL/gl.h
configure:14200: gcc -c -O2 -g -pipe -Wall -Werror=format-security -Wp,-D_FORTIFY_SOURCE=2 -Wp,-D_GLIBCXX_ASSERTIONS -fexceptions -fstack-protector-strong -grecord-gcc-switches -specs=/usr/lib/rpm/redhat/redhat-hardened-cc1 -specs=/usr/lib/rpm/redhat/redhat-annobin-cc1 -m64 -mtune=generic -fasynchronous-unwind-tables -fstack-clash-protection -fcf-protection  -I/usr/include/libdrm  conftest.c >&5
configure:14200: $? = 0
configure:14200: result: yes
configure:14200: checking for GL/glext.h
configure:14200: gcc -c -O2 -g -pipe -Wall -Werror=format-security -Wp,-D_FORTIFY_SOURCE=2 -Wp,-D_GLIBCXX_ASSERTIONS -fexceptions -fstack-protector-strong -grecord-gcc-switches -specs=/usr/lib/rpm/redhat/redhat-hardened-cc1 -specs=/usr/lib/rpm/redhat/redhat-annobin-cc1 -m64 -mtune=generic -fasynchronous-unwind-tables -fstack-clash-protection -fcf-protection  -I/usr/include/libdrm  conftest.c >&5
configure:14200: $? = 0
configure:14200: result: yes
configure:14229: checking for GLES2
configure:14237: $PKG_CONFIG --exists --print-errors "glesv2"
Package glesv2 was not found in the pkg-config search path.
Perhaps you should add the directory containing `glesv2.pc'
to the PKG_CONFIG_PATH environment variable
Package 'glesv2', required by 'virtual:world', not found
configure:14240: $? = 1
configure:14255: $PKG_CONFIG --exists --print-errors "glesv2"
Package glesv2 was not found in the pkg-config search path.
Perhaps you should add the directory containing `glesv2.pc'
to the PKG_CONFIG_PATH environment variable
Package 'glesv2', required by 'virtual:world', not found
configure:14258: $? = 1
Package 'glesv2', required by 'virtual:world', not found
configure:14286: result: no
configure:14331: checking for GLES3
configure:14339: $PKG_CONFIG --exists --print-errors "glesv2"
Package glesv2 was not found in the pkg-config search path.
Perhaps you should add the directory containing `glesv2.pc'
to the PKG_CONFIG_PATH environment variable
Package 'glesv2', required by 'virtual:world', not found
configure:14342: $? = 1
configure:14357: $PKG_CONFIG --exists --print-errors "glesv2"
Package glesv2 was not found in the pkg-config search path.
Perhaps you should add the directory containing `glesv2.pc'
to the PKG_CONFIG_PATH environment variable
Package 'glesv2', required by 'virtual:world', not found
configure:14360: $? = 1
Package 'glesv2', required by 'virtual:world', not found
configure:14388: result: no
configure:14439: checking for GL/glx.h
configure:14439: gcc -c -O2 -g -pipe -Wall -Werror=format-security -Wp,-D_FORTIFY_SOURCE=2 -Wp,-D_GLIBCXX_ASSERTIONS -fexceptions -fstack-protector-strong -grecord-gcc-switches -specs=/usr/lib/rpm/redhat/redhat-hardened-cc1 -specs=/usr/lib/rpm/redhat/redhat-annobin-cc1 -m64 -mtune=generic -fasynchronous-unwind-tables -fstack-clash-protection -fcf-protection  -I/usr/include/libdrm  conftest.c >&5
configure:14439: $? = 0
configure:14439: result: yes
configure:14456: checking for glXCreateContext in -lGL
configure:14481: gcc -o conftest -O2 -g -pipe -Wall -Werror=format-security -Wp,-D_FORTIFY_SOURCE=2 -Wp,-D_GLIBCXX_ASSERTIONS -fexceptions -fstack-protector-strong -grecord-gcc-switches -specs=/usr/lib/rpm/redhat/redhat-hardened-cc1 -specs=/usr/lib/rpm/redhat/redhat-annobin-cc1 -m64 -mtune=generic -fasynchronous-unwind-tables -fstack-clash-protection -fcf-protection  -I/usr/include/libdrm  -Wl,-z,relro -Wl,--as-needed  -Wl,-z,now -specs=/usr/lib/rpm/redhat/redhat-hardened-ld conftest.c -lGL  -lm  -lGL  >&5
configure:14481: $? = 0
configure:14490: result: yes
configure:14511: checking for EGL
configure:14519: $PKG_CONFIG --exists --print-errors "egl"
configure:14522: $? = 0
configure:14537: $PKG_CONFIG --exists --print-errors "egl"
configure:14540: $? = 0
configure:14576: result: yes
configure:14587: checking EGL/egl.h usability
configure:14587: gcc -c -O2 -g -pipe -Wall -Werror=format-security -Wp,-D_FORTIFY_SOURCE=2 -Wp,-D_GLIBCXX_ASSERTIONS -fexceptions -fstack-protector-strong -grecord-gcc-switches -specs=/usr/lib/rpm/redhat/redhat-hardened-cc1 -specs=/usr/lib/rpm/redhat/redhat-annobin-cc1 -m64 -mtune=generic -fasynchronous-unwind-tables -fstack-clash-protection -fcf-protection  -I/usr/include/libdrm  conftest.c >&5
configure:14587: $? = 0
configure:14587: result: yes
configure:14587: checking EGL/egl.h presence
configure:14587: gcc -E  -I/usr/include/libdrm  conftest.c
configure:14587: $? = 0
configure:14587: result: yes
configure:14587: checking for EGL/egl.h
configure:14587: result: yes
configure:14599: checking for eglGetDisplay in -lEGL
configure:14624: gcc -o conftest -O2 -g -pipe -Wall -Werror=format-security -Wp,-D_FORTIFY_SOURCE=2 -Wp,-D_GLIBCXX_ASSERTIONS -fexceptions -fstack-protector-strong -grecord-gcc-switches -specs=/usr/lib/rpm/redhat/redhat-hardened-cc1 -specs=/usr/lib/rpm/redhat/redhat-annobin-cc1 -m64 -mtune=generic -fasynchronous-unwind-tables -fstack-clash-protection -fcf-protection  -I/usr/include/libdrm  -Wl,-z,relro -Wl,--as-needed  -Wl,-z,now -specs=/usr/lib/rpm/redhat/redhat-hardened-ld conftest.c -lEGL  -lm  -lEGL  >&5
configure:14624: $? = 0
configure:14633: result: yes
configure:14656: checking for WAYLAND
configure:14664: $PKG_CONFIG --exists --print-errors "wayland-client >= $WAYLAND_REQ"
configure:14667: $? = 0
configure:14682: $PKG_CONFIG --exists --print-errors "wayland-client >= $WAYLAND_REQ"
configure:14685: $? = 0
configure:14721: result: yes
configure:14729: checking wayland-client.h usability
configure:14729: gcc -c -O2 -g -pipe -Wall -Werror=format-security -Wp,-D_FORTIFY_SOURCE=2 -Wp,-D_GLIBCXX_ASSERTIONS -fexceptions -fstack-protector-strong -grecord-gcc-switches -specs=/usr/lib/rpm/redhat/redhat-hardened-cc1 -specs=/usr/lib/rpm/redhat/redhat-annobin-cc1 -m64 -mtune=generic -fasynchronous-unwind-tables -fstack-clash-protection -fcf-protection   conftest.c >&5
configure:14729: $? = 0
configure:14729: result: yes
configure:14729: checking wayland-client.h presence
configure:14729: gcc -E   conftest.c
configure:14729: $? = 0
configure:14729: result: yes
configure:14729: checking for wayland-client.h
configure:14729: result: yes
configure:14845: checking for GTK3
configure:14853: $PKG_CONFIG --exists --print-errors "gtk+-3.0"
configure:14856: $? = 0
configure:14871: $PKG_CONFIG --exists --print-errors "gtk+-3.0"
configure:14874: $? = 0
configure:14910: result: yes
configure:14922: checking gtk/gtk.h usability
configure:14922: gcc -c -O2 -g -pipe -Wall -Werror=format-security -Wp,-D_FORTIFY_SOURCE=2 -Wp,-D_GLIBCXX_ASSERTIONS -fexceptions -fstack-protector-strong -grecord-gcc-switches -specs=/usr/lib/rpm/redhat/redhat-hardened-cc1 -specs=/usr/lib/rpm/redhat/redhat-annobin-cc1 -m64 -mtune=generic -fasynchronous-unwind-tables -fstack-clash-protection -fcf-protection  -I/usr/include/gtk-3.0 -I/usr/include/pango-1.0 -I/usr/include/glib-2.0 -I/usr/lib64/glib-2.0/include -I/usr/include/fribidi -I/usr/include/harfbuzz -I/usr/include/freetype2 -I/usr/include/libpng16 -I/usr/include/cairo -I/usr/include/pixman-1 -I/usr/include/gdk-pixbuf-2.0 -I/usr/include/libmount -I/usr/include/blkid -I/usr/include/uuid -I/usr/include/gio-unix-2.0 -I/usr/include/libdrm -I/usr/include/atk-1.0 -I/usr/include/at-spi2-atk/2.0 -I/usr/include/at-spi-2.0 -I/usr/include/dbus-1.0 -I/usr/lib64/dbus-1.0/include -pthread  conftest.c >&5
configure:14922: $? = 0
configure:14922: result: yes
configure:14922: checking gtk/gtk.h presence
configure:14922: gcc -E  -I/usr/include/gtk-3.0 -I/usr/include/pango-1.0 -I/usr/include/glib-2.0 -I/usr/lib64/glib-2.0/include -I/usr/include/fribidi -I/usr/include/harfbuzz -I/usr/include/freetype2 -I/usr/include/libpng16 -I/usr/include/cairo -I/usr/include/pixman-1 -I/usr/include/gdk-pixbuf-2.0 -I/usr/include/libmount -I/usr/include/blkid -I/usr/include/uuid -I/usr/include/gio-unix-2.0 -I/usr/include/libdrm -I/usr/include/atk-1.0 -I/usr/include/at-spi2-atk/2.0 -I/usr/include/at-spi-2.0 -I/usr/include/dbus-1.0 -I/usr/lib64/dbus-1.0/include -pthread  conftest.c
configure:14922: $? = 0
configure:14922: result: yes
configure:14922: checking for gtk/gtk.h
configure:14922: result: yes
configure:14949: checking for LIBVA
configure:14957: $PKG_CONFIG --exists --print-errors "libva >= $VAAPI_REQ libva != 0.99.0"
Package libva was not found in the pkg-config search path.
Perhaps you should add the directory containing `libva.pc'
to the PKG_CONFIG_PATH environment variable
Package 'libva', required by 'virtual:world', not found
Package 'libva', required by 'virtual:world', not found
configure:14960: $? = 1
configure:14975: $PKG_CONFIG --exists --print-errors "libva >= $VAAPI_REQ libva != 0.99.0"
Package libva was not found in the pkg-config search path.
Perhaps you should add the directory containing `libva.pc'
to the PKG_CONFIG_PATH environment variable
Package 'libva', required by 'virtual:world', not found
Package 'libva', required by 'virtual:world', not found
configure:14978: $? = 1
Package 'libva', required by 'virtual:world', not found
Package 'libva', required by 'virtual:world', not found
configure:15006: error: Package requirements (libva >= 0.30.4 libva != 0.99.0) were not met:

Package 'libva', required by 'virtual:world', not found
Package 'libva', required by 'virtual:world', not found

Consider adjusting the PKG_CONFIG_PATH environment variable if you
installed software in a non-standard prefix.

Alternatively, you may set the environment variables LIBVA_CFLAGS
and LIBVA_LIBS to avoid the need to call pkg-config.
See the pkg-config man page for more details.


## ---------------- ##
## Cache variables. ##
## ---------------- ##

ac_cv_build=x86_64-redhat-linux-gnu
ac_cv_c_bigendian=no
ac_cv_c_compiler_gnu=yes
ac_cv_env_CC_set=
ac_cv_env_CC_value=
ac_cv_env_CFLAGS_set=set
ac_cv_env_CFLAGS_value='-O2 -g -pipe -Wall -Werror=format-security -Wp,-D_FORTIFY_SOURCE=2 -Wp,-D_GLIBCXX_ASSERTIONS -fexceptions -fstack-protector-strong -grecord-gcc-switches -specs=/usr/lib/rpm/redhat/redhat-hardened-cc1 -specs=/usr/lib/rpm/redhat/redhat-annobin-cc1 -m64 -mtune=generic -fasynchronous-unwind-tables -fstack-clash-protection -fcf-protection'
ac_cv_env_CPPFLAGS_set=
ac_cv_env_CPPFLAGS_value=
ac_cv_env_CPP_set=
ac_cv_env_CPP_value=
ac_cv_env_DRM_CFLAGS_set=
ac_cv_env_DRM_CFLAGS_value=
ac_cv_env_DRM_LIBS_set=
ac_cv_env_DRM_LIBS_value=
ac_cv_env_EGL_CFLAGS_set=
ac_cv_env_EGL_CFLAGS_value=
ac_cv_env_EGL_LIBS_set=
ac_cv_env_EGL_LIBS_value=
ac_cv_env_GIO_CFLAGS_set=
ac_cv_env_GIO_CFLAGS_value=
ac_cv_env_GIO_LIBS_set=
ac_cv_env_GIO_LIBS_value=
ac_cv_env_GLES2_CFLAGS_set=
ac_cv_env_GLES2_CFLAGS_value=
ac_cv_env_GLES2_LIBS_set=
ac_cv_env_GLES2_LIBS_value=
ac_cv_env_GLES3_CFLAGS_set=
ac_cv_env_GLES3_CFLAGS_value=
ac_cv_env_GLES3_LIBS_set=
ac_cv_env_GLES3_LIBS_value=
ac_cv_env_GLIB_CFLAGS_set=
ac_cv_env_GLIB_CFLAGS_value=
ac_cv_env_GLIB_LIBS_set=
ac_cv_env_GLIB_LIBS_value=
ac_cv_env_GL_CFLAGS_set=
ac_cv_env_GL_CFLAGS_value=
ac_cv_env_GL_LIBS_set=
ac_cv_env_GL_LIBS_value=
ac_cv_env_GST_ALLOCATORS_CFLAGS_set=
ac_cv_env_GST_ALLOCATORS_CFLAGS_value=
ac_cv_env_GST_ALLOCATORS_LIBS_set=
ac_cv_env_GST_ALLOCATORS_LIBS_value=
ac_cv_env_GST_BASE_CFLAGS_set=
ac_cv_env_GST_BASE_CFLAGS_value=
ac_cv_env_GST_BASE_LIBS_set=
ac_cv_env_GST_BASE_LIBS_value=
ac_cv_env_GST_CFLAGS_set=
ac_cv_env_GST_CFLAGS_value=
ac_cv_env_GST_CODEC_PARSERS_CFLAGS_set=
ac_cv_env_GST_CODEC_PARSERS_CFLAGS_value=
ac_cv_env_GST_CODEC_PARSERS_LIBS_set=
ac_cv_env_GST_CODEC_PARSERS_LIBS_value=
ac_cv_env_GST_GL_CFLAGS_set=
ac_cv_env_GST_GL_CFLAGS_value=
ac_cv_env_GST_GL_LIBS_set=
ac_cv_env_GST_GL_LIBS_value=
ac_cv_env_GST_LIBS_set=
ac_cv_env_GST_LIBS_value=
ac_cv_env_GST_PBUTILS_CFLAGS_set=
ac_cv_env_GST_PBUTILS_CFLAGS_value=
ac_cv_env_GST_PBUTILS_LIBS_set=
ac_cv_env_GST_PBUTILS_LIBS_value=
ac_cv_env_GST_PLUGINS_BASE_CFLAGS_set=
ac_cv_env_GST_PLUGINS_BASE_CFLAGS_value=
ac_cv_env_GST_PLUGINS_BASE_LIBS_set=
ac_cv_env_GST_PLUGINS_BASE_LIBS_value=
ac_cv_env_GST_VIDEO_CFLAGS_set=
ac_cv_env_GST_VIDEO_CFLAGS_value=
ac_cv_env_GST_VIDEO_LIBS_set=
ac_cv_env_GST_VIDEO_LIBS_value=
ac_cv_env_GTK3_CFLAGS_set=
ac_cv_env_GTK3_CFLAGS_value=
ac_cv_env_GTK3_LIBS_set=
ac_cv_env_GTK3_LIBS_value=
ac_cv_env_GTKDOC_DEPS_CFLAGS_set=
ac_cv_env_GTKDOC_DEPS_CFLAGS_value=
ac_cv_env_GTKDOC_DEPS_LIBS_set=
ac_cv_env_GTKDOC_DEPS_LIBS_value=
ac_cv_env_LDFLAGS_set=set
ac_cv_env_LDFLAGS_value='-Wl,-z,relro -Wl,--as-needed  -Wl,-z,now -specs=/usr/lib/rpm/redhat/redhat-hardened-ld'
ac_cv_env_LIBS_set=
ac_cv_env_LIBS_value=
ac_cv_env_LIBVA_CFLAGS_set=
ac_cv_env_LIBVA_CFLAGS_value=
ac_cv_env_LIBVA_DRM_CFLAGS_set=
ac_cv_env_LIBVA_DRM_CFLAGS_value=
ac_cv_env_LIBVA_DRM_LIBS_set=
ac_cv_env_LIBVA_DRM_LIBS_value=
ac_cv_env_LIBVA_LIBS_set=
ac_cv_env_LIBVA_LIBS_value=
ac_cv_env_LIBVA_WAYLAND_CFLAGS_set=
ac_cv_env_LIBVA_WAYLAND_CFLAGS_value=
ac_cv_env_LIBVA_WAYLAND_LIBS_set=
ac_cv_env_LIBVA_WAYLAND_LIBS_value=
ac_cv_env_LIBVA_X11_CFLAGS_set=
ac_cv_env_LIBVA_X11_CFLAGS_value=
ac_cv_env_LIBVA_X11_LIBS_set=
ac_cv_env_LIBVA_X11_LIBS_value=
ac_cv_env_LT_SYS_LIBRARY_PATH_set=
ac_cv_env_LT_SYS_LIBRARY_PATH_value=
ac_cv_env_PKG_CONFIG_set=
ac_cv_env_PKG_CONFIG_value=
ac_cv_env_PYTHON_set=
ac_cv_env_PYTHON_value=
ac_cv_env_WAYLAND_CFLAGS_set=
ac_cv_env_WAYLAND_CFLAGS_value=
ac_cv_env_WAYLAND_LIBS_set=
ac_cv_env_WAYLAND_LIBS_value=
ac_cv_env_X11_CFLAGS_set=
ac_cv_env_X11_CFLAGS_value=
ac_cv_env_X11_LIBS_set=
ac_cv_env_X11_LIBS_value=
ac_cv_env_XRANDR_CFLAGS_set=
ac_cv_env_XRANDR_CFLAGS_value=
ac_cv_env_XRANDR_LIBS_set=
ac_cv_env_XRANDR_LIBS_value=
ac_cv_env_XRENDER_CFLAGS_set=
ac_cv_env_XRENDER_CFLAGS_value=
ac_cv_env_XRENDER_LIBS_set=
ac_cv_env_XRENDER_LIBS_value=
ac_cv_env_build_alias_set=set
ac_cv_env_build_alias_value=x86_64-redhat-linux-gnu
ac_cv_env_host_alias_set=set
ac_cv_env_host_alias_value=x86_64-redhat-linux-gnu
ac_cv_env_target_alias_set=
ac_cv_env_target_alias_value=
ac_cv_func_dlopen=no
ac_cv_func_shl_load=no
ac_cv_have_gst_gl_helpers=yes
ac_cv_header_EGL_egl_h=yes
ac_cv_header_GL_gl_h=yes
ac_cv_header_GL_glext_h=yes
ac_cv_header_GL_glx_h=yes
ac_cv_header_X11_XKBlib_h=yes
ac_cv_header_X11_Xatom_h=yes
ac_cv_header_X11_Xlib_h=yes
ac_cv_header_X11_Xutil_h=yes
ac_cv_header_X11_extensions_Xrandr_h=yes
ac_cv_header_X11_extensions_Xrender_h=yes
ac_cv_header_dlfcn_h=yes
ac_cv_header_gst_gl_gl_h=yes
ac_cv_header_gtk_gtk_h=yes
ac_cv_header_inttypes_h=yes
ac_cv_header_memory_h=yes
ac_cv_header_stdc=yes
ac_cv_header_stdint_h=yes
ac_cv_header_stdlib_h=yes
ac_cv_header_string_h=yes
ac_cv_header_strings_h=yes
ac_cv_header_sys_stat_h=yes
ac_cv_header_sys_types_h=yes
ac_cv_header_unistd_h=yes
ac_cv_header_wayland_client_h=yes
ac_cv_host=x86_64-redhat-linux-gnu
ac_cv_lib_EGL_eglGetDisplay=yes
ac_cv_lib_GL_glXCreateContext=yes
ac_cv_lib_dl_dlopen=yes
ac_cv_lib_dld_shl_load=no
ac_cv_lib_m_tan=yes
ac_cv_objext=o
ac_cv_path_EGREP='/usr/bin/grep -E'
ac_cv_path_FGREP='/usr/bin/grep -F'
ac_cv_path_GREP=/usr/bin/grep
ac_cv_path_GTKDOC_CHECK=/usr/bin/gtkdoc-check
ac_cv_path_GTKDOC_MKPDF=/usr/bin/gtkdoc-mkpdf
ac_cv_path_GTKDOC_REBASE=/usr/bin/gtkdoc-rebase
ac_cv_path_PKG_CONFIG=/usr/bin/x86_64-redhat-linux-gnu-pkg-config
ac_cv_path_PYTHON=/usr/bin/python
ac_cv_path_SED=/usr/bin/sed
ac_cv_path_install='/usr/bin/install -c'
ac_cv_path_lt_DD=/usr/bin/dd
ac_cv_path_mkdir=/usr/bin/mkdir
ac_cv_prog_AWK=gawk
ac_cv_prog_CC=gcc
ac_cv_prog_CPP='gcc -E'
ac_cv_prog_ac_ct_AR=ar
ac_cv_prog_ac_ct_CC=gcc
ac_cv_prog_ac_ct_OBJDUMP=objdump
ac_cv_prog_ac_ct_RANLIB=ranlib
ac_cv_prog_ac_ct_STRIP=strip
ac_cv_prog_cc_c89=
ac_cv_prog_cc_c99=
ac_cv_prog_cc_g=yes
ac_cv_prog_cc_stdc=
ac_cv_prog_make_make_set=yes
ac_cv_target=x86_64-redhat-linux-gnu
am_cv_CC_dependencies_compiler_type=none
am_cv_make_support_nested_variables=yes
am_cv_prog_cc_c_o=yes
am_cv_prog_tar_ustar=gnutar
am_cv_python_platform=linux2
am_cv_python_pyexecdir='${exec_prefix}/lib64/python2.7/site-packages'
am_cv_python_pythondir='${prefix}/lib/python2.7/site-packages'
am_cv_python_version=2.7
lt_cv_ar_at_file=@
lt_cv_archive_cmds_need_lc=no
lt_cv_deplibs_check_method=pass_all
lt_cv_dlopen=dlopen
lt_cv_dlopen_libs=-ldl
lt_cv_dlopen_self=yes
lt_cv_dlopen_self_static=yes
lt_cv_file_magic_cmd='$MAGIC_CMD'
lt_cv_file_magic_test_file=
lt_cv_ld_reload_flag=-r
lt_cv_nm_interface='BSD nm'
lt_cv_objdir=.libs
lt_cv_path_LD=/usr/bin/ld
lt_cv_path_NM='/usr/bin/nm -B'
lt_cv_path_mainfest_tool=no
lt_cv_prog_compiler_c_o=yes
lt_cv_prog_compiler_pic='-fPIC -DPIC'
lt_cv_prog_compiler_pic_works=yes
lt_cv_prog_compiler_rtti_exceptions=no
lt_cv_prog_compiler_static_works=no
lt_cv_prog_gnu_ld=yes
lt_cv_sharedlib_from_linklib_cmd='printf %s\n'
lt_cv_shlibpath_overrides_runpath=no
lt_cv_sys_global_symbol_pipe='sed -n -e '\''s/^.*[	 ]\([ABCDGIRSTW][ABCDGIRSTW]*\)[	 ][	 ]*\([_A-Za-z][_A-Za-z0-9]*\)$/\1 \2 \2/p'\'' | sed '\''/ __gnu_lto/d'\'''
lt_cv_sys_global_symbol_to_c_name_address='sed -n -e '\''s/^: \(.*\) .*$/  {"\1", (void *) 0},/p'\'' -e '\''s/^[ABCDGIRSTW][ABCDGIRSTW]* .* \(.*\)$/  {"\1", (void *) \&\1},/p'\'''
lt_cv_sys_global_symbol_to_c_name_address_lib_prefix='sed -n -e '\''s/^: \(.*\) .*$/  {"\1", (void *) 0},/p'\'' -e '\''s/^[ABCDGIRSTW][ABCDGIRSTW]* .* \(lib.*\)$/  {"\1", (void *) \&\1},/p'\'' -e '\''s/^[ABCDGIRSTW][ABCDGIRSTW]* .* \(.*\)$/  {"lib\1", (void *) \&\1},/p'\'''
lt_cv_sys_global_symbol_to_cdecl='sed -n -e '\''s/^T .* \(.*\)$/extern int \1();/p'\'' -e '\''s/^[ABCDGIRSTW][ABCDGIRSTW]* .* \(.*\)$/extern char \1;/p'\'''
lt_cv_sys_global_symbol_to_import=
lt_cv_sys_max_cmd_len=1572864
lt_cv_to_host_file_cmd=func_convert_file_noop
lt_cv_to_tool_file_cmd=func_convert_file_noop
lt_cv_truncate_bin='/usr/bin/dd bs=4096 count=1'
pkg_cv_EGL_CFLAGS='-I/usr/include/libdrm '
pkg_cv_EGL_LIBS='-lEGL '
pkg_cv_GIO_CFLAGS='-I/usr/include/glib-2.0 -I/usr/lib64/glib-2.0/include -pthread -I/usr/include/libmount -I/usr/include/blkid -I/usr/include/uuid '
pkg_cv_GIO_LIBS='-lgio-2.0 -lgobject-2.0 -lglib-2.0 '
pkg_cv_GLIB_CFLAGS='-I/usr/include/glib-2.0 -I/usr/lib64/glib-2.0/include -pthread '
pkg_cv_GLIB_LIBS='-lgobject-2.0 -pthread -lgmodule-2.0 -lglib-2.0 '
pkg_cv_GL_CFLAGS='-I/usr/include/libdrm '
pkg_cv_GL_LIBS='-lGL '
pkg_cv_GST_ALLOCATORS_CFLAGS='-I/usr/include/gstreamer-1.0 -I/usr/include/glib-2.0 -I/usr/lib64/glib-2.0/include -pthread '
pkg_cv_GST_ALLOCATORS_LIBS='-lgstallocators-1.0 -lgstreamer-1.0 -lgobject-2.0 -lglib-2.0 '
pkg_cv_GST_BASE_CFLAGS='-I/usr/include/gstreamer-1.0 -I/usr/include/glib-2.0 -I/usr/lib64/glib-2.0/include -pthread '
pkg_cv_GST_BASE_LIBS='-lgstbase-1.0 -lgstreamer-1.0 -lgobject-2.0 -lglib-2.0 '
pkg_cv_GST_CFLAGS='-I/usr/include/gstreamer-1.0 -I/usr/include/glib-2.0 -I/usr/lib64/glib-2.0/include -pthread '
pkg_cv_GST_CODEC_PARSERS_CFLAGS='-I/usr/include/gstreamer-1.0 -I/usr/include/glib-2.0 -I/usr/lib64/glib-2.0/include -pthread '
pkg_cv_GST_CODEC_PARSERS_LIBS='-lgstcodecparsers-1.0 -lgstbase-1.0 -lgstreamer-1.0 -lgobject-2.0 -lglib-2.0 '
pkg_cv_GST_GL_CFLAGS='-I/usr/include/gstreamer-1.0 -I/usr/lib64/gstreamer-1.0/include -I/usr/include/libdrm -I/usr/include/glib-2.0 -I/usr/lib64/glib-2.0/include -I/usr/include/orc-0.4 -pthread '
pkg_cv_GST_GL_LIBS='-lgstgl-1.0 -lgstvideo-1.0 -lgstbase-1.0 -lgstreamer-1.0 -lgobject-2.0 -lglib-2.0 '
pkg_cv_GST_LIBS='-lgstreamer-1.0 -lgobject-2.0 -lglib-2.0 '
pkg_cv_GST_PBUTILS_CFLAGS='-I/usr/include/gstreamer-1.0 -I/usr/include/glib-2.0 -I/usr/lib64/glib-2.0/include -I/usr/include/orc-0.4 -pthread '
pkg_cv_GST_PBUTILS_LIBS='-lgstpbutils-1.0 -lgstaudio-1.0 -lgstvideo-1.0 -lgstbase-1.0 -lgstreamer-1.0 -lgobject-2.0 -lglib-2.0 '
pkg_cv_GST_PLUGINS_BASE_CFLAGS='-I/usr/include/gstreamer-1.0 -I/usr/include/glib-2.0 -I/usr/lib64/glib-2.0/include -pthread '
pkg_cv_GST_PLUGINS_BASE_LIBS='-lgstreamer-1.0 -lgobject-2.0 -lglib-2.0 '
pkg_cv_GST_VIDEO_CFLAGS='-I/usr/include/gstreamer-1.0 -I/usr/include/glib-2.0 -I/usr/lib64/glib-2.0/include -pthread -I/usr/include/orc-0.4 '
pkg_cv_GST_VIDEO_LIBS='-lgstvideo-1.0 -lgstbase-1.0 -lgstreamer-1.0 -lgobject-2.0 -lglib-2.0 '
pkg_cv_GTK3_CFLAGS='-I/usr/include/gtk-3.0 -I/usr/include/pango-1.0 -I/usr/include/glib-2.0 -I/usr/lib64/glib-2.0/include -I/usr/include/fribidi -I/usr/include/harfbuzz -I/usr/include/freetype2 -I/usr/include/libpng16 -I/usr/include/cairo -I/usr/include/pixman-1 -I/usr/include/gdk-pixbuf-2.0 -I/usr/include/libmount -I/usr/include/blkid -I/usr/include/uuid -I/usr/include/gio-unix-2.0 -I/usr/include/libdrm -I/usr/include/atk-1.0 -I/usr/include/at-spi2-atk/2.0 -I/usr/include/at-spi-2.0 -I/usr/include/dbus-1.0 -I/usr/lib64/dbus-1.0/include -pthread '
pkg_cv_GTK3_LIBS='-lgtk-3 -lgdk-3 -lpangocairo-1.0 -lpango-1.0 -latk-1.0 -lcairo-gobject -lcairo -lgdk_pixbuf-2.0 -lgio-2.0 -lgobject-2.0 -lglib-2.0 '
pkg_cv_WAYLAND_CFLAGS=
pkg_cv_WAYLAND_LIBS='-lwayland-client '
pkg_cv_X11_CFLAGS=
pkg_cv_X11_LIBS='-lX11 '
pkg_cv_XRANDR_CFLAGS=
pkg_cv_XRANDR_LIBS='-lXrandr '
pkg_cv_XRENDER_CFLAGS=
pkg_cv_XRENDER_LIBS='-lXrender -lX11 '

## ----------------- ##
## Output variables. ##
## ----------------- ##

ACLOCAL='${SHELL} /home/kalpana/rpmbuild/BUILD/gstreamer-vaapi-1.14.4/build-aux/missing aclocal-1.16'
ACLOCAL_AMFLAGS='-I m4 -I common/m4'
AMDEPBACKSLASH=''
AMDEP_FALSE=''
AMDEP_TRUE='#'
AMTAR='$${TAR-tar}'
AM_BACKSLASH='\'
AM_DEFAULT_V='$(AM_DEFAULT_VERBOSITY)'
AM_DEFAULT_VERBOSITY='0'
AM_V='$(V)'
AR='ar'
AS='as'
AUTOCONF='${SHELL} /home/kalpana/rpmbuild/BUILD/gstreamer-vaapi-1.14.4/build-aux/missing autoconf'
AUTOHEADER='${SHELL} /home/kalpana/rpmbuild/BUILD/gstreamer-vaapi-1.14.4/build-aux/missing autoheader'
AUTOMAKE='${SHELL} /home/kalpana/rpmbuild/BUILD/gstreamer-vaapi-1.14.4/build-aux/missing automake-1.16'
AWK='gawk'
BUILD_EXAMPLES_FALSE='#'
BUILD_EXAMPLES_TRUE=''
CC='gcc'
CCDEPMODE='depmode=none'
CFLAGS='-O2 -g -pipe -Wall -Werror=format-security -Wp,-D_FORTIFY_SOURCE=2 -Wp,-D_GLIBCXX_ASSERTIONS -fexceptions -fstack-protector-strong -grecord-gcc-switches -specs=/usr/lib/rpm/redhat/redhat-hardened-cc1 -specs=/usr/lib/rpm/redhat/redhat-annobin-cc1 -m64 -mtune=generic -fasynchronous-unwind-tables -fstack-clash-protection -fcf-protection'
CPP='gcc -E'
CPPFLAGS=''
CYGPATH_W='echo'
DEFS=''
DEPDIR='.deps'
DEPRECATED_CFLAGS=''
DLLTOOL='false'
DLOPEN_LIBS='-ldl'
DRM_CFLAGS=''
DRM_LIBS=''
DSYMUTIL=''
DUMPBIN=''
ECHO_C=''
ECHO_N='-n'
ECHO_T=''
EGL_CFLAGS='-I/usr/include/libdrm '
EGL_LIBS='-lEGL '
EGREP='/usr/bin/grep -E'
ENABLE_GTK_DOC_FALSE=''
ENABLE_GTK_DOC_TRUE='#'
ENABLE_PLUGIN_DOCS_FALSE=''
ENABLE_PLUGIN_DOCS_TRUE='#'
ERROR_CFLAGS=''
EXEEXT=''
EXTRA_CFLAGS=''
FGREP='/usr/bin/grep -F'
GIO_CFLAGS='-I/usr/include/glib-2.0 -I/usr/lib64/glib-2.0/include -pthread -I/usr/include/libmount -I/usr/include/blkid -I/usr/include/uuid '
GIO_LDFLAGS=''
GIO_LIBS='-lgio-2.0 -lgobject-2.0 -lglib-2.0 '
GLES2_CFLAGS=''
GLES2_LIBS=''
GLES3_CFLAGS=''
GLES3_LIBS=''
GLIB_CFLAGS='-I/usr/include/glib-2.0 -I/usr/lib64/glib-2.0/include -pthread '
GLIB_EXTRA_CFLAGS=' -DG_THREADS_MANDATORY -DG_DISABLE_CAST_CHECKS'
GLIB_GENMARSHAL='/usr/bin/glib-genmarshal'
GLIB_LIBS='-lgobject-2.0 -pthread -lgmodule-2.0 -lglib-2.0 '
GLIB_MKENUMS='/usr/bin/glib-mkenums'
GLIB_REQ='2.40'
GL_CFLAGS='-I/usr/include/libdrm '
GL_LIBS='-lGL '
GREP='/usr/bin/grep'
GSTPB_PLUGINS_DIR='/usr/lib64/gstreamer-1.0'
GST_AGE='1404'
GST_ALLOCATORS_CFLAGS='-I/usr/include/gstreamer-1.0 -I/usr/include/glib-2.0 -I/usr/lib64/glib-2.0/include -pthread '
GST_ALLOCATORS_LIBS='-lgstallocators-1.0 -lgstreamer-1.0 -lgobject-2.0 -lglib-2.0 '
GST_ALL_LDFLAGS=''
GST_API_VERSION='1.0'
GST_BASE_CFLAGS='-I/usr/include/gstreamer-1.0 -I/usr/include/glib-2.0 -I/usr/lib64/glib-2.0/include -pthread '
GST_BASE_LIBS='-lgstbase-1.0 -lgstreamer-1.0 -lgobject-2.0 -lglib-2.0 '
GST_CFLAGS='-I/usr/include/gstreamer-1.0 -I/usr/include/glib-2.0 -I/usr/lib64/glib-2.0/include -pthread '
GST_CODEC_PARSERS_CFLAGS='-I/usr/include/gstreamer-1.0 -I/usr/include/glib-2.0 -I/usr/lib64/glib-2.0/include -pthread '
GST_CODEC_PARSERS_LIBS='-lgstcodecparsers-1.0 -lgstbase-1.0 -lgstreamer-1.0 -lgobject-2.0 -lglib-2.0 '
GST_CURRENT='1404'
GST_GL_CFLAGS='-I/usr/include/gstreamer-1.0 -I/usr/lib64/gstreamer-1.0/include -I/usr/include/libdrm -I/usr/include/glib-2.0 -I/usr/lib64/glib-2.0/include -I/usr/include/orc-0.4 -pthread '
GST_GL_LIBS='-lgstgl-1.0 -lgstvideo-1.0 -lgstbase-1.0 -lgstreamer-1.0 -lgobject-2.0 -lglib-2.0 '
GST_LEVEL_DEFAULT=''
GST_LIBS='-lgstreamer-1.0 -lgobject-2.0 -lglib-2.0 '
GST_LIBVERSION='1404:0:1404'
GST_LIB_LDFLAGS=''
GST_LT_LDFLAGS=' -version-info 1404:0:1404'
GST_OPTION_CFLAGS=''
GST_PBUTILS_CFLAGS='-I/usr/include/gstreamer-1.0 -I/usr/include/glib-2.0 -I/usr/lib64/glib-2.0/include -I/usr/include/orc-0.4 -pthread '
GST_PBUTILS_LIBS='-lgstpbutils-1.0 -lgstaudio-1.0 -lgstvideo-1.0 -lgstbase-1.0 -lgstreamer-1.0 -lgobject-2.0 -lglib-2.0 '
GST_PLUGINS_BASE_CFLAGS='-I/usr/include/gstreamer-1.0 -I/usr/include/glib-2.0 -I/usr/lib64/glib-2.0/include -pthread '
GST_PLUGINS_BASE_DIR='/usr/lib64/gstreamer-1.0/gst:/usr/lib64/gstreamer-1.0/sys:/usr/lib64/gstreamer-1.0/ext'
GST_PLUGINS_BASE_LIBS='-lgstreamer-1.0 -lgobject-2.0 -lglib-2.0 '
GST_PLUGINS_DIR='/usr/lib64/gstreamer-1.0'
GST_PLUGIN_LDFLAGS=''
GST_REVISION='0'
GST_TOOLS_DIR='/usr/bin'
GST_VIDEO_CFLAGS='-I/usr/include/gstreamer-1.0 -I/usr/include/glib-2.0 -I/usr/lib64/glib-2.0/include -pthread -I/usr/include/orc-0.4 '
GST_VIDEO_LIBS='-lgstvideo-1.0 -lgstbase-1.0 -lgstreamer-1.0 -lgobject-2.0 -lglib-2.0 '
GTK3_CFLAGS='-I/usr/include/gtk-3.0 -I/usr/include/pango-1.0 -I/usr/include/glib-2.0 -I/usr/lib64/glib-2.0/include -I/usr/include/fribidi -I/usr/include/harfbuzz -I/usr/include/freetype2 -I/usr/include/libpng16 -I/usr/include/cairo -I/usr/include/pixman-1 -I/usr/include/gdk-pixbuf-2.0 -I/usr/include/libmount -I/usr/include/blkid -I/usr/include/uuid -I/usr/include/gio-unix-2.0 -I/usr/include/libdrm -I/usr/include/atk-1.0 -I/usr/include/at-spi2-atk/2.0 -I/usr/include/at-spi-2.0 -I/usr/include/dbus-1.0 -I/usr/lib64/dbus-1.0/include -pthread '
GTK3_LIBS='-lgtk-3 -lgdk-3 -lpangocairo-1.0 -lpango-1.0 -latk-1.0 -lcairo-gobject -lcairo -lgdk_pixbuf-2.0 -lgio-2.0 -lgobject-2.0 -lglib-2.0 '
GTKDOC_CHECK='/usr/bin/gtkdoc-check'
GTKDOC_DEPS_CFLAGS=''
GTKDOC_DEPS_LIBS=''
GTKDOC_MKPDF='/usr/bin/gtkdoc-mkpdf'
GTKDOC_REBASE='/usr/bin/gtkdoc-rebase'
GTK_DOC_BUILD_HTML_FALSE='#'
GTK_DOC_BUILD_HTML_TRUE=''
GTK_DOC_BUILD_PDF_FALSE=''
GTK_DOC_BUILD_PDF_TRUE='#'
GTK_DOC_USE_LIBTOOL_FALSE='#'
GTK_DOC_USE_LIBTOOL_TRUE=''
HAVE_CPU_ALPHA_FALSE=''
HAVE_CPU_ALPHA_TRUE='#'
HAVE_CPU_ARC_FALSE=''
HAVE_CPU_ARC_TRUE='#'
HAVE_CPU_ARM_FALSE=''
HAVE_CPU_ARM_TRUE='#'
HAVE_CPU_CRISV32_FALSE=''
HAVE_CPU_CRISV32_TRUE='#'
HAVE_CPU_CRIS_FALSE=''
HAVE_CPU_CRIS_TRUE='#'
HAVE_CPU_HPPA_FALSE=''
HAVE_CPU_HPPA_TRUE='#'
HAVE_CPU_I386_FALSE=''
HAVE_CPU_I386_TRUE='#'
HAVE_CPU_IA64_FALSE=''
HAVE_CPU_IA64_TRUE='#'
HAVE_CPU_M68K_FALSE=''
HAVE_CPU_M68K_TRUE='#'
HAVE_CPU_MIPS_FALSE=''
HAVE_CPU_MIPS_TRUE='#'
HAVE_CPU_PPC64_FALSE=''
HAVE_CPU_PPC64_TRUE='#'
HAVE_CPU_PPC_FALSE=''
HAVE_CPU_PPC_TRUE='#'
HAVE_CPU_S390_FALSE=''
HAVE_CPU_S390_TRUE='#'
HAVE_CPU_SPARC_FALSE=''
HAVE_CPU_SPARC_TRUE='#'
HAVE_CPU_X86_64_FALSE='#'
HAVE_CPU_X86_64_TRUE=''
HTML_DIR='${datadir}/gtk-doc/html'
INSTALL_DATA='${INSTALL} -m 644'
INSTALL_PROGRAM='${INSTALL}'
INSTALL_SCRIPT='${INSTALL}'
INSTALL_STRIP_PROGRAM='$(install_sh) -c -s'
LD='/usr/bin/ld -m elf_x86_64'
LDFLAGS='-Wl,-z,relro -Wl,--as-needed  -Wl,-z,now -specs=/usr/lib/rpm/redhat/redhat-hardened-ld'
LIBDIR='/usr/lib64'
LIBOBJS=''
LIBS='-lm '
LIBTOOL='$(SHELL) $(top_builddir)/libtool'
LIBVA_CFLAGS=''
LIBVA_DRM_CFLAGS=''
LIBVA_DRM_LIBS=''
LIBVA_LIBS=''
LIBVA_WAYLAND_CFLAGS=''
LIBVA_WAYLAND_LIBS=''
LIBVA_X11_CFLAGS=''
LIBVA_X11_LIBS=''
LIPO=''
LN_S='ln -s'
LTLIBOBJS=''
LT_SYS_LIBRARY_PATH=''
MAINT=''
MAINTAINER_MODE_FALSE='#'
MAINTAINER_MODE_TRUE=''
MAKEINFO='${SHELL} /home/kalpana/rpmbuild/BUILD/gstreamer-vaapi-1.14.4/build-aux/missing makeinfo'
MANIFEST_TOOL=':'
MKDIR_P='/usr/bin/mkdir -p'
NM='/usr/bin/nm -B'
NMEDIT=''
OBJDUMP='objdump'
OBJEXT='o'
OTOOL64=''
OTOOL=''
PACKAGE='gstreamer-vaapi'
PACKAGE_BUGREPORT='http://bugzilla.gnome.org/enter_bug.cgi?product=GStreamer'
PACKAGE_NAME='GStreamer VA-API Plug-ins'
PACKAGE_STRING='GStreamer VA-API Plug-ins 1.14.4'
PACKAGE_TARNAME='gstreamer-vaapi'
PACKAGE_URL=''
PACKAGE_VERSION='1.14.4'
PACKAGE_VERSION_MAJOR='1'
PACKAGE_VERSION_MICRO='4'
PACKAGE_VERSION_MINOR='14'
PACKAGE_VERSION_NANO='0'
PACKAGE_VERSION_RELEASE='1'
PATH_SEPARATOR=':'
PKG_CONFIG='/usr/bin/x86_64-redhat-linux-gnu-pkg-config'
PLUGINDIR='/usr/lib64/gstreamer-1.0'
PROFILE_CFLAGS=''
PYTHON='/usr/bin/python'
PYTHON_EXEC_PREFIX='${exec_prefix}'
PYTHON_PLATFORM='linux2'
PYTHON_PREFIX='${prefix}'
PYTHON_VERSION='2.7'
RANLIB='ranlib'
SED='/usr/bin/sed'
SET_MAKE=''
SHELL='/bin/sh'
STRIP='strip'
USE_DRM_FALSE=''
USE_DRM_TRUE=''
USE_EGL_FALSE=''
USE_EGL_TRUE=''
USE_ENCODERS_FALSE=''
USE_ENCODERS_TRUE=''
USE_GLX_FALSE=''
USE_GLX_TRUE=''
USE_GST_GL_HELPERS_FALSE='#'
USE_GST_GL_HELPERS_TRUE=''
USE_GTK_FALSE='#'
USE_GTK_TRUE=''
USE_H264_FEI_ENCODER_FALSE=''
USE_H264_FEI_ENCODER_TRUE=''
USE_H265_DECODER_FALSE=''
USE_H265_DECODER_TRUE=''
USE_H265_ENCODER_FALSE=''
USE_H265_ENCODER_TRUE=''
USE_JPEG_DECODER_FALSE=''
USE_JPEG_DECODER_TRUE=''
USE_JPEG_ENCODER_FALSE=''
USE_JPEG_ENCODER_TRUE=''
USE_VA_VPP_FALSE=''
USE_VA_VPP_TRUE=''
USE_VP8_DECODER_FALSE=''
USE_VP8_DECODER_TRUE=''
USE_VP8_ENCODER_FALSE=''
USE_VP8_ENCODER_TRUE=''
USE_VP9_DECODER_FALSE=''
USE_VP9_DECODER_TRUE=''
USE_VP9_ENCODER_FALSE=''
USE_VP9_ENCODER_TRUE=''
USE_WAYLAND_FALSE=''
USE_WAYLAND_TRUE=''
USE_X11_FALSE=''
USE_X11_TRUE=''
VERSION='1.14.4'
WARNING_CFLAGS=''
WAYLAND_CFLAGS=''
WAYLAND_LIBS='-lwayland-client '
X11_CFLAGS=''
X11_LIBS='-lX11 '
XRANDR_CFLAGS=''
XRANDR_LIBS='-lXrandr '
XRENDER_CFLAGS=''
XRENDER_LIBS='-lXrender -lX11 '
ac_ct_AR='ar'
ac_ct_CC='gcc'
ac_ct_DUMPBIN=''
am__EXEEXT_FALSE=''
am__EXEEXT_TRUE=''
am__fastdepCC_FALSE=''
am__fastdepCC_TRUE='#'
am__include='include'
am__isrc=''
am__leading_dot='.'
am__nodep=''
am__quote=''
am__tar='tar --format=ustar -chf - "$$tardir"'
am__untar='tar -xf -'
bindir='/usr/bin'
build='x86_64-redhat-linux-gnu'
build_alias='x86_64-redhat-linux-gnu'
build_cpu='x86_64'
build_os='linux-gnu'
build_vendor='redhat'
datadir='/usr/share'
datarootdir='${prefix}/share'
docdir='${datarootdir}/doc/${PACKAGE_TARNAME}'
dvidir='${docdir}'
exec_prefix='/usr'
host='x86_64-redhat-linux-gnu'
host_alias='x86_64-redhat-linux-gnu'
host_cpu='x86_64'
host_os='linux-gnu'
host_vendor='redhat'
htmldir='${docdir}'
includedir='/usr/include'
infodir='/usr/share/info'
install_sh='${SHELL} /home/kalpana/rpmbuild/BUILD/gstreamer-vaapi-1.14.4/build-aux/install-sh'
libdir='/usr/lib64'
libexecdir='/usr/libexec'
localedir='${datarootdir}/locale'
localstatedir='/var'
mandir='/usr/share/man'
mkdir_p='$(MKDIR_P)'
oldincludedir='/usr/include'
pdfdir='${docdir}'
pkgpyexecdir='${pyexecdir}/gstreamer-vaapi'
pkgpythondir='${pythondir}/gstreamer-vaapi'
plugindir='$(libdir)/gstreamer-1.0'
prefix='/usr'
program_transform_name='s&^&&'
psdir='${docdir}'
pyexecdir='${exec_prefix}/lib64/python2.7/site-packages'
pythondir='${prefix}/lib/python2.7/site-packages'
runstatedir='${localstatedir}/run'
sbindir='/usr/sbin'
sharedstatedir='/var/lib'
sysconfdir='/etc'
target='x86_64-redhat-linux-gnu'
target_alias=''
target_cpu='x86_64'
target_os='linux-gnu'
target_vendor='redhat'

## ----------- ##
## confdefs.h. ##
## ----------- ##

/* confdefs.h */
#define PACKAGE_NAME "GStreamer VA-API Plug-ins"
#define PACKAGE_TARNAME "gstreamer-vaapi"
#define PACKAGE_VERSION "1.14.4"
#define PACKAGE_STRING "GStreamer VA-API Plug-ins 1.14.4"
#define PACKAGE_BUGREPORT "http://bugzilla.gnome.org/enter_bug.cgi?product=GStreamer"
#define PACKAGE_URL ""
#define PACKAGE "gstreamer-vaapi"
#define VERSION "1.14.4"
#define GST_API_VERSION "1.0"
#define STDC_HEADERS 1
#define HAVE_SYS_TYPES_H 1
#define HAVE_SYS_STAT_H 1
#define HAVE_STDLIB_H 1
#define HAVE_STRING_H 1
#define HAVE_MEMORY_H 1
#define HAVE_STRINGS_H 1
#define HAVE_INTTYPES_H 1
#define HAVE_STDINT_H 1
#define HAVE_UNISTD_H 1
#define HAVE_DLFCN_H 1
#define LT_OBJDIR ".libs/"
#define GST_PACKAGE_RELEASE_DATETIME "2018-10-02"
#define HAVE_CPU_X86_64 1
#define HOST_CPU "x86_64"
#define TARGET_CPU "x86_64"
#define HAVE_LIBM 1
#define LIBDIR "/usr/lib64"
#define PLUGINDIR "/usr/lib64/gstreamer-1.0"
#define GIO_MODULE_DIR "/usr/lib64/gio/modules"
#define GIO_LIBDIR "/usr/lib64"
#define GIO_PREFIX "/usr"
#define GST_API_VERSION_S "1.16"
#define HAVE_GST_GL_GL_H 1
#define USE_GST_GL_HELPERS 1
#define HAVE_X11_XLIB_H 1
#define HAVE_X11_XUTIL_H 1
#define HAVE_X11_XATOM_H 1
#define HAVE_X11_XKBLIB_H 1
#define HAVE_X11_EXTENSIONS_XRANDR_H 1
#define HAVE_X11_EXTENSIONS_XRENDER_H 1
#define HAVE_XKBLIB 1
#define HAVE_XRANDR 1
#define HAVE_XRENDER 1
#define HAVE_GL_GL_H 1
#define HAVE_GL_GLEXT_H 1
#define HAVE_GL_GLX_H 1
#define HAVE_LIBGL 1
#define HAVE_EGL_EGL_H 1
#define HAVE_LIBEGL 1
#define HAVE_WAYLAND_CLIENT_H 1
#define HAVE_GTK_GTK_H 1

configure: exit 1
