warning: Macro expanded in comment on line 53: %{name} = %{version}-%{release}

Executing(%prep): /bin/sh -e /var/tmp/rpm-tmp.rsrEFW
+ umask 022
+ cd /home/kalpana/rpmbuild/BUILD
+ cd /home/kalpana/rpmbuild/BUILD
+ rm -rf gst-plugins-ugly-1.8.3
+ /usr/bin/xz -dc /home/kalpana/rpmbuild/SOURCES/gst-plugins-ugly-1.8.3.tar.xz
+ /usr/bin/tar -xof -
+ STATUS=0
+ '[' 0 -ne 0 ']'
+ cd gst-plugins-ugly-1.8.3
+ /usr/bin/chmod -Rf a+rX,u+w,g-w,o-w .
+ exit 0
Executing(%build): /bin/sh -e /var/tmp/rpm-tmp.qkc5pv
+ umask 022
+ cd /home/kalpana/rpmbuild/BUILD
+ cd gst-plugins-ugly-1.8.3
+ CFLAGS='-O2 -g -pipe -Wall -Werror=format-security -Wp,-D_FORTIFY_SOURCE=2 -Wp,-D_GLIBCXX_ASSERTIONS -fexceptions -fstack-protector-strong -grecord-gcc-switches -specs=/usr/lib/rpm/redhat/redhat-hardened-cc1 -specs=/usr/lib/rpm/redhat/redhat-annobin-cc1 -m64 -mtune=generic -fasynchronous-unwind-tables -fstack-clash-protection -fcf-protection'
+ export CFLAGS
+ CXXFLAGS='-O2 -g -pipe -Wall -Werror=format-security -Wp,-D_FORTIFY_SOURCE=2 -Wp,-D_GLIBCXX_ASSERTIONS -fexceptions -fstack-protector-strong -grecord-gcc-switches -specs=/usr/lib/rpm/redhat/redhat-hardened-cc1 -specs=/usr/lib/rpm/redhat/redhat-annobin-cc1 -m64 -mtune=generic -fasynchronous-unwind-tables -fstack-clash-protection -fcf-protection'
+ export CXXFLAGS
+ FFLAGS='-O2 -g -pipe -Wall -Werror=format-security -Wp,-D_FORTIFY_SOURCE=2 -Wp,-D_GLIBCXX_ASSERTIONS -fexceptions -fstack-protector-strong -grecord-gcc-switches -specs=/usr/lib/rpm/redhat/redhat-hardened-cc1 -specs=/usr/lib/rpm/redhat/redhat-annobin-cc1 -m64 -mtune=generic -fasynchronous-unwind-tables -fstack-clash-protection -fcf-protection -I/usr/lib64/gfortran/modules'
+ export FFLAGS
+ FCFLAGS='-O2 -g -pipe -Wall -Werror=format-security -Wp,-D_FORTIFY_SOURCE=2 -Wp,-D_GLIBCXX_ASSERTIONS -fexceptions -fstack-protector-strong -grecord-gcc-switches -specs=/usr/lib/rpm/redhat/redhat-hardened-cc1 -specs=/usr/lib/rpm/redhat/redhat-annobin-cc1 -m64 -mtune=generic -fasynchronous-unwind-tables -fstack-clash-protection -fcf-protection -I/usr/lib64/gfortran/modules'
+ export FCFLAGS
+ LDFLAGS='-Wl,-z,relro -Wl,--as-needed  -Wl,-z,now -specs=/usr/lib/rpm/redhat/redhat-hardened-ld'
+ export LDFLAGS
+ '[' 1 = 1 ']'
+++ dirname ./configure
++ find . -name config.guess -o -name config.sub
+ for i in $(find $(dirname ./configure) -name config.guess -o -name config.sub)
++ basename ./config.guess
+ '[' -f /usr/lib/rpm/redhat/config.guess ']'
+ /usr/bin/rm -f ./config.guess
++ basename ./config.guess
+ /usr/bin/cp -fv /usr/lib/rpm/redhat/config.guess ./config.guess
'/usr/lib/rpm/redhat/config.guess' -> './config.guess'
+ for i in $(find $(dirname ./configure) -name config.guess -o -name config.sub)
++ basename ./config.sub
+ '[' -f /usr/lib/rpm/redhat/config.sub ']'
+ /usr/bin/rm -f ./config.sub
++ basename ./config.sub
+ /usr/bin/cp -fv /usr/lib/rpm/redhat/config.sub ./config.sub
'/usr/lib/rpm/redhat/config.sub' -> './config.sub'
+ '[' 1 = 1 ']'
+ '[' x '!=' 'x-Wl,-z,now -specs=/usr/lib/rpm/redhat/redhat-hardened-ld' ']'
++ find . -name ltmain.sh
+ for i in $(find . -name ltmain.sh)
+ /usr/bin/sed -i.backup -e 's~compiler_flags=$~compiler_flags="-Wl,-z,now -specs=/usr/lib/rpm/redhat/redhat-hardened-ld"~' ./ltmain.sh
+ ./configure --build=x86_64-redhat-linux-gnu --host=x86_64-redhat-linux-gnu --program-prefix= --disable-dependency-tracking --prefix=/usr --exec-prefix=/usr --bindir=/usr/bin --sbindir=/usr/sbin --sysconfdir=/etc --datadir=/usr/share --includedir=/usr/include --libdir=/usr/lib64 --libexecdir=/usr/libexec --localstatedir=/var --sharedstatedir=/var/lib --mandir=/usr/share/man --infodir=/usr/share/info --enable-debug --enable-gtk-doc
checking build system type... x86_64-redhat-linux-gnu
checking host system type... x86_64-redhat-linux-gnu
checking target system type... x86_64-redhat-linux-gnu
checking for a BSD-compatible install... /usr/bin/install -c
checking whether build environment is sane... yes
checking for a thread-safe mkdir -p... /usr/bin/mkdir -p
checking for gawk... gawk
checking whether make sets $(MAKE)... yes
checking whether make supports nested variables... yes
checking whether UID '1000' is supported by ustar format... yes
checking whether GID '1000' is supported by ustar format... yes
checking how to create a ustar tar archive... gnutar
checking nano version... 0 (release)
checking whether to enable maintainer-specific portions of Makefiles... yes
checking whether make supports nested variables... (cached) yes
checking how to print strings... printf
checking for style of include used by make... GNU
checking for x86_64-redhat-linux-gnu-gcc... no
checking for gcc... gcc
checking whether the C compiler works... yes
checking for C compiler default output file name... a.out
checking for suffix of executables... 
checking whether we are cross compiling... no
checking for suffix of object files... o
checking whether we are using the GNU C compiler... yes
checking whether gcc accepts -g... yes
checking for gcc option to accept ISO C89... none needed
checking whether gcc understands -c and -o together... yes
checking dependency style of gcc... none
checking for a sed that does not truncate output... /usr/bin/sed
checking for grep that handles long lines and -e... /usr/bin/grep
checking for egrep... /usr/bin/grep -E
checking for fgrep... /usr/bin/grep -F
checking for ld used by gcc... /usr/bin/ld
checking if the linker (/usr/bin/ld) is GNU ld... yes
checking for BSD- or MS-compatible name lister (nm)... /usr/bin/nm -B
checking the name lister (/usr/bin/nm -B) interface... BSD nm
checking whether ln -s works... yes
checking the maximum length of command line arguments... 1572864
checking how to convert x86_64-redhat-linux-gnu file names to x86_64-redhat-linux-gnu format... func_convert_file_noop
checking how to convert x86_64-redhat-linux-gnu file names to toolchain format... func_convert_file_noop
checking for /usr/bin/ld option to reload object files... -r
checking for x86_64-redhat-linux-gnu-objdump... no
checking for objdump... objdump
checking how to recognize dependent libraries... pass_all
checking for x86_64-redhat-linux-gnu-dlltool... no
checking for dlltool... no
checking how to associate runtime and link libraries... printf %s\n
checking for x86_64-redhat-linux-gnu-ar... no
checking for ar... ar
checking for archiver @FILE support... @
checking for x86_64-redhat-linux-gnu-strip... no
checking for strip... strip
checking for x86_64-redhat-linux-gnu-ranlib... no
checking for ranlib... ranlib
checking command to parse /usr/bin/nm -B output from gcc object... ok
checking for sysroot... no
checking for a working dd... /usr/bin/dd
checking how to truncate binary pipes... /usr/bin/dd bs=4096 count=1
checking for x86_64-redhat-linux-gnu-mt... no
checking for mt... no
checking if : is a manifest tool... no
checking how to run the C preprocessor... gcc -E
checking for ANSI C header files... yes
checking for sys/types.h... yes
checking for sys/stat.h... yes
checking for stdlib.h... yes
checking for string.h... yes
checking for memory.h... yes
checking for strings.h... yes
checking for inttypes.h... yes
checking for stdint.h... yes
checking for unistd.h... yes
checking for dlfcn.h... yes
checking for objdir... .libs
checking if gcc supports -fno-rtti -fno-exceptions... no
checking for gcc option to produce PIC... -fPIC -DPIC
checking if gcc PIC flag -fPIC -DPIC works... yes
checking if gcc static flag -static works... no
checking if gcc supports -c -o file.o... yes
checking if gcc supports -c -o file.o... (cached) yes
checking whether the gcc linker (/usr/bin/ld -m elf_x86_64) supports shared libraries... yes
checking whether -lc should be explicitly linked in... no
checking dynamic linker characteristics... GNU/Linux ld.so
checking how to hardcode library paths into programs... immediate
checking for shl_load... no
checking for shl_load in -ldld... no
checking for dlopen... no
checking for dlopen in -ldl... yes
checking whether a program can dlopen itself... yes
checking whether a statically linked program can dlopen itself... yes
checking whether stripping libraries is possible... yes
checking if libtool supports shared libraries... yes
checking whether to build shared libraries... yes
checking whether to build static libraries... no
checking whether NLS is requested... yes
checking for msgfmt... /usr/bin/msgfmt
checking for gmsgfmt... /usr/bin/msgfmt
checking for xgettext... /usr/bin/xgettext
checking for msgmerge... /usr/bin/msgmerge
checking for ld used by GCC... /usr/bin/ld -m elf_x86_64
checking if the linker (/usr/bin/ld -m elf_x86_64) is GNU ld... yes
checking for shared library run path origin... done
checking for CFPreferencesCopyAppValue... no
checking for CFLocaleCopyCurrent... no
checking for GNU gettext in libc... yes
checking whether to use NLS... yes
checking where the gettext function comes from... libc
DOMAIN = gst-plugins-ugly-1.0
checking for x86_64-redhat-linux-gnu-pkg-config... /usr/bin/x86_64-redhat-linux-gnu-pkg-config
checking pkg-config is at least version 0.9.0... yes
checking for VALGRIND... no
configure: Using GStreamer Ugly Plug-ins source release as package name
configure: Using Unknown package origin as package origin

configure: *** checking feature: building of plug-ins with external deps ***
configure: building external plug-ins

configure: *** checking feature: building of experimental plug-ins ***
configure: not building experimental plug-ins
checking whether byte ordering is bigendian... no
checking whether byte ordering is bigendian... (cached) no
checking for x86_64-redhat-linux-gnu-gcc... gcc
checking whether we are using the GNU C compiler... (cached) yes
checking whether gcc accepts -g... (cached) yes
checking for gcc option to accept ISO C89... (cached) none needed
checking whether gcc understands -c and -o together... (cached) yes
checking dependency style of gcc... (cached) none
checking for gcc option to accept ISO C99... none needed
checking for gcc option to accept ISO Standard C... (cached) none needed
checking for x86_64-redhat-linux-gnu-g++... no
checking for x86_64-redhat-linux-gnu-c++... no
checking for x86_64-redhat-linux-gnu-gpp... no
checking for x86_64-redhat-linux-gnu-aCC... no
checking for x86_64-redhat-linux-gnu-CC... no
checking for x86_64-redhat-linux-gnu-cxx... no
checking for x86_64-redhat-linux-gnu-cc++... no
checking for x86_64-redhat-linux-gnu-cl.exe... no
checking for x86_64-redhat-linux-gnu-FCC... no
checking for x86_64-redhat-linux-gnu-KCC... no
checking for x86_64-redhat-linux-gnu-RCC... no
checking for x86_64-redhat-linux-gnu-xlC_r... no
checking for x86_64-redhat-linux-gnu-xlC... no
checking for g++... g++
checking whether we are using the GNU C++ compiler... yes
checking whether g++ accepts -g... yes
checking dependency style of g++... none
checking how to run the C++ preprocessor... g++ -E
checking for ld used by g++... /usr/bin/ld -m elf_x86_64
checking if the linker (/usr/bin/ld -m elf_x86_64) is GNU ld... yes
checking whether the g++ linker (/usr/bin/ld -m elf_x86_64) supports shared libraries... yes
checking for g++ option to produce PIC... -fPIC -DPIC
checking if g++ PIC flag -fPIC -DPIC works... yes
checking if g++ static flag -static works... no
checking if g++ supports -c -o file.o... yes
checking if g++ supports -c -o file.o... (cached) yes
checking whether the g++ linker (/usr/bin/ld -m elf_x86_64) supports shared libraries... yes
checking dynamic linker characteristics... (cached) GNU/Linux ld.so
checking how to hardcode library paths into programs... immediate
checking for g++... yes
checking for valgrind... no
checking for working do while(0) macros... yes
checking for gtkdoc-check... /usr/bin/gtkdoc-check
checking for gtkdoc-rebase... /usr/bin/gtkdoc-rebase
checking for gtkdoc-mkpdf... /usr/bin/gtkdoc-mkpdf
checking for GTKDOC_DEPS... yes
checking whether to build gtk-doc documentation... yes
checking for python... /usr/bin/python
checking for python version... 2.7
checking for python platform... linux2
checking for python script directory... ${prefix}/lib/python2.7/site-packages
checking for python extension module directory... ${exec_prefix}/lib64/python2.7/site-packages
checking whether to build plugin documentation... yes
checking for cos in -lm... yes
checking for stdint types... stdint.h (shortcircuit)
make use of stdint.h in _stdint.h (assuming C99 compatible system)
checking malloc.h usability... yes
checking malloc.h presence... yes
checking for malloc.h... yes
checking whether gcc implements __PRETTY_FUNCTION__... yes
checking whether gcc implements __FUNCTION__... yes
checking whether gcc implements __func__... yes
checking for GLIB... yes
checking for glib-genmarshal... /usr/bin/glib-genmarshal (from pkg-config path)
checking for glib-mkenums... /usr/bin/glib-mkenums
checking for GIO... yes
checking for ORC... yes
checking for usable orcc... /usr/bin/orcc
checking for GST... yes
configure: using GStreamer tools in /usr/bin
configure: using GStreamer plug-ins in /usr/lib64/gstreamer-1.0
checking for GST_BASE... yes
checking for GST_CHECK... yes
checking for GST_PLUGINS_BASE... yes
configure: using GStreamer Base Plugins in /usr/lib64/gstreamer-1.0
checking for GMODULE_NO_EXPORT... yes
checking for -Bsymbolic-functions linker flag... yes
configure: Using /usr/lib64/gstreamer-1.0 as the plugin install location
configure: Setting GST_PACKAGE_RELEASE_DATETIME to 2016-08-19
checking whether to build static plugins or not... no
checking to see if compiler understands -Wall... yes
checking to see if compiler understands -Wdeclaration-after-statement... yes
checking to see if compiler understands -Wvla... yes
checking to see if compiler understands -Wpointer-arith... yes
checking to see if compiler understands -Wmissing-declarations... yes
checking to see if compiler understands -Wmissing-prototypes... yes
checking to see if compiler understands -Wredundant-decls... yes
checking to see if compiler understands -Wwrite-strings... yes
checking to see if compiler understands -Wformat-nonliteral... yes
checking to see if compiler understands -Wformat-security... yes
checking to see if compiler understands -Wold-style-definition... yes
checking to see if compiler understands -Winit-self... yes
checking to see if compiler understands -Wmissing-include-dirs... yes
checking to see if compiler understands -Waddress... yes
checking to see if compiler understands -Waggregate-return... yes
checking to see if compiler understands -Wno-multichar... yes
checking to see if compiler understands -Wnested-externs... yes
configure: set WARNING_CFLAGS to  -Wall -Wdeclaration-after-statement -Wvla -Wpointer-arith -Wmissing-declarations -Wmissing-prototypes -Wredundant-decls -Wwrite-strings -Wformat-nonliteral -Wformat-security -Wold-style-definition -Winit-self -Wmissing-include-dirs -Waddress -Waggregate-return -Wno-multichar -Wnested-externs
configure: set ERROR_CFLAGS to 
checking to see if c++ compiler understands ... yes
checking to see if c++ compiler understands -Wall... yes
checking to see if c++ compiler understands -Wmissing-declarations... yes
checking to see if c++ compiler understands -Wredundant-decls... yes
checking to see if c++ compiler understands -Wwrite-strings... yes
checking to see if c++ compiler understands -Wformat-nonliteral... yes
checking to see if c++ compiler understands -Wformat-security... yes
checking to see if c++ compiler understands -Winit-self... yes
checking to see if c++ compiler understands -Wmissing-include-dirs... yes
checking to see if c++ compiler understands -Waddress... yes
checking to see if c++ compiler understands -Waggregate-return... yes
checking to see if c++ compiler understands -Wno-multichar... yes
configure: set WARNING_CXXFLAGS to  -Wall -Wmissing-declarations -Wredundant-decls -Wwrite-strings -Wformat-nonliteral -Wformat-security -Winit-self -Wmissing-include-dirs -Waddress -Waggregate-return -Wno-multichar
configure: set ERROR_CXXFLAGS to 
configure: Using autoaudiosink as default audio sink
configure: Using alsasrc as default audio source
configure: Using autovideosink as default video sink
configure: Using v4l2src as default video source
configure: Using goom as default visualizer
checking winsock2.h usability... no
checking winsock2.h presence... no
checking for winsock2.h... no

configure: Checking libraries for plugins in ext/


configure: *** checking feature: a52dec ***
configure: *** for plug-ins: a52dec ***
checking for a52_init in -la52... yes
checking a52dec/a52.h usability... yes
checking a52dec/a52.h presence... yes
checking for a52dec/a52.h... yes
configure: *** These plugins will be built: a52dec

configure: *** checking feature: amrnb library ***
configure: *** for plug-ins: amrnb ***
checking for AMRNB... no
configure: Package 'opencore-amrnb', required by 'virtual:world', not found
configure: *** These plugins will not be built: amrnb

configure: *** checking feature: amrwb library ***
configure: *** for plug-ins: amrwbdec ***
checking for AMRWB... no
configure: Package 'opencore-amrwb', required by 'virtual:world', not found
configure: *** These plugins will not be built: amrwbdec

configure: *** checking feature: cdio library ***
configure: *** for plug-ins: cdio ***
checking for CDIO... no
configure: Package 'libcdio', required by 'virtual:world', not found
configure: *** These plugins will not be built: cdio

configure: *** checking feature: dvdread library ***
configure: *** for plug-ins: dvdreadsrc ***
checking for DVDOpen in -ldvdread... yes
checking dvdread/dvd_reader.h usability... yes
checking dvdread/dvd_reader.h presence... yes
checking for dvdread/dvd_reader.h... yes
configure: *** These plugins will be built: dvdreadsrc

configure: *** checking feature: lame mp3 encoder library ***
configure: *** for plug-ins: lame ***
checking for lame_init in -lmp3lame... yes
checking lame/lame.h usability... yes
checking lame/lame.h presence... yes
checking for lame/lame.h... yes
configure: *** These plugins will be built: lame

configure: *** checking feature: mad mp3 decoder ***
configure: *** for plug-ins: mad ***
checking for MAD... yes
configure: *** These plugins will be built: mad

configure: *** checking feature: mpeg2dec ***
configure: *** for plug-ins: mpeg2dec ***
checking for MPEG2DEC... yes
configure: *** These plugins will be built: mpeg2dec

configure: *** checking feature: mpg123 audio decoder ***
configure: *** for plug-ins: mpg123 ***
checking for MPG123... yes
configure: *** These plugins will be built: mpg123

configure: *** checking feature: libsidplay ***
configure: *** for plug-ins: sid ***
checking for libsidplay 1.36.x... checking sidplay/player.h usability... yes
checking sidplay/player.h presence... yes
checking for sidplay/player.h... yes
checking whether -lsidplay works... yes
configure: *** These plugins will be built: sid

configure: *** checking feature: twolame ***
configure: *** for plug-ins: twolame ***
checking for TWOLAME... yes
configure: *** These plugins will be built: twolame

configure: *** checking feature: x264 plug-in ***
configure: *** for plug-ins: x264 ***
checking for X264... no
configure: Package 'x264', required by 'virtual:world', not found
configure: *** These plugins will not be built: x264
checking that generated files are newer than configure... done
configure: creating ./config.status
config.status: creating Makefile
config.status: creating common/Makefile
config.status: creating common/m4/Makefile
config.status: creating gst-libs/Makefile
config.status: creating gst-libs/gst/Makefile
config.status: creating gst/Makefile
config.status: creating gst/asfdemux/Makefile
config.status: creating gst/dvdlpcmdec/Makefile
config.status: creating gst/dvdsub/Makefile
config.status: creating gst/realmedia/Makefile
config.status: creating gst/xingmux/Makefile
config.status: creating ext/Makefile
config.status: creating ext/a52dec/Makefile
config.status: creating ext/amrnb/Makefile
config.status: creating ext/amrwbdec/Makefile
config.status: creating ext/cdio/Makefile
config.status: creating ext/dvdread/Makefile
config.status: creating ext/lame/Makefile
config.status: creating ext/mad/Makefile
config.status: creating ext/mpeg2dec/Makefile
config.status: creating ext/mpg123/Makefile
config.status: creating ext/sidplay/Makefile
config.status: creating ext/twolame/Makefile
config.status: creating ext/x264/Makefile
config.status: creating docs/Makefile
config.status: creating docs/plugins/Makefile
config.status: creating docs/version.entities
config.status: creating tests/Makefile
config.status: creating tests/check/Makefile
config.status: creating tests/files/Makefile
config.status: creating m4/Makefile
config.status: creating po/Makefile.in
config.status: creating pkgconfig/Makefile
config.status: creating pkgconfig/gstreamer-plugins-ugly-uninstalled.pc
config.status: creating gst-plugins-ugly.spec
config.status: creating config.h
config.status: executing depfiles commands
config.status: executing libtool commands
config.status: executing po-directories commands
config.status: creating po/POTFILES
config.status: creating po/Makefile
config.status: executing _stdint.h commands
config.status: creating _stdint.h : _GST_PLUGINS_UGLY__STDINT_H
configure: *** Plug-ins without external dependencies that will be built:
	asfdemux
	dvdlpcmdec
	dvdsub
	realmedia
	xingmux

configure: *** Plug-ins without external dependencies that will NOT be built:

configure: *** Plug-ins that have NOT been ported:

configure: *** Plug-ins with dependencies that will be built:
	a52dec
	dvdreadsrc
	lame
	mad
	mpeg2dec
	mpg123
	sid
	twolame

configure: *** Plug-ins with dependencies that will NOT be built:
	amrnb
	amrwbdec
	cdio
	x264

configure: *** Orc acceleration enabled.

+ make -j2
make  all-recursive
make[1]: Entering directory '/home/kalpana/rpmbuild/BUILD/gst-plugins-ugly-1.8.3'
Making all in gst-libs
make[2]: Entering directory '/home/kalpana/rpmbuild/BUILD/gst-plugins-ugly-1.8.3/gst-libs'
Making all in gst
make[3]: Entering directory '/home/kalpana/rpmbuild/BUILD/gst-plugins-ugly-1.8.3/gst-libs/gst'
make[3]: Nothing to be done for 'all'.
make[3]: Leaving directory '/home/kalpana/rpmbuild/BUILD/gst-plugins-ugly-1.8.3/gst-libs/gst'
make[3]: Entering directory '/home/kalpana/rpmbuild/BUILD/gst-plugins-ugly-1.8.3/gst-libs'
make[3]: Nothing to be done for 'all-am'.
make[3]: Leaving directory '/home/kalpana/rpmbuild/BUILD/gst-plugins-ugly-1.8.3/gst-libs'
make[2]: Leaving directory '/home/kalpana/rpmbuild/BUILD/gst-plugins-ugly-1.8.3/gst-libs'
Making all in gst
make[2]: Entering directory '/home/kalpana/rpmbuild/BUILD/gst-plugins-ugly-1.8.3/gst'
make -C asfdemux
make -C dvdlpcmdec
make[3]: Entering directory '/home/kalpana/rpmbuild/BUILD/gst-plugins-ugly-1.8.3/gst/asfdemux'
make[3]: Entering directory '/home/kalpana/rpmbuild/BUILD/gst-plugins-ugly-1.8.3/gst/dvdlpcmdec'
  CC       libgstasf_la-gstasfdemux.lo
  CC       libgstdvdlpcmdec_la-gstdvdlpcmdec.lo
gstasfdemux.c: In function 'gst_asf_demux_parse_stream_object':
gstasfdemux.c:2911:39: warning: '<<' in boolean context, did you mean '<' ? [-Wint-in-bool-context]
 2911 |   is_encrypted = ! !((flags & 0x8000) << 15);
      |                     ~~~~~~~~~~~~~~~~~~^~~~~~
  CCLD     libgstdvdlpcmdec.la
make[3]: Leaving directory '/home/kalpana/rpmbuild/BUILD/gst-plugins-ugly-1.8.3/gst/dvdlpcmdec'
make -C dvdsub
make[3]: Entering directory '/home/kalpana/rpmbuild/BUILD/gst-plugins-ugly-1.8.3/gst/dvdsub'
  CC       libgstdvdsub_la-gstdvdsubdec.lo
  CC       libgstdvdsub_la-gstdvdsubparse.lo
  CCLD     libgstdvdsub.la
make[3]: Leaving directory '/home/kalpana/rpmbuild/BUILD/gst-plugins-ugly-1.8.3/gst/dvdsub'
  CC       libgstasf_la-gstasf.lo
  CC       libgstasf_la-asfheaders.lo
  CC       libgstasf_la-asfpacket.lo
  CC       libgstasf_la-gstrtpasfdepay.lo
  CC       libgstasf_la-gstrtspwms.lo
make -C xingmux
make[3]: Entering directory '/home/kalpana/rpmbuild/BUILD/gst-plugins-ugly-1.8.3/gst/xingmux'
  CC       libgstxingmux_la-plugin.lo
  CCLD     libgstasf.la
  CC       libgstxingmux_la-gstxingmux.lo
make[3]: Leaving directory '/home/kalpana/rpmbuild/BUILD/gst-plugins-ugly-1.8.3/gst/asfdemux'
make -C realmedia
make[3]: Entering directory '/home/kalpana/rpmbuild/BUILD/gst-plugins-ugly-1.8.3/gst/realmedia'
  CC       libgstrmdemux_la-rademux.lo
  CCLD     libgstxingmux.la
  CC       libgstrmdemux_la-rmdemux.lo
make[3]: Leaving directory '/home/kalpana/rpmbuild/BUILD/gst-plugins-ugly-1.8.3/gst/xingmux'
  CC       libgstrmdemux_la-rmutils.lo
  CC       libgstrmdemux_la-rdtdepay.lo
  CC       libgstrmdemux_la-rdtmanager.lo
  CC       libgstrmdemux_la-rtspreal.lo
  CC       libgstrmdemux_la-realhash.lo
  CC       libgstrmdemux_la-asmrules.lo
  CC       libgstrmdemux_la-rdtjitterbuffer.lo
  CC       libgstrmdemux_la-gstrdtbuffer.lo
  CC       libgstrmdemux_la-pnmsrc.lo
  CC       libgstrmdemux_la-realmedia.lo
  CC       asmrules-asmrules.o
  CCLD     libgstrmdemux.la
  CCLD     asmrules
make[3]: Leaving directory '/home/kalpana/rpmbuild/BUILD/gst-plugins-ugly-1.8.3/gst/realmedia'
Making all in asfdemux
make[3]: Entering directory '/home/kalpana/rpmbuild/BUILD/gst-plugins-ugly-1.8.3/gst/asfdemux'
make[3]: Nothing to be done for 'all'.
make[3]: Leaving directory '/home/kalpana/rpmbuild/BUILD/gst-plugins-ugly-1.8.3/gst/asfdemux'
Making all in dvdlpcmdec
make[3]: Entering directory '/home/kalpana/rpmbuild/BUILD/gst-plugins-ugly-1.8.3/gst/dvdlpcmdec'
make[3]: Nothing to be done for 'all'.
make[3]: Leaving directory '/home/kalpana/rpmbuild/BUILD/gst-plugins-ugly-1.8.3/gst/dvdlpcmdec'
Making all in dvdsub
make[3]: Entering directory '/home/kalpana/rpmbuild/BUILD/gst-plugins-ugly-1.8.3/gst/dvdsub'
make[3]: Nothing to be done for 'all'.
make[3]: Leaving directory '/home/kalpana/rpmbuild/BUILD/gst-plugins-ugly-1.8.3/gst/dvdsub'
Making all in xingmux
make[3]: Entering directory '/home/kalpana/rpmbuild/BUILD/gst-plugins-ugly-1.8.3/gst/xingmux'
make[3]: Nothing to be done for 'all'.
make[3]: Leaving directory '/home/kalpana/rpmbuild/BUILD/gst-plugins-ugly-1.8.3/gst/xingmux'
Making all in realmedia
make[3]: Entering directory '/home/kalpana/rpmbuild/BUILD/gst-plugins-ugly-1.8.3/gst/realmedia'
make[3]: Nothing to be done for 'all'.
make[3]: Leaving directory '/home/kalpana/rpmbuild/BUILD/gst-plugins-ugly-1.8.3/gst/realmedia'
make[3]: Entering directory '/home/kalpana/rpmbuild/BUILD/gst-plugins-ugly-1.8.3/gst'
make[3]: Nothing to be done for 'all-am'.
make[3]: Leaving directory '/home/kalpana/rpmbuild/BUILD/gst-plugins-ugly-1.8.3/gst'
make[2]: Leaving directory '/home/kalpana/rpmbuild/BUILD/gst-plugins-ugly-1.8.3/gst'
Making all in ext
make[2]: Entering directory '/home/kalpana/rpmbuild/BUILD/gst-plugins-ugly-1.8.3/ext'
make -C a52dec
make -C dvdread
make[3]: Entering directory '/home/kalpana/rpmbuild/BUILD/gst-plugins-ugly-1.8.3/ext/dvdread'
make[3]: Entering directory '/home/kalpana/rpmbuild/BUILD/gst-plugins-ugly-1.8.3/ext/a52dec'
  CC       libgstdvdread_la-dvdreadsrc.lo
  CC       libgsta52dec_la-gsta52dec.lo
dvdreadsrc.c: In function 'gst_dvd_read_src_goto_chapter':
dvdreadsrc.c:394:65: warning: taking address of packed member of 'struct <anonymous>' may result in an unaligned pointer value [-Waddress-of-packed-member]
  394 |       gst_dvd_read_src_make_clut_change_event (src, src->cur_pgc->palette);
      |                                                     ~~~~~~~~~~~~^~~~~~~~~
  CCLD     libgsta52dec.la
make[3]: Leaving directory '/home/kalpana/rpmbuild/BUILD/gst-plugins-ugly-1.8.3/ext/a52dec'
make -C lame
make[3]: Entering directory '/home/kalpana/rpmbuild/BUILD/gst-plugins-ugly-1.8.3/ext/lame'
  CC       libgstlame_la-gstlamemp3enc.lo
  CCLD     libgstdvdread.la
make[3]: Leaving directory '/home/kalpana/rpmbuild/BUILD/gst-plugins-ugly-1.8.3/ext/dvdread'
make -C mad
make[3]: Entering directory '/home/kalpana/rpmbuild/BUILD/gst-plugins-ugly-1.8.3/ext/mad'
  CC       libgstmad_la-gstmad.lo
  CCLD     libgstmad.la
make[3]: Leaving directory '/home/kalpana/rpmbuild/BUILD/gst-plugins-ugly-1.8.3/ext/mad'
make -C mpeg2dec
make[3]: Entering directory '/home/kalpana/rpmbuild/BUILD/gst-plugins-ugly-1.8.3/ext/mpeg2dec'
  CC       libgstmpeg2dec_la-gstmpeg2dec.lo
  CCLD     libgstmpeg2dec.la
make[3]: Leaving directory '/home/kalpana/rpmbuild/BUILD/gst-plugins-ugly-1.8.3/ext/mpeg2dec'
make -C mpg123
make[3]: Entering directory '/home/kalpana/rpmbuild/BUILD/gst-plugins-ugly-1.8.3/ext/mpg123'
  CC       libgstmpg123_la-gstmpg123audiodec.lo
  CCLD     libgstmpg123.la
make[3]: Leaving directory '/home/kalpana/rpmbuild/BUILD/gst-plugins-ugly-1.8.3/ext/mpg123'
make -C sidplay
make[3]: Entering directory '/home/kalpana/rpmbuild/BUILD/gst-plugins-ugly-1.8.3/ext/sidplay'
  CXX      libgstsid_la-gstsiddec.lo
  CXXLD    libgstsid.la
make[3]: Leaving directory '/home/kalpana/rpmbuild/BUILD/gst-plugins-ugly-1.8.3/ext/sidplay'
make -C twolame
make[3]: Entering directory '/home/kalpana/rpmbuild/BUILD/gst-plugins-ugly-1.8.3/ext/twolame'
  CC       libgsttwolame_la-gsttwolamemp2enc.lo
  CCLD     libgsttwolame.la
make[3]: Leaving directory '/home/kalpana/rpmbuild/BUILD/gst-plugins-ugly-1.8.3/ext/twolame'
  CC       libgstlame_la-plugin.lo
  CCLD     libgstlame.la
make[3]: Leaving directory '/home/kalpana/rpmbuild/BUILD/gst-plugins-ugly-1.8.3/ext/lame'
Making all in a52dec
make[3]: Entering directory '/home/kalpana/rpmbuild/BUILD/gst-plugins-ugly-1.8.3/ext/a52dec'
make[3]: Nothing to be done for 'all'.
make[3]: Leaving directory '/home/kalpana/rpmbuild/BUILD/gst-plugins-ugly-1.8.3/ext/a52dec'
Making all in dvdread
make[3]: Entering directory '/home/kalpana/rpmbuild/BUILD/gst-plugins-ugly-1.8.3/ext/dvdread'
make[3]: Nothing to be done for 'all'.
make[3]: Leaving directory '/home/kalpana/rpmbuild/BUILD/gst-plugins-ugly-1.8.3/ext/dvdread'
Making all in lame
make[3]: Entering directory '/home/kalpana/rpmbuild/BUILD/gst-plugins-ugly-1.8.3/ext/lame'
make[3]: Nothing to be done for 'all'.
make[3]: Leaving directory '/home/kalpana/rpmbuild/BUILD/gst-plugins-ugly-1.8.3/ext/lame'
Making all in mad
make[3]: Entering directory '/home/kalpana/rpmbuild/BUILD/gst-plugins-ugly-1.8.3/ext/mad'
make[3]: Nothing to be done for 'all'.
make[3]: Leaving directory '/home/kalpana/rpmbuild/BUILD/gst-plugins-ugly-1.8.3/ext/mad'
Making all in mpeg2dec
make[3]: Entering directory '/home/kalpana/rpmbuild/BUILD/gst-plugins-ugly-1.8.3/ext/mpeg2dec'
make[3]: Nothing to be done for 'all'.
make[3]: Leaving directory '/home/kalpana/rpmbuild/BUILD/gst-plugins-ugly-1.8.3/ext/mpeg2dec'
Making all in mpg123
make[3]: Entering directory '/home/kalpana/rpmbuild/BUILD/gst-plugins-ugly-1.8.3/ext/mpg123'
make[3]: Nothing to be done for 'all'.
make[3]: Leaving directory '/home/kalpana/rpmbuild/BUILD/gst-plugins-ugly-1.8.3/ext/mpg123'
Making all in sidplay
make[3]: Entering directory '/home/kalpana/rpmbuild/BUILD/gst-plugins-ugly-1.8.3/ext/sidplay'
make[3]: Nothing to be done for 'all'.
make[3]: Leaving directory '/home/kalpana/rpmbuild/BUILD/gst-plugins-ugly-1.8.3/ext/sidplay'
Making all in twolame
make[3]: Entering directory '/home/kalpana/rpmbuild/BUILD/gst-plugins-ugly-1.8.3/ext/twolame'
make[3]: Nothing to be done for 'all'.
make[3]: Leaving directory '/home/kalpana/rpmbuild/BUILD/gst-plugins-ugly-1.8.3/ext/twolame'
make[3]: Entering directory '/home/kalpana/rpmbuild/BUILD/gst-plugins-ugly-1.8.3/ext'
make[3]: Nothing to be done for 'all-am'.
make[3]: Leaving directory '/home/kalpana/rpmbuild/BUILD/gst-plugins-ugly-1.8.3/ext'
make[2]: Leaving directory '/home/kalpana/rpmbuild/BUILD/gst-plugins-ugly-1.8.3/ext'
Making all in docs
make[2]: Entering directory '/home/kalpana/rpmbuild/BUILD/gst-plugins-ugly-1.8.3/docs'
Making all in plugins
make[3]: Entering directory '/home/kalpana/rpmbuild/BUILD/gst-plugins-ugly-1.8.3/docs/plugins'
  DOC   Scanning header files
  DOC   Building XML
usage: gtkdoc-mkdb [-h] [--version] --module MODULE [--source-dir SOURCE_DIR]
                   [--source-suffixes SOURCE_SUFFIXES]
                   [--ignore-files IGNORE_FILES] [--output-dir OUTPUT_DIR]
                   [--tmpl-dir TMPL_DIR] [--main-sgml-file MAIN_SGML_FILE]
                   [--expand-content-files EXPAND_CONTENT_FILES]
                   [--sgml-mode | --xml-mode]
                   [--default-stability {,Stable,Private,Unstable}]
                   [--default-includes DEFAULT_INCLUDES]
                   [--output-format OUTPUT_FORMAT] [--name-space NAME_SPACE]
                   [--outputallsymbols] [--outputsymbolswithoutsince]
gtkdoc-mkdb: error: unrecognized arguments: ../../ext
make[3]: *** [Makefile:953: sgml-build.stamp] Error 2
make[3]: Leaving directory '/home/kalpana/rpmbuild/BUILD/gst-plugins-ugly-1.8.3/docs/plugins'
make[2]: *** [Makefile:535: all-recursive] Error 1
make[2]: Leaving directory '/home/kalpana/rpmbuild/BUILD/gst-plugins-ugly-1.8.3/docs'
make[1]: *** [Makefile:623: all-recursive] Error 1
make[1]: Leaving directory '/home/kalpana/rpmbuild/BUILD/gst-plugins-ugly-1.8.3'
make: *** [Makefile:552: all] Error 2
error: Bad exit status from /var/tmp/rpm-tmp.qkc5pv (%build)


RPM build errors:
    Macro expanded in comment on line 53: %{name} = %{version}-%{release}

    Bad exit status from /var/tmp/rpm-tmp.qkc5pv (%build)
