warning: Macro expanded in comment on line 20: %{gstreamer}-plugins-bad-devel >= 1.0.0

Executing(%prep): /bin/sh -e /var/tmp/rpm-tmp.GAKPOw
+ umask 022
+ cd /home/kalpana/rpmbuild/BUILD
+ cd /home/kalpana/rpmbuild/BUILD
+ rm -rf gstreamer-vaapi-1.14.4
+ /usr/bin/xz -dc /home/kalpana/rpmbuild/SOURCES/gstreamer-vaapi-1.14.4.tar.xz
+ /usr/bin/tar -xof -
+ STATUS=0
+ '[' 0 -ne 0 ']'
+ cd gstreamer-vaapi-1.14.4
+ /usr/bin/chmod -Rf a+rX,u+w,g-w,o-w .
+ exit 0
Executing(%build): /bin/sh -e /var/tmp/rpm-tmp.lyWXVi
+ umask 022
+ cd /home/kalpana/rpmbuild/BUILD
+ cd gstreamer-vaapi-1.14.4
+ CFLAGS='-O2 -g -pipe -Wall -Werror=format-security -Wp,-D_FORTIFY_SOURCE=2 -Wp,-D_GLIBCXX_ASSERTIONS -fexceptions -fstack-protector-strong -grecord-gcc-switches -specs=/usr/lib/rpm/redhat/redhat-hardened-cc1 -specs=/usr/lib/rpm/redhat/redhat-annobin-cc1 -m64 -mtune=generic -fasynchronous-unwind-tables -fstack-clash-protection -fcf-protection'
+ export CFLAGS
+ CXXFLAGS='-O2 -g -pipe -Wall -Werror=format-security -Wp,-D_FORTIFY_SOURCE=2 -Wp,-D_GLIBCXX_ASSERTIONS -fexceptions -fstack-protector-strong -grecord-gcc-switches -specs=/usr/lib/rpm/redhat/redhat-hardened-cc1 -specs=/usr/lib/rpm/redhat/redhat-annobin-cc1 -m64 -mtune=generic -fasynchronous-unwind-tables -fstack-clash-protection -fcf-protection'
+ export CXXFLAGS
+ FFLAGS='-O2 -g -pipe -Wall -Werror=format-security -Wp,-D_FORTIFY_SOURCE=2 -Wp,-D_GLIBCXX_ASSERTIONS -fexceptions -fstack-protector-strong -grecord-gcc-switches -specs=/usr/lib/rpm/redhat/redhat-hardened-cc1 -specs=/usr/lib/rpm/redhat/redhat-annobin-cc1 -m64 -mtune=generic -fasynchronous-unwind-tables -fstack-clash-protection -fcf-protection -I/usr/lib64/gfortran/modules'
+ export FFLAGS
+ FCFLAGS='-O2 -g -pipe -Wall -Werror=format-security -Wp,-D_FORTIFY_SOURCE=2 -Wp,-D_GLIBCXX_ASSERTIONS -fexceptions -fstack-protector-strong -grecord-gcc-switches -specs=/usr/lib/rpm/redhat/redhat-hardened-cc1 -specs=/usr/lib/rpm/redhat/redhat-annobin-cc1 -m64 -mtune=generic -fasynchronous-unwind-tables -fstack-clash-protection -fcf-protection -I/usr/lib64/gfortran/modules'
+ export FCFLAGS
+ LDFLAGS='-Wl,-z,relro -Wl,--as-needed  -Wl,-z,now -specs=/usr/lib/rpm/redhat/redhat-hardened-ld'
+ export LDFLAGS
+ '[' 1 = 1 ']'
+++ dirname ./configure
++ find . -name config.guess -o -name config.sub
+ for i in $(find $(dirname ./configure) -name config.guess -o -name config.sub)
++ basename ./build-aux/config.guess
+ '[' -f /usr/lib/rpm/redhat/config.guess ']'
+ /usr/bin/rm -f ./build-aux/config.guess
++ basename ./build-aux/config.guess
+ /usr/bin/cp -fv /usr/lib/rpm/redhat/config.guess ./build-aux/config.guess
'/usr/lib/rpm/redhat/config.guess' -> './build-aux/config.guess'
+ for i in $(find $(dirname ./configure) -name config.guess -o -name config.sub)
++ basename ./build-aux/config.sub
+ '[' -f /usr/lib/rpm/redhat/config.sub ']'
+ /usr/bin/rm -f ./build-aux/config.sub
++ basename ./build-aux/config.sub
+ /usr/bin/cp -fv /usr/lib/rpm/redhat/config.sub ./build-aux/config.sub
'/usr/lib/rpm/redhat/config.sub' -> './build-aux/config.sub'
+ '[' 1 = 1 ']'
+ '[' x '!=' 'x-Wl,-z,now -specs=/usr/lib/rpm/redhat/redhat-hardened-ld' ']'
++ find . -name ltmain.sh
+ for i in $(find . -name ltmain.sh)
+ /usr/bin/sed -i.backup -e 's~compiler_flags=$~compiler_flags="-Wl,-z,now -specs=/usr/lib/rpm/redhat/redhat-hardened-ld"~' ./build-aux/ltmain.sh
+ ./configure --build=x86_64-redhat-linux-gnu --host=x86_64-redhat-linux-gnu --program-prefix= --disable-dependency-tracking --prefix=/usr --exec-prefix=/usr --bindir=/usr/bin --sbindir=/usr/sbin --sysconfdir=/etc --datadir=/usr/share --includedir=/usr/include --libdir=/usr/lib64 --libexecdir=/usr/libexec --localstatedir=/var --sharedstatedir=/var/lib --mandir=/usr/share/man --infodir=/usr/share/info
checking build system type... x86_64-redhat-linux-gnu
checking host system type... x86_64-redhat-linux-gnu
checking target system type... x86_64-redhat-linux-gnu
checking for a BSD-compatible install... /usr/bin/install -c
checking whether build environment is sane... yes
checking for a thread-safe mkdir -p... /usr/bin/mkdir -p
checking for gawk... gawk
checking whether make sets $(MAKE)... yes
checking whether make supports nested variables... yes
checking whether UID '1000' is supported by ustar format... yes
checking whether GID '1000' is supported by ustar format... yes
checking how to create a ustar tar archive... gnutar
checking nano version... 0 (release)
checking whether to enable maintainer-specific portions of Makefiles... yes
checking whether make supports nested variables... (cached) yes
checking how to print strings... printf
checking whether make supports the include directive... yes (GNU style)
checking for x86_64-redhat-linux-gnu-gcc... no
checking for gcc... gcc
checking whether the C compiler works... yes
checking for C compiler default output file name... a.out
checking for suffix of executables... 
checking whether we are cross compiling... no
checking for suffix of object files... o
checking whether we are using the GNU C compiler... yes
checking whether gcc accepts -g... yes
checking for gcc option to accept ISO C89... none needed
checking whether gcc understands -c and -o together... yes
checking dependency style of gcc... none
checking for a sed that does not truncate output... /usr/bin/sed
checking for grep that handles long lines and -e... /usr/bin/grep
checking for egrep... /usr/bin/grep -E
checking for fgrep... /usr/bin/grep -F
checking for ld used by gcc... /usr/bin/ld
checking if the linker (/usr/bin/ld) is GNU ld... yes
checking for BSD- or MS-compatible name lister (nm)... /usr/bin/nm -B
checking the name lister (/usr/bin/nm -B) interface... BSD nm
checking whether ln -s works... yes
checking the maximum length of command line arguments... 1572864
checking how to convert x86_64-redhat-linux-gnu file names to x86_64-redhat-linux-gnu format... func_convert_file_noop
checking how to convert x86_64-redhat-linux-gnu file names to toolchain format... func_convert_file_noop
checking for /usr/bin/ld option to reload object files... -r
checking for x86_64-redhat-linux-gnu-objdump... no
checking for objdump... objdump
checking how to recognize dependent libraries... pass_all
checking for x86_64-redhat-linux-gnu-dlltool... no
checking for dlltool... no
checking how to associate runtime and link libraries... printf %s\n
checking for x86_64-redhat-linux-gnu-ar... no
checking for ar... ar
checking for archiver @FILE support... @
checking for x86_64-redhat-linux-gnu-strip... no
checking for strip... strip
checking for x86_64-redhat-linux-gnu-ranlib... no
checking for ranlib... ranlib
checking command to parse /usr/bin/nm -B output from gcc object... ok
checking for sysroot... no
checking for a working dd... /usr/bin/dd
checking how to truncate binary pipes... /usr/bin/dd bs=4096 count=1
checking for x86_64-redhat-linux-gnu-mt... no
checking for mt... no
checking if : is a manifest tool... no
checking how to run the C preprocessor... gcc -E
checking for ANSI C header files... yes
checking for sys/types.h... yes
checking for sys/stat.h... yes
checking for stdlib.h... yes
checking for string.h... yes
checking for memory.h... yes
checking for strings.h... yes
checking for inttypes.h... yes
checking for stdint.h... yes
checking for unistd.h... yes
checking for dlfcn.h... yes
checking for objdir... .libs
checking if gcc supports -fno-rtti -fno-exceptions... no
checking for gcc option to produce PIC... -fPIC -DPIC
checking if gcc PIC flag -fPIC -DPIC works... yes
checking if gcc static flag -static works... no
checking if gcc supports -c -o file.o... yes
checking if gcc supports -c -o file.o... (cached) yes
checking whether the gcc linker (/usr/bin/ld -m elf_x86_64) supports shared libraries... yes
checking whether -lc should be explicitly linked in... no
checking dynamic linker characteristics... GNU/Linux ld.so
checking how to hardcode library paths into programs... immediate
checking for shl_load... no
checking for shl_load in -ldld... no
checking for dlopen... no
checking for dlopen in -ldl... yes
checking whether a program can dlopen itself... yes
checking whether a statically linked program can dlopen itself... yes
checking whether stripping libraries is possible... yes
checking if libtool supports shared libraries... yes
checking whether to build shared libraries... yes
checking whether to build static libraries... no
configure: Setting GST_PACKAGE_RELEASE_DATETIME to 2018-10-02
checking whether byte ordering is bigendian... no
checking for x86_64-redhat-linux-gnu-gcc... gcc
checking whether we are using the GNU C compiler... (cached) yes
checking whether gcc accepts -g... (cached) yes
checking for gcc option to accept ISO C89... (cached) none needed
checking whether gcc understands -c and -o together... (cached) yes
checking dependency style of gcc... (cached) none
checking for gcc option to accept ISO C99... none needed
checking for gcc option to accept ISO Standard C... (cached) none needed
checking for x86_64-redhat-linux-gnu-pkg-config... /usr/bin/x86_64-redhat-linux-gnu-pkg-config
checking pkg-config is at least version 0.9.0... yes
checking for gtkdoc-check... /usr/bin/gtkdoc-check
checking for gtkdoc-rebase... /usr/bin/gtkdoc-rebase
checking for gtkdoc-mkpdf... /usr/bin/gtkdoc-mkpdf
checking whether to build gtk-doc documentation... no
checking for python... /usr/bin/python
checking for python version... 2.7
checking for python platform... linux2
checking for python script directory... ${prefix}/lib/python2.7/site-packages
checking for python extension module directory... ${exec_prefix}/lib64/python2.7/site-packages
checking whether to build plugin documentation... no (gtk-doc disabled or not available)
checking for tan in -lm... yes
checking for dlopen... (cached) no
checking for dlopen in -ldl... (cached) yes
configure: Using /usr/lib64/gstreamer-1.0 as the plugin install location
checking for GLIB... yes
checking for glib-genmarshal... /usr/bin/glib-genmarshal (from pkg-config path)
checking for glib-mkenums... /usr/bin/glib-mkenums
checking for GIO... yes
checking for GST... yes
configure: using GStreamer tools in /usr/bin
configure: using GStreamer plug-ins in /usr/lib64/gstreamer-1.0
checking for GStreamer API version... 1.16
checking for GST_BASE... yes
checking for GST_PLUGINS_BASE... yes
configure: using GStreamer Base Plugins in /usr/lib64/gstreamer-1.0
checking for GST_ALLOCATORS... yes
checking for GST_VIDEO... yes
checking for GST_PBUTILS... yes
checking for GST_CODEC_PARSERS... yes
checking for GST_GL... yes
checking for GStreamer OpenGL helper libraries... checking gst/gl/gl.h usability... yes
checking gst/gl/gl.h presence... yes
checking for gst/gl/gl.h... yes
yes
checking for DRM... no
checking for X11... yes
checking X11/Xlib.h usability... yes
checking X11/Xlib.h presence... yes
checking for X11/Xlib.h... yes
checking X11/Xutil.h usability... yes
checking X11/Xutil.h presence... yes
checking for X11/Xutil.h... yes
checking X11/Xatom.h usability... yes
checking X11/Xatom.h presence... yes
checking for X11/Xatom.h... yes
checking X11/XKBlib.h usability... yes
checking X11/XKBlib.h presence... yes
checking for X11/XKBlib.h... yes
checking for XRANDR... yes
checking X11/extensions/Xrandr.h usability... yes
checking X11/extensions/Xrandr.h presence... yes
checking for X11/extensions/Xrandr.h... yes
checking for XRENDER... yes
checking X11/extensions/Xrender.h usability... yes
checking X11/extensions/Xrender.h presence... yes
checking for X11/extensions/Xrender.h... yes
checking for GL... yes
checking for GL/gl.h... yes
checking for GL/glext.h... yes
checking for GLES2... no
checking for GLES3... no
checking for GL/glx.h... yes
checking for glXCreateContext in -lGL... yes
checking for EGL... yes
checking EGL/egl.h usability... yes
checking EGL/egl.h presence... yes
checking for EGL/egl.h... yes
checking for eglGetDisplay in -lEGL... yes
checking for WAYLAND... yes
checking wayland-client.h usability... yes
checking wayland-client.h presence... yes
checking for wayland-client.h... yes
checking for GTK3... yes
checking gtk/gtk.h usability... yes
checking gtk/gtk.h presence... yes
checking for gtk/gtk.h... yes
checking for LIBVA... configure: error: Package requirements (libva >= 0.30.4 libva != 0.99.0) were not met:

Package 'libva', required by 'virtual:world', not found
Package 'libva', required by 'virtual:world', not found

Consider adjusting the PKG_CONFIG_PATH environment variable if you
installed software in a non-standard prefix.

Alternatively, you may set the environment variables LIBVA_CFLAGS
and LIBVA_LIBS to avoid the need to call pkg-config.
See the pkg-config man page for more details.

error: Bad exit status from /var/tmp/rpm-tmp.lyWXVi (%build)


RPM build errors:
    Macro expanded in comment on line 20: %{gstreamer}-plugins-bad-devel >= 1.0.0

    Bad exit status from /var/tmp/rpm-tmp.lyWXVi (%build)
