This file contains any messages produced by compilers while
running configure, to aid debugging if configure makes a mistake.

It was created by GStreamer VA-API Plug-ins configure 1.8.3, which was
generated by GNU Autoconf 2.69.  Invocation command line was

  $ ./configure --build=x86_64-redhat-linux-gnu --host=x86_64-redhat-linux-gnu --program-prefix= --disable-dependency-tracking --prefix=/usr --exec-prefix=/usr --bindir=/usr/bin --sbindir=/usr/sbin --sysconfdir=/etc --datadir=/usr/share --includedir=/usr/include --libdir=/usr/lib64 --libexecdir=/usr/libexec --localstatedir=/var --sharedstatedir=/var/lib --mandir=/usr/share/man --infodir=/usr/share/info

## --------- ##
## Platform. ##
## --------- ##

hostname = localhost.localdomain
uname -m = x86_64
uname -r = 5.2.13-200.fc30.x86_64
uname -s = Linux
uname -v = #1 SMP Fri Sep 6 14:30:40 UTC 2019

/usr/bin/uname -p = x86_64
/bin/uname -X     = unknown

/bin/arch              = x86_64
/usr/bin/arch -k       = unknown
/usr/convex/getsysinfo = unknown
/usr/bin/hostinfo      = unknown
/bin/machine           = unknown
/usr/bin/oslevel       = unknown
/bin/universe          = unknown

PATH: /home/kalpana/.local/bin
PATH: /home/kalpana/bin
PATH: /usr/share/Modules/bin
PATH: /usr/local/bin
PATH: /usr/local/sbin
PATH: /usr/bin
PATH: /usr/sbin


## ----------- ##
## Core tests. ##
## ----------- ##

configure:2676: checking build system type
configure:2690: result: x86_64-redhat-linux-gnu
configure:2710: checking host system type
configure:2723: result: x86_64-redhat-linux-gnu
configure:2743: checking target system type
configure:2756: result: x86_64-redhat-linux-gnu
configure:2802: checking for a BSD-compatible install
configure:2870: result: /usr/bin/install -c
configure:2881: checking whether build environment is sane
configure:2936: result: yes
configure:3085: checking for a thread-safe mkdir -p
configure:3124: result: /usr/bin/mkdir -p
configure:3131: checking for gawk
configure:3147: found /usr/bin/gawk
configure:3158: result: gawk
configure:3169: checking whether make sets $(MAKE)
configure:3191: result: yes
configure:3220: checking whether make supports nested variables
configure:3237: result: yes
configure:3326: checking whether UID '1000' is supported by ustar format
configure:3329: result: yes
configure:3336: checking whether GID '1000' is supported by ustar format
configure:3339: result: yes
configure:3347: checking how to create a ustar tar archive
configure:3358: tar --version
tar (GNU tar) 1.32
Copyright (C) 2019 Free Software Foundation, Inc.
License GPLv3+: GNU GPL version 3 or later <https://gnu.org/licenses/gpl.html>.
This is free software: you are free to change and redistribute it.
There is NO WARRANTY, to the extent permitted by law.

Written by John Gilmore and Jay Fenlason.
configure:3361: $? = 0
configure:3401: tardir=conftest.dir && eval tar --format=ustar -chf - "$tardir" >conftest.tar
configure:3404: $? = 0
configure:3408: tar -xf - <conftest.tar
configure:3411: $? = 0
configure:3413: cat conftest.dir/file
GrepMe
configure:3416: $? = 0
configure:3429: result: gnutar
configure:3491: checking nano version
configure:3497: result: 0 (release)
configure:3518: checking whether to enable maintainer-specific portions of Makefiles
configure:3527: result: yes
configure:3552: checking whether make supports nested variables
configure:3569: result: yes
configure:3643: checking how to print strings
configure:3670: result: printf
configure:3703: checking for style of include used by make
configure:3731: result: GNU
configure:3762: checking for x86_64-redhat-linux-gnu-gcc
configure:3792: result: no
configure:3802: checking for gcc
configure:3818: found /usr/bin/gcc
configure:3829: result: gcc
configure:4058: checking for C compiler version
configure:4067: gcc --version >&5
gcc (GCC) 9.2.1 20190827 (Red Hat 9.2.1-1)
Copyright (C) 2019 Free Software Foundation, Inc.
This is free software; see the source for copying conditions.  There is NO
warranty; not even for MERCHANTABILITY or FITNESS FOR A PARTICULAR PURPOSE.

configure:4078: $? = 0
configure:4067: gcc -v >&5
Using built-in specs.
COLLECT_GCC=gcc
COLLECT_LTO_WRAPPER=/usr/libexec/gcc/x86_64-redhat-linux/9/lto-wrapper
OFFLOAD_TARGET_NAMES=nvptx-none
OFFLOAD_TARGET_DEFAULT=1
Target: x86_64-redhat-linux
Configured with: ../configure --enable-bootstrap --enable-languages=c,c++,fortran,objc,obj-c++,ada,go,d,lto --prefix=/usr --mandir=/usr/share/man --infodir=/usr/share/info --with-bugurl=http://bugzilla.redhat.com/bugzilla --enable-shared --enable-threads=posix --enable-checking=release --enable-multilib --with-system-zlib --enable-__cxa_atexit --disable-libunwind-exceptions --enable-gnu-unique-object --enable-linker-build-id --with-gcc-major-version-only --with-linker-hash-style=gnu --enable-plugin --enable-initfini-array --with-isl --enable-offload-targets=nvptx-none --without-cuda-driver --enable-gnu-indirect-function --enable-cet --with-tune=generic --with-arch_32=i686 --build=x86_64-redhat-linux
Thread model: posix
gcc version 9.2.1 20190827 (Red Hat 9.2.1-1) (GCC) 
configure:4078: $? = 0
configure:4067: gcc -V >&5
gcc: error: unrecognized command line option '-V'
gcc: fatal error: no input files
compilation terminated.
configure:4078: $? = 1
configure:4067: gcc -qversion >&5
gcc: error: unrecognized command line option '-qversion'; did you mean '--version'?
gcc: fatal error: no input files
compilation terminated.
configure:4078: $? = 1
configure:4098: checking whether the C compiler works
configure:4120: gcc -O2 -g -pipe -Wall -Werror=format-security -Wp,-D_FORTIFY_SOURCE=2 -Wp,-D_GLIBCXX_ASSERTIONS -fexceptions -fstack-protector-strong -grecord-gcc-switches -specs=/usr/lib/rpm/redhat/redhat-hardened-cc1 -specs=/usr/lib/rpm/redhat/redhat-annobin-cc1 -m64 -mtune=generic -fasynchronous-unwind-tables -fstack-clash-protection -fcf-protection  -Wl,-z,relro -Wl,--as-needed  -Wl,-z,now -specs=/usr/lib/rpm/redhat/redhat-hardened-ld conftest.c  >&5
configure:4124: $? = 0
configure:4172: result: yes
configure:4175: checking for C compiler default output file name
configure:4177: result: a.out
configure:4183: checking for suffix of executables
configure:4190: gcc -o conftest -O2 -g -pipe -Wall -Werror=format-security -Wp,-D_FORTIFY_SOURCE=2 -Wp,-D_GLIBCXX_ASSERTIONS -fexceptions -fstack-protector-strong -grecord-gcc-switches -specs=/usr/lib/rpm/redhat/redhat-hardened-cc1 -specs=/usr/lib/rpm/redhat/redhat-annobin-cc1 -m64 -mtune=generic -fasynchronous-unwind-tables -fstack-clash-protection -fcf-protection  -Wl,-z,relro -Wl,--as-needed  -Wl,-z,now -specs=/usr/lib/rpm/redhat/redhat-hardened-ld conftest.c  >&5
configure:4194: $? = 0
configure:4216: result: 
configure:4238: checking whether we are cross compiling
configure:4246: gcc -o conftest -O2 -g -pipe -Wall -Werror=format-security -Wp,-D_FORTIFY_SOURCE=2 -Wp,-D_GLIBCXX_ASSERTIONS -fexceptions -fstack-protector-strong -grecord-gcc-switches -specs=/usr/lib/rpm/redhat/redhat-hardened-cc1 -specs=/usr/lib/rpm/redhat/redhat-annobin-cc1 -m64 -mtune=generic -fasynchronous-unwind-tables -fstack-clash-protection -fcf-protection  -Wl,-z,relro -Wl,--as-needed  -Wl,-z,now -specs=/usr/lib/rpm/redhat/redhat-hardened-ld conftest.c  >&5
configure:4250: $? = 0
configure:4257: ./conftest
configure:4261: $? = 0
configure:4249: result: no
configure:4254: checking for suffix of object files
configure:4276: gcc -c -O2 -g -pipe -Wall -Werror=format-security -Wp,-D_FORTIFY_SOURCE=2 -Wp,-D_GLIBCXX_ASSERTIONS -fexceptions -fstack-protector-strong -grecord-gcc-switches -specs=/usr/lib/rpm/redhat/redhat-hardened-cc1 -specs=/usr/lib/rpm/redhat/redhat-annobin-cc1 -m64 -mtune=generic -fasynchronous-unwind-tables -fstack-clash-protection -fcf-protection  conftest.c >&5
configure:4280: $? = 0
configure:4301: result: o
configure:4305: checking whether we are using the GNU C compiler
configure:4324: gcc -c -O2 -g -pipe -Wall -Werror=format-security -Wp,-D_FORTIFY_SOURCE=2 -Wp,-D_GLIBCXX_ASSERTIONS -fexceptions -fstack-protector-strong -grecord-gcc-switches -specs=/usr/lib/rpm/redhat/redhat-hardened-cc1 -specs=/usr/lib/rpm/redhat/redhat-annobin-cc1 -m64 -mtune=generic -fasynchronous-unwind-tables -fstack-clash-protection -fcf-protection  conftest.c >&5
configure:4324: $? = 0
configure:4333: result: yes
configure:4342: checking whether gcc accepts -g
configure:4362: gcc -c -g  conftest.c >&5
configure:4362: $? = 0
configure:4403: result: yes
configure:4420: checking for gcc option to accept ISO C89
configure:4483: gcc  -c -O2 -g -pipe -Wall -Werror=format-security -Wp,-D_FORTIFY_SOURCE=2 -Wp,-D_GLIBCXX_ASSERTIONS -fexceptions -fstack-protector-strong -grecord-gcc-switches -specs=/usr/lib/rpm/redhat/redhat-hardened-cc1 -specs=/usr/lib/rpm/redhat/redhat-annobin-cc1 -m64 -mtune=generic -fasynchronous-unwind-tables -fstack-clash-protection -fcf-protection  conftest.c >&5
configure:4483: $? = 0
configure:4496: result: none needed
configure:4521: checking whether gcc understands -c and -o together
configure:4543: gcc -c conftest.c -o conftest2.o
configure:4546: $? = 0
configure:4543: gcc -c conftest.c -o conftest2.o
configure:4546: $? = 0
configure:4558: result: yes
configure:4577: checking dependency style of gcc
configure:4688: result: none
configure:4703: checking for a sed that does not truncate output
configure:4767: result: /usr/bin/sed
configure:4785: checking for grep that handles long lines and -e
configure:4843: result: /usr/bin/grep
configure:4848: checking for egrep
configure:4910: result: /usr/bin/grep -E
configure:4915: checking for fgrep
configure:4977: result: /usr/bin/grep -F
configure:5012: checking for ld used by gcc
configure:5079: result: /usr/bin/ld
configure:5086: checking if the linker (/usr/bin/ld) is GNU ld
configure:5101: result: yes
configure:5113: checking for BSD- or MS-compatible name lister (nm)
configure:5167: result: /usr/bin/nm -B
configure:5297: checking the name lister (/usr/bin/nm -B) interface
configure:5304: gcc -c -O2 -g -pipe -Wall -Werror=format-security -Wp,-D_FORTIFY_SOURCE=2 -Wp,-D_GLIBCXX_ASSERTIONS -fexceptions -fstack-protector-strong -grecord-gcc-switches -specs=/usr/lib/rpm/redhat/redhat-hardened-cc1 -specs=/usr/lib/rpm/redhat/redhat-annobin-cc1 -m64 -mtune=generic -fasynchronous-unwind-tables -fstack-clash-protection -fcf-protection  conftest.c >&5
configure:5307: /usr/bin/nm -B "conftest.o"
configure:5310: output
0000000000000000 t .annobin_conftest.c
0000000000000000 t .annobin_conftest.c.exit
0000000000000000 t .annobin_conftest.c.hot
0000000000000000 t .annobin_conftest.c.startup
0000000000000000 t .annobin_conftest.c.unlikely
0000000000000000 t .annobin_conftest.c_end
0000000000000000 t .annobin_conftest.c_end.exit
0000000000000000 t .annobin_conftest.c_end.hot
0000000000000000 t .annobin_conftest.c_end.startup
0000000000000000 t .annobin_conftest.c_end.unlikely
0000000000000000 n .text.exit.group
0000000000000000 n .text.hot.group
0000000000000000 n .text.startup.group
0000000000000000 n .text.unlikely.group
0000000000000000 B some_variable
configure:5311: result: BSD nm
configure:5314: checking whether ln -s works
configure:5318: result: yes
configure:5326: checking the maximum length of command line arguments
configure:5457: result: 1572864
configure:5505: checking how to convert x86_64-redhat-linux-gnu file names to x86_64-redhat-linux-gnu format
configure:5545: result: func_convert_file_noop
configure:5552: checking how to convert x86_64-redhat-linux-gnu file names to toolchain format
configure:5572: result: func_convert_file_noop
configure:5579: checking for /usr/bin/ld option to reload object files
configure:5586: result: -r
configure:5620: checking for x86_64-redhat-linux-gnu-objdump
configure:5650: result: no
configure:5660: checking for objdump
configure:5676: found /usr/bin/objdump
configure:5687: result: objdump
configure:5716: checking how to recognize dependent libraries
configure:5916: result: pass_all
configure:5961: checking for x86_64-redhat-linux-gnu-dlltool
configure:5991: result: no
configure:6001: checking for dlltool
configure:6031: result: no
configure:6058: checking how to associate runtime and link libraries
configure:6085: result: printf %s\n
configure:6102: checking for x86_64-redhat-linux-gnu-ar
configure:6132: result: no
configure:6146: checking for ar
configure:6162: found /usr/bin/ar
configure:6173: result: ar
configure:6210: checking for archiver @FILE support
configure:6227: gcc -c -O2 -g -pipe -Wall -Werror=format-security -Wp,-D_FORTIFY_SOURCE=2 -Wp,-D_GLIBCXX_ASSERTIONS -fexceptions -fstack-protector-strong -grecord-gcc-switches -specs=/usr/lib/rpm/redhat/redhat-hardened-cc1 -specs=/usr/lib/rpm/redhat/redhat-annobin-cc1 -m64 -mtune=generic -fasynchronous-unwind-tables -fstack-clash-protection -fcf-protection  conftest.c >&5
configure:6227: $? = 0
configure:6230: ar cru libconftest.a @conftest.lst >&5
configure:6233: $? = 0
configure:6238: ar cru libconftest.a @conftest.lst >&5
ar: conftest.o: No such file or directory
configure:6241: $? = 1
configure:6240: result: @
configure:6258: checking for x86_64-redhat-linux-gnu-strip
configure:6288: result: no
configure:6298: checking for strip
configure:6314: found /usr/bin/strip
configure:6325: result: strip
configure:6357: checking for x86_64-redhat-linux-gnu-ranlib
configure:6387: result: no
configure:6397: checking for ranlib
configure:6413: found /usr/bin/ranlib
configure:6424: result: ranlib
configure:6526: checking command to parse /usr/bin/nm -B output from gcc object
configure:6679: gcc -c -O2 -g -pipe -Wall -Werror=format-security -Wp,-D_FORTIFY_SOURCE=2 -Wp,-D_GLIBCXX_ASSERTIONS -fexceptions -fstack-protector-strong -grecord-gcc-switches -specs=/usr/lib/rpm/redhat/redhat-hardened-cc1 -specs=/usr/lib/rpm/redhat/redhat-annobin-cc1 -m64 -mtune=generic -fasynchronous-unwind-tables -fstack-clash-protection -fcf-protection  conftest.c >&5
configure:6682: $? = 0
configure:6686: /usr/bin/nm -B conftest.o \| sed -n -e 's/^.*[ ]\([ABCDGIRSTW][ABCDGIRSTW]*\)[ ][ ]*\([_A-Za-z][_A-Za-z0-9]*\)$/\1 \2 \2/p' | sed '/ __gnu_lto/d' \> conftest.nm
configure:6689: $? = 0
configure:6755: gcc -o conftest -O2 -g -pipe -Wall -Werror=format-security -Wp,-D_FORTIFY_SOURCE=2 -Wp,-D_GLIBCXX_ASSERTIONS -fexceptions -fstack-protector-strong -grecord-gcc-switches -specs=/usr/lib/rpm/redhat/redhat-hardened-cc1 -specs=/usr/lib/rpm/redhat/redhat-annobin-cc1 -m64 -mtune=generic -fasynchronous-unwind-tables -fstack-clash-protection -fcf-protection  -Wl,-z,relro -Wl,--as-needed  -Wl,-z,now -specs=/usr/lib/rpm/redhat/redhat-hardened-ld conftest.c conftstm.o >&5
configure:6758: $? = 0
configure:6796: result: ok
configure:6843: checking for sysroot
configure:6873: result: no
configure:6880: checking for a working dd
configure:6918: result: /usr/bin/dd
configure:6922: checking how to truncate binary pipes
configure:6937: result: /usr/bin/dd bs=4096 count=1
configure:7073: gcc -c -O2 -g -pipe -Wall -Werror=format-security -Wp,-D_FORTIFY_SOURCE=2 -Wp,-D_GLIBCXX_ASSERTIONS -fexceptions -fstack-protector-strong -grecord-gcc-switches -specs=/usr/lib/rpm/redhat/redhat-hardened-cc1 -specs=/usr/lib/rpm/redhat/redhat-annobin-cc1 -m64 -mtune=generic -fasynchronous-unwind-tables -fstack-clash-protection -fcf-protection  conftest.c >&5
configure:7076: $? = 0
configure:7226: checking for x86_64-redhat-linux-gnu-mt
configure:7256: result: no
configure:7266: checking for mt
configure:7296: result: no
configure:7316: checking if : is a manifest tool
configure:7322: : '-?'
configure:7330: result: no
configure:8007: checking how to run the C preprocessor
configure:8038: gcc -E  conftest.c
configure:8038: $? = 0
configure:8052: gcc -E  conftest.c
conftest.c:12:10: fatal error: ac_nonexistent.h: No such file or directory
   12 | #include <ac_nonexistent.h>
      |          ^~~~~~~~~~~~~~~~~~
compilation terminated.
configure:8052: $? = 1
configure: failed program was:
| /* confdefs.h */
| #define PACKAGE_NAME "GStreamer VA-API Plug-ins"
| #define PACKAGE_TARNAME "gstreamer-vaapi"
| #define PACKAGE_VERSION "1.8.3"
| #define PACKAGE_STRING "GStreamer VA-API Plug-ins 1.8.3"
| #define PACKAGE_BUGREPORT "http://bugzilla.gnome.org/enter_bug.cgi?product=GStreamer"
| #define PACKAGE_URL ""
| #define PACKAGE "gstreamer-vaapi"
| #define VERSION "1.8.3"
| #define GST_API_VERSION "1.0"
| /* end confdefs.h.  */
| #include <ac_nonexistent.h>
configure:8077: result: gcc -E
configure:8097: gcc -E  conftest.c
configure:8097: $? = 0
configure:8111: gcc -E  conftest.c
conftest.c:12:10: fatal error: ac_nonexistent.h: No such file or directory
   12 | #include <ac_nonexistent.h>
      |          ^~~~~~~~~~~~~~~~~~
compilation terminated.
configure:8111: $? = 1
configure: failed program was:
| /* confdefs.h */
| #define PACKAGE_NAME "GStreamer VA-API Plug-ins"
| #define PACKAGE_TARNAME "gstreamer-vaapi"
| #define PACKAGE_VERSION "1.8.3"
| #define PACKAGE_STRING "GStreamer VA-API Plug-ins 1.8.3"
| #define PACKAGE_BUGREPORT "http://bugzilla.gnome.org/enter_bug.cgi?product=GStreamer"
| #define PACKAGE_URL ""
| #define PACKAGE "gstreamer-vaapi"
| #define VERSION "1.8.3"
| #define GST_API_VERSION "1.0"
| /* end confdefs.h.  */
| #include <ac_nonexistent.h>
configure:8140: checking for ANSI C header files
configure:8160: gcc -c -O2 -g -pipe -Wall -Werror=format-security -Wp,-D_FORTIFY_SOURCE=2 -Wp,-D_GLIBCXX_ASSERTIONS -fexceptions -fstack-protector-strong -grecord-gcc-switches -specs=/usr/lib/rpm/redhat/redhat-hardened-cc1 -specs=/usr/lib/rpm/redhat/redhat-annobin-cc1 -m64 -mtune=generic -fasynchronous-unwind-tables -fstack-clash-protection -fcf-protection  conftest.c >&5
configure:8160: $? = 0
configure:8233: gcc -o conftest -O2 -g -pipe -Wall -Werror=format-security -Wp,-D_FORTIFY_SOURCE=2 -Wp,-D_GLIBCXX_ASSERTIONS -fexceptions -fstack-protector-strong -grecord-gcc-switches -specs=/usr/lib/rpm/redhat/redhat-hardened-cc1 -specs=/usr/lib/rpm/redhat/redhat-annobin-cc1 -m64 -mtune=generic -fasynchronous-unwind-tables -fstack-clash-protection -fcf-protection  -Wl,-z,relro -Wl,--as-needed  -Wl,-z,now -specs=/usr/lib/rpm/redhat/redhat-hardened-ld conftest.c  >&5
configure:8233: $? = 0
configure:8233: ./conftest
configure:8233: $? = 0
configure:8244: result: yes
configure:8257: checking for sys/types.h
configure:8257: gcc -c -O2 -g -pipe -Wall -Werror=format-security -Wp,-D_FORTIFY_SOURCE=2 -Wp,-D_GLIBCXX_ASSERTIONS -fexceptions -fstack-protector-strong -grecord-gcc-switches -specs=/usr/lib/rpm/redhat/redhat-hardened-cc1 -specs=/usr/lib/rpm/redhat/redhat-annobin-cc1 -m64 -mtune=generic -fasynchronous-unwind-tables -fstack-clash-protection -fcf-protection  conftest.c >&5
configure:8257: $? = 0
configure:8257: result: yes
configure:8257: checking for sys/stat.h
configure:8257: gcc -c -O2 -g -pipe -Wall -Werror=format-security -Wp,-D_FORTIFY_SOURCE=2 -Wp,-D_GLIBCXX_ASSERTIONS -fexceptions -fstack-protector-strong -grecord-gcc-switches -specs=/usr/lib/rpm/redhat/redhat-hardened-cc1 -specs=/usr/lib/rpm/redhat/redhat-annobin-cc1 -m64 -mtune=generic -fasynchronous-unwind-tables -fstack-clash-protection -fcf-protection  conftest.c >&5
configure:8257: $? = 0
configure:8257: result: yes
configure:8257: checking for stdlib.h
configure:8257: gcc -c -O2 -g -pipe -Wall -Werror=format-security -Wp,-D_FORTIFY_SOURCE=2 -Wp,-D_GLIBCXX_ASSERTIONS -fexceptions -fstack-protector-strong -grecord-gcc-switches -specs=/usr/lib/rpm/redhat/redhat-hardened-cc1 -specs=/usr/lib/rpm/redhat/redhat-annobin-cc1 -m64 -mtune=generic -fasynchronous-unwind-tables -fstack-clash-protection -fcf-protection  conftest.c >&5
configure:8257: $? = 0
configure:8257: result: yes
configure:8257: checking for string.h
configure:8257: gcc -c -O2 -g -pipe -Wall -Werror=format-security -Wp,-D_FORTIFY_SOURCE=2 -Wp,-D_GLIBCXX_ASSERTIONS -fexceptions -fstack-protector-strong -grecord-gcc-switches -specs=/usr/lib/rpm/redhat/redhat-hardened-cc1 -specs=/usr/lib/rpm/redhat/redhat-annobin-cc1 -m64 -mtune=generic -fasynchronous-unwind-tables -fstack-clash-protection -fcf-protection  conftest.c >&5
configure:8257: $? = 0
configure:8257: result: yes
configure:8257: checking for memory.h
configure:8257: gcc -c -O2 -g -pipe -Wall -Werror=format-security -Wp,-D_FORTIFY_SOURCE=2 -Wp,-D_GLIBCXX_ASSERTIONS -fexceptions -fstack-protector-strong -grecord-gcc-switches -specs=/usr/lib/rpm/redhat/redhat-hardened-cc1 -specs=/usr/lib/rpm/redhat/redhat-annobin-cc1 -m64 -mtune=generic -fasynchronous-unwind-tables -fstack-clash-protection -fcf-protection  conftest.c >&5
configure:8257: $? = 0
configure:8257: result: yes
configure:8257: checking for strings.h
configure:8257: gcc -c -O2 -g -pipe -Wall -Werror=format-security -Wp,-D_FORTIFY_SOURCE=2 -Wp,-D_GLIBCXX_ASSERTIONS -fexceptions -fstack-protector-strong -grecord-gcc-switches -specs=/usr/lib/rpm/redhat/redhat-hardened-cc1 -specs=/usr/lib/rpm/redhat/redhat-annobin-cc1 -m64 -mtune=generic -fasynchronous-unwind-tables -fstack-clash-protection -fcf-protection  conftest.c >&5
configure:8257: $? = 0
configure:8257: result: yes
configure:8257: checking for inttypes.h
configure:8257: gcc -c -O2 -g -pipe -Wall -Werror=format-security -Wp,-D_FORTIFY_SOURCE=2 -Wp,-D_GLIBCXX_ASSERTIONS -fexceptions -fstack-protector-strong -grecord-gcc-switches -specs=/usr/lib/rpm/redhat/redhat-hardened-cc1 -specs=/usr/lib/rpm/redhat/redhat-annobin-cc1 -m64 -mtune=generic -fasynchronous-unwind-tables -fstack-clash-protection -fcf-protection  conftest.c >&5
configure:8257: $? = 0
configure:8257: result: yes
configure:8257: checking for stdint.h
configure:8257: gcc -c -O2 -g -pipe -Wall -Werror=format-security -Wp,-D_FORTIFY_SOURCE=2 -Wp,-D_GLIBCXX_ASSERTIONS -fexceptions -fstack-protector-strong -grecord-gcc-switches -specs=/usr/lib/rpm/redhat/redhat-hardened-cc1 -specs=/usr/lib/rpm/redhat/redhat-annobin-cc1 -m64 -mtune=generic -fasynchronous-unwind-tables -fstack-clash-protection -fcf-protection  conftest.c >&5
configure:8257: $? = 0
configure:8257: result: yes
configure:8257: checking for unistd.h
configure:8257: gcc -c -O2 -g -pipe -Wall -Werror=format-security -Wp,-D_FORTIFY_SOURCE=2 -Wp,-D_GLIBCXX_ASSERTIONS -fexceptions -fstack-protector-strong -grecord-gcc-switches -specs=/usr/lib/rpm/redhat/redhat-hardened-cc1 -specs=/usr/lib/rpm/redhat/redhat-annobin-cc1 -m64 -mtune=generic -fasynchronous-unwind-tables -fstack-clash-protection -fcf-protection  conftest.c >&5
configure:8257: $? = 0
configure:8257: result: yes
configure:8271: checking for dlfcn.h
configure:8271: gcc -c -O2 -g -pipe -Wall -Werror=format-security -Wp,-D_FORTIFY_SOURCE=2 -Wp,-D_GLIBCXX_ASSERTIONS -fexceptions -fstack-protector-strong -grecord-gcc-switches -specs=/usr/lib/rpm/redhat/redhat-hardened-cc1 -specs=/usr/lib/rpm/redhat/redhat-annobin-cc1 -m64 -mtune=generic -fasynchronous-unwind-tables -fstack-clash-protection -fcf-protection  conftest.c >&5
configure:8271: $? = 0
configure:8271: result: yes
configure:8841: checking for objdir
configure:8856: result: .libs
configure:9120: checking if gcc supports -fno-rtti -fno-exceptions
configure:9138: gcc -c -O2 -g -pipe -Wall -Werror=format-security -Wp,-D_FORTIFY_SOURCE=2 -Wp,-D_GLIBCXX_ASSERTIONS -fexceptions -fstack-protector-strong -grecord-gcc-switches -specs=/usr/lib/rpm/redhat/redhat-hardened-cc1 -specs=/usr/lib/rpm/redhat/redhat-annobin-cc1 -m64 -mtune=generic -fasynchronous-unwind-tables -fstack-clash-protection -fcf-protection  -fno-rtti -fno-exceptions conftest.c >&5
cc1: warning: command line option '-fno-rtti' is valid for C++/D/ObjC++ but not for C
configure:9142: $? = 0
configure:9155: result: no
configure:9513: checking for gcc option to produce PIC
configure:9520: result: -fPIC -DPIC
configure:9528: checking if gcc PIC flag -fPIC -DPIC works
configure:9546: gcc -c -O2 -g -pipe -Wall -Werror=format-security -Wp,-D_FORTIFY_SOURCE=2 -Wp,-D_GLIBCXX_ASSERTIONS -fexceptions -fstack-protector-strong -grecord-gcc-switches -specs=/usr/lib/rpm/redhat/redhat-hardened-cc1 -specs=/usr/lib/rpm/redhat/redhat-annobin-cc1 -m64 -mtune=generic -fasynchronous-unwind-tables -fstack-clash-protection -fcf-protection  -fPIC -DPIC -DPIC conftest.c >&5
configure:9550: $? = 0
configure:9563: result: yes
configure:9592: checking if gcc static flag -static works
configure:9620: result: no
configure:9635: checking if gcc supports -c -o file.o
configure:9656: gcc -c -O2 -g -pipe -Wall -Werror=format-security -Wp,-D_FORTIFY_SOURCE=2 -Wp,-D_GLIBCXX_ASSERTIONS -fexceptions -fstack-protector-strong -grecord-gcc-switches -specs=/usr/lib/rpm/redhat/redhat-hardened-cc1 -specs=/usr/lib/rpm/redhat/redhat-annobin-cc1 -m64 -mtune=generic -fasynchronous-unwind-tables -fstack-clash-protection -fcf-protection  -o out/conftest2.o conftest.c >&5
configure:9660: $? = 0
configure:9682: result: yes
configure:9690: checking if gcc supports -c -o file.o
configure:9737: result: yes
configure:9770: checking whether the gcc linker (/usr/bin/ld -m elf_x86_64) supports shared libraries
configure:11033: result: yes
configure:11070: checking whether -lc should be explicitly linked in
configure:11078: gcc -c -O2 -g -pipe -Wall -Werror=format-security -Wp,-D_FORTIFY_SOURCE=2 -Wp,-D_GLIBCXX_ASSERTIONS -fexceptions -fstack-protector-strong -grecord-gcc-switches -specs=/usr/lib/rpm/redhat/redhat-hardened-cc1 -specs=/usr/lib/rpm/redhat/redhat-annobin-cc1 -m64 -mtune=generic -fasynchronous-unwind-tables -fstack-clash-protection -fcf-protection  conftest.c >&5
configure:11081: $? = 0
configure:11096: gcc -shared  -fPIC -DPIC conftest.o  -v -Wl,-soname -Wl,conftest -o conftest 2\>\&1 \| /usr/bin/grep  -lc  \>/dev/null 2\>\&1
configure:11099: $? = 0
configure:11113: result: no
configure:11273: checking dynamic linker characteristics
configure:11854: gcc -o conftest -O2 -g -pipe -Wall -Werror=format-security -Wp,-D_FORTIFY_SOURCE=2 -Wp,-D_GLIBCXX_ASSERTIONS -fexceptions -fstack-protector-strong -grecord-gcc-switches -specs=/usr/lib/rpm/redhat/redhat-hardened-cc1 -specs=/usr/lib/rpm/redhat/redhat-annobin-cc1 -m64 -mtune=generic -fasynchronous-unwind-tables -fstack-clash-protection -fcf-protection  -Wl,-z,relro -Wl,--as-needed  -Wl,-z,now -specs=/usr/lib/rpm/redhat/redhat-hardened-ld -Wl,-rpath -Wl,/foo conftest.c  >&5
configure:11854: $? = 0
configure:12103: result: GNU/Linux ld.so
configure:12225: checking how to hardcode library paths into programs
configure:12250: result: immediate
configure:12352: checking for shl_load
configure:12352: gcc -o conftest -O2 -g -pipe -Wall -Werror=format-security -Wp,-D_FORTIFY_SOURCE=2 -Wp,-D_GLIBCXX_ASSERTIONS -fexceptions -fstack-protector-strong -grecord-gcc-switches -specs=/usr/lib/rpm/redhat/redhat-hardened-cc1 -specs=/usr/lib/rpm/redhat/redhat-annobin-cc1 -m64 -mtune=generic -fasynchronous-unwind-tables -fstack-clash-protection -fcf-protection  -Wl,-z,relro -Wl,--as-needed  -Wl,-z,now -specs=/usr/lib/rpm/redhat/redhat-hardened-ld conftest.c  >&5
/usr/bin/ld: /tmp/ccXWIPxL.o: in function `main':
/home/kalpana/rpmbuild/BUILD/gstreamer-vaapi-1.8.3/conftest.c:58: undefined reference to `shl_load'
collect2: error: ld returned 1 exit status
configure:12352: $? = 1
configure: failed program was:
| /* confdefs.h */
| #define PACKAGE_NAME "GStreamer VA-API Plug-ins"
| #define PACKAGE_TARNAME "gstreamer-vaapi"
| #define PACKAGE_VERSION "1.8.3"
| #define PACKAGE_STRING "GStreamer VA-API Plug-ins 1.8.3"
| #define PACKAGE_BUGREPORT "http://bugzilla.gnome.org/enter_bug.cgi?product=GStreamer"
| #define PACKAGE_URL ""
| #define PACKAGE "gstreamer-vaapi"
| #define VERSION "1.8.3"
| #define GST_API_VERSION "1.0"
| #define STDC_HEADERS 1
| #define HAVE_SYS_TYPES_H 1
| #define HAVE_SYS_STAT_H 1
| #define HAVE_STDLIB_H 1
| #define HAVE_STRING_H 1
| #define HAVE_MEMORY_H 1
| #define HAVE_STRINGS_H 1
| #define HAVE_INTTYPES_H 1
| #define HAVE_STDINT_H 1
| #define HAVE_UNISTD_H 1
| #define HAVE_DLFCN_H 1
| #define LT_OBJDIR ".libs/"
| /* end confdefs.h.  */
| /* Define shl_load to an innocuous variant, in case <limits.h> declares shl_load.
|    For example, HP-UX 11i <limits.h> declares gettimeofday.  */
| #define shl_load innocuous_shl_load
| 
| /* System header to define __stub macros and hopefully few prototypes,
|     which can conflict with char shl_load (); below.
|     Prefer <limits.h> to <assert.h> if __STDC__ is defined, since
|     <limits.h> exists even on freestanding compilers.  */
| 
| #ifdef __STDC__
| # include <limits.h>
| #else
| # include <assert.h>
| #endif
| 
| #undef shl_load
| 
| /* Override any GCC internal prototype to avoid an error.
|    Use char because int might match the return type of a GCC
|    builtin and then its argument prototype would still apply.  */
| #ifdef __cplusplus
| extern "C"
| #endif
| char shl_load ();
| /* The GNU C library defines this for functions which it implements
|     to always fail with ENOSYS.  Some functions are actually named
|     something starting with __ and the normal name is an alias.  */
| #if defined __stub_shl_load || defined __stub___shl_load
| choke me
| #endif
| 
| int
| main ()
| {
| return shl_load ();
|   ;
|   return 0;
| }
configure:12352: result: no
configure:12356: checking for shl_load in -ldld
configure:12381: gcc -o conftest -O2 -g -pipe -Wall -Werror=format-security -Wp,-D_FORTIFY_SOURCE=2 -Wp,-D_GLIBCXX_ASSERTIONS -fexceptions -fstack-protector-strong -grecord-gcc-switches -specs=/usr/lib/rpm/redhat/redhat-hardened-cc1 -specs=/usr/lib/rpm/redhat/redhat-annobin-cc1 -m64 -mtune=generic -fasynchronous-unwind-tables -fstack-clash-protection -fcf-protection  -Wl,-z,relro -Wl,--as-needed  -Wl,-z,now -specs=/usr/lib/rpm/redhat/redhat-hardened-ld conftest.c -ldld   >&5
/usr/bin/ld: cannot find -ldld
collect2: error: ld returned 1 exit status
configure:12381: $? = 1
configure: failed program was:
| /* confdefs.h */
| #define PACKAGE_NAME "GStreamer VA-API Plug-ins"
| #define PACKAGE_TARNAME "gstreamer-vaapi"
| #define PACKAGE_VERSION "1.8.3"
| #define PACKAGE_STRING "GStreamer VA-API Plug-ins 1.8.3"
| #define PACKAGE_BUGREPORT "http://bugzilla.gnome.org/enter_bug.cgi?product=GStreamer"
| #define PACKAGE_URL ""
| #define PACKAGE "gstreamer-vaapi"
| #define VERSION "1.8.3"
| #define GST_API_VERSION "1.0"
| #define STDC_HEADERS 1
| #define HAVE_SYS_TYPES_H 1
| #define HAVE_SYS_STAT_H 1
| #define HAVE_STDLIB_H 1
| #define HAVE_STRING_H 1
| #define HAVE_MEMORY_H 1
| #define HAVE_STRINGS_H 1
| #define HAVE_INTTYPES_H 1
| #define HAVE_STDINT_H 1
| #define HAVE_UNISTD_H 1
| #define HAVE_DLFCN_H 1
| #define LT_OBJDIR ".libs/"
| /* end confdefs.h.  */
| 
| /* Override any GCC internal prototype to avoid an error.
|    Use char because int might match the return type of a GCC
|    builtin and then its argument prototype would still apply.  */
| #ifdef __cplusplus
| extern "C"
| #endif
| char shl_load ();
| int
| main ()
| {
| return shl_load ();
|   ;
|   return 0;
| }
configure:12390: result: no
configure:12395: checking for dlopen
configure:12395: gcc -o conftest -O2 -g -pipe -Wall -Werror=format-security -Wp,-D_FORTIFY_SOURCE=2 -Wp,-D_GLIBCXX_ASSERTIONS -fexceptions -fstack-protector-strong -grecord-gcc-switches -specs=/usr/lib/rpm/redhat/redhat-hardened-cc1 -specs=/usr/lib/rpm/redhat/redhat-annobin-cc1 -m64 -mtune=generic -fasynchronous-unwind-tables -fstack-clash-protection -fcf-protection  -Wl,-z,relro -Wl,--as-needed  -Wl,-z,now -specs=/usr/lib/rpm/redhat/redhat-hardened-ld conftest.c  >&5
/usr/bin/ld: /tmp/ccr2mQkS.o: in function `main':
/home/kalpana/rpmbuild/BUILD/gstreamer-vaapi-1.8.3/conftest.c:58: undefined reference to `dlopen'
collect2: error: ld returned 1 exit status
configure:12395: $? = 1
configure: failed program was:
| /* confdefs.h */
| #define PACKAGE_NAME "GStreamer VA-API Plug-ins"
| #define PACKAGE_TARNAME "gstreamer-vaapi"
| #define PACKAGE_VERSION "1.8.3"
| #define PACKAGE_STRING "GStreamer VA-API Plug-ins 1.8.3"
| #define PACKAGE_BUGREPORT "http://bugzilla.gnome.org/enter_bug.cgi?product=GStreamer"
| #define PACKAGE_URL ""
| #define PACKAGE "gstreamer-vaapi"
| #define VERSION "1.8.3"
| #define GST_API_VERSION "1.0"
| #define STDC_HEADERS 1
| #define HAVE_SYS_TYPES_H 1
| #define HAVE_SYS_STAT_H 1
| #define HAVE_STDLIB_H 1
| #define HAVE_STRING_H 1
| #define HAVE_MEMORY_H 1
| #define HAVE_STRINGS_H 1
| #define HAVE_INTTYPES_H 1
| #define HAVE_STDINT_H 1
| #define HAVE_UNISTD_H 1
| #define HAVE_DLFCN_H 1
| #define LT_OBJDIR ".libs/"
| /* end confdefs.h.  */
| /* Define dlopen to an innocuous variant, in case <limits.h> declares dlopen.
|    For example, HP-UX 11i <limits.h> declares gettimeofday.  */
| #define dlopen innocuous_dlopen
| 
| /* System header to define __stub macros and hopefully few prototypes,
|     which can conflict with char dlopen (); below.
|     Prefer <limits.h> to <assert.h> if __STDC__ is defined, since
|     <limits.h> exists even on freestanding compilers.  */
| 
| #ifdef __STDC__
| # include <limits.h>
| #else
| # include <assert.h>
| #endif
| 
| #undef dlopen
| 
| /* Override any GCC internal prototype to avoid an error.
|    Use char because int might match the return type of a GCC
|    builtin and then its argument prototype would still apply.  */
| #ifdef __cplusplus
| extern "C"
| #endif
| char dlopen ();
| /* The GNU C library defines this for functions which it implements
|     to always fail with ENOSYS.  Some functions are actually named
|     something starting with __ and the normal name is an alias.  */
| #if defined __stub_dlopen || defined __stub___dlopen
| choke me
| #endif
| 
| int
| main ()
| {
| return dlopen ();
|   ;
|   return 0;
| }
configure:12395: result: no
configure:12399: checking for dlopen in -ldl
configure:12424: gcc -o conftest -O2 -g -pipe -Wall -Werror=format-security -Wp,-D_FORTIFY_SOURCE=2 -Wp,-D_GLIBCXX_ASSERTIONS -fexceptions -fstack-protector-strong -grecord-gcc-switches -specs=/usr/lib/rpm/redhat/redhat-hardened-cc1 -specs=/usr/lib/rpm/redhat/redhat-annobin-cc1 -m64 -mtune=generic -fasynchronous-unwind-tables -fstack-clash-protection -fcf-protection  -Wl,-z,relro -Wl,--as-needed  -Wl,-z,now -specs=/usr/lib/rpm/redhat/redhat-hardened-ld conftest.c -ldl   >&5
configure:12424: $? = 0
configure:12433: result: yes
configure:12552: checking whether a program can dlopen itself
configure:12632: gcc -o conftest -O2 -g -pipe -Wall -Werror=format-security -Wp,-D_FORTIFY_SOURCE=2 -Wp,-D_GLIBCXX_ASSERTIONS -fexceptions -fstack-protector-strong -grecord-gcc-switches -specs=/usr/lib/rpm/redhat/redhat-hardened-cc1 -specs=/usr/lib/rpm/redhat/redhat-annobin-cc1 -m64 -mtune=generic -fasynchronous-unwind-tables -fstack-clash-protection -fcf-protection  -DHAVE_DLFCN_H -Wl,-z,relro -Wl,--as-needed  -Wl,-z,now -specs=/usr/lib/rpm/redhat/redhat-hardened-ld -Wl,--export-dynamic conftest.c -ldl  >&5
configure:12635: $? = 0
configure:12653: result: yes
configure:12658: checking whether a statically linked program can dlopen itself
configure:12738: gcc -o conftest -O2 -g -pipe -Wall -Werror=format-security -Wp,-D_FORTIFY_SOURCE=2 -Wp,-D_GLIBCXX_ASSERTIONS -fexceptions -fstack-protector-strong -grecord-gcc-switches -specs=/usr/lib/rpm/redhat/redhat-hardened-cc1 -specs=/usr/lib/rpm/redhat/redhat-annobin-cc1 -m64 -mtune=generic -fasynchronous-unwind-tables -fstack-clash-protection -fcf-protection  -DHAVE_DLFCN_H -Wl,-z,relro -Wl,--as-needed  -Wl,-z,now -specs=/usr/lib/rpm/redhat/redhat-hardened-ld -Wl,--export-dynamic  conftest.c -ldl  >&5
configure:12741: $? = 0
configure:12759: result: yes
configure:12798: checking whether stripping libraries is possible
configure:12803: result: yes
configure:12838: checking if libtool supports shared libraries
configure:12840: result: yes
configure:12843: checking whether to build shared libraries
configure:12868: result: yes
configure:12871: checking whether to build static libraries
configure:12875: result: no
configure:9872: Setting GST_PACKAGE_RELEASE_DATETIME to 2016-06-09
configure:10109: checking whether byte ordering is bigendian
configure:10124: gcc -c -O2 -g -pipe -Wall -Werror=format-security -Wp,-D_FORTIFY_SOURCE=2 -Wp,-D_GLIBCXX_ASSERTIONS -fexceptions -fstack-protector-strong -grecord-gcc-switches -specs=/usr/lib/rpm/redhat/redhat-hardened-cc1 -specs=/usr/lib/rpm/redhat/redhat-annobin-cc1 -m64 -mtune=generic -fasynchronous-unwind-tables -fstack-clash-protection -fcf-protection  conftest.c >&5
conftest.c:27:9: error: unknown type name 'not'
   27 |         not a universal capable compiler
      |         ^~~
conftest.c:27:15: error: expected '=', ',', ';', 'asm' or '__attribute__' before 'universal'
   27 |         not a universal capable compiler
      |               ^~~~~~~~~
conftest.c:27:15: error: unknown type name 'universal'
configure:10124: $? = 1
configure: failed program was:
| /* confdefs.h */
| #define PACKAGE_NAME "GStreamer VA-API Plug-ins"
| #define PACKAGE_TARNAME "gstreamer-vaapi"
| #define PACKAGE_VERSION "1.8.3"
| #define PACKAGE_STRING "GStreamer VA-API Plug-ins 1.8.3"
| #define PACKAGE_BUGREPORT "http://bugzilla.gnome.org/enter_bug.cgi?product=GStreamer"
| #define PACKAGE_URL ""
| #define PACKAGE "gstreamer-vaapi"
| #define VERSION "1.8.3"
| #define GST_API_VERSION "1.0"
| #define STDC_HEADERS 1
| #define HAVE_SYS_TYPES_H 1
| #define HAVE_SYS_STAT_H 1
| #define HAVE_STDLIB_H 1
| #define HAVE_STRING_H 1
| #define HAVE_MEMORY_H 1
| #define HAVE_STRINGS_H 1
| #define HAVE_INTTYPES_H 1
| #define HAVE_STDINT_H 1
| #define HAVE_UNISTD_H 1
| #define HAVE_DLFCN_H 1
| #define LT_OBJDIR ".libs/"
| #define GST_PACKAGE_RELEASE_DATETIME "2016-06-09"
| #define HAVE_CPU_X86_64 1
| /* end confdefs.h.  */
| #ifndef __APPLE_CC__
| 	       not a universal capable compiler
| 	     #endif
| 	     typedef int dummy;
| 
configure:10169: gcc -c -O2 -g -pipe -Wall -Werror=format-security -Wp,-D_FORTIFY_SOURCE=2 -Wp,-D_GLIBCXX_ASSERTIONS -fexceptions -fstack-protector-strong -grecord-gcc-switches -specs=/usr/lib/rpm/redhat/redhat-hardened-cc1 -specs=/usr/lib/rpm/redhat/redhat-annobin-cc1 -m64 -mtune=generic -fasynchronous-unwind-tables -fstack-clash-protection -fcf-protection  conftest.c >&5
configure:10169: $? = 0
configure:10187: gcc -c -O2 -g -pipe -Wall -Werror=format-security -Wp,-D_FORTIFY_SOURCE=2 -Wp,-D_GLIBCXX_ASSERTIONS -fexceptions -fstack-protector-strong -grecord-gcc-switches -specs=/usr/lib/rpm/redhat/redhat-hardened-cc1 -specs=/usr/lib/rpm/redhat/redhat-annobin-cc1 -m64 -mtune=generic -fasynchronous-unwind-tables -fstack-clash-protection -fcf-protection  conftest.c >&5
conftest.c: In function 'main':
conftest.c:33:4: error: unknown type name 'not'; did you mean 'ino_t'?
   33 |    not big endian
      |    ^~~
      |    ino_t
conftest.c:33:12: error: expected '=', ',', ';', 'asm' or '__attribute__' before 'endian'
   33 |    not big endian
      |            ^~~~~~
configure:10187: $? = 1
configure: failed program was:
| /* confdefs.h */
| #define PACKAGE_NAME "GStreamer VA-API Plug-ins"
| #define PACKAGE_TARNAME "gstreamer-vaapi"
| #define PACKAGE_VERSION "1.8.3"
| #define PACKAGE_STRING "GStreamer VA-API Plug-ins 1.8.3"
| #define PACKAGE_BUGREPORT "http://bugzilla.gnome.org/enter_bug.cgi?product=GStreamer"
| #define PACKAGE_URL ""
| #define PACKAGE "gstreamer-vaapi"
| #define VERSION "1.8.3"
| #define GST_API_VERSION "1.0"
| #define STDC_HEADERS 1
| #define HAVE_SYS_TYPES_H 1
| #define HAVE_SYS_STAT_H 1
| #define HAVE_STDLIB_H 1
| #define HAVE_STRING_H 1
| #define HAVE_MEMORY_H 1
| #define HAVE_STRINGS_H 1
| #define HAVE_INTTYPES_H 1
| #define HAVE_STDINT_H 1
| #define HAVE_UNISTD_H 1
| #define HAVE_DLFCN_H 1
| #define LT_OBJDIR ".libs/"
| #define GST_PACKAGE_RELEASE_DATETIME "2016-06-09"
| #define HAVE_CPU_X86_64 1
| /* end confdefs.h.  */
| #include <sys/types.h>
| 		#include <sys/param.h>
| 
| int
| main ()
| {
| #if BYTE_ORDER != BIG_ENDIAN
| 		 not big endian
| 		#endif
| 
|   ;
|   return 0;
| }
configure:10315: result: no
configure:10476: checking for x86_64-redhat-linux-gnu-gcc
configure:10503: result: gcc
configure:10772: checking for C compiler version
configure:10781: gcc --version >&5
gcc (GCC) 9.2.1 20190827 (Red Hat 9.2.1-1)
Copyright (C) 2019 Free Software Foundation, Inc.
This is free software; see the source for copying conditions.  There is NO
warranty; not even for MERCHANTABILITY or FITNESS FOR A PARTICULAR PURPOSE.

configure:10792: $? = 0
configure:10781: gcc -v >&5
Using built-in specs.
COLLECT_GCC=gcc
COLLECT_LTO_WRAPPER=/usr/libexec/gcc/x86_64-redhat-linux/9/lto-wrapper
OFFLOAD_TARGET_NAMES=nvptx-none
OFFLOAD_TARGET_DEFAULT=1
Target: x86_64-redhat-linux
Configured with: ../configure --enable-bootstrap --enable-languages=c,c++,fortran,objc,obj-c++,ada,go,d,lto --prefix=/usr --mandir=/usr/share/man --infodir=/usr/share/info --with-bugurl=http://bugzilla.redhat.com/bugzilla --enable-shared --enable-threads=posix --enable-checking=release --enable-multilib --with-system-zlib --enable-__cxa_atexit --disable-libunwind-exceptions --enable-gnu-unique-object --enable-linker-build-id --with-gcc-major-version-only --with-linker-hash-style=gnu --enable-plugin --enable-initfini-array --with-isl --enable-offload-targets=nvptx-none --without-cuda-driver --enable-gnu-indirect-function --enable-cet --with-tune=generic --with-arch_32=i686 --build=x86_64-redhat-linux
Thread model: posix
gcc version 9.2.1 20190827 (Red Hat 9.2.1-1) (GCC) 
configure:10792: $? = 0
configure:10781: gcc -V >&5
gcc: error: unrecognized command line option '-V'
gcc: fatal error: no input files
compilation terminated.
configure:10792: $? = 1
configure:10781: gcc -qversion >&5
gcc: error: unrecognized command line option '-qversion'; did you mean '--version'?
gcc: fatal error: no input files
compilation terminated.
configure:10792: $? = 1
configure:10796: checking whether we are using the GNU C compiler
configure:10824: result: yes
configure:10833: checking whether gcc accepts -g
configure:10894: result: yes
configure:10911: checking for gcc option to accept ISO C89
configure:10987: result: none needed
configure:11012: checking whether gcc understands -c and -o together
configure:11049: result: yes
configure:11068: checking dependency style of gcc
configure:11179: result: none
configure:11198: checking for gcc option to accept ISO C99
configure:11347: gcc  -c -O2 -g -pipe -Wall -Werror=format-security -Wp,-D_FORTIFY_SOURCE=2 -Wp,-D_GLIBCXX_ASSERTIONS -fexceptions -fstack-protector-strong -grecord-gcc-switches -specs=/usr/lib/rpm/redhat/redhat-hardened-cc1 -specs=/usr/lib/rpm/redhat/redhat-annobin-cc1 -m64 -mtune=generic -fasynchronous-unwind-tables -fstack-clash-protection -fcf-protection  conftest.c >&5
conftest.c: In function 'test_varargs':
conftest.c:99:9: warning: variable 'fnumber' set but not used [-Wunused-but-set-variable]
   99 |   float fnumber;
      |         ^~~~~~~
conftest.c:98:7: warning: variable 'number' set but not used [-Wunused-but-set-variable]
   98 |   int number;
      |       ^~~~~~
conftest.c:97:15: warning: variable 'str' set but not used [-Wunused-but-set-variable]
   97 |   const char *str;
      |               ^~~
configure:11347: $? = 0
configure:11360: result: none needed
configure:11468: checking for gcc option to accept ISO Standard C
configure:11479: result: none needed
configure:11491: checking for git
configure:11509: found /usr/bin/git
configure:11521: result: /usr/bin/git
configure:11544: checking for x86_64-redhat-linux-gnu-pkg-config
configure:11562: found /usr/bin/x86_64-redhat-linux-gnu-pkg-config
configure:11574: result: /usr/bin/x86_64-redhat-linux-gnu-pkg-config
configure:11642: checking pkg-config is at least version 0.9.0
configure:11645: result: yes
configure:11659: checking for gtkdoc-check
configure:11677: found /usr/bin/gtkdoc-check
configure:11689: result: /usr/bin/gtkdoc-check
configure:11701: checking for gtkdoc-rebase
configure:11719: found /usr/bin/gtkdoc-rebase
configure:11731: result: /usr/bin/gtkdoc-rebase
configure:11745: checking for gtkdoc-mkpdf
configure:11763: found /usr/bin/gtkdoc-mkpdf
configure:11775: result: /usr/bin/gtkdoc-mkpdf
configure:11979: checking whether to build gtk-doc documentation
configure:11981: result: no
configure:12049: checking for python
configure:12067: found /usr/bin/python
configure:12079: result: /usr/bin/python
configure:12100: checking for python version
configure:12107: result: 2.7
configure:12119: checking for python platform
configure:12126: result: linux2
configure:12152: checking for python script directory
configure:12187: result: ${prefix}/lib/python2.7/site-packages
configure:12196: checking for python extension module directory
configure:12231: result: ${exec_prefix}/lib64/python2.7/site-packages
configure:12247: checking whether to build plugin documentation
configure:12259: result: no (gtk-doc disabled or not available)
configure:12273: checking for tan in -lm
configure:12298: gcc -o conftest -O2 -g -pipe -Wall -Werror=format-security -Wp,-D_FORTIFY_SOURCE=2 -Wp,-D_GLIBCXX_ASSERTIONS -fexceptions -fstack-protector-strong -grecord-gcc-switches -specs=/usr/lib/rpm/redhat/redhat-hardened-cc1 -specs=/usr/lib/rpm/redhat/redhat-annobin-cc1 -m64 -mtune=generic -fasynchronous-unwind-tables -fstack-clash-protection -fcf-protection  -Wl,-z,relro -Wl,--as-needed  -Wl,-z,now -specs=/usr/lib/rpm/redhat/redhat-hardened-ld conftest.c -lm   >&5
conftest.c:35:6: warning: conflicting types for built-in function 'tan'; expected 'double(double)' [-Wbuiltin-declaration-mismatch]
   35 | char tan ();
      |      ^~~
conftest.c:1:1: note: 'tan' is declared in header '<math.h>'
    1 | /* confdefs.h */
configure:12298: $? = 0
configure:12307: result: yes
configure:12319: checking for dlopen
configure:12319: result: no
configure:12324: checking for dlopen in -ldl
configure:12358: result: yes
configure:12436: Using /usr/lib64/gstreamer-1.0 as the plugin install location
configure:12466: checking for GLIB
configure:12474: $PKG_CONFIG --exists --print-errors "$which"
configure:12477: $? = 0
configure:12492: $PKG_CONFIG --exists --print-errors "$which"
configure:12495: $? = 0
configure:12547: result: yes
configure:12598: checking for glib-genmarshal
configure:12606: result: /usr/bin/glib-genmarshal (from pkg-config path)
configure:12660: checking for glib-mkenums
configure:12667: result: /usr/bin/glib-mkenums
configure:12680: checking for GIO
configure:12688: $PKG_CONFIG --exists --print-errors "gio-2.0 >= $GLIB_REQ"
configure:12691: $? = 0
configure:12706: $PKG_CONFIG --exists --print-errors "gio-2.0 >= $GLIB_REQ"
configure:12709: $? = 0
configure:12764: result: yes
configure:12804: checking for GST
configure:12812: $PKG_CONFIG --exists --print-errors "$module >= $minver"
configure:12815: $? = 0
configure:12830: $PKG_CONFIG --exists --print-errors "$module >= $minver"
configure:12833: $? = 0
configure:12889: result: yes
configure:12903: using GStreamer tools in /usr/bin
configure:12913: using GStreamer plug-ins in /usr/lib64/gstreamer-1.0
configure:12918: checking for GStreamer API version
configure:12924: result: 1.16
configure:12940: checking for GST_BASE
configure:12948: $PKG_CONFIG --exists --print-errors "$module >= $minver"
configure:12951: $? = 0
configure:12966: $PKG_CONFIG --exists --print-errors "$module >= $minver"
configure:12969: $? = 0
configure:13025: result: yes
configure:13042: checking for GST_PLUGINS_BASE
configure:13050: $PKG_CONFIG --exists --print-errors "$module >= $minver"
configure:13053: $? = 0
configure:13068: $PKG_CONFIG --exists --print-errors "$module >= $minver"
configure:13071: $? = 0
configure:13127: result: yes
configure:13143: using GStreamer Base Plugins in /usr/lib64/gstreamer-1.0
configure:13158: checking for GST_ALLOCATORS
configure:13166: $PKG_CONFIG --exists --print-errors "$module >= $minver"
configure:13169: $? = 0
configure:13184: $PKG_CONFIG --exists --print-errors "$module >= $minver"
configure:13187: $? = 0
configure:13243: result: yes
configure:13259: checking for GST_VIDEO
configure:13267: $PKG_CONFIG --exists --print-errors "$module >= $minver"
configure:13270: $? = 0
configure:13285: $PKG_CONFIG --exists --print-errors "$module >= $minver"
configure:13288: $? = 0
configure:13344: result: yes
configure:13360: checking for GST_PBUTILS
configure:13368: $PKG_CONFIG --exists --print-errors "$module >= $minver"
configure:13371: $? = 0
configure:13386: $PKG_CONFIG --exists --print-errors "$module >= $minver"
configure:13389: $? = 0
configure:13445: result: yes
configure:13460: checking for GST_CODEC_PARSERS
configure:13468: $PKG_CONFIG --exists --print-errors "$which"
Package dependency requirement 'gstreamer-codecparsers-1.0 <= 1.8.99' could not be satisfied.
Package 'gstreamer-codecparsers-1.0' has version '1.16.0', required version is '<= 1.8.99'
configure:13471: $? = 1
configure:13486: $PKG_CONFIG --exists --print-errors "$which"
Package dependency requirement 'gstreamer-codecparsers-1.0 <= 1.8.99' could not be satisfied.
Package 'gstreamer-codecparsers-1.0' has version '1.16.0', required version is '<= 1.8.99'
configure:13489: $? = 1
Package dependency requirement 'gstreamer-codecparsers-1.0 <= 1.8.99' could not be satisfied.
Package 'gstreamer-codecparsers-1.0' has version '1.16.0', required version is '<= 1.8.99'
configure:13517: result: no
configure:13522: error: Package dependency requirement 'gstreamer-codecparsers-1.0 <= 1.8.99' could not be satisfied.
Package 'gstreamer-codecparsers-1.0' has version '1.16.0', required version is '<= 1.8.99'

## ---------------- ##
## Cache variables. ##
## ---------------- ##

ac_cv_build=x86_64-redhat-linux-gnu
ac_cv_c_bigendian=no
ac_cv_c_compiler_gnu=yes
ac_cv_env_CC_set=
ac_cv_env_CC_value=
ac_cv_env_CFLAGS_set=set
ac_cv_env_CFLAGS_value='-O2 -g -pipe -Wall -Werror=format-security -Wp,-D_FORTIFY_SOURCE=2 -Wp,-D_GLIBCXX_ASSERTIONS -fexceptions -fstack-protector-strong -grecord-gcc-switches -specs=/usr/lib/rpm/redhat/redhat-hardened-cc1 -specs=/usr/lib/rpm/redhat/redhat-annobin-cc1 -m64 -mtune=generic -fasynchronous-unwind-tables -fstack-clash-protection -fcf-protection'
ac_cv_env_CPPFLAGS_set=
ac_cv_env_CPPFLAGS_value=
ac_cv_env_CPP_set=
ac_cv_env_CPP_value=
ac_cv_env_DRM_CFLAGS_set=
ac_cv_env_DRM_CFLAGS_value=
ac_cv_env_DRM_LIBS_set=
ac_cv_env_DRM_LIBS_value=
ac_cv_env_EGL_CFLAGS_set=
ac_cv_env_EGL_CFLAGS_value=
ac_cv_env_EGL_LIBS_set=
ac_cv_env_EGL_LIBS_value=
ac_cv_env_GIO_CFLAGS_set=
ac_cv_env_GIO_CFLAGS_value=
ac_cv_env_GIO_LIBS_set=
ac_cv_env_GIO_LIBS_value=
ac_cv_env_GLES2_CFLAGS_set=
ac_cv_env_GLES2_CFLAGS_value=
ac_cv_env_GLES2_LIBS_set=
ac_cv_env_GLES2_LIBS_value=
ac_cv_env_GLES3_CFLAGS_set=
ac_cv_env_GLES3_CFLAGS_value=
ac_cv_env_GLES3_LIBS_set=
ac_cv_env_GLES3_LIBS_value=
ac_cv_env_GLIB_CFLAGS_set=
ac_cv_env_GLIB_CFLAGS_value=
ac_cv_env_GLIB_LIBS_set=
ac_cv_env_GLIB_LIBS_value=
ac_cv_env_GL_CFLAGS_set=
ac_cv_env_GL_CFLAGS_value=
ac_cv_env_GL_LIBS_set=
ac_cv_env_GL_LIBS_value=
ac_cv_env_GMODULE_CFLAGS_set=
ac_cv_env_GMODULE_CFLAGS_value=
ac_cv_env_GMODULE_LIBS_set=
ac_cv_env_GMODULE_LIBS_value=
ac_cv_env_GST_ALLOCATORS_CFLAGS_set=
ac_cv_env_GST_ALLOCATORS_CFLAGS_value=
ac_cv_env_GST_ALLOCATORS_LIBS_set=
ac_cv_env_GST_ALLOCATORS_LIBS_value=
ac_cv_env_GST_BASE_CFLAGS_set=
ac_cv_env_GST_BASE_CFLAGS_value=
ac_cv_env_GST_BASE_LIBS_set=
ac_cv_env_GST_BASE_LIBS_value=
ac_cv_env_GST_CFLAGS_set=
ac_cv_env_GST_CFLAGS_value=
ac_cv_env_GST_CODEC_PARSERS_CFLAGS_set=
ac_cv_env_GST_CODEC_PARSERS_CFLAGS_value=
ac_cv_env_GST_CODEC_PARSERS_LIBS_set=
ac_cv_env_GST_CODEC_PARSERS_LIBS_value=
ac_cv_env_GST_GL_CFLAGS_set=
ac_cv_env_GST_GL_CFLAGS_value=
ac_cv_env_GST_GL_LIBS_set=
ac_cv_env_GST_GL_LIBS_value=
ac_cv_env_GST_LIBS_set=
ac_cv_env_GST_LIBS_value=
ac_cv_env_GST_PBUTILS_CFLAGS_set=
ac_cv_env_GST_PBUTILS_CFLAGS_value=
ac_cv_env_GST_PBUTILS_LIBS_set=
ac_cv_env_GST_PBUTILS_LIBS_value=
ac_cv_env_GST_PLUGINS_BASE_CFLAGS_set=
ac_cv_env_GST_PLUGINS_BASE_CFLAGS_value=
ac_cv_env_GST_PLUGINS_BASE_LIBS_set=
ac_cv_env_GST_PLUGINS_BASE_LIBS_value=
ac_cv_env_GST_VIDEO_CFLAGS_set=
ac_cv_env_GST_VIDEO_CFLAGS_value=
ac_cv_env_GST_VIDEO_LIBS_set=
ac_cv_env_GST_VIDEO_LIBS_value=
ac_cv_env_GTKDOC_DEPS_CFLAGS_set=
ac_cv_env_GTKDOC_DEPS_CFLAGS_value=
ac_cv_env_GTKDOC_DEPS_LIBS_set=
ac_cv_env_GTKDOC_DEPS_LIBS_value=
ac_cv_env_LDFLAGS_set=set
ac_cv_env_LDFLAGS_value='-Wl,-z,relro -Wl,--as-needed  -Wl,-z,now -specs=/usr/lib/rpm/redhat/redhat-hardened-ld'
ac_cv_env_LIBS_set=
ac_cv_env_LIBS_value=
ac_cv_env_LIBVA_CFLAGS_set=
ac_cv_env_LIBVA_CFLAGS_value=
ac_cv_env_LIBVA_DRM_CFLAGS_set=
ac_cv_env_LIBVA_DRM_CFLAGS_value=
ac_cv_env_LIBVA_DRM_LIBS_set=
ac_cv_env_LIBVA_DRM_LIBS_value=
ac_cv_env_LIBVA_LIBS_set=
ac_cv_env_LIBVA_LIBS_value=
ac_cv_env_LIBVA_WAYLAND_CFLAGS_set=
ac_cv_env_LIBVA_WAYLAND_CFLAGS_value=
ac_cv_env_LIBVA_WAYLAND_LIBS_set=
ac_cv_env_LIBVA_WAYLAND_LIBS_value=
ac_cv_env_LIBVA_X11_CFLAGS_set=
ac_cv_env_LIBVA_X11_CFLAGS_value=
ac_cv_env_LIBVA_X11_LIBS_set=
ac_cv_env_LIBVA_X11_LIBS_value=
ac_cv_env_LT_SYS_LIBRARY_PATH_set=
ac_cv_env_LT_SYS_LIBRARY_PATH_value=
ac_cv_env_PKG_CONFIG_set=
ac_cv_env_PKG_CONFIG_value=
ac_cv_env_PYTHON_set=
ac_cv_env_PYTHON_value=
ac_cv_env_WAYLAND_CFLAGS_set=
ac_cv_env_WAYLAND_CFLAGS_value=
ac_cv_env_WAYLAND_LIBS_set=
ac_cv_env_WAYLAND_LIBS_value=
ac_cv_env_X11_CFLAGS_set=
ac_cv_env_X11_CFLAGS_value=
ac_cv_env_X11_LIBS_set=
ac_cv_env_X11_LIBS_value=
ac_cv_env_XRANDR_CFLAGS_set=
ac_cv_env_XRANDR_CFLAGS_value=
ac_cv_env_XRANDR_LIBS_set=
ac_cv_env_XRANDR_LIBS_value=
ac_cv_env_XRENDER_CFLAGS_set=
ac_cv_env_XRENDER_CFLAGS_value=
ac_cv_env_XRENDER_LIBS_set=
ac_cv_env_XRENDER_LIBS_value=
ac_cv_env_build_alias_set=set
ac_cv_env_build_alias_value=x86_64-redhat-linux-gnu
ac_cv_env_host_alias_set=set
ac_cv_env_host_alias_value=x86_64-redhat-linux-gnu
ac_cv_env_target_alias_set=
ac_cv_env_target_alias_value=
ac_cv_func_dlopen=no
ac_cv_func_shl_load=no
ac_cv_header_dlfcn_h=yes
ac_cv_header_inttypes_h=yes
ac_cv_header_memory_h=yes
ac_cv_header_stdc=yes
ac_cv_header_stdint_h=yes
ac_cv_header_stdlib_h=yes
ac_cv_header_string_h=yes
ac_cv_header_strings_h=yes
ac_cv_header_sys_stat_h=yes
ac_cv_header_sys_types_h=yes
ac_cv_header_unistd_h=yes
ac_cv_host=x86_64-redhat-linux-gnu
ac_cv_lib_dl_dlopen=yes
ac_cv_lib_dld_shl_load=no
ac_cv_lib_m_tan=yes
ac_cv_objext=o
ac_cv_path_EGREP='/usr/bin/grep -E'
ac_cv_path_FGREP='/usr/bin/grep -F'
ac_cv_path_GIT=/usr/bin/git
ac_cv_path_GREP=/usr/bin/grep
ac_cv_path_GTKDOC_CHECK=/usr/bin/gtkdoc-check
ac_cv_path_GTKDOC_MKPDF=/usr/bin/gtkdoc-mkpdf
ac_cv_path_GTKDOC_REBASE=/usr/bin/gtkdoc-rebase
ac_cv_path_PKG_CONFIG=/usr/bin/x86_64-redhat-linux-gnu-pkg-config
ac_cv_path_PYTHON=/usr/bin/python
ac_cv_path_SED=/usr/bin/sed
ac_cv_path_install='/usr/bin/install -c'
ac_cv_path_lt_DD=/usr/bin/dd
ac_cv_path_mkdir=/usr/bin/mkdir
ac_cv_prog_AWK=gawk
ac_cv_prog_CC=gcc
ac_cv_prog_CPP='gcc -E'
ac_cv_prog_ac_ct_AR=ar
ac_cv_prog_ac_ct_CC=gcc
ac_cv_prog_ac_ct_OBJDUMP=objdump
ac_cv_prog_ac_ct_RANLIB=ranlib
ac_cv_prog_ac_ct_STRIP=strip
ac_cv_prog_cc_c89=
ac_cv_prog_cc_c99=
ac_cv_prog_cc_g=yes
ac_cv_prog_cc_stdc=
ac_cv_prog_make_make_set=yes
ac_cv_target=x86_64-redhat-linux-gnu
am_cv_CC_dependencies_compiler_type=none
am_cv_make_support_nested_variables=yes
am_cv_prog_cc_c_o=yes
am_cv_prog_tar_ustar=gnutar
am_cv_python_platform=linux2
am_cv_python_pyexecdir='${exec_prefix}/lib64/python2.7/site-packages'
am_cv_python_pythondir='${prefix}/lib/python2.7/site-packages'
am_cv_python_version=2.7
lt_cv_ar_at_file=@
lt_cv_archive_cmds_need_lc=no
lt_cv_deplibs_check_method=pass_all
lt_cv_dlopen=dlopen
lt_cv_dlopen_libs=-ldl
lt_cv_dlopen_self=yes
lt_cv_dlopen_self_static=yes
lt_cv_file_magic_cmd='$MAGIC_CMD'
lt_cv_file_magic_test_file=
lt_cv_ld_reload_flag=-r
lt_cv_nm_interface='BSD nm'
lt_cv_objdir=.libs
lt_cv_path_LD=/usr/bin/ld
lt_cv_path_NM='/usr/bin/nm -B'
lt_cv_path_mainfest_tool=no
lt_cv_prog_compiler_c_o=yes
lt_cv_prog_compiler_pic='-fPIC -DPIC'
lt_cv_prog_compiler_pic_works=yes
lt_cv_prog_compiler_rtti_exceptions=no
lt_cv_prog_compiler_static_works=no
lt_cv_prog_gnu_ld=yes
lt_cv_sharedlib_from_linklib_cmd='printf %s\n'
lt_cv_shlibpath_overrides_runpath=no
lt_cv_sys_global_symbol_pipe='sed -n -e '\''s/^.*[	 ]\([ABCDGIRSTW][ABCDGIRSTW]*\)[	 ][	 ]*\([_A-Za-z][_A-Za-z0-9]*\)$/\1 \2 \2/p'\'' | sed '\''/ __gnu_lto/d'\'''
lt_cv_sys_global_symbol_to_c_name_address='sed -n -e '\''s/^: \(.*\) .*$/  {"\1", (void *) 0},/p'\'' -e '\''s/^[ABCDGIRSTW][ABCDGIRSTW]* .* \(.*\)$/  {"\1", (void *) \&\1},/p'\'''
lt_cv_sys_global_symbol_to_c_name_address_lib_prefix='sed -n -e '\''s/^: \(.*\) .*$/  {"\1", (void *) 0},/p'\'' -e '\''s/^[ABCDGIRSTW][ABCDGIRSTW]* .* \(lib.*\)$/  {"\1", (void *) \&\1},/p'\'' -e '\''s/^[ABCDGIRSTW][ABCDGIRSTW]* .* \(.*\)$/  {"lib\1", (void *) \&\1},/p'\'''
lt_cv_sys_global_symbol_to_cdecl='sed -n -e '\''s/^T .* \(.*\)$/extern int \1();/p'\'' -e '\''s/^[ABCDGIRSTW][ABCDGIRSTW]* .* \(.*\)$/extern char \1;/p'\'''
lt_cv_sys_global_symbol_to_import=
lt_cv_sys_max_cmd_len=1572864
lt_cv_to_host_file_cmd=func_convert_file_noop
lt_cv_to_tool_file_cmd=func_convert_file_noop
lt_cv_truncate_bin='/usr/bin/dd bs=4096 count=1'
pkg_cv_GIO_CFLAGS='-I/usr/include/glib-2.0 -I/usr/lib64/glib-2.0/include -pthread -I/usr/include/libmount -I/usr/include/blkid -I/usr/include/uuid '
pkg_cv_GIO_LIBS='-lgio-2.0 -lgobject-2.0 -lglib-2.0 '
pkg_cv_GLIB_CFLAGS='-I/usr/include/glib-2.0 -I/usr/lib64/glib-2.0/include -pthread '
pkg_cv_GLIB_LIBS='-lgobject-2.0 -pthread -lgmodule-2.0 -lglib-2.0 '
pkg_cv_GST_ALLOCATORS_CFLAGS='-I/usr/include/gstreamer-1.0 -I/usr/include/glib-2.0 -I/usr/lib64/glib-2.0/include -pthread '
pkg_cv_GST_ALLOCATORS_LIBS='-lgstallocators-1.0 -lgstreamer-1.0 -lgobject-2.0 -lglib-2.0 '
pkg_cv_GST_BASE_CFLAGS='-I/usr/include/gstreamer-1.0 -I/usr/include/glib-2.0 -I/usr/lib64/glib-2.0/include -pthread '
pkg_cv_GST_BASE_LIBS='-lgstbase-1.0 -lgstreamer-1.0 -lgobject-2.0 -lglib-2.0 '
pkg_cv_GST_CFLAGS='-I/usr/include/gstreamer-1.0 -I/usr/include/glib-2.0 -I/usr/lib64/glib-2.0/include -pthread '
pkg_cv_GST_LIBS='-lgstreamer-1.0 -lgobject-2.0 -lglib-2.0 '
pkg_cv_GST_PBUTILS_CFLAGS='-I/usr/include/gstreamer-1.0 -I/usr/include/glib-2.0 -I/usr/lib64/glib-2.0/include -I/usr/include/orc-0.4 -pthread '
pkg_cv_GST_PBUTILS_LIBS='-lgstpbutils-1.0 -lgstaudio-1.0 -lgstvideo-1.0 -lgstbase-1.0 -lgstreamer-1.0 -lgobject-2.0 -lglib-2.0 '
pkg_cv_GST_PLUGINS_BASE_CFLAGS='-I/usr/include/gstreamer-1.0 -I/usr/include/glib-2.0 -I/usr/lib64/glib-2.0/include -pthread '
pkg_cv_GST_PLUGINS_BASE_LIBS='-lgstreamer-1.0 -lgobject-2.0 -lglib-2.0 '
pkg_cv_GST_VIDEO_CFLAGS='-I/usr/include/gstreamer-1.0 -I/usr/include/glib-2.0 -I/usr/lib64/glib-2.0/include -pthread -I/usr/include/orc-0.4 '
pkg_cv_GST_VIDEO_LIBS='-lgstvideo-1.0 -lgstbase-1.0 -lgstreamer-1.0 -lgobject-2.0 -lglib-2.0 '

## ----------------- ##
## Output variables. ##
## ----------------- ##

ACLOCAL='${SHELL} /home/kalpana/rpmbuild/BUILD/gstreamer-vaapi-1.8.3/build-aux/missing aclocal-1.15'
ACLOCAL_AMFLAGS='-I m4 -I common/m4'
AMDEPBACKSLASH=''
AMDEP_FALSE=''
AMDEP_TRUE='#'
AMTAR='$${TAR-tar}'
AM_BACKSLASH='\'
AM_DEFAULT_V='$(AM_DEFAULT_VERBOSITY)'
AM_DEFAULT_VERBOSITY='0'
AM_V='$(V)'
AR='ar'
AS='as'
AUTOCONF='${SHELL} /home/kalpana/rpmbuild/BUILD/gstreamer-vaapi-1.8.3/build-aux/missing autoconf'
AUTOHEADER='${SHELL} /home/kalpana/rpmbuild/BUILD/gstreamer-vaapi-1.8.3/build-aux/missing autoheader'
AUTOMAKE='${SHELL} /home/kalpana/rpmbuild/BUILD/gstreamer-vaapi-1.8.3/build-aux/missing automake-1.15'
AWK='gawk'
CC='gcc'
CCDEPMODE='depmode=none'
CFLAGS='-O2 -g -pipe -Wall -Werror=format-security -Wp,-D_FORTIFY_SOURCE=2 -Wp,-D_GLIBCXX_ASSERTIONS -fexceptions -fstack-protector-strong -grecord-gcc-switches -specs=/usr/lib/rpm/redhat/redhat-hardened-cc1 -specs=/usr/lib/rpm/redhat/redhat-annobin-cc1 -m64 -mtune=generic -fasynchronous-unwind-tables -fstack-clash-protection -fcf-protection'
CPP='gcc -E'
CPPFLAGS=''
CYGPATH_W='echo'
DEFS=''
DEPDIR='.deps'
DEPRECATED_CFLAGS=''
DLLTOOL='false'
DLOPEN_LIBS='-ldl'
DRM_CFLAGS=''
DRM_LIBS=''
DSYMUTIL=''
DUMPBIN=''
ECHO_C=''
ECHO_N='-n'
ECHO_T=''
EGL_CFLAGS=''
EGL_LIBS=''
EGREP='/usr/bin/grep -E'
ENABLE_GTK_DOC_FALSE=''
ENABLE_GTK_DOC_TRUE='#'
ENABLE_PLUGIN_DOCS_FALSE=''
ENABLE_PLUGIN_DOCS_TRUE='#'
ERROR_CFLAGS=''
EXEEXT=''
FGREP='/usr/bin/grep -F'
GIO_CFLAGS='-I/usr/include/glib-2.0 -I/usr/lib64/glib-2.0/include -pthread -I/usr/include/libmount -I/usr/include/blkid -I/usr/include/uuid '
GIO_LDFLAGS=''
GIO_LIBS='-lgio-2.0 -lgobject-2.0 -lglib-2.0 '
GIT='/usr/bin/git'
GLES2_CFLAGS=''
GLES2_LIBS=''
GLES3_CFLAGS=''
GLES3_LIBS=''
GLIB_CFLAGS='-I/usr/include/glib-2.0 -I/usr/lib64/glib-2.0/include -pthread '
GLIB_EXTRA_CFLAGS=' -DG_THREADS_MANDATORY -DG_DISABLE_CAST_CHECKS'
GLIB_GENMARSHAL='/usr/bin/glib-genmarshal'
GLIB_LIBS='-lgobject-2.0 -pthread -lgmodule-2.0 -lglib-2.0 '
GLIB_MKENUMS='/usr/bin/glib-mkenums'
GLIB_REQ='2.32'
GL_CFLAGS=''
GL_LIBS=''
GMODULE_CFLAGS=''
GMODULE_LIBS=''
GREP='/usr/bin/grep'
GSTPB_PLUGINS_DIR='/usr/lib64/gstreamer-1.0'
GST_AGE='803'
GST_ALLOCATORS_CFLAGS='-I/usr/include/gstreamer-1.0 -I/usr/include/glib-2.0 -I/usr/lib64/glib-2.0/include -pthread '
GST_ALLOCATORS_LIBS='-lgstallocators-1.0 -lgstreamer-1.0 -lgobject-2.0 -lglib-2.0 '
GST_ALL_LDFLAGS=''
GST_API_VERSION='1.0'
GST_BASE_CFLAGS='-I/usr/include/gstreamer-1.0 -I/usr/include/glib-2.0 -I/usr/lib64/glib-2.0/include -pthread '
GST_BASE_LIBS='-lgstbase-1.0 -lgstreamer-1.0 -lgobject-2.0 -lglib-2.0 '
GST_CFLAGS='-I/usr/include/gstreamer-1.0 -I/usr/include/glib-2.0 -I/usr/lib64/glib-2.0/include -pthread '
GST_CODEC_PARSERS_CFLAGS=''
GST_CODEC_PARSERS_LIBS=''
GST_CURRENT='803'
GST_GL_CFLAGS=''
GST_GL_LIBS=''
GST_LEVEL_DEFAULT=''
GST_LIBS='-lgstreamer-1.0 -lgobject-2.0 -lglib-2.0 '
GST_LIBVERSION='803:0:803'
GST_LIB_LDFLAGS=''
GST_LT_LDFLAGS=' -version-info 803:0:803'
GST_OPTION_CFLAGS=''
GST_PBUTILS_CFLAGS='-I/usr/include/gstreamer-1.0 -I/usr/include/glib-2.0 -I/usr/lib64/glib-2.0/include -I/usr/include/orc-0.4 -pthread '
GST_PBUTILS_LIBS='-lgstpbutils-1.0 -lgstaudio-1.0 -lgstvideo-1.0 -lgstbase-1.0 -lgstreamer-1.0 -lgobject-2.0 -lglib-2.0 '
GST_PLUGINS_BASE_CFLAGS='-I/usr/include/gstreamer-1.0 -I/usr/include/glib-2.0 -I/usr/lib64/glib-2.0/include -pthread '
GST_PLUGINS_BASE_DIR='/usr/lib64/gstreamer-1.0/gst:/usr/lib64/gstreamer-1.0/sys:/usr/lib64/gstreamer-1.0/ext'
GST_PLUGINS_BASE_LIBS='-lgstreamer-1.0 -lgobject-2.0 -lglib-2.0 '
GST_PLUGINS_DIR='/usr/lib64/gstreamer-1.0'
GST_PLUGIN_LDFLAGS=''
GST_REVISION='0'
GST_TOOLS_DIR='/usr/bin'
GST_VIDEO_CFLAGS='-I/usr/include/gstreamer-1.0 -I/usr/include/glib-2.0 -I/usr/lib64/glib-2.0/include -pthread -I/usr/include/orc-0.4 '
GST_VIDEO_LIBS='-lgstvideo-1.0 -lgstbase-1.0 -lgstreamer-1.0 -lgobject-2.0 -lglib-2.0 '
GTKDOC_CHECK='/usr/bin/gtkdoc-check'
GTKDOC_DEPS_CFLAGS=''
GTKDOC_DEPS_LIBS=''
GTKDOC_MKPDF='/usr/bin/gtkdoc-mkpdf'
GTKDOC_REBASE='/usr/bin/gtkdoc-rebase'
GTK_DOC_BUILD_HTML_FALSE='#'
GTK_DOC_BUILD_HTML_TRUE=''
GTK_DOC_BUILD_PDF_FALSE=''
GTK_DOC_BUILD_PDF_TRUE='#'
GTK_DOC_USE_LIBTOOL_FALSE='#'
GTK_DOC_USE_LIBTOOL_TRUE=''
HAVE_CPU_ALPHA_FALSE=''
HAVE_CPU_ALPHA_TRUE='#'
HAVE_CPU_ARC_FALSE=''
HAVE_CPU_ARC_TRUE='#'
HAVE_CPU_ARM_FALSE=''
HAVE_CPU_ARM_TRUE='#'
HAVE_CPU_CRISV32_FALSE=''
HAVE_CPU_CRISV32_TRUE='#'
HAVE_CPU_CRIS_FALSE=''
HAVE_CPU_CRIS_TRUE='#'
HAVE_CPU_HPPA_FALSE=''
HAVE_CPU_HPPA_TRUE='#'
HAVE_CPU_I386_FALSE=''
HAVE_CPU_I386_TRUE='#'
HAVE_CPU_IA64_FALSE=''
HAVE_CPU_IA64_TRUE='#'
HAVE_CPU_M68K_FALSE=''
HAVE_CPU_M68K_TRUE='#'
HAVE_CPU_MIPS_FALSE=''
HAVE_CPU_MIPS_TRUE='#'
HAVE_CPU_PPC64_FALSE=''
HAVE_CPU_PPC64_TRUE='#'
HAVE_CPU_PPC_FALSE=''
HAVE_CPU_PPC_TRUE='#'
HAVE_CPU_S390_FALSE=''
HAVE_CPU_S390_TRUE='#'
HAVE_CPU_SPARC_FALSE=''
HAVE_CPU_SPARC_TRUE='#'
HAVE_CPU_X86_64_FALSE='#'
HAVE_CPU_X86_64_TRUE=''
HAVE_GIT_FALSE='#'
HAVE_GIT_TRUE=''
HTML_DIR='${datadir}/gtk-doc/html'
INSTALL_DATA='${INSTALL} -m 644'
INSTALL_PROGRAM='${INSTALL}'
INSTALL_SCRIPT='${INSTALL}'
INSTALL_STRIP_PROGRAM='$(install_sh) -c -s'
LD='/usr/bin/ld -m elf_x86_64'
LDFLAGS='-Wl,-z,relro -Wl,--as-needed  -Wl,-z,now -specs=/usr/lib/rpm/redhat/redhat-hardened-ld'
LIBDIR='/usr/lib64'
LIBOBJS=''
LIBS='-lm '
LIBTOOL='$(SHELL) $(top_builddir)/libtool'
LIBVA_CFLAGS=''
LIBVA_DRM_CFLAGS=''
LIBVA_DRM_LIBS=''
LIBVA_LIBS=''
LIBVA_WAYLAND_CFLAGS=''
LIBVA_WAYLAND_LIBS=''
LIBVA_X11_CFLAGS=''
LIBVA_X11_LIBS=''
LIPO=''
LN_S='ln -s'
LTLIBOBJS=''
LT_SYS_LIBRARY_PATH=''
MAINT=''
MAINTAINER_MODE_FALSE='#'
MAINTAINER_MODE_TRUE=''
MAKEINFO='${SHELL} /home/kalpana/rpmbuild/BUILD/gstreamer-vaapi-1.8.3/build-aux/missing makeinfo'
MANIFEST_TOOL=':'
MKDIR_P='/usr/bin/mkdir -p'
NM='/usr/bin/nm -B'
NMEDIT=''
OBJDUMP='objdump'
OBJEXT='o'
OTOOL64=''
OTOOL=''
PACKAGE='gstreamer-vaapi'
PACKAGE_BUGREPORT='http://bugzilla.gnome.org/enter_bug.cgi?product=GStreamer'
PACKAGE_NAME='GStreamer VA-API Plug-ins'
PACKAGE_STRING='GStreamer VA-API Plug-ins 1.8.3'
PACKAGE_TARNAME='gstreamer-vaapi'
PACKAGE_URL=''
PACKAGE_VERSION='1.8.3'
PACKAGE_VERSION_MAJOR='1'
PACKAGE_VERSION_MICRO='3'
PACKAGE_VERSION_MINOR='8'
PACKAGE_VERSION_NANO='0'
PACKAGE_VERSION_RELEASE='1'
PATH_SEPARATOR=':'
PKG_CONFIG='/usr/bin/x86_64-redhat-linux-gnu-pkg-config'
PLUGINDIR='/usr/lib64/gstreamer-1.0'
PROFILE_CFLAGS=''
PYTHON='/usr/bin/python'
PYTHON_EXEC_PREFIX='${exec_prefix}'
PYTHON_PLATFORM='linux2'
PYTHON_PREFIX='${prefix}'
PYTHON_VERSION='2.7'
RANLIB='ranlib'
SED='/usr/bin/sed'
SET_MAKE=''
SHELL='/bin/sh'
STRIP='strip'
USE_DRM_FALSE=''
USE_DRM_TRUE=''
USE_EGL_FALSE=''
USE_EGL_TRUE=''
USE_ENCODERS_FALSE=''
USE_ENCODERS_TRUE=''
USE_GLX_FALSE=''
USE_GLX_TRUE=''
USE_GST_GL_HELPERS_FALSE=''
USE_GST_GL_HELPERS_TRUE=''
USE_H265_ENCODER_FALSE=''
USE_H265_ENCODER_TRUE=''
USE_HEVC_DECODER_FALSE=''
USE_HEVC_DECODER_TRUE=''
USE_JPEG_DECODER_FALSE=''
USE_JPEG_DECODER_TRUE=''
USE_JPEG_ENCODER_FALSE=''
USE_JPEG_ENCODER_TRUE=''
USE_VA_VPP_FALSE=''
USE_VA_VPP_TRUE=''
USE_VP8_DECODER_FALSE=''
USE_VP8_DECODER_TRUE=''
USE_VP8_ENCODER_FALSE=''
USE_VP8_ENCODER_TRUE=''
USE_VP9_DECODER_FALSE=''
USE_VP9_DECODER_TRUE=''
USE_WAYLAND_FALSE=''
USE_WAYLAND_TRUE=''
USE_X11_FALSE=''
USE_X11_TRUE=''
VERSION='1.8.3'
WARNING_CFLAGS=''
WAYLAND_CFLAGS=''
WAYLAND_LIBS=''
X11_CFLAGS=''
X11_LIBS=''
XRANDR_CFLAGS=''
XRANDR_LIBS=''
XRENDER_CFLAGS=''
XRENDER_LIBS=''
ac_ct_AR='ar'
ac_ct_CC='gcc'
ac_ct_DUMPBIN=''
am__EXEEXT_FALSE=''
am__EXEEXT_TRUE=''
am__fastdepCC_FALSE=''
am__fastdepCC_TRUE='#'
am__include='include'
am__isrc=''
am__leading_dot='.'
am__nodep=''
am__quote=''
am__tar='tar --format=ustar -chf - "$$tardir"'
am__untar='tar -xf -'
bindir='/usr/bin'
build='x86_64-redhat-linux-gnu'
build_alias='x86_64-redhat-linux-gnu'
build_cpu='x86_64'
build_os='linux-gnu'
build_vendor='redhat'
datadir='/usr/share'
datarootdir='${prefix}/share'
docdir='${datarootdir}/doc/${PACKAGE_TARNAME}'
dvidir='${docdir}'
exec_prefix='/usr'
host='x86_64-redhat-linux-gnu'
host_alias='x86_64-redhat-linux-gnu'
host_cpu='x86_64'
host_os='linux-gnu'
host_vendor='redhat'
htmldir='${docdir}'
includedir='/usr/include'
infodir='/usr/share/info'
install_sh='${SHELL} /home/kalpana/rpmbuild/BUILD/gstreamer-vaapi-1.8.3/build-aux/install-sh'
libdir='/usr/lib64'
libexecdir='/usr/libexec'
localedir='${datarootdir}/locale'
localstatedir='/var'
mandir='/usr/share/man'
mkdir_p='$(MKDIR_P)'
oldincludedir='/usr/include'
pdfdir='${docdir}'
pkgpyexecdir='${pyexecdir}/gstreamer-vaapi'
pkgpythondir='${pythondir}/gstreamer-vaapi'
plugindir='$(libdir)/gstreamer-1.0'
prefix='/usr'
program_transform_name='s&^&&'
psdir='${docdir}'
pyexecdir='${exec_prefix}/lib64/python2.7/site-packages'
pythondir='${prefix}/lib/python2.7/site-packages'
runstatedir='${localstatedir}/run'
sbindir='/usr/sbin'
sharedstatedir='/var/lib'
sysconfdir='/etc'
target='x86_64-redhat-linux-gnu'
target_alias=''
target_cpu='x86_64'
target_os='linux-gnu'
target_vendor='redhat'

## ----------- ##
## confdefs.h. ##
## ----------- ##

/* confdefs.h */
#define PACKAGE_NAME "GStreamer VA-API Plug-ins"
#define PACKAGE_TARNAME "gstreamer-vaapi"
#define PACKAGE_VERSION "1.8.3"
#define PACKAGE_STRING "GStreamer VA-API Plug-ins 1.8.3"
#define PACKAGE_BUGREPORT "http://bugzilla.gnome.org/enter_bug.cgi?product=GStreamer"
#define PACKAGE_URL ""
#define PACKAGE "gstreamer-vaapi"
#define VERSION "1.8.3"
#define GST_API_VERSION "1.0"
#define STDC_HEADERS 1
#define HAVE_SYS_TYPES_H 1
#define HAVE_SYS_STAT_H 1
#define HAVE_STDLIB_H 1
#define HAVE_STRING_H 1
#define HAVE_MEMORY_H 1
#define HAVE_STRINGS_H 1
#define HAVE_INTTYPES_H 1
#define HAVE_STDINT_H 1
#define HAVE_UNISTD_H 1
#define HAVE_DLFCN_H 1
#define LT_OBJDIR ".libs/"
#define GST_PACKAGE_RELEASE_DATETIME "2016-06-09"
#define HAVE_CPU_X86_64 1
#define HOST_CPU "x86_64"
#define TARGET_CPU "x86_64"
#define HAVE_LIBM 1
#define LIBDIR "/usr/lib64"
#define PLUGINDIR "/usr/lib64/gstreamer-1.0"
#define GIO_MODULE_DIR "/usr/lib64/gio/modules"
#define GIO_LIBDIR "/usr/lib64"
#define GIO_PREFIX "/usr"
#define GST_API_VERSION_S "1.16"

configure: exit 1
