This file contains any messages produced by compilers while
running configure, to aid debugging if configure makes a mistake.

It was created by GStreamer VA-API Plug-ins configure 1.6.0, which was
generated by GNU Autoconf 2.69.  Invocation command line was

  $ ./configure 

## --------- ##
## Platform. ##
## --------- ##

hostname = localhost.localdomain
uname -m = x86_64
uname -r = 5.2.13-200.fc30.x86_64
uname -s = Linux
uname -v = #1 SMP Fri Sep 6 14:30:40 UTC 2019

/usr/bin/uname -p = x86_64
/bin/uname -X     = unknown

/bin/arch              = x86_64
/usr/bin/arch -k       = unknown
/usr/convex/getsysinfo = unknown
/usr/bin/hostinfo      = unknown
/bin/machine           = unknown
/usr/bin/oslevel       = unknown
/bin/universe          = unknown

PATH: /home/kalpana/.local/bin
PATH: /home/kalpana/bin
PATH: /usr/share/Modules/bin
PATH: /usr/local/bin
PATH: /usr/local/sbin
PATH: /usr/bin
PATH: /usr/sbin


## ----------- ##
## Core tests. ##
## ----------- ##

configure:2674: checking build system type
configure:2688: result: x86_64-pc-linux-gnu
configure:2708: checking host system type
configure:2721: result: x86_64-pc-linux-gnu
configure:2741: checking target system type
configure:2754: result: x86_64-pc-linux-gnu
configure:2800: checking for a BSD-compatible install
configure:2868: result: /usr/bin/install -c
configure:2879: checking whether build environment is sane
configure:2934: result: yes
configure:3083: checking for a thread-safe mkdir -p
configure:3122: result: /usr/bin/mkdir -p
configure:3129: checking for gawk
configure:3145: found /usr/bin/gawk
configure:3156: result: gawk
configure:3167: checking whether make sets $(MAKE)
configure:3189: result: yes
configure:3218: checking whether make supports nested variables
configure:3235: result: yes
configure:3324: checking whether UID '1000' is supported by ustar format
configure:3327: result: yes
configure:3334: checking whether GID '1000' is supported by ustar format
configure:3337: result: yes
configure:3345: checking how to create a ustar tar archive
configure:3356: tar --version
tar (GNU tar) 1.32
Copyright (C) 2019 Free Software Foundation, Inc.
License GPLv3+: GNU GPL version 3 or later <https://gnu.org/licenses/gpl.html>.
This is free software: you are free to change and redistribute it.
There is NO WARRANTY, to the extent permitted by law.

Written by John Gilmore and Jay Fenlason.
configure:3359: $? = 0
configure:3399: tardir=conftest.dir && eval tar --format=ustar -chf - "$tardir" >conftest.tar
configure:3402: $? = 0
configure:3406: tar -xf - <conftest.tar
configure:3409: $? = 0
configure:3411: cat conftest.dir/file
GrepMe
configure:3414: $? = 0
configure:3427: result: gnutar
configure:3489: checking nano version
configure:3495: result: 0 (release)
configure:3516: checking whether to enable maintainer-specific portions of Makefiles
configure:3525: result: yes
configure:3550: checking whether make supports nested variables
configure:3567: result: yes
configure:3641: checking how to print strings
configure:3668: result: printf
configure:3701: checking for style of include used by make
configure:3729: result: GNU
configure:3800: checking for gcc
configure:3816: found /usr/bin/gcc
configure:3827: result: gcc
configure:4056: checking for C compiler version
configure:4065: gcc --version >&5
gcc (GCC) 9.2.1 20190827 (Red Hat 9.2.1-1)
Copyright (C) 2019 Free Software Foundation, Inc.
This is free software; see the source for copying conditions.  There is NO
warranty; not even for MERCHANTABILITY or FITNESS FOR A PARTICULAR PURPOSE.

configure:4076: $? = 0
configure:4065: gcc -v >&5
Using built-in specs.
COLLECT_GCC=gcc
COLLECT_LTO_WRAPPER=/usr/libexec/gcc/x86_64-redhat-linux/9/lto-wrapper
OFFLOAD_TARGET_NAMES=nvptx-none
OFFLOAD_TARGET_DEFAULT=1
Target: x86_64-redhat-linux
Configured with: ../configure --enable-bootstrap --enable-languages=c,c++,fortran,objc,obj-c++,ada,go,d,lto --prefix=/usr --mandir=/usr/share/man --infodir=/usr/share/info --with-bugurl=http://bugzilla.redhat.com/bugzilla --enable-shared --enable-threads=posix --enable-checking=release --enable-multilib --with-system-zlib --enable-__cxa_atexit --disable-libunwind-exceptions --enable-gnu-unique-object --enable-linker-build-id --with-gcc-major-version-only --with-linker-hash-style=gnu --enable-plugin --enable-initfini-array --with-isl --enable-offload-targets=nvptx-none --without-cuda-driver --enable-gnu-indirect-function --enable-cet --with-tune=generic --with-arch_32=i686 --build=x86_64-redhat-linux
Thread model: posix
gcc version 9.2.1 20190827 (Red Hat 9.2.1-1) (GCC) 
configure:4076: $? = 0
configure:4065: gcc -V >&5
gcc: error: unrecognized command line option '-V'
gcc: fatal error: no input files
compilation terminated.
configure:4076: $? = 1
configure:4065: gcc -qversion >&5
gcc: error: unrecognized command line option '-qversion'; did you mean '--version'?
gcc: fatal error: no input files
compilation terminated.
configure:4076: $? = 1
configure:4096: checking whether the C compiler works
configure:4118: gcc    conftest.c  >&5
configure:4122: $? = 0
configure:4170: result: yes
configure:4173: checking for C compiler default output file name
configure:4175: result: a.out
configure:4181: checking for suffix of executables
configure:4188: gcc -o conftest    conftest.c  >&5
configure:4192: $? = 0
configure:4214: result: 
configure:4236: checking whether we are cross compiling
configure:4244: gcc -o conftest    conftest.c  >&5
configure:4248: $? = 0
configure:4255: ./conftest
configure:4259: $? = 0
configure:4247: result: no
configure:4252: checking for suffix of object files
configure:4274: gcc -c   conftest.c >&5
configure:4278: $? = 0
configure:4299: result: o
configure:4303: checking whether we are using the GNU C compiler
configure:4322: gcc -c   conftest.c >&5
configure:4322: $? = 0
configure:4331: result: yes
configure:4340: checking whether gcc accepts -g
configure:4360: gcc -c -g  conftest.c >&5
configure:4360: $? = 0
configure:4401: result: yes
configure:4418: checking for gcc option to accept ISO C89
configure:4481: gcc  -c -g -O2  conftest.c >&5
configure:4481: $? = 0
configure:4494: result: none needed
configure:4519: checking whether gcc understands -c and -o together
configure:4541: gcc -c conftest.c -o conftest2.o
configure:4544: $? = 0
configure:4541: gcc -c conftest.c -o conftest2.o
configure:4544: $? = 0
configure:4556: result: yes
configure:4575: checking dependency style of gcc
configure:4686: result: gcc3
configure:4701: checking for a sed that does not truncate output
configure:4765: result: /usr/bin/sed
configure:4783: checking for grep that handles long lines and -e
configure:4841: result: /usr/bin/grep
configure:4846: checking for egrep
configure:4908: result: /usr/bin/grep -E
configure:4913: checking for fgrep
configure:4975: result: /usr/bin/grep -F
configure:5010: checking for ld used by gcc
configure:5077: result: /usr/bin/ld
configure:5084: checking if the linker (/usr/bin/ld) is GNU ld
configure:5099: result: yes
configure:5111: checking for BSD- or MS-compatible name lister (nm)
configure:5165: result: /usr/bin/nm -B
configure:5295: checking the name lister (/usr/bin/nm -B) interface
configure:5302: gcc -c -g -O2  conftest.c >&5
configure:5305: /usr/bin/nm -B "conftest.o"
configure:5308: output
0000000000000000 B some_variable
configure:5309: result: BSD nm
configure:5312: checking whether ln -s works
configure:5316: result: yes
configure:5324: checking the maximum length of command line arguments
configure:5455: result: 1572864
configure:5503: checking how to convert x86_64-pc-linux-gnu file names to x86_64-pc-linux-gnu format
configure:5543: result: func_convert_file_noop
configure:5550: checking how to convert x86_64-pc-linux-gnu file names to toolchain format
configure:5570: result: func_convert_file_noop
configure:5577: checking for /usr/bin/ld option to reload object files
configure:5584: result: -r
configure:5658: checking for objdump
configure:5674: found /usr/bin/objdump
configure:5685: result: objdump
configure:5714: checking how to recognize dependent libraries
configure:5914: result: pass_all
configure:5999: checking for dlltool
configure:6029: result: no
configure:6056: checking how to associate runtime and link libraries
configure:6083: result: printf %s\n
configure:6144: checking for ar
configure:6160: found /usr/bin/ar
configure:6171: result: ar
configure:6208: checking for archiver @FILE support
configure:6225: gcc -c -g -O2  conftest.c >&5
configure:6225: $? = 0
configure:6228: ar cru libconftest.a @conftest.lst >&5
configure:6231: $? = 0
configure:6236: ar cru libconftest.a @conftest.lst >&5
ar: conftest.o: No such file or directory
configure:6239: $? = 1
configure:6238: result: @
configure:6296: checking for strip
configure:6312: found /usr/bin/strip
configure:6323: result: strip
configure:6395: checking for ranlib
configure:6411: found /usr/bin/ranlib
configure:6422: result: ranlib
configure:6524: checking command to parse /usr/bin/nm -B output from gcc object
configure:6677: gcc -c -g -O2  conftest.c >&5
configure:6680: $? = 0
configure:6684: /usr/bin/nm -B conftest.o \| sed -n -e 's/^.*[ ]\([ABCDGIRSTW][ABCDGIRSTW]*\)[ ][ ]*\([_A-Za-z][_A-Za-z0-9]*\)$/\1 \2 \2/p' | sed '/ __gnu_lto/d' \> conftest.nm
configure:6687: $? = 0
configure:6753: gcc -o conftest -g -O2   conftest.c conftstm.o >&5
configure:6756: $? = 0
configure:6794: result: ok
configure:6841: checking for sysroot
configure:6871: result: no
configure:6878: checking for a working dd
configure:6916: result: /usr/bin/dd
configure:6920: checking how to truncate binary pipes
configure:6935: result: /usr/bin/dd bs=4096 count=1
configure:7071: gcc -c -g -O2  conftest.c >&5
configure:7074: $? = 0
configure:7264: checking for mt
configure:7294: result: no
configure:7314: checking if : is a manifest tool
configure:7320: : '-?'
configure:7328: result: no
configure:8005: checking how to run the C preprocessor
configure:8036: gcc -E  conftest.c
configure:8036: $? = 0
configure:8050: gcc -E  conftest.c
conftest.c:12:10: fatal error: ac_nonexistent.h: No such file or directory
   12 | #include <ac_nonexistent.h>
      |          ^~~~~~~~~~~~~~~~~~
compilation terminated.
configure:8050: $? = 1
configure: failed program was:
| /* confdefs.h */
| #define PACKAGE_NAME "GStreamer VA-API Plug-ins"
| #define PACKAGE_TARNAME "gstreamer-vaapi"
| #define PACKAGE_VERSION "1.6.0"
| #define PACKAGE_STRING "GStreamer VA-API Plug-ins 1.6.0"
| #define PACKAGE_BUGREPORT "http://bugzilla.gnome.org/enter_bug.cgi?product=GStreamer"
| #define PACKAGE_URL ""
| #define PACKAGE "gstreamer-vaapi"
| #define VERSION "1.6.0"
| #define GST_API_VERSION "1.0"
| /* end confdefs.h.  */
| #include <ac_nonexistent.h>
configure:8075: result: gcc -E
configure:8095: gcc -E  conftest.c
configure:8095: $? = 0
configure:8109: gcc -E  conftest.c
conftest.c:12:10: fatal error: ac_nonexistent.h: No such file or directory
   12 | #include <ac_nonexistent.h>
      |          ^~~~~~~~~~~~~~~~~~
compilation terminated.
configure:8109: $? = 1
configure: failed program was:
| /* confdefs.h */
| #define PACKAGE_NAME "GStreamer VA-API Plug-ins"
| #define PACKAGE_TARNAME "gstreamer-vaapi"
| #define PACKAGE_VERSION "1.6.0"
| #define PACKAGE_STRING "GStreamer VA-API Plug-ins 1.6.0"
| #define PACKAGE_BUGREPORT "http://bugzilla.gnome.org/enter_bug.cgi?product=GStreamer"
| #define PACKAGE_URL ""
| #define PACKAGE "gstreamer-vaapi"
| #define VERSION "1.6.0"
| #define GST_API_VERSION "1.0"
| /* end confdefs.h.  */
| #include <ac_nonexistent.h>
configure:8138: checking for ANSI C header files
configure:8158: gcc -c -g -O2  conftest.c >&5
configure:8158: $? = 0
configure:8231: gcc -o conftest -g -O2   conftest.c  >&5
configure:8231: $? = 0
configure:8231: ./conftest
configure:8231: $? = 0
configure:8242: result: yes
configure:8255: checking for sys/types.h
configure:8255: gcc -c -g -O2  conftest.c >&5
configure:8255: $? = 0
configure:8255: result: yes
configure:8255: checking for sys/stat.h
configure:8255: gcc -c -g -O2  conftest.c >&5
configure:8255: $? = 0
configure:8255: result: yes
configure:8255: checking for stdlib.h
configure:8255: gcc -c -g -O2  conftest.c >&5
configure:8255: $? = 0
configure:8255: result: yes
configure:8255: checking for string.h
configure:8255: gcc -c -g -O2  conftest.c >&5
configure:8255: $? = 0
configure:8255: result: yes
configure:8255: checking for memory.h
configure:8255: gcc -c -g -O2  conftest.c >&5
configure:8255: $? = 0
configure:8255: result: yes
configure:8255: checking for strings.h
configure:8255: gcc -c -g -O2  conftest.c >&5
configure:8255: $? = 0
configure:8255: result: yes
configure:8255: checking for inttypes.h
configure:8255: gcc -c -g -O2  conftest.c >&5
configure:8255: $? = 0
configure:8255: result: yes
configure:8255: checking for stdint.h
configure:8255: gcc -c -g -O2  conftest.c >&5
configure:8255: $? = 0
configure:8255: result: yes
configure:8255: checking for unistd.h
configure:8255: gcc -c -g -O2  conftest.c >&5
configure:8255: $? = 0
configure:8255: result: yes
configure:8269: checking for dlfcn.h
configure:8269: gcc -c -g -O2  conftest.c >&5
configure:8269: $? = 0
configure:8269: result: yes
configure:8839: checking for objdir
configure:8854: result: .libs
configure:9118: checking if gcc supports -fno-rtti -fno-exceptions
configure:9136: gcc -c -g -O2  -fno-rtti -fno-exceptions conftest.c >&5
cc1: warning: command line option '-fno-rtti' is valid for C++/D/ObjC++ but not for C
configure:9140: $? = 0
configure:9153: result: no
configure:9511: checking for gcc option to produce PIC
configure:9518: result: -fPIC -DPIC
configure:9526: checking if gcc PIC flag -fPIC -DPIC works
configure:9544: gcc -c -g -O2  -fPIC -DPIC -DPIC conftest.c >&5
configure:9548: $? = 0
configure:9561: result: yes
configure:9590: checking if gcc static flag -static works
configure:9618: result: no
configure:9633: checking if gcc supports -c -o file.o
configure:9654: gcc -c -g -O2  -o out/conftest2.o conftest.c >&5
configure:9658: $? = 0
configure:9680: result: yes
configure:9688: checking if gcc supports -c -o file.o
configure:9735: result: yes
configure:9768: checking whether the gcc linker (/usr/bin/ld -m elf_x86_64) supports shared libraries
configure:11031: result: yes
configure:11068: checking whether -lc should be explicitly linked in
configure:11076: gcc -c -g -O2  conftest.c >&5
configure:11079: $? = 0
configure:11094: gcc -shared  -fPIC -DPIC conftest.o  -v -Wl,-soname -Wl,conftest -o conftest 2\>\&1 \| /usr/bin/grep  -lc  \>/dev/null 2\>\&1
configure:11097: $? = 0
configure:11111: result: no
configure:11271: checking dynamic linker characteristics
configure:11852: gcc -o conftest -g -O2   -Wl,-rpath -Wl,/foo conftest.c  >&5
configure:11852: $? = 0
configure:12101: result: GNU/Linux ld.so
configure:12223: checking how to hardcode library paths into programs
configure:12248: result: immediate
configure:12350: checking for shl_load
configure:12350: gcc -o conftest -g -O2   conftest.c  >&5
/usr/bin/ld: /tmp/cc5r6KiA.o: in function `main':
/home/kalpana/rpmbuild/SOURCES/gstreamer-vaapi-1.6.0/conftest.c:58: undefined reference to `shl_load'
collect2: error: ld returned 1 exit status
configure:12350: $? = 1
configure: failed program was:
| /* confdefs.h */
| #define PACKAGE_NAME "GStreamer VA-API Plug-ins"
| #define PACKAGE_TARNAME "gstreamer-vaapi"
| #define PACKAGE_VERSION "1.6.0"
| #define PACKAGE_STRING "GStreamer VA-API Plug-ins 1.6.0"
| #define PACKAGE_BUGREPORT "http://bugzilla.gnome.org/enter_bug.cgi?product=GStreamer"
| #define PACKAGE_URL ""
| #define PACKAGE "gstreamer-vaapi"
| #define VERSION "1.6.0"
| #define GST_API_VERSION "1.0"
| #define STDC_HEADERS 1
| #define HAVE_SYS_TYPES_H 1
| #define HAVE_SYS_STAT_H 1
| #define HAVE_STDLIB_H 1
| #define HAVE_STRING_H 1
| #define HAVE_MEMORY_H 1
| #define HAVE_STRINGS_H 1
| #define HAVE_INTTYPES_H 1
| #define HAVE_STDINT_H 1
| #define HAVE_UNISTD_H 1
| #define HAVE_DLFCN_H 1
| #define LT_OBJDIR ".libs/"
| /* end confdefs.h.  */
| /* Define shl_load to an innocuous variant, in case <limits.h> declares shl_load.
|    For example, HP-UX 11i <limits.h> declares gettimeofday.  */
| #define shl_load innocuous_shl_load
| 
| /* System header to define __stub macros and hopefully few prototypes,
|     which can conflict with char shl_load (); below.
|     Prefer <limits.h> to <assert.h> if __STDC__ is defined, since
|     <limits.h> exists even on freestanding compilers.  */
| 
| #ifdef __STDC__
| # include <limits.h>
| #else
| # include <assert.h>
| #endif
| 
| #undef shl_load
| 
| /* Override any GCC internal prototype to avoid an error.
|    Use char because int might match the return type of a GCC
|    builtin and then its argument prototype would still apply.  */
| #ifdef __cplusplus
| extern "C"
| #endif
| char shl_load ();
| /* The GNU C library defines this for functions which it implements
|     to always fail with ENOSYS.  Some functions are actually named
|     something starting with __ and the normal name is an alias.  */
| #if defined __stub_shl_load || defined __stub___shl_load
| choke me
| #endif
| 
| int
| main ()
| {
| return shl_load ();
|   ;
|   return 0;
| }
configure:12350: result: no
configure:12354: checking for shl_load in -ldld
configure:12379: gcc -o conftest -g -O2   conftest.c -ldld   >&5
/usr/bin/ld: cannot find -ldld
collect2: error: ld returned 1 exit status
configure:12379: $? = 1
configure: failed program was:
| /* confdefs.h */
| #define PACKAGE_NAME "GStreamer VA-API Plug-ins"
| #define PACKAGE_TARNAME "gstreamer-vaapi"
| #define PACKAGE_VERSION "1.6.0"
| #define PACKAGE_STRING "GStreamer VA-API Plug-ins 1.6.0"
| #define PACKAGE_BUGREPORT "http://bugzilla.gnome.org/enter_bug.cgi?product=GStreamer"
| #define PACKAGE_URL ""
| #define PACKAGE "gstreamer-vaapi"
| #define VERSION "1.6.0"
| #define GST_API_VERSION "1.0"
| #define STDC_HEADERS 1
| #define HAVE_SYS_TYPES_H 1
| #define HAVE_SYS_STAT_H 1
| #define HAVE_STDLIB_H 1
| #define HAVE_STRING_H 1
| #define HAVE_MEMORY_H 1
| #define HAVE_STRINGS_H 1
| #define HAVE_INTTYPES_H 1
| #define HAVE_STDINT_H 1
| #define HAVE_UNISTD_H 1
| #define HAVE_DLFCN_H 1
| #define LT_OBJDIR ".libs/"
| /* end confdefs.h.  */
| 
| /* Override any GCC internal prototype to avoid an error.
|    Use char because int might match the return type of a GCC
|    builtin and then its argument prototype would still apply.  */
| #ifdef __cplusplus
| extern "C"
| #endif
| char shl_load ();
| int
| main ()
| {
| return shl_load ();
|   ;
|   return 0;
| }
configure:12388: result: no
configure:12393: checking for dlopen
configure:12393: gcc -o conftest -g -O2   conftest.c  >&5
/usr/bin/ld: /tmp/ccuRbDeK.o: in function `main':
/home/kalpana/rpmbuild/SOURCES/gstreamer-vaapi-1.6.0/conftest.c:58: undefined reference to `dlopen'
collect2: error: ld returned 1 exit status
configure:12393: $? = 1
configure: failed program was:
| /* confdefs.h */
| #define PACKAGE_NAME "GStreamer VA-API Plug-ins"
| #define PACKAGE_TARNAME "gstreamer-vaapi"
| #define PACKAGE_VERSION "1.6.0"
| #define PACKAGE_STRING "GStreamer VA-API Plug-ins 1.6.0"
| #define PACKAGE_BUGREPORT "http://bugzilla.gnome.org/enter_bug.cgi?product=GStreamer"
| #define PACKAGE_URL ""
| #define PACKAGE "gstreamer-vaapi"
| #define VERSION "1.6.0"
| #define GST_API_VERSION "1.0"
| #define STDC_HEADERS 1
| #define HAVE_SYS_TYPES_H 1
| #define HAVE_SYS_STAT_H 1
| #define HAVE_STDLIB_H 1
| #define HAVE_STRING_H 1
| #define HAVE_MEMORY_H 1
| #define HAVE_STRINGS_H 1
| #define HAVE_INTTYPES_H 1
| #define HAVE_STDINT_H 1
| #define HAVE_UNISTD_H 1
| #define HAVE_DLFCN_H 1
| #define LT_OBJDIR ".libs/"
| /* end confdefs.h.  */
| /* Define dlopen to an innocuous variant, in case <limits.h> declares dlopen.
|    For example, HP-UX 11i <limits.h> declares gettimeofday.  */
| #define dlopen innocuous_dlopen
| 
| /* System header to define __stub macros and hopefully few prototypes,
|     which can conflict with char dlopen (); below.
|     Prefer <limits.h> to <assert.h> if __STDC__ is defined, since
|     <limits.h> exists even on freestanding compilers.  */
| 
| #ifdef __STDC__
| # include <limits.h>
| #else
| # include <assert.h>
| #endif
| 
| #undef dlopen
| 
| /* Override any GCC internal prototype to avoid an error.
|    Use char because int might match the return type of a GCC
|    builtin and then its argument prototype would still apply.  */
| #ifdef __cplusplus
| extern "C"
| #endif
| char dlopen ();
| /* The GNU C library defines this for functions which it implements
|     to always fail with ENOSYS.  Some functions are actually named
|     something starting with __ and the normal name is an alias.  */
| #if defined __stub_dlopen || defined __stub___dlopen
| choke me
| #endif
| 
| int
| main ()
| {
| return dlopen ();
|   ;
|   return 0;
| }
configure:12393: result: no
configure:12397: checking for dlopen in -ldl
configure:12422: gcc -o conftest -g -O2   conftest.c -ldl   >&5
configure:12422: $? = 0
configure:12431: result: yes
configure:12550: checking whether a program can dlopen itself
configure:12630: gcc -o conftest -g -O2  -DHAVE_DLFCN_H  -Wl,--export-dynamic conftest.c -ldl  >&5
configure:12633: $? = 0
configure:12651: result: yes
configure:12656: checking whether a statically linked program can dlopen itself
configure:12736: gcc -o conftest -g -O2  -DHAVE_DLFCN_H  -Wl,--export-dynamic  conftest.c -ldl  >&5
configure:12739: $? = 0
configure:12757: result: yes
configure:12796: checking whether stripping libraries is possible
configure:12801: result: yes
configure:12836: checking if libtool supports shared libraries
configure:12838: result: yes
configure:12841: checking whether to build shared libraries
configure:12866: result: yes
configure:12869: checking whether to build static libraries
configure:12873: result: no
configure:9998: checking whether byte ordering is bigendian
configure:10013: gcc -c -g -O2  conftest.c >&5
conftest.c:26:9: error: unknown type name 'not'
   26 |         not a universal capable compiler
      |         ^~~
conftest.c:26:15: error: expected '=', ',', ';', 'asm' or '__attribute__' before 'universal'
   26 |         not a universal capable compiler
      |               ^~~~~~~~~
conftest.c:26:15: error: unknown type name 'universal'
configure:10013: $? = 1
configure: failed program was:
| /* confdefs.h */
| #define PACKAGE_NAME "GStreamer VA-API Plug-ins"
| #define PACKAGE_TARNAME "gstreamer-vaapi"
| #define PACKAGE_VERSION "1.6.0"
| #define PACKAGE_STRING "GStreamer VA-API Plug-ins 1.6.0"
| #define PACKAGE_BUGREPORT "http://bugzilla.gnome.org/enter_bug.cgi?product=GStreamer"
| #define PACKAGE_URL ""
| #define PACKAGE "gstreamer-vaapi"
| #define VERSION "1.6.0"
| #define GST_API_VERSION "1.0"
| #define STDC_HEADERS 1
| #define HAVE_SYS_TYPES_H 1
| #define HAVE_SYS_STAT_H 1
| #define HAVE_STDLIB_H 1
| #define HAVE_STRING_H 1
| #define HAVE_MEMORY_H 1
| #define HAVE_STRINGS_H 1
| #define HAVE_INTTYPES_H 1
| #define HAVE_STDINT_H 1
| #define HAVE_UNISTD_H 1
| #define HAVE_DLFCN_H 1
| #define LT_OBJDIR ".libs/"
| #define HAVE_CPU_X86_64 1
| /* end confdefs.h.  */
| #ifndef __APPLE_CC__
| 	       not a universal capable compiler
| 	     #endif
| 	     typedef int dummy;
| 
configure:10058: gcc -c -g -O2  conftest.c >&5
configure:10058: $? = 0
configure:10076: gcc -c -g -O2  conftest.c >&5
conftest.c: In function 'main':
conftest.c:32:4: error: unknown type name 'not'; did you mean 'ino_t'?
   32 |    not big endian
      |    ^~~
      |    ino_t
conftest.c:32:12: error: expected '=', ',', ';', 'asm' or '__attribute__' before 'endian'
   32 |    not big endian
      |            ^~~~~~
configure:10076: $? = 1
configure: failed program was:
| /* confdefs.h */
| #define PACKAGE_NAME "GStreamer VA-API Plug-ins"
| #define PACKAGE_TARNAME "gstreamer-vaapi"
| #define PACKAGE_VERSION "1.6.0"
| #define PACKAGE_STRING "GStreamer VA-API Plug-ins 1.6.0"
| #define PACKAGE_BUGREPORT "http://bugzilla.gnome.org/enter_bug.cgi?product=GStreamer"
| #define PACKAGE_URL ""
| #define PACKAGE "gstreamer-vaapi"
| #define VERSION "1.6.0"
| #define GST_API_VERSION "1.0"
| #define STDC_HEADERS 1
| #define HAVE_SYS_TYPES_H 1
| #define HAVE_SYS_STAT_H 1
| #define HAVE_STDLIB_H 1
| #define HAVE_STRING_H 1
| #define HAVE_MEMORY_H 1
| #define HAVE_STRINGS_H 1
| #define HAVE_INTTYPES_H 1
| #define HAVE_STDINT_H 1
| #define HAVE_UNISTD_H 1
| #define HAVE_DLFCN_H 1
| #define LT_OBJDIR ".libs/"
| #define HAVE_CPU_X86_64 1
| /* end confdefs.h.  */
| #include <sys/types.h>
| 		#include <sys/param.h>
| 
| int
| main ()
| {
| #if BYTE_ORDER != BIG_ENDIAN
| 		 not big endian
| 		#endif
| 
|   ;
|   return 0;
| }
configure:10204: result: no
configure:10405: checking for gcc
configure:10432: result: gcc
configure:10661: checking for C compiler version
configure:10670: gcc --version >&5
gcc (GCC) 9.2.1 20190827 (Red Hat 9.2.1-1)
Copyright (C) 2019 Free Software Foundation, Inc.
This is free software; see the source for copying conditions.  There is NO
warranty; not even for MERCHANTABILITY or FITNESS FOR A PARTICULAR PURPOSE.

configure:10681: $? = 0
configure:10670: gcc -v >&5
Using built-in specs.
COLLECT_GCC=gcc
COLLECT_LTO_WRAPPER=/usr/libexec/gcc/x86_64-redhat-linux/9/lto-wrapper
OFFLOAD_TARGET_NAMES=nvptx-none
OFFLOAD_TARGET_DEFAULT=1
Target: x86_64-redhat-linux
Configured with: ../configure --enable-bootstrap --enable-languages=c,c++,fortran,objc,obj-c++,ada,go,d,lto --prefix=/usr --mandir=/usr/share/man --infodir=/usr/share/info --with-bugurl=http://bugzilla.redhat.com/bugzilla --enable-shared --enable-threads=posix --enable-checking=release --enable-multilib --with-system-zlib --enable-__cxa_atexit --disable-libunwind-exceptions --enable-gnu-unique-object --enable-linker-build-id --with-gcc-major-version-only --with-linker-hash-style=gnu --enable-plugin --enable-initfini-array --with-isl --enable-offload-targets=nvptx-none --without-cuda-driver --enable-gnu-indirect-function --enable-cet --with-tune=generic --with-arch_32=i686 --build=x86_64-redhat-linux
Thread model: posix
gcc version 9.2.1 20190827 (Red Hat 9.2.1-1) (GCC) 
configure:10681: $? = 0
configure:10670: gcc -V >&5
gcc: error: unrecognized command line option '-V'
gcc: fatal error: no input files
compilation terminated.
configure:10681: $? = 1
configure:10670: gcc -qversion >&5
gcc: error: unrecognized command line option '-qversion'; did you mean '--version'?
gcc: fatal error: no input files
compilation terminated.
configure:10681: $? = 1
configure:10685: checking whether we are using the GNU C compiler
configure:10713: result: yes
configure:10722: checking whether gcc accepts -g
configure:10783: result: yes
configure:10800: checking for gcc option to accept ISO C89
configure:10876: result: none needed
configure:10901: checking whether gcc understands -c and -o together
configure:10938: result: yes
configure:10957: checking dependency style of gcc
configure:11068: result: gcc3
configure:11087: checking for gcc option to accept ISO C99
configure:11236: gcc  -c -g -O2  conftest.c >&5
configure:11236: $? = 0
configure:11249: result: none needed
configure:11357: checking for gcc option to accept ISO Standard C
configure:11368: result: none needed
configure:11380: checking for git
configure:11398: found /usr/bin/git
configure:11410: result: /usr/bin/git
configure:11476: checking for pkg-config
configure:11494: found /usr/bin/pkg-config
configure:11506: result: /usr/bin/pkg-config
configure:11531: checking pkg-config is at least version 0.9.0
configure:11534: result: yes
configure:11548: checking for gtkdoc-check
configure:11566: found /usr/bin/gtkdoc-check
configure:11578: result: /usr/bin/gtkdoc-check
configure:11590: checking for gtkdoc-rebase
configure:11608: found /usr/bin/gtkdoc-rebase
configure:11620: result: /usr/bin/gtkdoc-rebase
configure:11634: checking for gtkdoc-mkpdf
configure:11652: found /usr/bin/gtkdoc-mkpdf
configure:11664: result: /usr/bin/gtkdoc-mkpdf
configure:11868: checking whether to build gtk-doc documentation
configure:11870: result: no
configure:11938: checking for python
configure:11956: found /usr/bin/python
configure:11968: result: /usr/bin/python
configure:11989: checking for python version
configure:11996: result: 2.7
configure:12008: checking for python platform
configure:12015: result: linux2
configure:12041: checking for python script directory
configure:12076: result: ${prefix}/lib/python2.7/site-packages
configure:12085: checking for python extension module directory
configure:12120: result: ${exec_prefix}/lib64/python2.7/site-packages
configure:12136: checking whether to build plugin documentation
configure:12148: result: no (gtk-doc disabled or not available)
configure:12162: checking for tan in -lm
configure:12187: gcc -o conftest -g -O2   conftest.c -lm   >&5
conftest.c:34:6: warning: conflicting types for built-in function 'tan'; expected 'double(double)' [-Wbuiltin-declaration-mismatch]
   34 | char tan ();
      |      ^~~
conftest.c:1:1: note: 'tan' is declared in header '<math.h>'
    1 | /* confdefs.h */
configure:12187: $? = 0
configure:12196: result: yes
configure:12208: checking for dlopen
configure:12208: result: no
configure:12213: checking for dlopen in -ldl
configure:12247: result: yes
configure:12325: Using /usr/local/lib/gstreamer-1.0 as the plugin install location
configure:12355: checking for GLIB
configure:12363: $PKG_CONFIG --exists --print-errors "$which"
configure:12366: $? = 0
configure:12381: $PKG_CONFIG --exists --print-errors "$which"
configure:12384: $? = 0
configure:12436: result: yes
configure:12495: checking for glib-genmarshal
configure:12503: result: /usr/bin/glib-genmarshal (from pkg-config path)
configure:12557: checking for glib-mkenums
configure:12564: result: /usr/bin/glib-mkenums
configure:12577: checking for GIO
configure:12585: $PKG_CONFIG --exists --print-errors "gio-2.0 >= $GLIB_REQ"
configure:12588: $? = 0
configure:12603: $PKG_CONFIG --exists --print-errors "gio-2.0 >= $GLIB_REQ"
configure:12606: $? = 0
configure:12661: result: yes
configure:12701: checking for GST
configure:12709: $PKG_CONFIG --exists --print-errors "$module >= $minver"
configure:12712: $? = 0
configure:12727: $PKG_CONFIG --exists --print-errors "$module >= $minver"
configure:12730: $? = 0
configure:12786: result: yes
configure:12800: using GStreamer tools in /usr/bin
configure:12810: using GStreamer plug-ins in /usr/lib64/gstreamer-1.0
configure:12815: checking for GStreamer API version
configure:12821: result: 1.16
configure:12837: checking for GST_BASE
configure:12845: $PKG_CONFIG --exists --print-errors "$module >= $minver"
configure:12848: $? = 0
configure:12863: $PKG_CONFIG --exists --print-errors "$module >= $minver"
configure:12866: $? = 0
configure:12922: result: yes
configure:12939: checking for GST_PLUGINS_BASE
configure:12947: $PKG_CONFIG --exists --print-errors "$module >= $minver"
configure:12950: $? = 0
configure:12965: $PKG_CONFIG --exists --print-errors "$module >= $minver"
configure:12968: $? = 0
configure:13024: result: yes
configure:13040: using GStreamer Base Plugins in /usr/lib64/gstreamer-1.0
configure:13055: checking for GST_ALLOCATORS
configure:13063: $PKG_CONFIG --exists --print-errors "$module >= $minver"
configure:13066: $? = 0
configure:13081: $PKG_CONFIG --exists --print-errors "$module >= $minver"
configure:13084: $? = 0
configure:13140: result: yes
configure:13156: checking for GST_VIDEO
configure:13164: $PKG_CONFIG --exists --print-errors "$module >= $minver"
configure:13167: $? = 0
configure:13182: $PKG_CONFIG --exists --print-errors "$module >= $minver"
configure:13185: $? = 0
configure:13241: result: yes
configure:13257: checking for GST_PBUTILS
configure:13265: $PKG_CONFIG --exists --print-errors "$module >= $minver"
configure:13268: $? = 0
configure:13283: $PKG_CONFIG --exists --print-errors "$module >= $minver"
configure:13286: $? = 0
configure:13342: result: yes
configure:13358: checking for GST_CODEC_PARSERS
configure:13366: $PKG_CONFIG --exists --print-errors "$module >= $minver"
configure:13369: $? = 0
configure:13384: $PKG_CONFIG --exists --print-errors "$module >= $minver"
configure:13387: $? = 0
configure:13443: result: yes
configure:13453: checking for VP9 parser
configure:13480: gcc -c -g -O2  -I/usr/include/gstreamer-1.0 -I/usr/include/glib-2.0 -I/usr/lib64/glib-2.0/include -pthread  -I/usr/include/gstreamer-1.0 -I/usr/include/glib-2.0 -I/usr/lib64/glib-2.0/include -pthread  conftest.c >&5
In file included from conftest.c:36:
/usr/include/gstreamer-1.0/gst/codecparsers/gstvp9parser.h:29:2: warning: #warning "The VP9 parsing library is unstable API and may change in future." [-Wcpp]
   29 | #warning "The VP9 parsing library is unstable API and may change in future."
      |  ^~~~~~~
/usr/include/gstreamer-1.0/gst/codecparsers/gstvp9parser.h:30:2: warning: #warning "You can define GST_USE_UNSTABLE_API to avoid this warning." [-Wcpp]
   30 | #warning "You can define GST_USE_UNSTABLE_API to avoid this warning."
      |  ^~~~~~~
configure:13480: $? = 0
configure:13490: result: yes
configure:13506: checking for GST_GL
configure:13514: $PKG_CONFIG --exists --print-errors "gstreamer-gl-$GST_API_VERSION >= $GST_PBADREQ"
configure:13517: $? = 0
configure:13532: $PKG_CONFIG --exists --print-errors "gstreamer-gl-$GST_API_VERSION >= $GST_PBADREQ"
configure:13535: $? = 0
configure:13590: result: yes
configure:13594: checking for GStreamer OpenGL helper libraries
configure:13606: checking gst/gl/gl.h usability
configure:13606: gcc -c -g -O2  -I/usr/include/gstreamer-1.0 -I/usr/lib64/gstreamer-1.0/include -I/usr/include/libdrm -I/usr/include/glib-2.0 -I/usr/lib64/glib-2.0/include -I/usr/include/orc-0.4 -pthread  -I/usr/include/gstreamer-1.0 -I/usr/include/glib-2.0 -I/usr/lib64/glib-2.0/include -pthread -I/usr/include/orc-0.4  conftest.c >&5
configure:13606: $? = 0
configure:13606: result: yes
configure:13606: checking gst/gl/gl.h presence
configure:13606: gcc -E  -I/usr/include/gstreamer-1.0 -I/usr/lib64/gstreamer-1.0/include -I/usr/include/libdrm -I/usr/include/glib-2.0 -I/usr/lib64/glib-2.0/include -I/usr/include/orc-0.4 -pthread  -I/usr/include/gstreamer-1.0 -I/usr/include/glib-2.0 -I/usr/lib64/glib-2.0/include -pthread -I/usr/include/orc-0.4  conftest.c
configure:13606: $? = 0
configure:13606: result: yes
configure:13606: checking for gst/gl/gl.h
configure:13606: result: yes
configure:13635: gcc -c -g -O2  -I/usr/include/gstreamer-1.0 -I/usr/lib64/gstreamer-1.0/include -I/usr/include/libdrm -I/usr/include/glib-2.0 -I/usr/lib64/glib-2.0/include -I/usr/include/orc-0.4 -pthread  -I/usr/include/gstreamer-1.0 -I/usr/include/glib-2.0 -I/usr/lib64/glib-2.0/include -pthread -I/usr/include/orc-0.4  conftest.c >&5
configure:13635: $? = 0
configure:13645: result: yes
configure:13678: checking for DRM
configure:13686: $PKG_CONFIG --exists --print-errors "libdrm libudev"
configure:13689: $? = 0
configure:13704: $PKG_CONFIG --exists --print-errors "libdrm libudev"
configure:13707: $? = 0
configure:13762: result: yes
configure:13770: checking drm_fourcc.h usability
configure:13770: gcc -c -g -O2  -I/usr/include/libdrm  conftest.c >&5
configure:13770: $? = 0
configure:13770: result: yes
configure:13770: checking drm_fourcc.h presence
configure:13770: gcc -E  -I/usr/include/libdrm  conftest.c
configure:13770: $? = 0
configure:13770: result: yes
configure:13770: checking for drm_fourcc.h
configure:13770: result: yes
configure:13791: checking for X11
configure:13799: $PKG_CONFIG --exists --print-errors "x11"
configure:13802: $? = 0
configure:13817: $PKG_CONFIG --exists --print-errors "x11"
configure:13820: $? = 0
configure:13875: result: yes
configure:13884: checking X11/Xlib.h usability
configure:13884: gcc -c -g -O2   conftest.c >&5
configure:13884: $? = 0
configure:13884: result: yes
configure:13884: checking X11/Xlib.h presence
configure:13884: gcc -E   conftest.c
configure:13884: $? = 0
configure:13884: result: yes
configure:13884: checking for X11/Xlib.h
configure:13884: result: yes
configure:13884: checking X11/Xutil.h usability
configure:13884: gcc -c -g -O2   conftest.c >&5
configure:13884: $? = 0
configure:13884: result: yes
configure:13884: checking X11/Xutil.h presence
configure:13884: gcc -E   conftest.c
configure:13884: $? = 0
configure:13884: result: yes
configure:13884: checking for X11/Xutil.h
configure:13884: result: yes
configure:13884: checking X11/Xatom.h usability
configure:13884: gcc -c -g -O2   conftest.c >&5
configure:13884: $? = 0
configure:13884: result: yes
configure:13884: checking X11/Xatom.h presence
configure:13884: gcc -E   conftest.c
configure:13884: $? = 0
configure:13884: result: yes
configure:13884: checking for X11/Xatom.h
configure:13884: result: yes
configure:13908: checking X11/XKBlib.h usability
configure:13908: gcc -c -g -O2  conftest.c >&5
configure:13908: $? = 0
configure:13908: result: yes
configure:13908: checking X11/XKBlib.h presence
configure:13908: gcc -E  conftest.c
configure:13908: $? = 0
configure:13908: result: yes
configure:13908: checking for X11/XKBlib.h
configure:13908: result: yes
configure:13923: checking for XRANDR
configure:13931: $PKG_CONFIG --exists --print-errors "xrandr"
configure:13934: $? = 0
configure:13949: $PKG_CONFIG --exists --print-errors "xrandr"
configure:13952: $? = 0
configure:14007: result: yes
configure:14015: checking X11/extensions/Xrandr.h usability
configure:14015: gcc -c -g -O2   conftest.c >&5
configure:14015: $? = 0
configure:14015: result: yes
configure:14015: checking X11/extensions/Xrandr.h presence
configure:14015: gcc -E   conftest.c
configure:14015: $? = 0
configure:14015: result: yes
configure:14015: checking for X11/extensions/Xrandr.h
configure:14015: result: yes
configure:14033: checking for XRENDER
configure:14041: $PKG_CONFIG --exists --print-errors "xrender"
configure:14044: $? = 0
configure:14059: $PKG_CONFIG --exists --print-errors "xrender"
configure:14062: $? = 0
configure:14117: result: yes
configure:14125: checking X11/extensions/Xrender.h usability
configure:14125: gcc -c -g -O2   conftest.c >&5
configure:14125: $? = 0
configure:14125: result: yes
configure:14125: checking X11/extensions/Xrender.h presence
configure:14125: gcc -E   conftest.c
configure:14125: $? = 0
configure:14125: result: yes
configure:14125: checking for X11/extensions/Xrender.h
configure:14125: result: yes
configure:14169: checking for GL
configure:14177: $PKG_CONFIG --exists --print-errors "gl"
configure:14180: $? = 0
configure:14195: $PKG_CONFIG --exists --print-errors "gl"
configure:14198: $? = 0
configure:14234: result: yes
configure:14242: checking for GL/gl.h
configure:14242: gcc -c -g -O2  -I/usr/include/libdrm  conftest.c >&5
configure:14242: $? = 0
configure:14242: result: yes
configure:14242: checking for GL/glext.h
configure:14242: gcc -c -g -O2  -I/usr/include/libdrm  conftest.c >&5
configure:14242: $? = 0
configure:14242: result: yes
configure:14271: checking for GLES2
configure:14279: $PKG_CONFIG --exists --print-errors "glesv2"
Package glesv2 was not found in the pkg-config search path.
Perhaps you should add the directory containing `glesv2.pc'
to the PKG_CONFIG_PATH environment variable
Package 'glesv2', required by 'virtual:world', not found
configure:14282: $? = 1
configure:14297: $PKG_CONFIG --exists --print-errors "glesv2"
Package glesv2 was not found in the pkg-config search path.
Perhaps you should add the directory containing `glesv2.pc'
to the PKG_CONFIG_PATH environment variable
Package 'glesv2', required by 'virtual:world', not found
configure:14300: $? = 1
Package 'glesv2', required by 'virtual:world', not found
configure:14328: result: no
configure:14373: checking for GLES3
configure:14381: $PKG_CONFIG --exists --print-errors "glesv2"
Package glesv2 was not found in the pkg-config search path.
Perhaps you should add the directory containing `glesv2.pc'
to the PKG_CONFIG_PATH environment variable
Package 'glesv2', required by 'virtual:world', not found
configure:14384: $? = 1
configure:14399: $PKG_CONFIG --exists --print-errors "glesv2"
Package glesv2 was not found in the pkg-config search path.
Perhaps you should add the directory containing `glesv2.pc'
to the PKG_CONFIG_PATH environment variable
Package 'glesv2', required by 'virtual:world', not found
configure:14402: $? = 1
Package 'glesv2', required by 'virtual:world', not found
configure:14430: result: no
configure:14481: checking for GL/glx.h
configure:14481: gcc -c -g -O2  -I/usr/include/libdrm  conftest.c >&5
configure:14481: $? = 0
configure:14481: result: yes
configure:14498: checking for glXCreateContext in -lGL
configure:14523: gcc -o conftest -g -O2  -I/usr/include/libdrm   conftest.c -lGL  -lm  -lGL  >&5
configure:14523: $? = 0
configure:14532: result: yes
configure:14553: checking for EGL
configure:14561: $PKG_CONFIG --exists --print-errors "egl"
configure:14564: $? = 0
configure:14579: $PKG_CONFIG --exists --print-errors "egl"
configure:14582: $? = 0
configure:14637: result: yes
configure:14646: checking EGL/egl.h usability
configure:14646: gcc -c -g -O2  conftest.c >&5
configure:14646: $? = 0
configure:14646: result: yes
configure:14646: checking EGL/egl.h presence
configure:14646: gcc -E  conftest.c
configure:14646: $? = 0
configure:14646: result: yes
configure:14646: checking for EGL/egl.h
configure:14646: result: yes
configure:14658: checking for eglGetDisplay in -lEGL
configure:14683: gcc -o conftest -g -O2   conftest.c -lEGL  -lm  >&5
configure:14683: $? = 0
configure:14692: result: yes
configure:14710: checking for GMODULE
configure:14718: $PKG_CONFIG --exists --print-errors "gmodule-2.0 >= $GLIB_REQ"
configure:14721: $? = 0
configure:14736: $PKG_CONFIG --exists --print-errors "gmodule-2.0 >= $GLIB_REQ"
configure:14739: $? = 0
configure:14794: result: yes
configure:14806: checking for WAYLAND
configure:14814: $PKG_CONFIG --exists --print-errors "wayland-client >= $WAYLAND_REQ"
configure:14817: $? = 0
configure:14832: $PKG_CONFIG --exists --print-errors "wayland-client >= $WAYLAND_REQ"
configure:14835: $? = 0
configure:14890: result: yes
configure:14898: checking wayland-client.h usability
configure:14898: gcc -c -g -O2   conftest.c >&5
configure:14898: $? = 0
configure:14898: result: yes
configure:14898: checking wayland-client.h presence
configure:14898: gcc -E   conftest.c
configure:14898: $? = 0
configure:14898: result: yes
configure:14898: checking for wayland-client.h
configure:14898: result: yes
configure:14918: checking for LIBVA
configure:14926: $PKG_CONFIG --exists --print-errors "libva >= $VAAPI_REQ"
Package libva was not found in the pkg-config search path.
Perhaps you should add the directory containing `libva.pc'
to the PKG_CONFIG_PATH environment variable
Package 'libva', required by 'virtual:world', not found
configure:14929: $? = 1
configure:14944: $PKG_CONFIG --exists --print-errors "libva >= $VAAPI_REQ"
Package libva was not found in the pkg-config search path.
Perhaps you should add the directory containing `libva.pc'
to the PKG_CONFIG_PATH environment variable
Package 'libva', required by 'virtual:world', not found
configure:14947: $? = 1
Package 'libva', required by 'virtual:world', not found
configure:14975: error: Package requirements (libva >= 0.30.4) were not met:

Package 'libva', required by 'virtual:world', not found

Consider adjusting the PKG_CONFIG_PATH environment variable if you
installed software in a non-standard prefix.

Alternatively, you may set the environment variables LIBVA_CFLAGS
and LIBVA_LIBS to avoid the need to call pkg-config.
See the pkg-config man page for more details.


## ---------------- ##
## Cache variables. ##
## ---------------- ##

ac_cv_build=x86_64-pc-linux-gnu
ac_cv_c_bigendian=no
ac_cv_c_compiler_gnu=yes
ac_cv_env_CC_set=
ac_cv_env_CC_value=
ac_cv_env_CFLAGS_set=
ac_cv_env_CFLAGS_value=
ac_cv_env_CPPFLAGS_set=
ac_cv_env_CPPFLAGS_value=
ac_cv_env_CPP_set=
ac_cv_env_CPP_value=
ac_cv_env_DRM_CFLAGS_set=
ac_cv_env_DRM_CFLAGS_value=
ac_cv_env_DRM_LIBS_set=
ac_cv_env_DRM_LIBS_value=
ac_cv_env_EGL_CFLAGS_set=
ac_cv_env_EGL_CFLAGS_value=
ac_cv_env_EGL_LIBS_set=
ac_cv_env_EGL_LIBS_value=
ac_cv_env_GIO_CFLAGS_set=
ac_cv_env_GIO_CFLAGS_value=
ac_cv_env_GIO_LIBS_set=
ac_cv_env_GIO_LIBS_value=
ac_cv_env_GLES2_CFLAGS_set=
ac_cv_env_GLES2_CFLAGS_value=
ac_cv_env_GLES2_LIBS_set=
ac_cv_env_GLES2_LIBS_value=
ac_cv_env_GLES3_CFLAGS_set=
ac_cv_env_GLES3_CFLAGS_value=
ac_cv_env_GLES3_LIBS_set=
ac_cv_env_GLES3_LIBS_value=
ac_cv_env_GLIB_CFLAGS_set=
ac_cv_env_GLIB_CFLAGS_value=
ac_cv_env_GLIB_LIBS_set=
ac_cv_env_GLIB_LIBS_value=
ac_cv_env_GL_CFLAGS_set=
ac_cv_env_GL_CFLAGS_value=
ac_cv_env_GL_LIBS_set=
ac_cv_env_GL_LIBS_value=
ac_cv_env_GMODULE_CFLAGS_set=
ac_cv_env_GMODULE_CFLAGS_value=
ac_cv_env_GMODULE_LIBS_set=
ac_cv_env_GMODULE_LIBS_value=
ac_cv_env_GST_ALLOCATORS_CFLAGS_set=
ac_cv_env_GST_ALLOCATORS_CFLAGS_value=
ac_cv_env_GST_ALLOCATORS_LIBS_set=
ac_cv_env_GST_ALLOCATORS_LIBS_value=
ac_cv_env_GST_BASE_CFLAGS_set=
ac_cv_env_GST_BASE_CFLAGS_value=
ac_cv_env_GST_BASE_LIBS_set=
ac_cv_env_GST_BASE_LIBS_value=
ac_cv_env_GST_CFLAGS_set=
ac_cv_env_GST_CFLAGS_value=
ac_cv_env_GST_CODEC_PARSERS_CFLAGS_set=
ac_cv_env_GST_CODEC_PARSERS_CFLAGS_value=
ac_cv_env_GST_CODEC_PARSERS_LIBS_set=
ac_cv_env_GST_CODEC_PARSERS_LIBS_value=
ac_cv_env_GST_GL_CFLAGS_set=
ac_cv_env_GST_GL_CFLAGS_value=
ac_cv_env_GST_GL_LIBS_set=
ac_cv_env_GST_GL_LIBS_value=
ac_cv_env_GST_LIBS_set=
ac_cv_env_GST_LIBS_value=
ac_cv_env_GST_PBUTILS_CFLAGS_set=
ac_cv_env_GST_PBUTILS_CFLAGS_value=
ac_cv_env_GST_PBUTILS_LIBS_set=
ac_cv_env_GST_PBUTILS_LIBS_value=
ac_cv_env_GST_PLUGINS_BASE_CFLAGS_set=
ac_cv_env_GST_PLUGINS_BASE_CFLAGS_value=
ac_cv_env_GST_PLUGINS_BASE_LIBS_set=
ac_cv_env_GST_PLUGINS_BASE_LIBS_value=
ac_cv_env_GST_VIDEO_CFLAGS_set=
ac_cv_env_GST_VIDEO_CFLAGS_value=
ac_cv_env_GST_VIDEO_LIBS_set=
ac_cv_env_GST_VIDEO_LIBS_value=
ac_cv_env_GTKDOC_DEPS_CFLAGS_set=
ac_cv_env_GTKDOC_DEPS_CFLAGS_value=
ac_cv_env_GTKDOC_DEPS_LIBS_set=
ac_cv_env_GTKDOC_DEPS_LIBS_value=
ac_cv_env_LDFLAGS_set=
ac_cv_env_LDFLAGS_value=
ac_cv_env_LIBS_set=
ac_cv_env_LIBS_value=
ac_cv_env_LIBVA_CFLAGS_set=
ac_cv_env_LIBVA_CFLAGS_value=
ac_cv_env_LIBVA_DRM_CFLAGS_set=
ac_cv_env_LIBVA_DRM_CFLAGS_value=
ac_cv_env_LIBVA_DRM_LIBS_set=
ac_cv_env_LIBVA_DRM_LIBS_value=
ac_cv_env_LIBVA_LIBS_set=
ac_cv_env_LIBVA_LIBS_value=
ac_cv_env_LIBVA_WAYLAND_CFLAGS_set=
ac_cv_env_LIBVA_WAYLAND_CFLAGS_value=
ac_cv_env_LIBVA_WAYLAND_LIBS_set=
ac_cv_env_LIBVA_WAYLAND_LIBS_value=
ac_cv_env_LIBVA_X11_CFLAGS_set=
ac_cv_env_LIBVA_X11_CFLAGS_value=
ac_cv_env_LIBVA_X11_LIBS_set=
ac_cv_env_LIBVA_X11_LIBS_value=
ac_cv_env_LT_SYS_LIBRARY_PATH_set=
ac_cv_env_LT_SYS_LIBRARY_PATH_value=
ac_cv_env_PKG_CONFIG_set=
ac_cv_env_PKG_CONFIG_value=
ac_cv_env_PYTHON_set=
ac_cv_env_PYTHON_value=
ac_cv_env_WAYLAND_CFLAGS_set=
ac_cv_env_WAYLAND_CFLAGS_value=
ac_cv_env_WAYLAND_LIBS_set=
ac_cv_env_WAYLAND_LIBS_value=
ac_cv_env_X11_CFLAGS_set=
ac_cv_env_X11_CFLAGS_value=
ac_cv_env_X11_LIBS_set=
ac_cv_env_X11_LIBS_value=
ac_cv_env_XRANDR_CFLAGS_set=
ac_cv_env_XRANDR_CFLAGS_value=
ac_cv_env_XRANDR_LIBS_set=
ac_cv_env_XRANDR_LIBS_value=
ac_cv_env_XRENDER_CFLAGS_set=
ac_cv_env_XRENDER_CFLAGS_value=
ac_cv_env_XRENDER_LIBS_set=
ac_cv_env_XRENDER_LIBS_value=
ac_cv_env_build_alias_set=
ac_cv_env_build_alias_value=
ac_cv_env_host_alias_set=
ac_cv_env_host_alias_value=
ac_cv_env_target_alias_set=
ac_cv_env_target_alias_value=
ac_cv_func_dlopen=no
ac_cv_func_shl_load=no
ac_cv_have_gst_gl_helpers=yes
ac_cv_have_gst_vp9_parser=yes
ac_cv_header_EGL_egl_h=yes
ac_cv_header_GL_gl_h=yes
ac_cv_header_GL_glext_h=yes
ac_cv_header_GL_glx_h=yes
ac_cv_header_X11_XKBlib_h=yes
ac_cv_header_X11_Xatom_h=yes
ac_cv_header_X11_Xlib_h=yes
ac_cv_header_X11_Xutil_h=yes
ac_cv_header_X11_extensions_Xrandr_h=yes
ac_cv_header_X11_extensions_Xrender_h=yes
ac_cv_header_dlfcn_h=yes
ac_cv_header_drm_fourcc_h=yes
ac_cv_header_gst_gl_gl_h=yes
ac_cv_header_inttypes_h=yes
ac_cv_header_memory_h=yes
ac_cv_header_stdc=yes
ac_cv_header_stdint_h=yes
ac_cv_header_stdlib_h=yes
ac_cv_header_string_h=yes
ac_cv_header_strings_h=yes
ac_cv_header_sys_stat_h=yes
ac_cv_header_sys_types_h=yes
ac_cv_header_unistd_h=yes
ac_cv_header_wayland_client_h=yes
ac_cv_host=x86_64-pc-linux-gnu
ac_cv_lib_EGL_eglGetDisplay=yes
ac_cv_lib_GL_glXCreateContext=yes
ac_cv_lib_dl_dlopen=yes
ac_cv_lib_dld_shl_load=no
ac_cv_lib_m_tan=yes
ac_cv_objext=o
ac_cv_path_EGREP='/usr/bin/grep -E'
ac_cv_path_FGREP='/usr/bin/grep -F'
ac_cv_path_GIT=/usr/bin/git
ac_cv_path_GREP=/usr/bin/grep
ac_cv_path_GTKDOC_CHECK=/usr/bin/gtkdoc-check
ac_cv_path_GTKDOC_MKPDF=/usr/bin/gtkdoc-mkpdf
ac_cv_path_GTKDOC_REBASE=/usr/bin/gtkdoc-rebase
ac_cv_path_PYTHON=/usr/bin/python
ac_cv_path_SED=/usr/bin/sed
ac_cv_path_ac_pt_PKG_CONFIG=/usr/bin/pkg-config
ac_cv_path_install='/usr/bin/install -c'
ac_cv_path_lt_DD=/usr/bin/dd
ac_cv_path_mkdir=/usr/bin/mkdir
ac_cv_prog_AWK=gawk
ac_cv_prog_CPP='gcc -E'
ac_cv_prog_ac_ct_AR=ar
ac_cv_prog_ac_ct_CC=gcc
ac_cv_prog_ac_ct_OBJDUMP=objdump
ac_cv_prog_ac_ct_RANLIB=ranlib
ac_cv_prog_ac_ct_STRIP=strip
ac_cv_prog_cc_c89=
ac_cv_prog_cc_c99=
ac_cv_prog_cc_g=yes
ac_cv_prog_cc_stdc=
ac_cv_prog_make_make_set=yes
ac_cv_target=x86_64-pc-linux-gnu
am_cv_CC_dependencies_compiler_type=gcc3
am_cv_make_support_nested_variables=yes
am_cv_prog_cc_c_o=yes
am_cv_prog_tar_ustar=gnutar
am_cv_python_platform=linux2
am_cv_python_pyexecdir='${exec_prefix}/lib64/python2.7/site-packages'
am_cv_python_pythondir='${prefix}/lib/python2.7/site-packages'
am_cv_python_version=2.7
lt_cv_ar_at_file=@
lt_cv_archive_cmds_need_lc=no
lt_cv_deplibs_check_method=pass_all
lt_cv_dlopen=dlopen
lt_cv_dlopen_libs=-ldl
lt_cv_dlopen_self=yes
lt_cv_dlopen_self_static=yes
lt_cv_file_magic_cmd='$MAGIC_CMD'
lt_cv_file_magic_test_file=
lt_cv_ld_reload_flag=-r
lt_cv_nm_interface='BSD nm'
lt_cv_objdir=.libs
lt_cv_path_LD=/usr/bin/ld
lt_cv_path_NM='/usr/bin/nm -B'
lt_cv_path_mainfest_tool=no
lt_cv_prog_compiler_c_o=yes
lt_cv_prog_compiler_pic='-fPIC -DPIC'
lt_cv_prog_compiler_pic_works=yes
lt_cv_prog_compiler_rtti_exceptions=no
lt_cv_prog_compiler_static_works=no
lt_cv_prog_gnu_ld=yes
lt_cv_sharedlib_from_linklib_cmd='printf %s\n'
lt_cv_shlibpath_overrides_runpath=no
lt_cv_sys_global_symbol_pipe='sed -n -e '\''s/^.*[	 ]\([ABCDGIRSTW][ABCDGIRSTW]*\)[	 ][	 ]*\([_A-Za-z][_A-Za-z0-9]*\)$/\1 \2 \2/p'\'' | sed '\''/ __gnu_lto/d'\'''
lt_cv_sys_global_symbol_to_c_name_address='sed -n -e '\''s/^: \(.*\) .*$/  {"\1", (void *) 0},/p'\'' -e '\''s/^[ABCDGIRSTW][ABCDGIRSTW]* .* \(.*\)$/  {"\1", (void *) \&\1},/p'\'''
lt_cv_sys_global_symbol_to_c_name_address_lib_prefix='sed -n -e '\''s/^: \(.*\) .*$/  {"\1", (void *) 0},/p'\'' -e '\''s/^[ABCDGIRSTW][ABCDGIRSTW]* .* \(lib.*\)$/  {"\1", (void *) \&\1},/p'\'' -e '\''s/^[ABCDGIRSTW][ABCDGIRSTW]* .* \(.*\)$/  {"lib\1", (void *) \&\1},/p'\'''
lt_cv_sys_global_symbol_to_cdecl='sed -n -e '\''s/^T .* \(.*\)$/extern int \1();/p'\'' -e '\''s/^[ABCDGIRSTW][ABCDGIRSTW]* .* \(.*\)$/extern char \1;/p'\'''
lt_cv_sys_global_symbol_to_import=
lt_cv_sys_max_cmd_len=1572864
lt_cv_to_host_file_cmd=func_convert_file_noop
lt_cv_to_tool_file_cmd=func_convert_file_noop
lt_cv_truncate_bin='/usr/bin/dd bs=4096 count=1'
pkg_cv_DRM_CFLAGS='-I/usr/include/libdrm '
pkg_cv_DRM_LIBS='-ldrm -ludev '
pkg_cv_EGL_CFLAGS='-I/usr/include/libdrm '
pkg_cv_EGL_LIBS='-lEGL '
pkg_cv_GIO_CFLAGS='-I/usr/include/glib-2.0 -I/usr/lib64/glib-2.0/include -pthread -I/usr/include/libmount -I/usr/include/blkid -I/usr/include/uuid '
pkg_cv_GIO_LIBS='-lgio-2.0 -lgobject-2.0 -lglib-2.0 '
pkg_cv_GLIB_CFLAGS='-I/usr/include/glib-2.0 -I/usr/lib64/glib-2.0/include -pthread '
pkg_cv_GLIB_LIBS='-lgobject-2.0 -pthread -lgmodule-2.0 -lglib-2.0 '
pkg_cv_GL_CFLAGS='-I/usr/include/libdrm '
pkg_cv_GL_LIBS='-lGL '
pkg_cv_GMODULE_CFLAGS='-pthread -I/usr/include/glib-2.0 -I/usr/lib64/glib-2.0/include '
pkg_cv_GMODULE_LIBS='-Wl,--export-dynamic -pthread -lgmodule-2.0 -lglib-2.0 '
pkg_cv_GST_ALLOCATORS_CFLAGS='-I/usr/include/gstreamer-1.0 -I/usr/include/glib-2.0 -I/usr/lib64/glib-2.0/include -pthread '
pkg_cv_GST_ALLOCATORS_LIBS='-lgstallocators-1.0 -lgstreamer-1.0 -lgobject-2.0 -lglib-2.0 '
pkg_cv_GST_BASE_CFLAGS='-I/usr/include/gstreamer-1.0 -I/usr/include/glib-2.0 -I/usr/lib64/glib-2.0/include -pthread '
pkg_cv_GST_BASE_LIBS='-lgstbase-1.0 -lgstreamer-1.0 -lgobject-2.0 -lglib-2.0 '
pkg_cv_GST_CFLAGS='-I/usr/include/gstreamer-1.0 -I/usr/include/glib-2.0 -I/usr/lib64/glib-2.0/include -pthread '
pkg_cv_GST_CODEC_PARSERS_CFLAGS='-I/usr/include/gstreamer-1.0 -I/usr/include/glib-2.0 -I/usr/lib64/glib-2.0/include -pthread '
pkg_cv_GST_CODEC_PARSERS_LIBS='-lgstcodecparsers-1.0 -lgstbase-1.0 -lgstreamer-1.0 -lgobject-2.0 -lglib-2.0 '
pkg_cv_GST_GL_CFLAGS='-I/usr/include/gstreamer-1.0 -I/usr/lib64/gstreamer-1.0/include -I/usr/include/libdrm -I/usr/include/glib-2.0 -I/usr/lib64/glib-2.0/include -I/usr/include/orc-0.4 -pthread '
pkg_cv_GST_GL_LIBS='-lgstgl-1.0 -lgstvideo-1.0 -lgstbase-1.0 -lgstreamer-1.0 -lgobject-2.0 -lglib-2.0 '
pkg_cv_GST_LIBS='-lgstreamer-1.0 -lgobject-2.0 -lglib-2.0 '
pkg_cv_GST_PBUTILS_CFLAGS='-I/usr/include/gstreamer-1.0 -I/usr/include/glib-2.0 -I/usr/lib64/glib-2.0/include -I/usr/include/orc-0.4 -pthread '
pkg_cv_GST_PBUTILS_LIBS='-lgstpbutils-1.0 -lgstaudio-1.0 -lgstvideo-1.0 -lgstbase-1.0 -lgstreamer-1.0 -lgobject-2.0 -lglib-2.0 '
pkg_cv_GST_PLUGINS_BASE_CFLAGS='-I/usr/include/gstreamer-1.0 -I/usr/include/glib-2.0 -I/usr/lib64/glib-2.0/include -pthread '
pkg_cv_GST_PLUGINS_BASE_LIBS='-lgstreamer-1.0 -lgobject-2.0 -lglib-2.0 '
pkg_cv_GST_VIDEO_CFLAGS='-I/usr/include/gstreamer-1.0 -I/usr/include/glib-2.0 -I/usr/lib64/glib-2.0/include -pthread -I/usr/include/orc-0.4 '
pkg_cv_GST_VIDEO_LIBS='-lgstvideo-1.0 -lgstbase-1.0 -lgstreamer-1.0 -lgobject-2.0 -lglib-2.0 '
pkg_cv_WAYLAND_CFLAGS=
pkg_cv_WAYLAND_LIBS='-lwayland-client '
pkg_cv_X11_CFLAGS=
pkg_cv_X11_LIBS='-lX11 '
pkg_cv_XRANDR_CFLAGS=
pkg_cv_XRANDR_LIBS='-lXrandr '
pkg_cv_XRENDER_CFLAGS=
pkg_cv_XRENDER_LIBS='-lXrender -lX11 '

## ----------------- ##
## Output variables. ##
## ----------------- ##

ACLOCAL='${SHELL} /home/kalpana/rpmbuild/SOURCES/gstreamer-vaapi-1.6.0/build-aux/missing aclocal-1.15'
ACLOCAL_AMFLAGS='-I m4 -I common/m4'
AMDEPBACKSLASH='\'
AMDEP_FALSE='#'
AMDEP_TRUE=''
AMTAR='$${TAR-tar}'
AM_BACKSLASH='\'
AM_DEFAULT_V='$(AM_DEFAULT_VERBOSITY)'
AM_DEFAULT_VERBOSITY='0'
AM_V='$(V)'
AR='ar'
AS='as'
AUTOCONF='${SHELL} /home/kalpana/rpmbuild/SOURCES/gstreamer-vaapi-1.6.0/build-aux/missing autoconf'
AUTOHEADER='${SHELL} /home/kalpana/rpmbuild/SOURCES/gstreamer-vaapi-1.6.0/build-aux/missing autoheader'
AUTOMAKE='${SHELL} /home/kalpana/rpmbuild/SOURCES/gstreamer-vaapi-1.6.0/build-aux/missing automake-1.15'
AWK='gawk'
CC='gcc'
CCDEPMODE='depmode=gcc3'
CFLAGS='-g -O2'
CPP='gcc -E'
CPPFLAGS=''
CYGPATH_W='echo'
DEFS=''
DEPDIR='.deps'
DEPRECATED_CFLAGS=''
DLLTOOL='false'
DLOPEN_LIBS='-ldl'
DRM_CFLAGS='-I/usr/include/libdrm '
DRM_LIBS='-ldrm -ludev '
DSYMUTIL=''
DUMPBIN=''
ECHO_C=''
ECHO_N='-n'
ECHO_T=''
EGL_CFLAGS='-I/usr/include/libdrm '
EGL_LIBS='-lEGL '
EGREP='/usr/bin/grep -E'
ENABLE_GTK_DOC_FALSE=''
ENABLE_GTK_DOC_TRUE='#'
ENABLE_PLUGIN_DOCS_FALSE=''
ENABLE_PLUGIN_DOCS_TRUE='#'
ERROR_CFLAGS=''
EXEEXT=''
FGREP='/usr/bin/grep -F'
GIO_CFLAGS='-I/usr/include/glib-2.0 -I/usr/lib64/glib-2.0/include -pthread -I/usr/include/libmount -I/usr/include/blkid -I/usr/include/uuid '
GIO_LDFLAGS=''
GIO_LIBS='-lgio-2.0 -lgobject-2.0 -lglib-2.0 '
GIT='/usr/bin/git'
GLES2_CFLAGS=''
GLES2_LIBS=''
GLES3_CFLAGS=''
GLES3_LIBS=''
GLIB_CFLAGS='-I/usr/include/glib-2.0 -I/usr/lib64/glib-2.0/include -pthread '
GLIB_EXTRA_CFLAGS=' -DG_THREADS_MANDATORY -DG_DISABLE_CAST_CHECKS -DG_DISABLE_ASSERT'
GLIB_GENMARSHAL='/usr/bin/glib-genmarshal'
GLIB_LIBS='-lgobject-2.0 -pthread -lgmodule-2.0 -lglib-2.0 '
GLIB_MKENUMS='/usr/bin/glib-mkenums'
GLIB_REQ='2.32'
GL_CFLAGS='-I/usr/include/libdrm '
GL_LIBS='-lGL '
GMODULE_CFLAGS='-pthread -I/usr/include/glib-2.0 -I/usr/lib64/glib-2.0/include '
GMODULE_LIBS='-Wl,--export-dynamic -pthread -lgmodule-2.0 -lglib-2.0 '
GREP='/usr/bin/grep'
GSTPB_PLUGINS_DIR='/usr/lib64/gstreamer-1.0'
GST_AGE='600'
GST_ALLOCATORS_CFLAGS='-I/usr/include/gstreamer-1.0 -I/usr/include/glib-2.0 -I/usr/lib64/glib-2.0/include -pthread '
GST_ALLOCATORS_LIBS='-lgstallocators-1.0 -lgstreamer-1.0 -lgobject-2.0 -lglib-2.0 '
GST_ALL_LDFLAGS=''
GST_API_VERSION='1.0'
GST_BASE_CFLAGS='-I/usr/include/gstreamer-1.0 -I/usr/include/glib-2.0 -I/usr/lib64/glib-2.0/include -pthread '
GST_BASE_LIBS='-lgstbase-1.0 -lgstreamer-1.0 -lgobject-2.0 -lglib-2.0 '
GST_CFLAGS='-I/usr/include/gstreamer-1.0 -I/usr/include/glib-2.0 -I/usr/lib64/glib-2.0/include -pthread '
GST_CODEC_PARSERS_CFLAGS='-I/usr/include/gstreamer-1.0 -I/usr/include/glib-2.0 -I/usr/lib64/glib-2.0/include -pthread '
GST_CODEC_PARSERS_LIBS='-lgstcodecparsers-1.0 -lgstbase-1.0 -lgstreamer-1.0 -lgobject-2.0 -lglib-2.0 '
GST_CURRENT='600'
GST_GL_CFLAGS='-I/usr/include/gstreamer-1.0 -I/usr/lib64/gstreamer-1.0/include -I/usr/include/libdrm -I/usr/include/glib-2.0 -I/usr/lib64/glib-2.0/include -I/usr/include/orc-0.4 -pthread '
GST_GL_LIBS='-lgstgl-1.0 -lgstvideo-1.0 -lgstbase-1.0 -lgstreamer-1.0 -lgobject-2.0 -lglib-2.0 '
GST_LEVEL_DEFAULT=''
GST_LIBS='-lgstreamer-1.0 -lgobject-2.0 -lglib-2.0 '
GST_LIBVERSION='600:0:600'
GST_LIB_LDFLAGS=''
GST_LT_LDFLAGS=' -version-info 600:0:600'
GST_OPTION_CFLAGS=''
GST_PBUTILS_CFLAGS='-I/usr/include/gstreamer-1.0 -I/usr/include/glib-2.0 -I/usr/lib64/glib-2.0/include -I/usr/include/orc-0.4 -pthread '
GST_PBUTILS_LIBS='-lgstpbutils-1.0 -lgstaudio-1.0 -lgstvideo-1.0 -lgstbase-1.0 -lgstreamer-1.0 -lgobject-2.0 -lglib-2.0 '
GST_PLUGINS_BASE_CFLAGS='-I/usr/include/gstreamer-1.0 -I/usr/include/glib-2.0 -I/usr/lib64/glib-2.0/include -pthread '
GST_PLUGINS_BASE_DIR='/usr/lib64/gstreamer-1.0/gst:/usr/lib64/gstreamer-1.0/sys:/usr/lib64/gstreamer-1.0/ext'
GST_PLUGINS_BASE_LIBS='-lgstreamer-1.0 -lgobject-2.0 -lglib-2.0 '
GST_PLUGINS_DIR='/usr/lib64/gstreamer-1.0'
GST_PLUGIN_LDFLAGS=''
GST_REVISION='0'
GST_TOOLS_DIR='/usr/bin'
GST_VIDEO_CFLAGS='-I/usr/include/gstreamer-1.0 -I/usr/include/glib-2.0 -I/usr/lib64/glib-2.0/include -pthread -I/usr/include/orc-0.4 '
GST_VIDEO_LIBS='-lgstvideo-1.0 -lgstbase-1.0 -lgstreamer-1.0 -lgobject-2.0 -lglib-2.0 '
GTKDOC_CHECK='/usr/bin/gtkdoc-check'
GTKDOC_DEPS_CFLAGS=''
GTKDOC_DEPS_LIBS=''
GTKDOC_MKPDF='/usr/bin/gtkdoc-mkpdf'
GTKDOC_REBASE='/usr/bin/gtkdoc-rebase'
GTK_DOC_BUILD_HTML_FALSE='#'
GTK_DOC_BUILD_HTML_TRUE=''
GTK_DOC_BUILD_PDF_FALSE=''
GTK_DOC_BUILD_PDF_TRUE='#'
GTK_DOC_USE_LIBTOOL_FALSE='#'
GTK_DOC_USE_LIBTOOL_TRUE=''
HAVE_CPU_ALPHA_FALSE=''
HAVE_CPU_ALPHA_TRUE='#'
HAVE_CPU_ARC_FALSE=''
HAVE_CPU_ARC_TRUE='#'
HAVE_CPU_ARM_FALSE=''
HAVE_CPU_ARM_TRUE='#'
HAVE_CPU_CRISV32_FALSE=''
HAVE_CPU_CRISV32_TRUE='#'
HAVE_CPU_CRIS_FALSE=''
HAVE_CPU_CRIS_TRUE='#'
HAVE_CPU_HPPA_FALSE=''
HAVE_CPU_HPPA_TRUE='#'
HAVE_CPU_I386_FALSE=''
HAVE_CPU_I386_TRUE='#'
HAVE_CPU_IA64_FALSE=''
HAVE_CPU_IA64_TRUE='#'
HAVE_CPU_M68K_FALSE=''
HAVE_CPU_M68K_TRUE='#'
HAVE_CPU_MIPS_FALSE=''
HAVE_CPU_MIPS_TRUE='#'
HAVE_CPU_PPC64_FALSE=''
HAVE_CPU_PPC64_TRUE='#'
HAVE_CPU_PPC_FALSE=''
HAVE_CPU_PPC_TRUE='#'
HAVE_CPU_S390_FALSE=''
HAVE_CPU_S390_TRUE='#'
HAVE_CPU_SPARC_FALSE=''
HAVE_CPU_SPARC_TRUE='#'
HAVE_CPU_X86_64_FALSE='#'
HAVE_CPU_X86_64_TRUE=''
HAVE_GIT_FALSE='#'
HAVE_GIT_TRUE=''
HTML_DIR='${datadir}/gtk-doc/html'
INSTALL_DATA='${INSTALL} -m 644'
INSTALL_PROGRAM='${INSTALL}'
INSTALL_SCRIPT='${INSTALL}'
INSTALL_STRIP_PROGRAM='$(install_sh) -c -s'
LD='/usr/bin/ld -m elf_x86_64'
LDFLAGS=''
LIBDIR='/usr/local/lib'
LIBOBJS=''
LIBS='-lm '
LIBTOOL='$(SHELL) $(top_builddir)/libtool'
LIBVA_CFLAGS=''
LIBVA_DRM_CFLAGS=''
LIBVA_DRM_LIBS=''
LIBVA_LIBS=''
LIBVA_WAYLAND_CFLAGS=''
LIBVA_WAYLAND_LIBS=''
LIBVA_X11_CFLAGS=''
LIBVA_X11_LIBS=''
LIPO=''
LN_S='ln -s'
LTLIBOBJS=''
LT_SYS_LIBRARY_PATH=''
MAINT=''
MAINTAINER_MODE_FALSE='#'
MAINTAINER_MODE_TRUE=''
MAKEINFO='${SHELL} /home/kalpana/rpmbuild/SOURCES/gstreamer-vaapi-1.6.0/build-aux/missing makeinfo'
MANIFEST_TOOL=':'
MKDIR_P='/usr/bin/mkdir -p'
NM='/usr/bin/nm -B'
NMEDIT=''
OBJDUMP='objdump'
OBJEXT='o'
OTOOL64=''
OTOOL=''
PACKAGE='gstreamer-vaapi'
PACKAGE_BUGREPORT='http://bugzilla.gnome.org/enter_bug.cgi?product=GStreamer'
PACKAGE_NAME='GStreamer VA-API Plug-ins'
PACKAGE_STRING='GStreamer VA-API Plug-ins 1.6.0'
PACKAGE_TARNAME='gstreamer-vaapi'
PACKAGE_URL=''
PACKAGE_VERSION='1.6.0'
PACKAGE_VERSION_MAJOR='1'
PACKAGE_VERSION_MICRO='0'
PACKAGE_VERSION_MINOR='6'
PACKAGE_VERSION_NANO='0'
PACKAGE_VERSION_RELEASE='1'
PATH_SEPARATOR=':'
PKG_CONFIG='/usr/bin/pkg-config'
PLUGINDIR='/usr/local/lib/gstreamer-1.0'
PROFILE_CFLAGS=''
PYTHON='/usr/bin/python'
PYTHON_EXEC_PREFIX='${exec_prefix}'
PYTHON_PLATFORM='linux2'
PYTHON_PREFIX='${prefix}'
PYTHON_VERSION='2.7'
RANLIB='ranlib'
SED='/usr/bin/sed'
SET_MAKE=''
SHELL='/bin/sh'
STRIP='strip'
USE_DRM_FALSE=''
USE_DRM_TRUE=''
USE_EGL_FALSE=''
USE_EGL_TRUE=''
USE_ENCODERS_FALSE=''
USE_ENCODERS_TRUE=''
USE_GLX_FALSE=''
USE_GLX_TRUE=''
USE_GST_GL_HELPERS_FALSE='#'
USE_GST_GL_HELPERS_TRUE=''
USE_H265_ENCODER_FALSE=''
USE_H265_ENCODER_TRUE=''
USE_HEVC_DECODER_FALSE=''
USE_HEVC_DECODER_TRUE=''
USE_JPEG_DECODER_FALSE=''
USE_JPEG_DECODER_TRUE=''
USE_JPEG_ENCODER_FALSE=''
USE_JPEG_ENCODER_TRUE=''
USE_VA_VPP_FALSE=''
USE_VA_VPP_TRUE=''
USE_VP8_DECODER_FALSE=''
USE_VP8_DECODER_TRUE=''
USE_VP8_ENCODER_FALSE=''
USE_VP8_ENCODER_TRUE=''
USE_VP9_DECODER_FALSE=''
USE_VP9_DECODER_TRUE=''
USE_WAYLAND_FALSE=''
USE_WAYLAND_TRUE=''
USE_X11_FALSE=''
USE_X11_TRUE=''
VERSION='1.6.0'
WARNING_CFLAGS=''
WAYLAND_CFLAGS=''
WAYLAND_LIBS='-lwayland-client '
X11_CFLAGS=''
X11_LIBS='-lX11 '
XRANDR_CFLAGS=''
XRANDR_LIBS='-lXrandr '
XRENDER_CFLAGS=''
XRENDER_LIBS='-lXrender -lX11 '
ac_ct_AR='ar'
ac_ct_CC='gcc'
ac_ct_DUMPBIN=''
am__EXEEXT_FALSE=''
am__EXEEXT_TRUE=''
am__fastdepCC_FALSE='#'
am__fastdepCC_TRUE=''
am__include='include'
am__isrc=''
am__leading_dot='.'
am__nodep='_no'
am__quote=''
am__tar='tar --format=ustar -chf - "$$tardir"'
am__untar='tar -xf -'
bindir='${exec_prefix}/bin'
build='x86_64-pc-linux-gnu'
build_alias=''
build_cpu='x86_64'
build_os='linux-gnu'
build_vendor='pc'
datadir='${datarootdir}'
datarootdir='${prefix}/share'
docdir='${datarootdir}/doc/${PACKAGE_TARNAME}'
dvidir='${docdir}'
exec_prefix='NONE'
host='x86_64-pc-linux-gnu'
host_alias=''
host_cpu='x86_64'
host_os='linux-gnu'
host_vendor='pc'
htmldir='${docdir}'
includedir='${prefix}/include'
infodir='${datarootdir}/info'
install_sh='${SHELL} /home/kalpana/rpmbuild/SOURCES/gstreamer-vaapi-1.6.0/build-aux/install-sh'
libdir='${exec_prefix}/lib'
libexecdir='${exec_prefix}/libexec'
localedir='${datarootdir}/locale'
localstatedir='${prefix}/var'
mandir='${datarootdir}/man'
mkdir_p='$(MKDIR_P)'
oldincludedir='/usr/include'
pdfdir='${docdir}'
pkgpyexecdir='${pyexecdir}/gstreamer-vaapi'
pkgpythondir='${pythondir}/gstreamer-vaapi'
plugindir='$(libdir)/gstreamer-1.0'
prefix='NONE'
program_transform_name='s,x,x,'
psdir='${docdir}'
pyexecdir='${exec_prefix}/lib64/python2.7/site-packages'
pythondir='${prefix}/lib/python2.7/site-packages'
runstatedir='${localstatedir}/run'
sbindir='${exec_prefix}/sbin'
sharedstatedir='${prefix}/com'
sysconfdir='${prefix}/etc'
target='x86_64-pc-linux-gnu'
target_alias=''
target_cpu='x86_64'
target_os='linux-gnu'
target_vendor='pc'

## ----------- ##
## confdefs.h. ##
## ----------- ##

/* confdefs.h */
#define PACKAGE_NAME "GStreamer VA-API Plug-ins"
#define PACKAGE_TARNAME "gstreamer-vaapi"
#define PACKAGE_VERSION "1.6.0"
#define PACKAGE_STRING "GStreamer VA-API Plug-ins 1.6.0"
#define PACKAGE_BUGREPORT "http://bugzilla.gnome.org/enter_bug.cgi?product=GStreamer"
#define PACKAGE_URL ""
#define PACKAGE "gstreamer-vaapi"
#define VERSION "1.6.0"
#define GST_API_VERSION "1.0"
#define STDC_HEADERS 1
#define HAVE_SYS_TYPES_H 1
#define HAVE_SYS_STAT_H 1
#define HAVE_STDLIB_H 1
#define HAVE_STRING_H 1
#define HAVE_MEMORY_H 1
#define HAVE_STRINGS_H 1
#define HAVE_INTTYPES_H 1
#define HAVE_STDINT_H 1
#define HAVE_UNISTD_H 1
#define HAVE_DLFCN_H 1
#define LT_OBJDIR ".libs/"
#define HAVE_CPU_X86_64 1
#define HOST_CPU "x86_64"
#define TARGET_CPU "x86_64"
#define HAVE_LIBM 1
#define LIBDIR "/usr/local/lib"
#define PLUGINDIR "/usr/local/lib/gstreamer-1.0"
#define GIO_MODULE_DIR "/usr/lib64/gio/modules"
#define GIO_LIBDIR "/usr/lib64"
#define GIO_PREFIX "/usr"
#define GST_API_VERSION_S "1.16"
#define HAVE_GST_GL_GL_H 1
#define USE_GST_GL_HELPERS 1
#define HAVE_DRM_FOURCC_H 1
#define HAVE_X11_XLIB_H 1
#define HAVE_X11_XUTIL_H 1
#define HAVE_X11_XATOM_H 1
#define HAVE_X11_XKBLIB_H 1
#define HAVE_X11_EXTENSIONS_XRANDR_H 1
#define HAVE_X11_EXTENSIONS_XRENDER_H 1
#define HAVE_XKBLIB 1
#define HAVE_XRANDR 1
#define HAVE_XRENDER 1
#define HAVE_GL_GL_H 1
#define HAVE_GL_GLEXT_H 1
#define HAVE_GL_GLX_H 1
#define HAVE_LIBGL 1
#define HAVE_EGL_EGL_H 1
#define HAVE_LIBEGL 1
#define HAVE_WAYLAND_CLIENT_H 1

configure: exit 1
